Port monitor named: Port1_e1.prt

nx        = 127
ny        = 127
nz        = 37

nu        = 11
nv        = 53
iu        = 14
iv        = 43

idir      = 1
dcut      = -3.000000e-002
icut      = 14
type      = 0
frequency = 3.000000e+009

fcutoff   = 0.000000e+000
alpha     = 0.000000e+000
beta      = 1.107852e+002
accuracy  = 1.065209e-010

type          = QTEM
wave imp.     = 1.884154e+002
wave imp.sig. = 0.000000e+000
line imp.     = 4.281917e+001

ref. port     = 0

0.000000e+000  0.000000e+000  0.000000e+000  0.000000e+000  0.000000e+000  0.000000e+000  0.000000e+000  0.000000e+000  0.000000e+000  0.000000e+000  0.000000e+000  
-1.431577e+001  -1.431536e+001  -1.431483e+001  -1.431448e+001  -7.310959e+000  -7.073322e+000  -6.618290e+000  -4.874972e+000  -7.159023e-001  1.482537e+000  0.000000e+000  
-2.691296e+001  -2.691209e+001  -2.691098e+001  -2.691023e+001  -1.381566e+001  -1.336317e+001  -1.249706e+001  -9.180823e+000  -1.325193e+000  2.807949e+000  0.000000e+000  
-3.446732e+001  -3.446608e+001  -3.446449e+001  -3.446343e+001  -1.777749e+001  -1.719121e+001  -1.606938e+001  -1.177641e+001  -1.672939e+000  3.620407e+000  0.000000e+000  
-5.962116e+001  -5.961796e+001  -5.961384e+001  -5.961110e+001  -3.139765e+001  -3.033083e+001  -2.829250e+001  -2.051090e+001  -2.707350e+000  6.448028e+000  0.000000e+000  
-8.470369e+001  -8.469562e+001  -8.468523e+001  -8.467835e+001  -4.617490e+001  -4.452780e+001  -4.138845e+001  -2.945069e+001  -3.397366e+000  9.593821e+000  0.000000e+000  
-1.047003e+002  -1.046831e+002  -1.046609e+002  -1.046462e+002  -5.927950e+001  -5.705164e+001  -5.281716e+001  -3.678513e+001  -3.575924e+000  1.243619e+001  0.000000e+000  
-1.196520e+002  -1.196214e+002  -1.195819e+002  -1.195558e+002  -7.011735e+001  -6.735686e+001  -6.212413e+001  -4.239266e+001  -3.423847e+000  1.480269e+001  0.000000e+000  
-1.345643e+002  -1.345104e+002  -1.344408e+002  -1.343946e+002  -8.202472e+001  -7.862336e+001  -7.219699e+001  -4.807948e+001  -2.976795e+000  1.739869e+001  0.000000e+000  
-1.582147e+002  -1.580877e+002  -1.579234e+002  -1.578139e+002  -1.036746e+002  -9.896282e+001  -9.012001e+001  -5.723436e+001  -1.542892e+000  2.205814e+001  0.000000e+000  
-1.818440e+002  -1.815403e+002  -1.811457e+002  -1.808814e+002  -1.299135e+002  -1.233409e+002  -1.111341e+002  -6.631546e+001  1.038246e+000  2.747503e+001  0.000000e+000  
-2.056503e+002  -2.049250e+002  -2.039744e+002  -2.033313e+002  -1.625257e+002  -1.532053e+002  -1.361942e+002  -7.492045e+001  5.076238e+000  3.374562e+001  0.000000e+000  
-2.790961e+002  -2.738552e+002  -2.667964e+002  -2.618476e+002  -3.092310e+002  -2.830917e+002  -2.391257e+002  -9.328971e+001  2.728342e+001  5.739505e+001  0.000000e+000  
-4.068318e+002  -3.639956e+002  -3.016267e+002  -2.526082e+002  -6.686753e+002  -5.592299e+002  -4.185657e+002  -6.171632e+001  7.658477e+001  8.975563e+001  0.000000e+000  
-5.568471e+002  -4.518913e+002  -2.759862e+002  -1.004696e+002  -9.942327e+002  -7.129212e+002  -4.619967e+002  -9.487194e+000  1.020527e+002  1.019549e+002  0.000000e+000  
-8.402219e+002  -6.441354e+002  -2.494786e+002  3.229051e+002  -1.583925e+003  -8.396353e+002  -4.259977e+002  7.230818e+001  1.314539e+002  1.143443e+002  0.000000e+000  
-1.372981e+003  -1.124627e+003  -4.732208e+002  1.152629e+003  -2.029736e+003  -6.596908e+002  -1.743590e+002  1.894523e+002  1.636044e+002  1.264316e+002  0.000000e+000  
-2.149927e+003  -2.088326e+003  -1.909898e+003  -1.395968e+003  -3.000777e+002  2.444292e+002  3.533563e+002  3.240836e+002  1.939613e+002  1.368578e+002  0.000000e+000  
-2.992504e+003  -3.194316e+003  -3.752239e+003  -5.282332e+003  3.114919e+003  1.498878e+003  9.777208e+002  4.619747e+002  2.223702e+002  1.460154e+002  0.000000e+000  
-3.435301e+003  -3.691238e+003  -4.327059e+003  -5.817730e+003  3.264359e+003  1.850261e+003  1.249364e+003  5.415578e+002  2.390195e+002  1.512192e+002  0.000000e+000  
-3.747385e+003  -3.970155e+003  -4.423653e+003  -5.072455e+003  2.646992e+003  1.903427e+003  1.395518e+003  6.053514e+002  2.528943e+002  1.554841e+002  0.000000e+000  
-3.945349e+003  -4.114639e+003  -4.409418e+003  -4.720929e+003  2.305555e+003  1.871195e+003  1.461603e+003  6.517594e+002  2.634591e+002  1.586981e+002  0.000000e+000  
-4.056087e+003  -4.184233e+003  -4.383842e+003  -4.557410e+003  2.125873e+003  1.831240e+003  1.486528e+003  6.808146e+002  2.703355e+002  1.607756e+002  0.000000e+000  
-4.100307e+003  -4.209756e+003  -4.370767e+003  -4.497761e+003  2.056333e+003  1.811106e+003  1.493664e+003  6.930246e+002  2.732923e+002  1.616605e+002  0.000000e+000  
-4.087426e+003  -4.202624e+003  -4.374644e+003  -4.513579e+003  2.078680e+003  1.818935e+003  1.492381e+003  6.887012e+002  2.722342e+002  1.613287e+002  0.000000e+000  
-4.014547e+003  -4.159806e+003  -4.394949e+003  -4.612146e+003  2.198281e+003  1.852739e+003  1.479729e+003  6.676971e+002  2.671948e+002  1.597886e+002  0.000000e+000  
-3.866535e+003  -4.062353e+003  -4.423242e+003  -4.841192e+003  2.446834e+003  1.898051e+003  1.439704e+003  6.294861e+002  2.583399e+002  1.570812e+002  0.000000e+000  
-3.617948e+003  -3.867497e+003  -4.417721e+003  -5.323167e+003  2.899404e+003  1.911464e+003  1.340592e+003  5.736142e+002  2.459778e+002  1.532778e+002  0.000000e+000  
-3.241788e+003  -3.498799e+003  -4.212279e+003  -6.355449e+003  3.718128e+003  1.772651e+003  1.135060e+003  5.006197e+002  2.305728e+002  1.484784e+002  0.000000e+000  
-2.980702e+003  -3.187073e+003  -3.762434e+003  -5.283245e+003  3.160689e+003  1.493619e+003  9.597396e+002  4.547299e+002  2.211287e+002  1.454859e+002  0.000000e+000  
-2.133275e+003  -2.051974e+003  -1.798503e+003  -9.876796e+002  -5.767360e+002  1.466695e+002  3.072933e+002  3.168533e+002  1.930842e+002  1.363709e+002  0.000000e+000  
-1.599307e+003  -1.389273e+003  -8.270515e+002  5.895667e+002  -1.945534e+003  -5.256556e+002  -7.033724e+001  2.251065e+002  1.727884e+002  1.293908e+002  0.000000e+000  
-1.170586e+003  -9.259837e+002  -3.312138e+002  1.008996e+003  -2.184651e+003  -8.430064e+002  -3.199075e+002  1.432070e+002  1.524494e+002  1.219874e+002  0.000000e+000  
-8.647517e+002  -6.618242e+002  -2.505164e+002  3.302201e+002  -1.540161e+003  -8.594160e+002  -4.391275e+002  7.509499e+001  1.327119e+002  1.143104e+002  0.000000e+000  
-6.609145e+002  -5.171626e+002  -2.640945e+002  5.812104e+000  -1.147628e+003  -7.805105e+002  -4.728213e+002  2.145526e+001  1.140571e+002  1.064985e+002  0.000000e+000  
-5.293092e+002  -4.357937e+002  -2.869327e+002  -1.538298e+002  -8.912098e+002  -6.802945e+002  -4.598224e+002  -1.891977e+001  9.680444e+001  9.867569e+001  0.000000e+000  
-4.446479e+002  -3.867685e+002  -3.008606e+002  -2.321467e+002  -7.131653e+002  -5.841088e+002  -4.250933e+002  -4.803227e+001  8.113404e+001  9.094923e+001  0.000000e+000  
-3.889879e+002  -3.542395e+002  -3.050720e+002  -2.684097e+002  -5.832025e+002  -4.993981e+002  -3.826850e+002  -6.803041e+001  6.711696e+001  8.340849e+001  0.000000e+000  
-3.506833e+002  -3.302168e+002  -3.021768e+002  -2.821688e+002  -4.845519e+002  -4.271858e+002  -3.397783e+002  -8.089071e+001  5.474429e+001  7.612543e+001  0.000000e+000  
-3.225451e+002  -3.106364e+002  -2.946686e+002  -2.835846e+002  -4.073994e+002  -3.663612e+002  -2.996561e+002  -8.829631e+001  4.395224e+001  6.915560e+001  0.000000e+000  
-3.002682e+002  -2.933929e+002  -2.843047e+002  -2.781043e+002  -3.456713e+002  -3.152674e+002  -2.635391e+002  -9.161687e+001  3.464208e+001  6.253958e+001  0.000000e+000  
-2.813231e+002  -2.773736e+002  -2.722018e+002  -2.687114e+002  -2.954036e+002  -2.722662e+002  -2.316270e+002  -9.193483e+001  2.669524e+001  5.630470e+001  0.000000e+000  
-2.642419e+002  -2.619806e+002  -2.590376e+002  -2.570649e+002  -2.538816e+002  -2.359169e+002  -2.036575e+002  -9.008832e+001  1.998426e+001  5.046681e+001  0.000000e+000  
-2.481808e+002  -2.468889e+002  -2.452141e+002  -2.440964e+002  -2.191683e+002  -2.050108e+002  -1.791920e+002  -8.671629e+001  1.438034e+001  4.503200e+001  0.000000e+000  
-2.326580e+002  -2.319210e+002  -2.309681e+002  -2.303339e+002  -1.898351e+002  -1.785544e+002  -1.577553e+002  -8.229951e+001  9.758421e+000  3.999823e+001  0.000000e+000  
-2.174006e+002  -2.169808e+002  -2.164388e+002  -2.160787e+002  -1.648001e+002  -1.557386e+002  -1.388972e+002  -7.719527e+001  6.000296e+000  3.535679e+001  0.000000e+000  
-2.022556e+002  -2.020169e+002  -2.017091e+002  -2.015049e+002  -1.432270e+002  -1.359058e+002  -1.222164e+002  -7.166567e+001  2.996399e+000  3.109361e+001  0.000000e+000  
-1.871384e+002  -1.870034e+002  -1.868295e+002  -1.867141e+002  -1.244585e+002  -1.185209e+002  -1.073657e+002  -6.590017e+001  6.465852e-001  2.719043e+001  0.000000e+000  
-1.720037e+002  -1.719285e+002  -1.718316e+002  -1.717674e+002  -1.079707e+002  -1.031470e+002  -9.404869e+001  -6.003315e+001  -1.139739e+000  2.362569e+001  0.000000e+000  
-1.468789e+002  -1.468489e+002  -1.468102e+002  -1.467847e+002  -8.477606e+001  -8.134287e+001  -7.483453e+001  -5.030956e+001  -3.036224e+000  1.841938e+001  0.000000e+000  
-1.216116e+002  -1.216000e+002  -1.215851e+002  -1.215753e+002  -6.521611e+001  -6.280547e+001  -5.821580e+001  -4.079880e+001  -3.929817e+000  1.395434e+001  0.000000e+000  
-9.620791e+001  -9.620449e+001  -9.620010e+001  -9.619719e+001  -4.821993e+001  -4.659341e+001  -4.348335e+001  -3.159698e+001  -4.082175e+000  1.010431e+001  0.000000e+000  
0.000000e+000  0.000000e+000  0.000000e+000  0.000000e+000  0.000000e+000  0.000000e+000  0.000000e+000  0.000000e+000  0.000000e+000  0.000000e+000  0.000000e+000  

0.000000e+000  -9.586295e-004  -1.276082e-003  -8.463194e-004  0.000000e+000  -8.558064e+000  -1.672026e+001  -2.412511e+001  -4.437523e+001  -3.178647e+001  0.000000e+000  
0.000000e+000  -1.221837e-003  -1.626322e-003  -1.078175e-003  0.000000e+000  -8.686346e+000  -1.696589e+001  -2.446779e+001  -4.482248e+001  -3.200035e+001  0.000000e+000  
0.000000e+000  -1.639852e-003  -2.183105e-003  -1.446498e-003  0.000000e+000  -8.869317e+000  -1.731611e+001  -2.495610e+001  -4.545527e+001  -3.230155e+001  0.000000e+000  
0.000000e+000  -2.609592e-003  -3.473539e-003  -2.302168e-003  0.000000e+000  -9.254560e+000  -1.805325e+001  -2.598330e+001  -4.677779e+001  -3.292840e+001  0.000000e+000  
0.000000e+000  -6.464157e-003  -8.604128e-003  -5.702365e-003  0.000000e+000  -1.033303e+001  -2.011383e+001  -2.884786e+001  -5.036307e+001  -3.459637e+001  0.000000e+000  
0.000000e+000  -1.520102e-002  -2.023381e-002  -1.340737e-002  0.000000e+000  -1.183164e+001  -2.297015e+001  -3.280301e+001  -5.508502e+001  -3.672643e+001  0.000000e+000  
0.000000e+000  -2.969160e-002  -3.954208e-002  -2.621564e-002  0.000000e+000  -1.340825e+001  -2.596676e+001  -3.693437e+001  -5.976638e+001  -3.876832e+001  0.000000e+000  
0.000000e+000  -5.178114e-002  -6.898600e-002  -4.575441e-002  0.000000e+000  -1.508274e+001  -2.914085e+001  -4.129274e+001  -6.447487e+001  -4.076049e+001  0.000000e+000  
0.000000e+000  -1.021993e-001  -1.362665e-001  -9.045630e-002  0.000000e+000  -1.775542e+001  -3.419040e+001  -4.819345e+001  -7.153404e+001  -4.364519e+001  0.000000e+000  
0.000000e+000  -2.480317e-001  -3.313320e-001  -2.203859e-001  0.000000e+000  -2.230211e+001  -4.272324e+001  -5.974880e+001  -8.223786e+001  -4.774811e+001  0.000000e+000  
0.000000e+000  -5.966842e-001  -7.998402e-001  -5.340892e-001  0.000000e+000  -2.864458e+001  -5.450255e+001  -7.549768e+001  -9.518297e+001  -5.234353e+001  0.000000e+000  
0.000000e+000  -2.228867e+000  -3.011764e+000  -2.030431e+000  0.000000e+000  -4.627299e+001  -8.667608e+001  -1.176976e+002  -1.253158e+002  -6.210928e+001  0.000000e+000  
0.000000e+000  -1.979901e+001  -2.747949e+001  -1.918447e+001  0.000000e+000  -1.199340e+002  -2.105679e+002  -2.673392e+002  -1.929695e+002  -7.737758e+001  0.000000e+000  
0.000000e+000  -1.161948e+002  -1.725940e+002  -1.332378e+002  0.000000e+000  -3.269883e+002  -4.766618e+002  -5.131335e+002  -2.450362e+002  -8.183434e+001  0.000000e+000  
0.000000e+000  -2.367026e+002  -3.814211e+002  -3.416088e+002  0.000000e+000  -5.985543e+002  -7.188664e+002  -6.721595e+002  -2.664478e+002  -8.179609e+001  0.000000e+000  
0.000000e+000  -4.618390e+002  -8.499365e+002  -1.021143e+003  0.000000e+000  -1.317094e+003  -1.118136e+003  -8.472632e+002  -2.777734e+002  -7.879397e+001  0.000000e+000  
0.000000e+000  -7.367422e+002  -1.595497e+003  -2.882145e+003  -3.874548e+003  -2.592289e+003  -1.569774e+003  -9.704727e+002  -2.729222e+002  -7.252971e+001  0.000000e+000  
0.000000e+000  -8.023197e+002  -1.791939e+003  -3.448097e+003  -6.427424e+003  -3.079886e+003  -1.667188e+003  -9.607882e+002  -2.496249e+002  -6.327562e+001  0.000000e+000  
0.000000e+000  -6.218550e+002  -1.276151e+003  -2.033703e+003  0.000000e+000  -1.865030e+003  -1.275325e+003  -8.195190e+002  -2.136889e+002  -5.290484e+001  0.000000e+000  
0.000000e+000  -4.370637e+002  -8.015225e+002  -9.210150e+002  0.000000e+000  -1.006620e+003  -9.105055e+002  -6.629938e+002  -1.770573e+002  -4.327689e+001  0.000000e+000  
0.000000e+000  -2.762268e+002  -4.630005e+002  -4.367233e+002  0.000000e+000  -5.552371e+002  -6.021462e+002  -4.882711e+002  -1.343881e+002  -3.259680e+001  0.000000e+000  
0.000000e+000  -1.540040e+002  -2.429592e+002  -2.041970e+002  0.000000e+000  -2.915512e+002  -3.534746e+002  -3.092051e+002  -8.738394e+001  -2.111191e+001  0.000000e+000  
0.000000e+000  -6.148679e+001  -9.395927e+001  -7.463752e+001  0.000000e+000  -1.126843e+002  -1.441918e+002  -1.310562e+002  -3.769756e+001  -9.101657e+000  0.000000e+000  
0.000000e+000  1.753046e+001  2.622862e+001  2.015677e+001  0.000000e+000  3.619075e+001  4.853550e+001  4.596861e+001  1.310769e+001  3.135392e+000  0.000000e+000  
0.000000e+000  1.006984e+002  1.546330e+002  1.238642e+002  0.000000e+000  1.938783e+002  2.467929e+002  2.236649e+002  6.351777e+001  1.529286e+001  0.000000e+000  
0.000000e+000  2.055695e+002  3.301557e+002  2.859880e+002  0.000000e+000  4.036457e+002  4.732511e+002  4.032087e+002  1.119967e+002  2.706714e+001  0.000000e+000  
0.000000e+000  3.469428e+002  5.995416e+002  5.979606e+002  0.000000e+000  7.367840e+002  7.515134e+002  5.823545e+002  1.569249e+002  3.816828e+001  0.000000e+000  
0.000000e+000  5.271115e+002  1.010259e+003  1.273813e+003  0.000000e+000  1.336497e+003  1.098088e+003  7.519474e+002  1.965903e+002  4.833227e+001  0.000000e+000  
0.000000e+000  6.706157e+002  1.422131e+003  2.510927e+003  0.000000e+000  2.249763e+003  1.397435e+003  8.604483e+002  2.218780e+002  5.529437e+001  0.000000e+000  
0.000000e+000  8.196301e+002  1.851648e+003  3.646150e+003  6.365564e+003  3.261753e+003  1.721582e+003  9.721451e+002  2.501693e+002  6.359067e+001  0.000000e+000  
0.000000e+000  7.476966e+002  1.619719e+003  2.904096e+003  4.997839e+003  2.723427e+003  1.602139e+003  9.696478e+002  2.685767e+002  7.122486e+001  0.000000e+000  
0.000000e+000  5.961185e+002  1.200180e+003  1.846925e+003  6.060768e+003  1.861775e+003  1.325882e+003  9.044190e+002  2.749396e+002  7.599027e+001  0.000000e+000  
0.000000e+000  4.195741e+002  7.563120e+002  8.466792e+002  0.000000e+000  1.047525e+003  1.008460e+003  8.021226e+002  2.738552e+002  7.933909e+001  0.000000e+000  
0.000000e+000  2.731038e+002  4.493532e+002  4.132589e+002  0.000000e+000  6.343861e+002  7.534196e+002  6.885211e+002  2.669181e+002  8.136709e+001  0.000000e+000  
0.000000e+000  1.693440e+002  2.604874e+002  2.118214e+002  0.000000e+000  4.115912e+002  5.667087e+002  5.793197e+002  2.557475e+002  8.220753e+001  0.000000e+000  
0.000000e+000  1.018440e+002  1.493916e+002  1.124843e+002  0.000000e+000  2.835957e+002  4.329251e+002  4.819077e+002  2.417782e+002  8.201504e+001  0.000000e+000  
0.000000e+000  6.006618e+001  8.527787e+001  6.120198e+001  0.000000e+000  2.052796e+002  3.364360e+002  3.986000e+002  2.261809e+002  8.095225e+001  0.000000e+000  
0.000000e+000  3.498441e+001  4.858372e+001  3.384047e+001  0.000000e+000  1.544259e+002  2.656173e+002  3.290802e+002  2.098581e+002  7.917983e+001  0.000000e+000  
0.000000e+000  2.021146e+001  2.765725e+001  1.890831e+001  0.000000e+000  1.196166e+002  2.125819e+002  2.718820e+002  1.934742e+002  7.684956e+001  0.000000e+000  
0.000000e+000  1.161559e+001  1.574035e+001  1.063624e+001  0.000000e+000  9.471590e+001  1.721089e+002  2.251849e+002  1.774980e+002  7.410019e+001  0.000000e+000  
0.000000e+000  6.652878e+000  8.957735e+000  6.008809e+000  0.000000e+000  7.626829e+001  1.407236e+002  1.872014e+002  1.622443e+002  7.105522e+001  0.000000e+000  
0.000000e+000  3.802128e+000  5.097952e+000  3.403925e+000  0.000000e+000  6.223000e+001  1.160671e+002  1.563392e+002  1.479117e+002  6.782218e+001  0.000000e+000  
0.000000e+000  2.169896e+000  2.901509e+000  1.931702e+000  0.000000e+000  5.133047e+001  9.649508e+001  1.312487e+002  1.346125e+002  6.449292e+001  0.000000e+000  
0.000000e+000  1.237348e+000  1.651616e+000  1.097543e+000  0.000000e+000  4.274104e+001  8.083104e+001  1.108187e+002  1.223974e+002  6.114452e+001  0.000000e+000  
0.000000e+000  7.053592e-001  9.404396e-001  6.242122e-001  0.000000e+000  3.589718e+001  6.821263e+001  9.414906e+001  1.112743e+002  5.784061e+001  0.000000e+000  
0.000000e+000  4.022917e-001  5.359712e-001  3.554822e-001  0.000000e+000  3.039979e+001  5.799548e+001  8.051821e+001  1.012218e+002  5.463282e+001  0.000000e+000  
0.000000e+000  2.299996e-001  3.062835e-001  2.030463e-001  0.000000e+000  2.595828e+001  4.969077e+001  6.935104e+001  9.220028e+001  5.156234e+001  0.000000e+000  
0.000000e+000  1.325526e-001  1.764687e-001  1.169549e-001  0.000000e+000  2.235623e+001  4.292358e+001  6.019106e+001  8.415929e+001  4.866138e+001  0.000000e+000  
0.000000e+000  6.052829e-002  8.055544e-002  5.337269e-002  0.000000e+000  1.847287e+001  3.559904e+001  5.021930e+001  7.471544e+001  4.506927e+001  0.000000e+000  
0.000000e+000  2.469895e-002  3.286798e-002  2.177452e-002  0.000000e+000  1.502787e+001  2.906839e+001  4.125804e+001  6.526654e+001  4.118990e+001  0.000000e+000  
0.000000e+000  1.089761e-002  1.450272e-002  9.607860e-003  0.000000e+000  1.260902e+001  2.446314e+001  3.489418e+001  5.789720e+001  3.795606e+001  0.000000e+000  
0.000000e+000  1.221731e-003  1.624619e-003  1.076090e-003  0.000000e+000  8.735749e+000  1.705716e+001  2.458705e+001  4.484478e+001  3.186764e+001  0.000000e+000  
0.000000e+000  0.000000e+000  0.000000e+000  0.000000e+000  0.000000e+000  0.000000e+000  0.000000e+000  0.000000e+000  0.000000e+000  0.000000e+000  0.000000e+000  

0.000000e+000  0.000000e+000  0.000000e+000  0.000000e+000  0.000000e+000  0.000000e+000  0.000000e+000  0.000000e+000  0.000000e+000  0.000000e+000  0.000000e+000  
0.000000e+000  0.000000e+000  0.000000e+000  0.000000e+000  0.000000e+000  0.000000e+000  0.000000e+000  0.000000e+000  0.000000e+000  0.000000e+000  0.000000e+000  
0.000000e+000  0.000000e+000  0.000000e+000  0.000000e+000  0.000000e+000  0.000000e+000  0.000000e+000  0.000000e+000  0.000000e+000  0.000000e+000  0.000000e+000  
0.000000e+000  0.000000e+000  0.000000e+000  0.000000e+000  0.000000e+000  0.000000e+000  0.000000e+000  0.000000e+000  0.000000e+000  0.000000e+000  0.000000e+000  
0.000000e+000  0.000000e+000  0.000000e+000  0.000000e+000  0.000000e+000  0.000000e+000  0.000000e+000  0.000000e+000  0.000000e+000  0.000000e+000  0.000000e+000  
0.000000e+000  0.000000e+000  0.000000e+000  0.000000e+000  0.000000e+000  0.000000e+000  0.000000e+000  0.000000e+000  0.000000e+000  0.000000e+000  0.000000e+000  
0.000000e+000  0.000000e+000  0.000000e+000  0.000000e+000  0.000000e+000  0.000000e+000  0.000000e+000  0.000000e+000  0.000000e+000  0.000000e+000  0.000000e+000  
0.000000e+000  0.000000e+000  0.000000e+000  0.000000e+000  0.000000e+000  0.000000e+000  0.000000e+000  0.000000e+000  0.000000e+000  0.000000e+000  0.000000e+000  
0.000000e+000  0.000000e+000  0.000000e+000  0.000000e+000  0.000000e+000  0.000000e+000  0.000000e+000  0.000000e+000  0.000000e+000  0.000000e+000  0.000000e+000  
0.000000e+000  0.000000e+000  0.000000e+000  0.000000e+000  0.000000e+000  0.000000e+000  0.000000e+000  0.000000e+000  0.000000e+000  0.000000e+000  0.000000e+000  
0.000000e+000  0.000000e+000  0.000000e+000  0.000000e+000  0.000000e+000  0.000000e+000  0.000000e+000  0.000000e+000  0.000000e+000  0.000000e+000  0.000000e+000  
0.000000e+000  0.000000e+000  0.000000e+000  0.000000e+000  0.000000e+000  0.000000e+000  0.000000e+000  0.000000e+000  0.000000e+000  0.000000e+000  0.000000e+000  
0.000000e+000  0.000000e+000  0.000000e+000  0.000000e+000  0.000000e+000  0.000000e+000  0.000000e+000  0.000000e+000  0.000000e+000  0.000000e+000  0.000000e+000  
0.000000e+000  0.000000e+000  0.000000e+000  0.000000e+000  0.000000e+000  0.000000e+000  0.000000e+000  0.000000e+000  0.000000e+000  0.000000e+000  0.000000e+000  
0.000000e+000  0.000000e+000  0.000000e+000  0.000000e+000  0.000000e+000  0.000000e+000  0.000000e+000  0.000000e+000  0.000000e+000  0.000000e+000  0.000000e+000  
0.000000e+000  0.000000e+000  0.000000e+000  0.000000e+000  0.000000e+000  0.000000e+000  0.000000e+000  0.000000e+000  0.000000e+000  0.000000e+000  0.000000e+000  
0.000000e+000  0.000000e+000  0.000000e+000  0.000000e+000  0.000000e+000  0.000000e+000  0.000000e+000  0.000000e+000  0.000000e+000  0.000000e+000  0.000000e+000  
0.000000e+000  0.000000e+000  0.000000e+000  0.000000e+000  0.000000e+000  0.000000e+000  0.000000e+000  0.000000e+000  0.000000e+000  0.000000e+000  0.000000e+000  
0.000000e+000  0.000000e+000  0.000000e+000  0.000000e+000  0.000000e+000  0.000000e+000  0.000000e+000  0.000000e+000  0.000000e+000  0.000000e+000  0.000000e+000  
0.000000e+000  0.000000e+000  0.000000e+000  0.000000e+000  0.000000e+000  0.000000e+000  0.000000e+000  0.000000e+000  0.000000e+000  0.000000e+000  0.000000e+000  
0.000000e+000  0.000000e+000  0.000000e+000  0.000000e+000  0.000000e+000  0.000000e+000  0.000000e+000  0.000000e+000  0.000000e+000  0.000000e+000  0.000000e+000  
0.000000e+000  0.000000e+000  0.000000e+000  0.000000e+000  0.000000e+000  0.000000e+000  0.000000e+000  0.000000e+000  0.000000e+000  0.000000e+000  0.000000e+000  
0.000000e+000  0.000000e+000  0.000000e+000  0.000000e+000  0.000000e+000  0.000000e+000  0.000000e+000  0.000000e+000  0.000000e+000  0.000000e+000  0.000000e+000  
0.000000e+000  0.000000e+000  0.000000e+000  0.000000e+000  0.000000e+000  0.000000e+000  0.000000e+000  0.000000e+000  0.000000e+000  0.000000e+000  0.000000e+000  
0.000000e+000  0.000000e+000  0.000000e+000  0.000000e+000  0.000000e+000  0.000000e+000  0.000000e+000  0.000000e+000  0.000000e+000  0.000000e+000  0.000000e+000  
0.000000e+000  0.000000e+000  0.000000e+000  0.000000e+000  0.000000e+000  0.000000e+000  0.000000e+000  0.000000e+000  0.000000e+000  0.000000e+000  0.000000e+000  
0.000000e+000  0.000000e+000  0.000000e+000  0.000000e+000  0.000000e+000  0.000000e+000  0.000000e+000  0.000000e+000  0.000000e+000  0.000000e+000  0.000000e+000  
0.000000e+000  0.000000e+000  0.000000e+000  0.000000e+000  0.000000e+000  0.000000e+000  0.000000e+000  0.000000e+000  0.000000e+000  0.000000e+000  0.000000e+000  
0.000000e+000  0.000000e+000  0.000000e+000  0.000000e+000  0.000000e+000  0.000000e+000  0.000000e+000  0.000000e+000  0.000000e+000  0.000000e+000  0.000000e+000  
0.000000e+000  0.000000e+000  0.000000e+000  0.000000e+000  0.000000e+000  0.000000e+000  0.000000e+000  0.000000e+000  0.000000e+000  0.000000e+000  0.000000e+000  
0.000000e+000  0.000000e+000  0.000000e+000  0.000000e+000  0.000000e+000  0.000000e+000  0.000000e+000  0.000000e+000  0.000000e+000  0.000000e+000  0.000000e+000  
0.000000e+000  0.000000e+000  0.000000e+000  0.000000e+000  0.000000e+000  0.000000e+000  0.000000e+000  0.000000e+000  0.000000e+000  0.000000e+000  0.000000e+000  
0.000000e+000  0.000000e+000  0.000000e+000  0.000000e+000  0.000000e+000  0.000000e+000  0.000000e+000  0.000000e+000  0.000000e+000  0.000000e+000  0.000000e+000  
0.000000e+000  0.000000e+000  0.000000e+000  0.000000e+000  0.000000e+000  0.000000e+000  0.000000e+000  0.000000e+000  0.000000e+000  0.000000e+000  0.000000e+000  
0.000000e+000  0.000000e+000  0.000000e+000  0.000000e+000  0.000000e+000  0.000000e+000  0.000000e+000  0.000000e+000  0.000000e+000  0.000000e+000  0.000000e+000  
0.000000e+000  0.000000e+000  0.000000e+000  0.000000e+000  0.000000e+000  0.000000e+000  0.000000e+000  0.000000e+000  0.000000e+000  0.000000e+000  0.000000e+000  
0.000000e+000  0.000000e+000  0.000000e+000  0.000000e+000  0.000000e+000  0.000000e+000  0.000000e+000  0.000000e+000  0.000000e+000  0.000000e+000  0.000000e+000  
0.000000e+000  0.000000e+000  0.000000e+000  0.000000e+000  0.000000e+000  0.000000e+000  0.000000e+000  0.000000e+000  0.000000e+000  0.000000e+000  0.000000e+000  
0.000000e+000  0.000000e+000  0.000000e+000  0.000000e+000  0.000000e+000  0.000000e+000  0.000000e+000  0.000000e+000  0.000000e+000  0.000000e+000  0.000000e+000  
0.000000e+000  0.000000e+000  0.000000e+000  0.000000e+000  0.000000e+000  0.000000e+000  0.000000e+000  0.000000e+000  0.000000e+000  0.000000e+000  0.000000e+000  
0.000000e+000  0.000000e+000  0.000000e+000  0.000000e+000  0.000000e+000  0.000000e+000  0.000000e+000  0.000000e+000  0.000000e+000  0.000000e+000  0.000000e+000  
0.000000e+000  0.000000e+000  0.000000e+000  0.000000e+000  0.000000e+000  0.000000e+000  0.000000e+000  0.000000e+000  0.000000e+000  0.000000e+000  0.000000e+000  
0.000000e+000  0.000000e+000  0.000000e+000  0.000000e+000  0.000000e+000  0.000000e+000  0.000000e+000  0.000000e+000  0.000000e+000  0.000000e+000  0.000000e+000  
0.000000e+000  0.000000e+000  0.000000e+000  0.000000e+000  0.000000e+000  0.000000e+000  0.000000e+000  0.000000e+000  0.000000e+000  0.000000e+000  0.000000e+000  
0.000000e+000  0.000000e+000  0.000000e+000  0.000000e+000  0.000000e+000  0.000000e+000  0.000000e+000  0.000000e+000  0.000000e+000  0.000000e+000  0.000000e+000  
0.000000e+000  0.000000e+000  0.000000e+000  0.000000e+000  0.000000e+000  0.000000e+000  0.000000e+000  0.000000e+000  0.000000e+000  0.000000e+000  0.000000e+000  
0.000000e+000  0.000000e+000  0.000000e+000  0.000000e+000  0.000000e+000  0.000000e+000  0.000000e+000  0.000000e+000  0.000000e+000  0.000000e+000  0.000000e+000  
0.000000e+000  0.000000e+000  0.000000e+000  0.000000e+000  0.000000e+000  0.000000e+000  0.000000e+000  0.000000e+000  0.000000e+000  0.000000e+000  0.000000e+000  
0.000000e+000  0.000000e+000  0.000000e+000  0.000000e+000  0.000000e+000  0.000000e+000  0.000000e+000  0.000000e+000  0.000000e+000  0.000000e+000  0.000000e+000  
0.000000e+000  0.000000e+000  0.000000e+000  0.000000e+000  0.000000e+000  0.000000e+000  0.000000e+000  0.000000e+000  0.000000e+000  0.000000e+000  0.000000e+000  
0.000000e+000  0.000000e+000  0.000000e+000  0.000000e+000  0.000000e+000  0.000000e+000  0.000000e+000  0.000000e+000  0.000000e+000  0.000000e+000  0.000000e+000  
0.000000e+000  0.000000e+000  0.000000e+000  0.000000e+000  0.000000e+000  0.000000e+000  0.000000e+000  0.000000e+000  0.000000e+000  0.000000e+000  0.000000e+000  
0.000000e+000  0.000000e+000  0.000000e+000  0.000000e+000  0.000000e+000  0.000000e+000  0.000000e+000  0.000000e+000  0.000000e+000  0.000000e+000  0.000000e+000  

0.000000e+000  0.000000e+000  0.000000e+000  0.000000e+000  0.000000e+000  0.000000e+000  0.000000e+000  0.000000e+000  0.000000e+000  0.000000e+000  0.000000e+000  
0.000000e+000  0.000000e+000  0.000000e+000  0.000000e+000  0.000000e+000  0.000000e+000  0.000000e+000  0.000000e+000  0.000000e+000  0.000000e+000  0.000000e+000  
0.000000e+000  0.000000e+000  0.000000e+000  0.000000e+000  0.000000e+000  0.000000e+000  0.000000e+000  0.000000e+000  0.000000e+000  0.000000e+000  0.000000e+000  
0.000000e+000  0.000000e+000  0.000000e+000  0.000000e+000  0.000000e+000  0.000000e+000  0.000000e+000  0.000000e+000  0.000000e+000  0.000000e+000  0.000000e+000  
0.000000e+000  0.000000e+000  0.000000e+000  0.000000e+000  0.000000e+000  0.000000e+000  0.000000e+000  0.000000e+000  0.000000e+000  0.000000e+000  0.000000e+000  
0.000000e+000  0.000000e+000  0.000000e+000  0.000000e+000  0.000000e+000  0.000000e+000  0.000000e+000  0.000000e+000  0.000000e+000  0.000000e+000  0.000000e+000  
0.000000e+000  0.000000e+000  0.000000e+000  0.000000e+000  0.000000e+000  0.000000e+000  0.000000e+000  0.000000e+000  0.000000e+000  0.000000e+000  0.000000e+000  
0.000000e+000  0.000000e+000  0.000000e+000  0.000000e+000  0.000000e+000  0.000000e+000  0.000000e+000  0.000000e+000  0.000000e+000  0.000000e+000  0.000000e+000  
0.000000e+000  0.000000e+000  0.000000e+000  0.000000e+000  0.000000e+000  0.000000e+000  0.000000e+000  0.000000e+000  0.000000e+000  0.000000e+000  0.000000e+000  
0.000000e+000  0.000000e+000  0.000000e+000  0.000000e+000  0.000000e+000  0.000000e+000  0.000000e+000  0.000000e+000  0.000000e+000  0.000000e+000  0.000000e+000  
0.000000e+000  0.000000e+000  0.000000e+000  0.000000e+000  0.000000e+000  0.000000e+000  0.000000e+000  0.000000e+000  0.000000e+000  0.000000e+000  0.000000e+000  
0.000000e+000  0.000000e+000  0.000000e+000  0.000000e+000  0.000000e+000  0.000000e+000  0.000000e+000  0.000000e+000  0.000000e+000  0.000000e+000  0.000000e+000  
0.000000e+000  0.000000e+000  0.000000e+000  0.000000e+000  0.000000e+000  0.000000e+000  0.000000e+000  0.000000e+000  0.000000e+000  0.000000e+000  0.000000e+000  
0.000000e+000  0.000000e+000  0.000000e+000  0.000000e+000  0.000000e+000  0.000000e+000  0.000000e+000  0.000000e+000  0.000000e+000  0.000000e+000  0.000000e+000  
0.000000e+000  0.000000e+000  0.000000e+000  0.000000e+000  0.000000e+000  0.000000e+000  0.000000e+000  0.000000e+000  0.000000e+000  0.000000e+000  0.000000e+000  
0.000000e+000  0.000000e+000  0.000000e+000  0.000000e+000  0.000000e+000  0.000000e+000  0.000000e+000  0.000000e+000  0.000000e+000  0.000000e+000  0.000000e+000  
0.000000e+000  0.000000e+000  0.000000e+000  0.000000e+000  0.000000e+000  0.000000e+000  0.000000e+000  0.000000e+000  0.000000e+000  0.000000e+000  0.000000e+000  
0.000000e+000  0.000000e+000  0.000000e+000  0.000000e+000  0.000000e+000  0.000000e+000  0.000000e+000  0.000000e+000  0.000000e+000  0.000000e+000  0.000000e+000  
0.000000e+000  0.000000e+000  0.000000e+000  0.000000e+000  0.000000e+000  0.000000e+000  0.000000e+000  0.000000e+000  0.000000e+000  0.000000e+000  0.000000e+000  
0.000000e+000  0.000000e+000  0.000000e+000  0.000000e+000  0.000000e+000  0.000000e+000  0.000000e+000  0.000000e+000  0.000000e+000  0.000000e+000  0.000000e+000  
0.000000e+000  0.000000e+000  0.000000e+000  0.000000e+000  0.000000e+000  0.000000e+000  0.000000e+000  0.000000e+000  0.000000e+000  0.000000e+000  0.000000e+000  
0.000000e+000  0.000000e+000  0.000000e+000  0.000000e+000  0.000000e+000  0.000000e+000  0.000000e+000  0.000000e+000  0.000000e+000  0.000000e+000  0.000000e+000  
0.000000e+000  0.000000e+000  0.000000e+000  0.000000e+000  0.000000e+000  0.000000e+000  0.000000e+000  0.000000e+000  0.000000e+000  0.000000e+000  0.000000e+000  
0.000000e+000  0.000000e+000  0.000000e+000  0.000000e+000  0.000000e+000  0.000000e+000  0.000000e+000  0.000000e+000  0.000000e+000  0.000000e+000  0.000000e+000  
0.000000e+000  0.000000e+000  0.000000e+000  0.000000e+000  0.000000e+000  0.000000e+000  0.000000e+000  0.000000e+000  0.000000e+000  0.000000e+000  0.000000e+000  
0.000000e+000  0.000000e+000  0.000000e+000  0.000000e+000  0.000000e+000  0.000000e+000  0.000000e+000  0.000000e+000  0.000000e+000  0.000000e+000  0.000000e+000  
0.000000e+000  0.000000e+000  0.000000e+000  0.000000e+000  0.000000e+000  0.000000e+000  0.000000e+000  0.000000e+000  0.000000e+000  0.000000e+000  0.000000e+000  
0.000000e+000  0.000000e+000  0.000000e+000  0.000000e+000  0.000000e+000  0.000000e+000  0.000000e+000  0.000000e+000  0.000000e+000  0.000000e+000  0.000000e+000  
0.000000e+000  0.000000e+000  0.000000e+000  0.000000e+000  0.000000e+000  0.000000e+000  0.000000e+000  0.000000e+000  0.000000e+000  0.000000e+000  0.000000e+000  
0.000000e+000  0.000000e+000  0.000000e+000  0.000000e+000  0.000000e+000  0.000000e+000  0.000000e+000  0.000000e+000  0.000000e+000  0.000000e+000  0.000000e+000  
0.000000e+000  0.000000e+000  0.000000e+000  0.000000e+000  0.000000e+000  0.000000e+000  0.000000e+000  0.000000e+000  0.000000e+000  0.000000e+000  0.000000e+000  
0.000000e+000  0.000000e+000  0.000000e+000  0.000000e+000  0.000000e+000  0.000000e+000  0.000000e+000  0.000000e+000  0.000000e+000  0.000000e+000  0.000000e+000  
0.000000e+000  0.000000e+000  0.000000e+000  0.000000e+000  0.000000e+000  0.000000e+000  0.000000e+000  0.000000e+000  0.000000e+000  0.000000e+000  0.000000e+000  
0.000000e+000  0.000000e+000  0.000000e+000  0.000000e+000  0.000000e+000  0.000000e+000  0.000000e+000  0.000000e+000  0.000000e+000  0.000000e+000  0.000000e+000  
0.000000e+000  0.000000e+000  0.000000e+000  0.000000e+000  0.000000e+000  0.000000e+000  0.000000e+000  0.000000e+000  0.000000e+000  0.000000e+000  0.000000e+000  
0.000000e+000  0.000000e+000  0.000000e+000  0.000000e+000  0.000000e+000  0.000000e+000  0.000000e+000  0.000000e+000  0.000000e+000  0.000000e+000  0.000000e+000  
0.000000e+000  0.000000e+000  0.000000e+000  0.000000e+000  0.000000e+000  0.000000e+000  0.000000e+000  0.000000e+000  0.000000e+000  0.000000e+000  0.000000e+000  
0.000000e+000  0.000000e+000  0.000000e+000  0.000000e+000  0.000000e+000  0.000000e+000  0.000000e+000  0.000000e+000  0.000000e+000  0.000000e+000  0.000000e+000  
0.000000e+000  0.000000e+000  0.000000e+000  0.000000e+000  0.000000e+000  0.000000e+000  0.000000e+000  0.000000e+000  0.000000e+000  0.000000e+000  0.000000e+000  
0.000000e+000  0.000000e+000  0.000000e+000  0.000000e+000  0.000000e+000  0.000000e+000  0.000000e+000  0.000000e+000  0.000000e+000  0.000000e+000  0.000000e+000  
0.000000e+000  0.000000e+000  0.000000e+000  0.000000e+000  0.000000e+000  0.000000e+000  0.000000e+000  0.000000e+000  0.000000e+000  0.000000e+000  0.000000e+000  
0.000000e+000  0.000000e+000  0.000000e+000  0.000000e+000  0.000000e+000  0.000000e+000  0.000000e+000  0.000000e+000  0.000000e+000  0.000000e+000  0.000000e+000  
0.000000e+000  0.000000e+000  0.000000e+000  0.000000e+000  0.000000e+000  0.000000e+000  0.000000e+000  0.000000e+000  0.000000e+000  0.000000e+000  0.000000e+000  
0.000000e+000  0.000000e+000  0.000000e+000  0.000000e+000  0.000000e+000  0.000000e+000  0.000000e+000  0.000000e+000  0.000000e+000  0.000000e+000  0.000000e+000  
0.000000e+000  0.000000e+000  0.000000e+000  0.000000e+000  0.000000e+000  0.000000e+000  0.000000e+000  0.000000e+000  0.000000e+000  0.000000e+000  0.000000e+000  
0.000000e+000  0.000000e+000  0.000000e+000  0.000000e+000  0.000000e+000  0.000000e+000  0.000000e+000  0.000000e+000  0.000000e+000  0.000000e+000  0.000000e+000  
0.000000e+000  0.000000e+000  0.000000e+000  0.000000e+000  0.000000e+000  0.000000e+000  0.000000e+000  0.000000e+000  0.000000e+000  0.000000e+000  0.000000e+000  
0.000000e+000  0.000000e+000  0.000000e+000  0.000000e+000  0.000000e+000  0.000000e+000  0.000000e+000  0.000000e+000  0.000000e+000  0.000000e+000  0.000000e+000  
0.000000e+000  0.000000e+000  0.000000e+000  0.000000e+000  0.000000e+000  0.000000e+000  0.000000e+000  0.000000e+000  0.000000e+000  0.000000e+000  0.000000e+000  
0.000000e+000  0.000000e+000  0.000000e+000  0.000000e+000  0.000000e+000  0.000000e+000  0.000000e+000  0.000000e+000  0.000000e+000  0.000000e+000  0.000000e+000  
0.000000e+000  0.000000e+000  0.000000e+000  0.000000e+000  0.000000e+000  0.000000e+000  0.000000e+000  0.000000e+000  0.000000e+000  0.000000e+000  0.000000e+000  
0.000000e+000  0.000000e+000  0.000000e+000  0.000000e+000  0.000000e+000  0.000000e+000  0.000000e+000  0.000000e+000  0.000000e+000  0.000000e+000  0.000000e+000  
0.000000e+000  0.000000e+000  0.000000e+000  0.000000e+000  0.000000e+000  0.000000e+000  0.000000e+000  0.000000e+000  0.000000e+000  0.000000e+000  0.000000e+000  

0.000000e+000  0.000000e+000  0.000000e+000  0.000000e+000  0.000000e+000  0.000000e+000  0.000000e+000  0.000000e+000  0.000000e+000  0.000000e+000  0.000000e+000  
0.000000e+000  0.000000e+000  0.000000e+000  0.000000e+000  0.000000e+000  0.000000e+000  0.000000e+000  0.000000e+000  0.000000e+000  0.000000e+000  0.000000e+000  
0.000000e+000  0.000000e+000  0.000000e+000  0.000000e+000  0.000000e+000  0.000000e+000  0.000000e+000  0.000000e+000  0.000000e+000  0.000000e+000  0.000000e+000  
0.000000e+000  0.000000e+000  0.000000e+000  0.000000e+000  0.000000e+000  0.000000e+000  0.000000e+000  0.000000e+000  0.000000e+000  0.000000e+000  0.000000e+000  
0.000000e+000  0.000000e+000  0.000000e+000  0.000000e+000  0.000000e+000  0.000000e+000  0.000000e+000  0.000000e+000  0.000000e+000  0.000000e+000  0.000000e+000  
0.000000e+000  0.000000e+000  0.000000e+000  0.000000e+000  0.000000e+000  0.000000e+000  0.000000e+000  0.000000e+000  0.000000e+000  0.000000e+000  0.000000e+000  
0.000000e+000  0.000000e+000  0.000000e+000  0.000000e+000  0.000000e+000  0.000000e+000  0.000000e+000  0.000000e+000  0.000000e+000  0.000000e+000  0.000000e+000  
0.000000e+000  0.000000e+000  0.000000e+000  0.000000e+000  0.000000e+000  0.000000e+000  0.000000e+000  0.000000e+000  0.000000e+000  0.000000e+000  0.000000e+000  
0.000000e+000  0.000000e+000  0.000000e+000  0.000000e+000  0.000000e+000  0.000000e+000  0.000000e+000  0.000000e+000  0.000000e+000  0.000000e+000  0.000000e+000  
0.000000e+000  0.000000e+000  0.000000e+000  0.000000e+000  0.000000e+000  0.000000e+000  0.000000e+000  0.000000e+000  0.000000e+000  0.000000e+000  0.000000e+000  
0.000000e+000  0.000000e+000  0.000000e+000  0.000000e+000  0.000000e+000  0.000000e+000  0.000000e+000  0.000000e+000  0.000000e+000  0.000000e+000  0.000000e+000  
0.000000e+000  0.000000e+000  0.000000e+000  0.000000e+000  0.000000e+000  0.000000e+000  0.000000e+000  0.000000e+000  0.000000e+000  0.000000e+000  0.000000e+000  
0.000000e+000  0.000000e+000  0.000000e+000  0.000000e+000  0.000000e+000  0.000000e+000  0.000000e+000  0.000000e+000  0.000000e+000  0.000000e+000  0.000000e+000  
0.000000e+000  0.000000e+000  0.000000e+000  0.000000e+000  0.000000e+000  0.000000e+000  0.000000e+000  0.000000e+000  0.000000e+000  0.000000e+000  0.000000e+000  
0.000000e+000  0.000000e+000  0.000000e+000  0.000000e+000  0.000000e+000  0.000000e+000  0.000000e+000  0.000000e+000  0.000000e+000  0.000000e+000  0.000000e+000  
0.000000e+000  0.000000e+000  0.000000e+000  0.000000e+000  0.000000e+000  0.000000e+000  0.000000e+000  0.000000e+000  0.000000e+000  0.000000e+000  0.000000e+000  
0.000000e+000  0.000000e+000  0.000000e+000  0.000000e+000  0.000000e+000  0.000000e+000  0.000000e+000  0.000000e+000  0.000000e+000  0.000000e+000  0.000000e+000  
0.000000e+000  0.000000e+000  0.000000e+000  0.000000e+000  0.000000e+000  0.000000e+000  0.000000e+000  0.000000e+000  0.000000e+000  0.000000e+000  0.000000e+000  
0.000000e+000  0.000000e+000  0.000000e+000  0.000000e+000  0.000000e+000  0.000000e+000  0.000000e+000  0.000000e+000  0.000000e+000  0.000000e+000  0.000000e+000  
0.000000e+000  0.000000e+000  0.000000e+000  0.000000e+000  0.000000e+000  0.000000e+000  0.000000e+000  0.000000e+000  0.000000e+000  0.000000e+000  0.000000e+000  
0.000000e+000  0.000000e+000  0.000000e+000  0.000000e+000  0.000000e+000  0.000000e+000  0.000000e+000  0.000000e+000  0.000000e+000  0.000000e+000  0.000000e+000  
0.000000e+000  0.000000e+000  0.000000e+000  0.000000e+000  0.000000e+000  0.000000e+000  0.000000e+000  0.000000e+000  0.000000e+000  0.000000e+000  0.000000e+000  
0.000000e+000  0.000000e+000  0.000000e+000  0.000000e+000  0.000000e+000  0.000000e+000  0.000000e+000  0.000000e+000  0.000000e+000  0.000000e+000  0.000000e+000  
0.000000e+000  0.000000e+000  0.000000e+000  0.000000e+000  0.000000e+000  0.000000e+000  0.000000e+000  0.000000e+000  0.000000e+000  0.000000e+000  0.000000e+000  
0.000000e+000  0.000000e+000  0.000000e+000  0.000000e+000  0.000000e+000  0.000000e+000  0.000000e+000  0.000000e+000  0.000000e+000  0.000000e+000  0.000000e+000  
0.000000e+000  0.000000e+000  0.000000e+000  0.000000e+000  0.000000e+000  0.000000e+000  0.000000e+000  0.000000e+000  0.000000e+000  0.000000e+000  0.000000e+000  
0.000000e+000  0.000000e+000  0.000000e+000  0.000000e+000  0.000000e+000  0.000000e+000  0.000000e+000  0.000000e+000  0.000000e+000  0.000000e+000  0.000000e+000  
0.000000e+000  0.000000e+000  0.000000e+000  0.000000e+000  0.000000e+000  0.000000e+000  0.000000e+000  0.000000e+000  0.000000e+000  0.000000e+000  0.000000e+000  
0.000000e+000  0.000000e+000  0.000000e+000  0.000000e+000  0.000000e+000  0.000000e+000  0.000000e+000  0.000000e+000  0.000000e+000  0.000000e+000  0.000000e+000  
0.000000e+000  0.000000e+000  0.000000e+000  0.000000e+000  0.000000e+000  0.000000e+000  0.000000e+000  0.000000e+000  0.000000e+000  0.000000e+000  0.000000e+000  
0.000000e+000  0.000000e+000  0.000000e+000  0.000000e+000  0.000000e+000  0.000000e+000  0.000000e+000  0.000000e+000  0.000000e+000  0.000000e+000  0.000000e+000  
0.000000e+000  0.000000e+000  0.000000e+000  0.000000e+000  0.000000e+000  0.000000e+000  0.000000e+000  0.000000e+000  0.000000e+000  0.000000e+000  0.000000e+000  
0.000000e+000  0.000000e+000  0.000000e+000  0.000000e+000  0.000000e+000  0.000000e+000  0.000000e+000  0.000000e+000  0.000000e+000  0.000000e+000  0.000000e+000  
0.000000e+000  0.000000e+000  0.000000e+000  0.000000e+000  0.000000e+000  0.000000e+000  0.000000e+000  0.000000e+000  0.000000e+000  0.000000e+000  0.000000e+000  
0.000000e+000  0.000000e+000  0.000000e+000  0.000000e+000  0.000000e+000  0.000000e+000  0.000000e+000  0.000000e+000  0.000000e+000  0.000000e+000  0.000000e+000  
0.000000e+000  0.000000e+000  0.000000e+000  0.000000e+000  0.000000e+000  0.000000e+000  0.000000e+000  0.000000e+000  0.000000e+000  0.000000e+000  0.000000e+000  
0.000000e+000  0.000000e+000  0.000000e+000  0.000000e+000  0.000000e+000  0.000000e+000  0.000000e+000  0.000000e+000  0.000000e+000  0.000000e+000  0.000000e+000  
0.000000e+000  0.000000e+000  0.000000e+000  0.000000e+000  0.000000e+000  0.000000e+000  0.000000e+000  0.000000e+000  0.000000e+000  0.000000e+000  0.000000e+000  
0.000000e+000  0.000000e+000  0.000000e+000  0.000000e+000  0.000000e+000  0.000000e+000  0.000000e+000  0.000000e+000  0.000000e+000  0.000000e+000  0.000000e+000  
0.000000e+000  0.000000e+000  0.000000e+000  0.000000e+000  0.000000e+000  0.000000e+000  0.000000e+000  0.000000e+000  0.000000e+000  0.000000e+000  0.000000e+000  
0.000000e+000  0.000000e+000  0.000000e+000  0.000000e+000  0.000000e+000  0.000000e+000  0.000000e+000  0.000000e+000  0.000000e+000  0.000000e+000  0.000000e+000  
0.000000e+000  0.000000e+000  0.000000e+000  0.000000e+000  0.000000e+000  0.000000e+000  0.000000e+000  0.000000e+000  0.000000e+000  0.000000e+000  0.000000e+000  
0.000000e+000  0.000000e+000  0.000000e+000  0.000000e+000  0.000000e+000  0.000000e+000  0.000000e+000  0.000000e+000  0.000000e+000  0.000000e+000  0.000000e+000  
0.000000e+000  0.000000e+000  0.000000e+000  0.000000e+000  0.000000e+000  0.000000e+000  0.000000e+000  0.000000e+000  0.000000e+000  0.000000e+000  0.000000e+000  
0.000000e+000  0.000000e+000  0.000000e+000  0.000000e+000  0.000000e+000  0.000000e+000  0.000000e+000  0.000000e+000  0.000000e+000  0.000000e+000  0.000000e+000  
0.000000e+000  0.000000e+000  0.000000e+000  0.000000e+000  0.000000e+000  0.000000e+000  0.000000e+000  0.000000e+000  0.000000e+000  0.000000e+000  0.000000e+000  
0.000000e+000  0.000000e+000  0.000000e+000  0.000000e+000  0.000000e+000  0.000000e+000  0.000000e+000  0.000000e+000  0.000000e+000  0.000000e+000  0.000000e+000  
0.000000e+000  0.000000e+000  0.000000e+000  0.000000e+000  0.000000e+000  0.000000e+000  0.000000e+000  0.000000e+000  0.000000e+000  0.000000e+000  0.000000e+000  
0.000000e+000  0.000000e+000  0.000000e+000  0.000000e+000  0.000000e+000  0.000000e+000  0.000000e+000  0.000000e+000  0.000000e+000  0.000000e+000  0.000000e+000  
0.000000e+000  0.000000e+000  0.000000e+000  0.000000e+000  0.000000e+000  0.000000e+000  0.000000e+000  0.000000e+000  0.000000e+000  0.000000e+000  0.000000e+000  
0.000000e+000  0.000000e+000  0.000000e+000  0.000000e+000  0.000000e+000  0.000000e+000  0.000000e+000  0.000000e+000  0.000000e+000  0.000000e+000  0.000000e+000  
0.000000e+000  0.000000e+000  0.000000e+000  0.000000e+000  0.000000e+000  0.000000e+000  0.000000e+000  0.000000e+000  0.000000e+000  0.000000e+000  0.000000e+000  
0.000000e+000  0.000000e+000  0.000000e+000  0.000000e+000  0.000000e+000  0.000000e+000  0.000000e+000  0.000000e+000  0.000000e+000  0.000000e+000  0.000000e+000  

0.000000e+000  0.000000e+000  0.000000e+000  0.000000e+000  0.000000e+000  0.000000e+000  0.000000e+000  0.000000e+000  0.000000e+000  0.000000e+000  0.000000e+000  
0.000000e+000  -1.189423e-006  -1.333870e-006  -1.049794e-006  0.000000e+000  -3.111470e-003  -6.056489e-003  -8.685363e-003  -1.514165e-002  -1.030121e-002  0.000000e+000  
0.000000e+000  -2.114937e-006  -2.856866e-006  -2.073122e-006  0.000000e+000  -5.897378e-003  -1.147696e-002  -1.645411e-002  -2.860502e-002  -1.942297e-002  0.000000e+000  
0.000000e+000  -3.129916e-006  -4.327366e-006  -2.706737e-006  0.000000e+000  -7.609847e-003  -1.480690e-002  -2.122153e-002  -3.679642e-002  -2.494256e-002  0.000000e+000  
0.000000e+000  -8.097762e-006  -1.087559e-005  -7.206105e-006  0.000000e+000  -1.360185e-002  -2.644552e-002  -3.785429e-002  -6.489510e-002  -4.365636e-002  0.000000e+000  
0.000000e+000  -2.058768e-005  -2.726854e-005  -1.793785e-005  0.000000e+000  -2.039838e-002  -3.960782e-002  -5.657442e-002  -9.513727e-002  -6.320733e-002  0.000000e+000  
0.000000e+000  -4.374873e-005  -5.823347e-005  -3.861829e-005  0.000000e+000  -2.674246e-002  -5.184971e-002  -7.388460e-002  -1.215794e-001  -7.969222e-002  0.000000e+000  
0.000000e+000  -7.790660e-005  -1.036901e-004  -6.853477e-005  0.000000e+000  -3.222696e-002  -6.239703e-002  -8.871887e-002  -1.430733e-001  -9.265410e-002  0.000000e+000  
0.000000e+000  -1.372926e-004  -1.829210e-004  -1.213274e-004  0.000000e+000  -3.849320e-002  -7.440884e-002  -1.055278e-001  -1.662304e-001  -1.061916e-001  0.000000e+000  
0.000000e+000  -3.235530e-004  -4.318098e-004  -2.866996e-004  0.000000e+000  -5.047744e-002  -9.727252e-002  -1.372958e-001  -2.070051e-001  -1.290293e-001  0.000000e+000  
0.000000e+000  -7.757759e-004  -1.037334e-003  -6.904313e-004  0.000000e+000  -6.599021e-002  -1.266336e-001  -1.776433e-001  -2.536672e-001  -1.536592e-001  0.000000e+000  
0.000000e+000  -1.862055e-003  -2.499565e-003  -1.671466e-003  0.000000e+000  -8.661253e-002  -1.652154e-001  -2.298992e-001  -3.073041e-001  -1.802071e-001  0.000000e+000  
0.000000e+000  -1.365367e-002  -1.857564e-002  -1.262427e-002  0.000000e+000  -1.904952e-001  -3.539128e-001  -4.771516e-001  -5.099287e-001  -2.688918e-001  0.000000e+000  
0.000000e+000  -1.167415e-001  -1.651437e-001  -1.181744e-001  0.000000e+000  -5.126532e-001  -8.676511e-001  -1.067664e+000  -8.011881e-001  -3.691198e-001  0.000000e+000  
0.000000e+000  -3.145717e-001  -4.784612e-001  -3.820550e-001  0.000000e+000  -9.129444e-001  -1.329997e+000  -1.446419e+000  -9.106897e-001  -4.010762e-001  0.000000e+000  
0.000000e+000  -6.902256e-001  -1.158158e+000  -1.099748e+000  0.000000e+000  -1.777259e+000  -2.075124e+000  -1.907924e+000  -1.016836e+000  -4.305018e-001  0.000000e+000  
0.000000e+000  -1.308355e+000  -2.578485e+000  -3.432597e+000  0.000000e+000  -4.024102e+000  -3.257738e+000  -2.383624e+000  -1.107705e+000  -4.560179e-001  0.000000e+000  
0.000000e+000  -1.825993e+000  -4.419211e+000  -1.002801e+001  -2.640795e+001  -9.130372e+000  -4.451001e+000  -2.649967e+000  -1.166255e+000  -4.751677e-001  0.000000e+000  
0.000000e+000  -1.304013e+000  -2.592187e+000  -3.528634e+000  0.000000e+000  -4.130568e+000  -3.339172e+000  -2.490372e+000  -1.193789e+000  -4.894512e-001  0.000000e+000  
0.000000e+000  -9.050536e-001  -1.596111e+000  -1.657513e+000  0.000000e+000  -2.442119e+000  -2.615523e+000  -2.291539e+000  -1.198850e+000  -4.963892e-001  0.000000e+000  
0.000000e+000  -5.899904e-001  -9.500887e-001  -8.317033e-001  0.000000e+000  -1.591348e+000  -2.077084e+000  -2.083588e+000  -1.196253e+000  -5.012293e-001  0.000000e+000  
0.000000e+000  -3.783203e-001  -5.701993e-001  -4.472916e-001  0.000000e+000  -1.149103e+000  -1.716759e+000  -1.904569e+000  -1.189254e+000  -5.041224e-001  0.000000e+000  
0.000000e+000  -2.539764e-001  -3.654192e-001  -2.672645e-001  0.000000e+000  -9.219390e-001  -1.497666e+000  -1.773536e+000  -1.180526e+000  -5.052238e-001  0.000000e+000  
0.000000e+000  -1.976154e-001  -2.772404e-001  -1.955941e-001  0.000000e+000  -8.230179e-001  -1.390168e+000  -1.698552e+000  -1.171933e+000  -5.046654e-001  0.000000e+000  
0.000000e+000  -1.979678e-001  -2.787803e-001  -1.977582e-001  0.000000e+000  -8.189812e-001  -1.379046e+000  -1.681941e+000  -1.164445e+000  -5.025363e-001  0.000000e+000  
0.000000e+000  -2.545724e-001  -3.703512e-001  -2.754248e-001  0.000000e+000  -9.109486e-001  -1.463705e+000  -1.722680e+000  -1.158137e+000  -4.988737e-001  0.000000e+000  
0.000000e+000  -3.771236e-001  -5.791384e-001  -4.682246e-001  0.000000e+000  -1.135565e+000  -1.657697e+000  -1.816312e+000  -1.152200e+000  -4.936623e-001  0.000000e+000  
0.000000e+000  -5.809358e-001  -9.619960e-001  -8.848601e-001  0.000000e+000  -1.587034e+000  -1.986859e+000  -1.952418e+000  -1.144991e+000  -4.868449e-001  0.000000e+000  
0.000000e+000  -8.722825e-001  -1.599677e+000  -1.798301e+000  0.000000e+000  -2.477090e+000  -2.477503e+000  -2.109479e+000  -1.134158e+000  -4.783389e-001  0.000000e+000  
0.000000e+000  -1.051758e+000  -2.072505e+000  -2.808185e+000  0.000000e+000  -3.350190e+000  -2.803892e+000  -2.187447e+000  -1.125528e+000  -4.729418e-001  0.000000e+000  
0.000000e+000  -1.500138e+000  -3.558962e+000  -7.848525e+000  -2.034613e+001  -7.235949e+000  -3.712221e+000  -2.323007e+000  -1.091145e+000  -4.559786e-001  0.000000e+000  
0.000000e+000  -1.375535e+000  -3.055293e+000  -5.702965e+000  -1.018115e+001  -5.583829e+000  -3.375966e+000  -2.234915e+000  -1.054110e+000  -4.420913e-001  0.000000e+000  
0.000000e+000  -1.039274e+000  -2.010993e+000  -2.534999e+000  0.000000e+000  -3.055555e+000  -2.649198e+000  -2.030676e+000  -1.006671e+000  -4.264985e-001  0.000000e+000  
0.000000e+000  -7.033483e-001  -1.215199e+000  -1.205330e+000  0.000000e+000  -1.805024e+000  -2.002582e+000  -1.775557e+000  -9.509327e-001  -4.093835e-001  0.000000e+000  
0.000000e+000  -4.461980e-001  -7.095040e-001  -6.054240e-001  0.000000e+000  -1.148074e+000  -1.513892e+000  -1.515938e+000  -8.896001e-001  -3.909913e-001  0.000000e+000  
0.000000e+000  -2.721097e-001  -4.081586e-001  -3.168476e-001  0.000000e+000  -7.801869e-001  -1.160359e+000  -1.276435e+000  -8.252992e-001  -3.716023e-001  0.000000e+000  
0.000000e+000  -1.618912e-001  -2.332912e-001  -1.706810e-001  0.000000e+000  -5.602596e-001  -9.049934e-001  -1.066935e+000  -7.602508e-001  -3.515078e-001  0.000000e+000  
0.000000e+000  -9.481364e-002  -1.329752e-001  -9.375048e-002  0.000000e+000  -4.201570e-001  -7.176511e-001  -8.891205e-001  -6.961714e-001  -3.309904e-001  0.000000e+000  
0.000000e+000  -5.497052e-002  -7.571143e-002  -5.215677e-002  0.000000e+000  -3.255611e-001  -5.772767e-001  -7.407394e-001  -6.342951e-001  -3.103110e-001  0.000000e+000  
0.000000e+000  -3.166373e-002  -4.309008e-002  -2.925730e-002  0.000000e+000  -2.584161e-001  -4.698493e-001  -6.180231e-001  -5.754438e-001  -2.897000e-001  0.000000e+000  
0.000000e+000  -1.816210e-002  -2.452182e-002  -1.649856e-002  0.000000e+000  -2.087736e-001  -3.860801e-001  -5.169211e-001  -5.201109e-001  -2.693537e-001  0.000000e+000  
0.000000e+000  -1.038928e-002  -1.395483e-002  -9.335385e-003  0.000000e+000  -1.708814e-001  -3.197192e-001  -4.336651e-001  -4.685395e-001  -2.494317e-001  0.000000e+000  
0.000000e+000  -5.932529e-003  -7.941613e-003  -5.293281e-003  0.000000e+000  -1.412382e-001  -2.664528e-001  -3.649799e-001  -4.207897e-001  -2.300603e-001  0.000000e+000  
0.000000e+000  -3.383671e-003  -4.519519e-003  -3.005375e-003  0.000000e+000  -1.176046e-001  -2.232179e-001  -3.081197e-001  -3.767921e-001  -2.113324e-001  0.000000e+000  
0.000000e+000  -1.928184e-003  -2.571609e-003  -1.707526e-003  0.000000e+000  -9.847640e-002  -1.877811e-001  -2.608301e-001  -3.363897e-001  -1.933125e-001  0.000000e+000  
0.000000e+000  -1.097655e-003  -1.462844e-003  -9.701284e-004  0.000000e+000  -8.280144e-002  -1.584736e-001  -2.212796e-001  -2.993685e-001  -1.760397e-001  0.000000e+000  
0.000000e+000  -6.238793e-004  -8.305630e-004  -5.505163e-004  0.000000e+000  -6.981505e-002  -1.340250e-001  -1.879894e-001  -2.654804e-001  -1.595302e-001  0.000000e+000  
0.000000e+000  -3.528822e-004  -4.694939e-004  -3.110617e-004  0.000000e+000  -5.894579e-002  -1.134519e-001  -1.597656e-001  -2.344606e-001  -1.437823e-001  0.000000e+000  
0.000000e+000  -1.963515e-004  -2.614273e-004  -1.730864e-004  0.000000e+000  -4.975670e-002  -9.598176e-002  -1.356446e-001  -2.060374e-001  -1.287782e-001  0.000000e+000  
0.000000e+000  -7.863444e-005  -1.044288e-004  -6.893391e-005  0.000000e+000  -3.749429e-002  -7.254860e-002  -1.030337e-001  -1.641303e-001  -1.055258e-001  0.000000e+000  
0.000000e+000  -3.042355e-005  -4.026214e-005  -2.649650e-005  0.000000e+000  -2.776831e-002  -5.386992e-002  -7.683225e-002  -1.274146e-001  -8.402813e-002  0.000000e+000  
0.000000e+000  -9.033276e-006  -1.199930e-005  -7.866431e-006  0.000000e+000  -1.977933e-002  -3.846633e-002  -5.508456e-002  -9.479361e-002  -6.403553e-002  0.000000e+000  
0.000000e+000  0.000000e+000  0.000000e+000  0.000000e+000  0.000000e+000  0.000000e+000  0.000000e+000  0.000000e+000  0.000000e+000  0.000000e+000  0.000000e+000  

