Unknown:
D:\FINAL YEAR PROJECT\practice patch antenna\Result\3d.slm
D:\FINAL YEAR PROJECT\practice patch antenna\Result\adapt_Port1_e1.prt
D:\FINAL YEAR PROJECT\practice patch antenna\Result\adapt_Port1_h1.prt
D:\FINAL YEAR PROJECT\practice patch antenna\Result\bdensx.adt
D:\FINAL YEAR PROJECT\practice patch antenna\Result\bdensy.adt
D:\FINAL YEAR PROJECT\practice patch antenna\Result\bdensz.adt
D:\FINAL YEAR PROJECT\practice patch antenna\Result\e-field (f=2.4)_1,1.en
D:\FINAL YEAR PROJECT\practice patch antenna\Result\edensx.adt
D:\FINAL YEAR PROJECT\practice patch antenna\Result\edensy.adt
D:\FINAL YEAR PROJECT\practice patch antenna\Result\edensz.adt
D:\FINAL YEAR PROJECT\practice patch antenna\Result\farfield (f=2.4)_1.fme
D:\FINAL YEAR PROJECT\practice patch antenna\Result\h-field (f=2.4)_1,1.en
D:\FINAL YEAR PROJECT\practice patch antenna\Result\MCalc.ddi
D:\FINAL YEAR PROJECT\practice patch antenna\Result\MCalc.log
D:\FINAL YEAR PROJECT\practice patch antenna\Result\Model.axg
D:\FINAL YEAR PROJECT\practice patch antenna\Result\Model.ddi
D:\FINAL YEAR PROJECT\practice patch antenna\Result\Model.elg
D:\FINAL YEAR PROJECT\practice patch antenna\Result\Model.inf
D:\FINAL YEAR PROJECT\practice patch antenna\Result\Model.log
D:\FINAL YEAR PROJECT\practice patch antenna\Result\Model.mlg
D:\FINAL YEAR PROJECT\practice patch antenna\Result\Model.pmi
D:\FINAL YEAR PROJECT\practice patch antenna\Result\Model.sa
D:\FINAL YEAR PROJECT\practice patch antenna\Result\m^fb.dsc
D:\FINAL YEAR PROJECT\practice patch antenna\Result\m^fifx.dsc
D:\FINAL YEAR PROJECT\practice patch antenna\Result\m^fqq.dsc
D:\FINAL YEAR PROJECT\practice patch antenna\Result\m^ppex.dsc
D:\FINAL YEAR PROJECT\practice patch antenna\Result\Port1_1.m2d
D:\FINAL YEAR PROJECT\practice patch antenna\Result\Postprocessing.log
D:\FINAL YEAR PROJECT\practice patch antenna\Result\p^a.dsc
Mesh:
D:\FINAL YEAR PROJECT\practice patch antenna\Result\dA.mat
D:\FINAL YEAR PROJECT\practice patch antenna\Result\dad.mat
D:\FINAL YEAR PROJECT\practice patch antenna\Result\ds.mat
D:\FINAL YEAR PROJECT\practice patch antenna\Result\dsd.mat
D:\FINAL YEAR PROJECT\practice patch antenna\Result\dsMCalc.mat
D:\FINAL YEAR PROJECT\practice patch antenna\Result\Eps.mat
D:\FINAL YEAR PROJECT\practice patch antenna\Result\HexMatrix.m2h
D:\FINAL YEAR PROJECT\practice patch antenna\Result\HexMatrix_MCalc.m2h
D:\FINAL YEAR PROJECT\practice patch antenna\Result\Kappa.mat
D:\FINAL YEAR PROJECT\practice patch antenna\Result\MCalc.fmp
D:\FINAL YEAR PROJECT\practice patch antenna\Result\MCalc.xcfd
D:\FINAL YEAR PROJECT\practice patch antenna\Result\mesher_shapes.fsi
D:\FINAL YEAR PROJECT\practice patch antenna\Result\Meta.m2h
D:\FINAL YEAR PROJECT\practice patch antenna\Result\Meta.mat
D:\FINAL YEAR PROJECT\practice patch antenna\Result\Model.fmf
D:\FINAL YEAR PROJECT\practice patch antenna\Result\Model.fmm
D:\FINAL YEAR PROJECT\practice patch antenna\Result\Model.fpc
D:\FINAL YEAR PROJECT\practice patch antenna\Result\Model.fwf
D:\FINAL YEAR PROJECT\practice patch antenna\Result\Model.mss
D:\FINAL YEAR PROJECT\practice patch antenna\Result\Model.ntr
D:\FINAL YEAR PROJECT\practice patch antenna\Result\Model.sic
D:\FINAL YEAR PROJECT\practice patch antenna\Result\Model.spi
D:\FINAL YEAR PROJECT\practice patch antenna\Result\Model.xcfd
D:\FINAL YEAR PROJECT\practice patch antenna\Result\Model^PEC.fpf
D:\FINAL YEAR PROJECT\practice patch antenna\Result\Mue.mat
D:\FINAL YEAR PROJECT\practice patch antenna\Result\m^fqq.mem
D:\FINAL YEAR PROJECT\practice patch antenna\Result\p1.spi
D:\FINAL YEAR PROJECT\practice patch antenna\Result\PEC.mat
D:\FINAL YEAR PROJECT\practice patch antenna\Result\Port1.wgi
D:\FINAL YEAR PROJECT\practice patch antenna\Result\p^a.mem
D:\FINAL YEAR PROJECT\practice patch antenna\Result\p^m.mem
D:\FINAL YEAR PROJECT\practice patch antenna\Result\Rho.mat
D:\FINAL YEAR PROJECT\practice patch antenna\Result\S2HMatrix.m2h
D:\FINAL YEAR PROJECT\practice patch antenna\Result\s^pm.mem
