Port monitor named: Port1_e1.prt

nx        = 102
ny        = 87
nz        = 48

nu        = 6
nv        = 14
iu        = 23
iv        = 45

idir      = 1
dcut      = -3.500000e-002
icut      = 21
type      = 0
frequency = 2.500000e+009

fcutoff   = 0.000000e+000
alpha     = 0.000000e+000
beta      = 8.555717e+001
accuracy  = 1.856928e-013

type          = QTEM
wave imp.     = 2.307137e+002
wave imp.sig. = 2.842171e-014
line imp.     = 4.841464e+001

ref. port     = 0

0.000000e+000  0.000000e+000  0.000000e+000  0.000000e+000  0.000000e+000  0.000000e+000  
-1.249098e+002  -2.936336e+002  -1.701877e+002  -5.750146e+001  1.348114e+002  0.000000e+000  
-4.642221e+002  -7.171498e+002  -2.549717e+002  2.397213e+001  3.021181e+002  0.000000e+000  
-1.213574e+003  -9.942125e+002  -7.859618e+001  2.692039e+002  4.268793e+002  0.000000e+000  
-3.407055e+003  -7.464547e+002  5.776529e+002  7.547613e+002  5.658842e+002  0.000000e+000  
-9.604680e+003  4.195543e+003  2.204163e+003  1.455642e+003  6.891546e+002  0.000000e+000  
-1.358719e+004  4.841747e+003  2.738817e+003  1.741378e+003  7.387209e+002  0.000000e+000  
-1.358719e+004  4.841747e+003  2.738817e+003  1.741378e+003  7.387209e+002  0.000000e+000  
-9.604680e+003  4.195543e+003  2.204163e+003  1.455642e+003  6.891546e+002  0.000000e+000  
-3.407055e+003  -7.464547e+002  5.776529e+002  7.547613e+002  5.658842e+002  0.000000e+000  
-1.213574e+003  -9.942125e+002  -7.859618e+001  2.692039e+002  4.268793e+002  0.000000e+000  
-4.642221e+002  -7.171498e+002  -2.549717e+002  2.397213e+001  3.021181e+002  0.000000e+000  
-1.249098e+002  -2.936336e+002  -1.701877e+002  -5.750146e+001  1.348114e+002  0.000000e+000  
0.000000e+000  0.000000e+000  0.000000e+000  0.000000e+000  0.000000e+000  0.000000e+000  

0.000000e+000  -4.067716e+001  -1.564705e+002  -2.212061e+002  -2.394286e+002  0.000000e+000  
0.000000e+000  -1.705565e+002  -4.095793e+002  -4.523520e+002  -3.992029e+002  0.000000e+000  
0.000000e+000  -7.249790e+002  -1.017909e+003  -8.193654e+002  -5.472230e+002  0.000000e+000  
0.000000e+000  -2.137296e+003  -1.858666e+003  -1.138431e+003  -6.054891e+002  0.000000e+000  
0.000000e+000  -7.035334e+003  -3.075001e+003  -1.300582e+003  -5.346631e+002  0.000000e+000  
0.000000e+000  0.000000e+000  -1.465397e+003  -6.952710e+002  -2.833414e+002  0.000000e+000  
0.000000e+000  0.000000e+000  0.000000e+000  0.000000e+000  0.000000e+000  0.000000e+000  
0.000000e+000  0.000000e+000  1.465397e+003  6.952710e+002  2.833414e+002  0.000000e+000  
0.000000e+000  7.035334e+003  3.075001e+003  1.300582e+003  5.346631e+002  0.000000e+000  
0.000000e+000  2.137296e+003  1.858666e+003  1.138431e+003  6.054891e+002  0.000000e+000  
0.000000e+000  7.249790e+002  1.017909e+003  8.193654e+002  5.472230e+002  0.000000e+000  
0.000000e+000  1.705565e+002  4.095793e+002  4.523520e+002  3.992029e+002  0.000000e+000  
0.000000e+000  4.067716e+001  1.564705e+002  2.212061e+002  2.394286e+002  0.000000e+000  
0.000000e+000  0.000000e+000  0.000000e+000  0.000000e+000  0.000000e+000  0.000000e+000  

0.000000e+000  0.000000e+000  0.000000e+000  0.000000e+000  0.000000e+000  0.000000e+000  
0.000000e+000  0.000000e+000  0.000000e+000  0.000000e+000  0.000000e+000  0.000000e+000  
0.000000e+000  0.000000e+000  0.000000e+000  0.000000e+000  0.000000e+000  0.000000e+000  
0.000000e+000  0.000000e+000  0.000000e+000  0.000000e+000  0.000000e+000  0.000000e+000  
0.000000e+000  0.000000e+000  0.000000e+000  0.000000e+000  0.000000e+000  0.000000e+000  
0.000000e+000  0.000000e+000  0.000000e+000  0.000000e+000  0.000000e+000  0.000000e+000  
0.000000e+000  0.000000e+000  0.000000e+000  0.000000e+000  0.000000e+000  0.000000e+000  
0.000000e+000  0.000000e+000  0.000000e+000  0.000000e+000  0.000000e+000  0.000000e+000  
0.000000e+000  0.000000e+000  0.000000e+000  0.000000e+000  0.000000e+000  0.000000e+000  
0.000000e+000  0.000000e+000  0.000000e+000  0.000000e+000  0.000000e+000  0.000000e+000  
0.000000e+000  0.000000e+000  0.000000e+000  0.000000e+000  0.000000e+000  0.000000e+000  
0.000000e+000  0.000000e+000  0.000000e+000  0.000000e+000  0.000000e+000  0.000000e+000  
0.000000e+000  0.000000e+000  0.000000e+000  0.000000e+000  0.000000e+000  0.000000e+000  
0.000000e+000  0.000000e+000  0.000000e+000  0.000000e+000  0.000000e+000  0.000000e+000  

0.000000e+000  0.000000e+000  0.000000e+000  0.000000e+000  0.000000e+000  0.000000e+000  
0.000000e+000  0.000000e+000  0.000000e+000  0.000000e+000  0.000000e+000  0.000000e+000  
0.000000e+000  0.000000e+000  0.000000e+000  0.000000e+000  0.000000e+000  0.000000e+000  
0.000000e+000  0.000000e+000  0.000000e+000  0.000000e+000  0.000000e+000  0.000000e+000  
0.000000e+000  0.000000e+000  0.000000e+000  0.000000e+000  0.000000e+000  0.000000e+000  
0.000000e+000  0.000000e+000  0.000000e+000  0.000000e+000  0.000000e+000  0.000000e+000  
0.000000e+000  0.000000e+000  0.000000e+000  0.000000e+000  0.000000e+000  0.000000e+000  
0.000000e+000  0.000000e+000  0.000000e+000  0.000000e+000  0.000000e+000  0.000000e+000  
0.000000e+000  0.000000e+000  0.000000e+000  0.000000e+000  0.000000e+000  0.000000e+000  
0.000000e+000  0.000000e+000  0.000000e+000  0.000000e+000  0.000000e+000  0.000000e+000  
0.000000e+000  0.000000e+000  0.000000e+000  0.000000e+000  0.000000e+000  0.000000e+000  
0.000000e+000  0.000000e+000  0.000000e+000  0.000000e+000  0.000000e+000  0.000000e+000  
0.000000e+000  0.000000e+000  0.000000e+000  0.000000e+000  0.000000e+000  0.000000e+000  
0.000000e+000  0.000000e+000  0.000000e+000  0.000000e+000  0.000000e+000  0.000000e+000  

0.000000e+000  0.000000e+000  0.000000e+000  0.000000e+000  0.000000e+000  0.000000e+000  
0.000000e+000  0.000000e+000  0.000000e+000  0.000000e+000  0.000000e+000  0.000000e+000  
0.000000e+000  0.000000e+000  0.000000e+000  0.000000e+000  0.000000e+000  0.000000e+000  
0.000000e+000  0.000000e+000  0.000000e+000  0.000000e+000  0.000000e+000  0.000000e+000  
0.000000e+000  0.000000e+000  0.000000e+000  0.000000e+000  0.000000e+000  0.000000e+000  
0.000000e+000  0.000000e+000  0.000000e+000  0.000000e+000  0.000000e+000  0.000000e+000  
0.000000e+000  0.000000e+000  0.000000e+000  0.000000e+000  0.000000e+000  0.000000e+000  
0.000000e+000  0.000000e+000  0.000000e+000  0.000000e+000  0.000000e+000  0.000000e+000  
0.000000e+000  0.000000e+000  0.000000e+000  0.000000e+000  0.000000e+000  0.000000e+000  
0.000000e+000  0.000000e+000  0.000000e+000  0.000000e+000  0.000000e+000  0.000000e+000  
0.000000e+000  0.000000e+000  0.000000e+000  0.000000e+000  0.000000e+000  0.000000e+000  
0.000000e+000  0.000000e+000  0.000000e+000  0.000000e+000  0.000000e+000  0.000000e+000  
0.000000e+000  0.000000e+000  0.000000e+000  0.000000e+000  0.000000e+000  0.000000e+000  
0.000000e+000  0.000000e+000  0.000000e+000  0.000000e+000  0.000000e+000  0.000000e+000  

0.000000e+000  0.000000e+000  0.000000e+000  0.000000e+000  0.000000e+000  0.000000e+000  
0.000000e+000  -1.073344e+001  -9.675423e+000  -7.841734e+000  -5.897369e+000  0.000000e+000  
0.000000e+000  -2.558296e+001  -1.940229e+001  -1.389318e+001  -9.514568e+000  0.000000e+000  
0.000000e+000  -3.743712e+001  -2.382645e+001  -1.578464e+001  -1.050302e+001  0.000000e+000  
0.000000e+000  -4.507671e+001  -2.357268e+001  -1.536239e+001  -1.060937e+001  0.000000e+000  
0.000000e+000  0.000000e+000  -1.211087e+001  -1.203667e+001  -1.002404e+001  0.000000e+000  
0.000000e+000  0.000000e+000  -8.616877e+000  -1.061766e+001  -9.710470e+000  0.000000e+000  
0.000000e+000  0.000000e+000  -8.616877e+000  -1.061766e+001  -9.710470e+000  0.000000e+000  
0.000000e+000  0.000000e+000  -1.211087e+001  -1.203667e+001  -1.002404e+001  0.000000e+000  
0.000000e+000  -4.507671e+001  -2.357268e+001  -1.536239e+001  -1.060937e+001  0.000000e+000  
0.000000e+000  -3.743712e+001  -2.382645e+001  -1.578464e+001  -1.050302e+001  0.000000e+000  
0.000000e+000  -2.558296e+001  -1.940229e+001  -1.389318e+001  -9.514568e+000  0.000000e+000  
0.000000e+000  -1.073344e+001  -9.675423e+000  -7.841734e+000  -5.897369e+000  0.000000e+000  
0.000000e+000  0.000000e+000  0.000000e+000  0.000000e+000  0.000000e+000  0.000000e+000  

