Port monitor named: Port1_h1.prt

nx        = 102
ny        = 87
nz        = 48

nu        = 6
nv        = 14
iu        = 23
iv        = 45

idir      = 1
dcut      = -3.500000e-002
icut      = 21
type      = 1
frequency = 2.500000e+009

fcutoff   = 0.000000e+000
alpha     = 0.000000e+000
beta      = 8.555717e+001
accuracy  = 1.856928e-013

type          = QTEM
wave imp.     = 2.307137e+002
wave imp.sig. = 2.842171e-014
line imp.     = 4.841464e+001

ref. port     = 0

0.000000e+000  5.779723e-001  1.040271e+000  1.252240e+000  1.258463e+000  0.000000e+000  
0.000000e+000  1.514686e+000  2.283200e+000  2.276666e+000  1.919183e+000  0.000000e+000  
0.000000e+000  4.299300e+000  4.843801e+000  3.736045e+000  2.468344e+000  0.000000e+000  
0.000000e+000  1.000947e+001  8.031392e+000  4.893177e+000  2.634798e+000  0.000000e+000  
0.000000e+000  2.738287e+001  1.220954e+001  5.312620e+000  2.260303e+000  0.000000e+000  
0.000000e+000  0.000000e+000  5.901565e+000  2.830801e+000  1.187721e+000  0.000000e+000  
0.000000e+000  0.000000e+000  1.421251e-010  1.764517e-010  2.198119e-010  0.000000e+000  
0.000000e+000  0.000000e+000  -5.901565e+000  -2.830801e+000  -1.187721e+000  0.000000e+000  
0.000000e+000  -2.738287e+001  -1.220954e+001  -5.312620e+000  -2.260303e+000  0.000000e+000  
0.000000e+000  -1.000947e+001  -8.031392e+000  -4.893177e+000  -2.634798e+000  0.000000e+000  
0.000000e+000  -4.299300e+000  -4.843801e+000  -3.736045e+000  -2.468344e+000  0.000000e+000  
0.000000e+000  -1.514686e+000  -2.283200e+000  -2.276666e+000  -1.919183e+000  0.000000e+000  
0.000000e+000  -5.779723e-001  -1.040271e+000  -1.252240e+000  -1.258463e+000  0.000000e+000  
0.000000e+000  0.000000e+000  0.000000e+000  0.000000e+000  0.000000e+000  0.000000e+000  

0.000000e+000  0.000000e+000  0.000000e+000  0.000000e+000  0.000000e+000  0.000000e+000  
-1.611805e+000  -1.177779e+000  -5.731144e-001  -7.475848e-002  7.187554e-001  0.000000e+000  
-4.563389e+000  -2.553785e+000  -6.107923e-001  4.968125e-001  1.526380e+000  0.000000e+000  
-8.993526e+000  -3.087961e+000  3.809539e-001  1.640769e+000  2.089675e+000  0.000000e+000  
-1.926276e+001  -1.305786e+000  3.240503e+000  3.697925e+000  2.694598e+000  0.000000e+000  
-4.163030e+001  1.736581e+001  9.560331e+000  6.489899e+000  3.215556e+000  0.000000e+000  
-5.889199e+001  2.016162e+001  1.169153e+001  7.629197e+000  3.423248e+000  0.000000e+000  
-5.889199e+001  2.016162e+001  1.169153e+001  7.629197e+000  3.423248e+000  0.000000e+000  
-4.163030e+001  1.736581e+001  9.560331e+000  6.489899e+000  3.215556e+000  0.000000e+000  
-1.926276e+001  -1.305786e+000  3.240503e+000  3.697925e+000  2.694598e+000  0.000000e+000  
-8.993526e+000  -3.087961e+000  3.809539e-001  1.640769e+000  2.089675e+000  0.000000e+000  
-4.563389e+000  -2.553785e+000  -6.107923e-001  4.968125e-001  1.526380e+000  0.000000e+000  
-1.611805e+000  -1.177779e+000  -5.731144e-001  -7.475848e-002  7.187554e-001  0.000000e+000  
0.000000e+000  0.000000e+000  0.000000e+000  0.000000e+000  0.000000e+000  0.000000e+000  

0.000000e+000  0.000000e+000  0.000000e+000  0.000000e+000  0.000000e+000  0.000000e+000  
0.000000e+000  0.000000e+000  0.000000e+000  0.000000e+000  0.000000e+000  0.000000e+000  
0.000000e+000  0.000000e+000  0.000000e+000  0.000000e+000  0.000000e+000  0.000000e+000  
0.000000e+000  0.000000e+000  0.000000e+000  0.000000e+000  0.000000e+000  0.000000e+000  
0.000000e+000  0.000000e+000  0.000000e+000  0.000000e+000  0.000000e+000  0.000000e+000  
0.000000e+000  0.000000e+000  0.000000e+000  0.000000e+000  0.000000e+000  0.000000e+000  
0.000000e+000  0.000000e+000  0.000000e+000  0.000000e+000  0.000000e+000  0.000000e+000  
0.000000e+000  0.000000e+000  0.000000e+000  0.000000e+000  0.000000e+000  0.000000e+000  
0.000000e+000  0.000000e+000  0.000000e+000  0.000000e+000  0.000000e+000  0.000000e+000  
0.000000e+000  0.000000e+000  0.000000e+000  0.000000e+000  0.000000e+000  0.000000e+000  
0.000000e+000  0.000000e+000  0.000000e+000  0.000000e+000  0.000000e+000  0.000000e+000  
0.000000e+000  0.000000e+000  0.000000e+000  0.000000e+000  0.000000e+000  0.000000e+000  
0.000000e+000  0.000000e+000  0.000000e+000  0.000000e+000  0.000000e+000  0.000000e+000  
0.000000e+000  0.000000e+000  0.000000e+000  0.000000e+000  0.000000e+000  0.000000e+000  

0.000000e+000  0.000000e+000  0.000000e+000  0.000000e+000  0.000000e+000  0.000000e+000  
0.000000e+000  0.000000e+000  0.000000e+000  0.000000e+000  0.000000e+000  0.000000e+000  
0.000000e+000  0.000000e+000  0.000000e+000  0.000000e+000  0.000000e+000  0.000000e+000  
0.000000e+000  0.000000e+000  0.000000e+000  0.000000e+000  0.000000e+000  0.000000e+000  
0.000000e+000  0.000000e+000  0.000000e+000  0.000000e+000  0.000000e+000  0.000000e+000  
0.000000e+000  0.000000e+000  0.000000e+000  0.000000e+000  0.000000e+000  0.000000e+000  
0.000000e+000  0.000000e+000  0.000000e+000  0.000000e+000  0.000000e+000  0.000000e+000  
0.000000e+000  0.000000e+000  0.000000e+000  0.000000e+000  0.000000e+000  0.000000e+000  
0.000000e+000  0.000000e+000  0.000000e+000  0.000000e+000  0.000000e+000  0.000000e+000  
0.000000e+000  0.000000e+000  0.000000e+000  0.000000e+000  0.000000e+000  0.000000e+000  
0.000000e+000  0.000000e+000  0.000000e+000  0.000000e+000  0.000000e+000  0.000000e+000  
0.000000e+000  0.000000e+000  0.000000e+000  0.000000e+000  0.000000e+000  0.000000e+000  
0.000000e+000  0.000000e+000  0.000000e+000  0.000000e+000  0.000000e+000  0.000000e+000  
0.000000e+000  0.000000e+000  0.000000e+000  0.000000e+000  0.000000e+000  0.000000e+000  

0.000000e+000  0.000000e+000  0.000000e+000  0.000000e+000  0.000000e+000  0.000000e+000  
0.000000e+000  0.000000e+000  0.000000e+000  0.000000e+000  0.000000e+000  0.000000e+000  
0.000000e+000  0.000000e+000  0.000000e+000  0.000000e+000  0.000000e+000  0.000000e+000  
0.000000e+000  0.000000e+000  0.000000e+000  0.000000e+000  0.000000e+000  0.000000e+000  
0.000000e+000  0.000000e+000  0.000000e+000  0.000000e+000  0.000000e+000  0.000000e+000  
0.000000e+000  0.000000e+000  0.000000e+000  0.000000e+000  0.000000e+000  0.000000e+000  
0.000000e+000  0.000000e+000  0.000000e+000  0.000000e+000  0.000000e+000  0.000000e+000  
0.000000e+000  0.000000e+000  0.000000e+000  0.000000e+000  0.000000e+000  0.000000e+000  
0.000000e+000  0.000000e+000  0.000000e+000  0.000000e+000  0.000000e+000  0.000000e+000  
0.000000e+000  0.000000e+000  0.000000e+000  0.000000e+000  0.000000e+000  0.000000e+000  
0.000000e+000  0.000000e+000  0.000000e+000  0.000000e+000  0.000000e+000  0.000000e+000  
0.000000e+000  0.000000e+000  0.000000e+000  0.000000e+000  0.000000e+000  0.000000e+000  
0.000000e+000  0.000000e+000  0.000000e+000  0.000000e+000  0.000000e+000  0.000000e+000  
0.000000e+000  0.000000e+000  0.000000e+000  0.000000e+000  0.000000e+000  0.000000e+000  

6.177670e-001  5.977020e-001  5.597401e-001  5.166227e-001  4.129880e-001  -0.000000e+000  
7.097739e-001  6.673369e-001  5.892124e-001  5.147621e-001  3.633198e-001  -0.000000e+000  
8.379971e-001  7.557609e-001  6.017187e-001  4.855944e-001  2.973671e-001  -0.000000e+000  
9.412727e-001  8.211217e-001  5.791268e-001  4.321630e-001  2.353829e-001  -0.000000e+000  
9.653722e-001  8.252231e-001  4.769195e-001  3.224277e-001  1.565693e-001  -0.000000e+000  
5.304618e-001  4.136193e-001  2.436212e-001  1.614788e-001  7.478884e-002  -0.000000e+000  
-0.000000e+000  -0.000000e+000  -0.000000e+000  -0.000000e+000  -0.000000e+000  -0.000000e+000  
-5.304618e-001  -4.136193e-001  -2.436212e-001  -1.614788e-001  -7.478884e-002  -0.000000e+000  
-9.653722e-001  -8.252231e-001  -4.769195e-001  -3.224277e-001  -1.565693e-001  -0.000000e+000  
-9.412727e-001  -8.211217e-001  -5.791268e-001  -4.321630e-001  -2.353829e-001  -0.000000e+000  
-8.379971e-001  -7.557609e-001  -6.017187e-001  -4.855944e-001  -2.973671e-001  -0.000000e+000  
-7.097739e-001  -6.673369e-001  -5.892124e-001  -5.147621e-001  -3.633198e-001  -0.000000e+000  
-6.177670e-001  -5.977020e-001  -5.597401e-001  -5.166227e-001  -4.129880e-001  -0.000000e+000  
-0.000000e+000  -0.000000e+000  -0.000000e+000  -0.000000e+000  -0.000000e+000  -0.000000e+000  

