Port monitor named: Port1_h1.prt

nx        = 139
ny        = 125
nz        = 98

nu        = 18
nv        = 47
iu        = 42
iv        = 47

idir      = 1
dcut      = -1.500000e-002
icut      = 40
type      = 1
frequency = 5.500000e+009

fcutoff   = 0.000000e+000
alpha     = 0.000000e+000
beta      = 2.135565e+002
accuracy  = 6.545997e-012

type          = QTEM
wave imp.     = 2.142932e+002
wave imp.sig. = 8.179192e-009
line imp.     = 4.811516e+001

ref. port     = 0

-0.000000e+000  1.648415e-002  3.283464e-002  4.891946e-002  6.678704e-002  8.187636e-002  9.631326e-002  1.099886e-001  1.243721e-001  1.379042e-001  1.505099e-001  1.983545e-001  2.192371e-001  2.056182e-001  1.682986e-001  1.173808e-001  5.991254e-002  -0.000000e+000  
-0.000000e+000  1.835008e-002  3.654310e-002  5.442410e-002  7.425730e-002  9.097139e-002  1.069226e-001  1.219853e-001  1.377657e-001  1.525403e-001  1.662253e-001  2.169246e-001  2.363830e-001  2.187447e-001  1.770633e-001  1.224927e-001  6.221489e-002  -0.000000e+000  
-0.000000e+000  2.218227e-002  4.415694e-002  6.571960e-002  8.957285e-002  1.095994e-001  1.286258e-001  1.464917e-001  1.650760e-001  1.823230e-001  1.981312e-001  2.540494e-001  2.699171e-001  2.438891e-001  1.935509e-001  1.319707e-001  6.644280e-002  -0.000000e+000  
-0.000000e+000  2.606152e-002  5.186045e-002  7.713869e-002  1.050354e-001  1.283776e-001  1.504638e-001  1.710971e-001  1.924207e-001  2.120497e-001  2.298663e-001  2.901101e-001  3.014279e-001  2.667918e-001  2.081672e-001  1.401925e-001  7.005717e-002  -0.000000e+000  
-0.000000e+000  2.822814e-002  5.616205e-002  8.351268e-002  1.136612e-001  1.388459e-001  1.626278e-001  1.847893e-001  2.076185e-001  2.285483e-001  2.474522e-001  3.098819e-001  3.184592e-001  2.790089e-001  2.158768e-001  1.444903e-001  7.193514e-002  -0.000000e+000  
-0.000000e+000  3.072547e-002  6.111900e-002  9.085482e-002  1.235909e-001  1.508876e-001  1.766075e-001  2.005090e-001  2.250433e-001  2.474359e-001  2.675508e-001  3.322189e-001  3.374033e-001  2.924056e-001  2.242273e-001  1.490996e-001  7.393576e-002  -0.000000e+000  
-0.000000e+000  3.360907e-002  6.684118e-002  9.932674e-002  1.350404e-001  1.647614e-001  1.926987e-001  2.185824e-001  2.450480e-001  2.690842e-001  2.905450e-001  3.574525e-001  3.584455e-001  3.070573e-001  2.332386e-001  1.540199e-001  7.605564e-002  -0.000000e+000  
-0.000000e+000  3.693799e-002  7.344516e-002  1.090995e-001  1.482379e-001  1.807392e-001  2.112103e-001  2.393485e-001  2.679964e-001  2.938731e-001  3.168223e-001  3.858877e-001  3.817226e-001  3.229930e-001  2.428966e-001  1.592307e-001  7.828217e-002  -0.000000e+000  
-0.000000e+000  4.076276e-002  8.103046e-002  1.203187e-001  1.633759e-001  1.990487e-001  2.323988e-001  2.630851e-001  2.941816e-001  3.221026e-001  3.466811e-001  4.177044e-001  4.072497e-001  3.401518e-001  2.531315e-001  1.646807e-001  8.058983e-002  -0.000000e+000  
-0.000000e+000  5.022332e-002  9.978627e-002  1.480440e-001  2.007515e-001  2.442074e-001  2.845920e-001  3.214680e-001  3.584645e-001  3.912543e-001  4.196489e-001  4.941504e-001  4.672621e-001  3.797004e-001  2.763169e-001  1.768511e-001  8.569138e-002  -0.000000e+000  
-0.000000e+000  7.437717e-002  1.476142e-001  2.186025e-001  2.955601e-001  3.583311e-001  4.158948e-001  4.675601e-001  5.182173e-001  5.617713e-001  5.980214e-001  6.696441e-001  5.943645e-001  4.574473e-001  3.189422e-001  1.979712e-001  9.417854e-002  -0.000000e+000  
-0.000000e+000  1.177509e-001  2.333526e-001  3.447237e-001  4.642297e-001  5.602528e-001  6.466540e-001  7.222721e-001  7.938854e-001  8.525786e-001  8.982838e-001  9.376310e-001  7.668277e-001  5.520623e-001  3.658119e-001  2.191120e-001  1.020590e-001  -0.000000e+000  
-0.000000e+000  1.951738e-001  3.860987e-001  5.686582e-001  7.620079e-001  9.142751e-001  1.047681e+000  1.160172e+000  1.261069e+000  1.337358e+000  1.389757e+000  1.318882e+000  9.759702e-001  6.508009e-001  4.077637e-001  2.351010e-001  1.071008e-001  -0.000000e+000  
-0.000000e+000  3.402887e-001  6.720990e-001  9.870537e-001  1.315876e+000  1.568297e+000  1.781047e+000  1.949751e+000  2.086346e+000  2.172794e+000  2.213776e+000  1.839452e+000  1.204502e+000  7.364317e-001  4.344976e-001  2.408022e-001  1.072511e-001  -0.000000e+000  
-0.000000e+000  6.209714e-001  1.227661e+000  1.804617e+000  2.405144e+000  2.856880e+000  3.218553e+000  3.473408e+000  3.628487e+000  3.665675e+000  3.613132e+000  2.483413e+000  1.403266e+000  7.801202e-001  4.327010e-001  2.306331e-001  1.005137e-001  -0.000000e+000  
-0.000000e+000  1.103992e+000  2.206530e+000  3.299012e+000  4.503011e+000  5.455730e+000  6.216227e+000  6.655527e+000  6.661531e+000  6.300156e+000  5.772222e+000  3.049761e+000  1.466741e+000  7.443329e-001  3.907974e-001  2.014928e-001  8.623988e-002  -0.000000e+000  
-0.000000e+000  1.408661e+000  2.885547e+000  4.502545e+000  6.602163e+000  8.690667e+000  1.080746e+001  1.219617e+001  1.117942e+001  9.171299e+000  7.235740e+000  3.079871e+000  1.358476e+000  6.606914e-001  3.383707e-001  1.718876e-001  7.298076e-002  -0.000000e+000  
-0.000000e+000  1.466289e+000  3.028682e+000  4.804727e+000  7.291136e+000  1.015293e+001  1.381725e+001  1.742221e+001  1.426966e+001  1.045252e+001  7.569969e+000  3.001375e+000  1.282754e+000  6.128245e-001  3.104004e-001  1.566156e-001  6.625219e-002  -0.000000e+000  
-0.000000e+000  1.406069e+000  2.909997e+000  4.645334e+000  7.200347e+000  1.063267e+001  1.688883e+001  3.005057e+001  1.803759e+001  1.084090e+001  7.275463e+000  2.815240e+000  1.180777e+000  5.560786e-001  2.789623e-001  1.399117e-001  5.899244e-002  -0.000000e+000  
-0.000000e+000  1.225916e+000  2.508018e+000  3.910039e+000  5.750611e+000  7.673895e+000  9.806585e+000  -0.000000e+000  9.031185e+000  7.701576e+000  6.120244e+000  2.522496e+000  1.053414e+000  4.908902e-001  2.442853e-001  1.218883e-001  5.124732e-002  -0.000000e+000  
-0.000000e+000  9.765983e-001  1.958502e+000  2.931919e+000  3.944969e+000  4.455083e+000  3.851166e+000  -0.000000e+000  3.816396e+000  4.823507e+000  4.696397e+000  2.148783e+000  9.032513e-001  4.180004e-001  2.066818e-001  1.026852e-001  4.307112e-002  -0.000000e+000  
-0.000000e+000  7.201079e-001  1.417837e+000  2.048518e+000  2.565283e+000  2.586254e+000  1.837572e+000  -0.000000e+000  1.962526e+000  3.063429e+000  3.408955e+000  1.724601e+000  7.340027e-001  3.384166e-001  1.665401e-001  8.246646e-002  3.452580e-002  -0.000000e+000  
-0.000000e+000  2.240110e-001  4.243648e-001  5.737315e-001  6.414702e-001  5.664034e-001  3.435015e-001  -0.000000e+000  4.616704e-001  8.708823e-001  1.130480e+000  7.491241e-001  3.365669e-001  1.548280e-001  7.540451e-002  3.703604e-002  1.543353e-002  -0.000000e+000  
-0.000000e+000  -2.240110e-001  -4.243648e-001  -5.737315e-001  -6.414702e-001  -5.664034e-001  -3.435015e-001  -0.000000e+000  -4.616704e-001  -8.708823e-001  -1.130480e+000  -7.491241e-001  -3.365669e-001  -1.548280e-001  -7.540451e-002  -3.703604e-002  -1.543353e-002  -0.000000e+000  
-0.000000e+000  -7.201079e-001  -1.417837e+000  -2.048518e+000  -2.565283e+000  -2.586254e+000  -1.837572e+000  -0.000000e+000  -1.962526e+000  -3.063429e+000  -3.408955e+000  -1.724601e+000  -7.340027e-001  -3.384165e-001  -1.665401e-001  -8.246646e-002  -3.452580e-002  -0.000000e+000  
-0.000000e+000  -9.765983e-001  -1.958502e+000  -2.931919e+000  -3.944969e+000  -4.455083e+000  -3.851166e+000  -0.000000e+000  -3.816396e+000  -4.823507e+000  -4.696397e+000  -2.148783e+000  -9.032513e-001  -4.180004e-001  -2.066818e-001  -1.026852e-001  -4.307112e-002  -0.000000e+000  
-0.000000e+000  -1.225916e+000  -2.508018e+000  -3.910039e+000  -5.750611e+000  -7.673895e+000  -9.806585e+000  -0.000000e+000  -9.031185e+000  -7.701576e+000  -6.120244e+000  -2.522496e+000  -1.053414e+000  -4.908902e-001  -2.442853e-001  -1.218883e-001  -5.124732e-002  -0.000000e+000  
-0.000000e+000  -1.406069e+000  -2.909997e+000  -4.645334e+000  -7.200347e+000  -1.063267e+001  -1.688883e+001  -3.005057e+001  -1.803759e+001  -1.084090e+001  -7.275463e+000  -2.815240e+000  -1.180777e+000  -5.560786e-001  -2.789623e-001  -1.399117e-001  -5.899244e-002  -0.000000e+000  
-0.000000e+000  -1.466289e+000  -3.028682e+000  -4.804727e+000  -7.291136e+000  -1.015293e+001  -1.381725e+001  -1.742221e+001  -1.426966e+001  -1.045252e+001  -7.569969e+000  -3.001375e+000  -1.282754e+000  -6.128245e-001  -3.104004e-001  -1.566156e-001  -6.625219e-002  -0.000000e+000  
-0.000000e+000  -1.408661e+000  -2.885547e+000  -4.502545e+000  -6.602163e+000  -8.690667e+000  -1.080746e+001  -1.219617e+001  -1.117942e+001  -9.171299e+000  -7.235740e+000  -3.079871e+000  -1.358476e+000  -6.606914e-001  -3.383707e-001  -1.718876e-001  -7.298076e-002  -0.000000e+000  
-0.000000e+000  -1.103992e+000  -2.206530e+000  -3.299012e+000  -4.503011e+000  -5.455730e+000  -6.216227e+000  -6.655527e+000  -6.661531e+000  -6.300156e+000  -5.772222e+000  -3.049761e+000  -1.466741e+000  -7.443329e-001  -3.907974e-001  -2.014928e-001  -8.623988e-002  -0.000000e+000  
-0.000000e+000  -6.209714e-001  -1.227661e+000  -1.804617e+000  -2.405144e+000  -2.856880e+000  -3.218553e+000  -3.473408e+000  -3.628487e+000  -3.665675e+000  -3.613132e+000  -2.483413e+000  -1.403266e+000  -7.801202e-001  -4.327010e-001  -2.306331e-001  -1.005137e-001  -0.000000e+000  
-0.000000e+000  -3.402887e-001  -6.720990e-001  -9.870537e-001  -1.315876e+000  -1.568297e+000  -1.781047e+000  -1.949751e+000  -2.086346e+000  -2.172794e+000  -2.213776e+000  -1.839452e+000  -1.204502e+000  -7.364317e-001  -4.344976e-001  -2.408022e-001  -1.072511e-001  -0.000000e+000  
-0.000000e+000  -1.951738e-001  -3.860987e-001  -5.686582e-001  -7.620079e-001  -9.142751e-001  -1.047681e+000  -1.160172e+000  -1.261069e+000  -1.337358e+000  -1.389757e+000  -1.318882e+000  -9.759702e-001  -6.508009e-001  -4.077637e-001  -2.351010e-001  -1.071008e-001  -0.000000e+000  
-0.000000e+000  -1.177509e-001  -2.333526e-001  -3.447237e-001  -4.642297e-001  -5.602528e-001  -6.466540e-001  -7.222721e-001  -7.938854e-001  -8.525786e-001  -8.982838e-001  -9.376310e-001  -7.668277e-001  -5.520623e-001  -3.658119e-001  -2.191120e-001  -1.020590e-001  -0.000000e+000  
-0.000000e+000  -7.437717e-002  -1.476142e-001  -2.186025e-001  -2.955601e-001  -3.583311e-001  -4.158948e-001  -4.675601e-001  -5.182173e-001  -5.617713e-001  -5.980214e-001  -6.696441e-001  -5.943645e-001  -4.574473e-001  -3.189422e-001  -1.979712e-001  -9.417854e-002  -0.000000e+000  
-0.000000e+000  -5.022332e-002  -9.978627e-002  -1.480440e-001  -2.007515e-001  -2.442074e-001  -2.845920e-001  -3.214680e-001  -3.584645e-001  -3.912543e-001  -4.196489e-001  -4.941504e-001  -4.672621e-001  -3.797004e-001  -2.763169e-001  -1.768511e-001  -8.569138e-002  -0.000000e+000  
-0.000000e+000  -4.076276e-002  -8.103046e-002  -1.203187e-001  -1.633759e-001  -1.990487e-001  -2.323988e-001  -2.630851e-001  -2.941816e-001  -3.221026e-001  -3.466811e-001  -4.177044e-001  -4.072497e-001  -3.401518e-001  -2.531315e-001  -1.646807e-001  -8.058983e-002  -0.000000e+000  
-0.000000e+000  -3.693799e-002  -7.344516e-002  -1.090995e-001  -1.482379e-001  -1.807392e-001  -2.112103e-001  -2.393485e-001  -2.679964e-001  -2.938731e-001  -3.168223e-001  -3.858877e-001  -3.817226e-001  -3.229930e-001  -2.428966e-001  -1.592307e-001  -7.828217e-002  -0.000000e+000  
-0.000000e+000  -3.360907e-002  -6.684118e-002  -9.932674e-002  -1.350404e-001  -1.647614e-001  -1.926987e-001  -2.185824e-001  -2.450480e-001  -2.690842e-001  -2.905450e-001  -3.574525e-001  -3.584455e-001  -3.070573e-001  -2.332386e-001  -1.540200e-001  -7.605564e-002  -0.000000e+000  
-0.000000e+000  -3.072547e-002  -6.111900e-002  -9.085482e-002  -1.235909e-001  -1.508876e-001  -1.766075e-001  -2.005090e-001  -2.250433e-001  -2.474359e-001  -2.675508e-001  -3.322189e-001  -3.374033e-001  -2.924056e-001  -2.242273e-001  -1.490996e-001  -7.393576e-002  -0.000000e+000  
-0.000000e+000  -2.822815e-002  -5.616204e-002  -8.351268e-002  -1.136612e-001  -1.388459e-001  -1.626278e-001  -1.847893e-001  -2.076185e-001  -2.285483e-001  -2.474522e-001  -3.098819e-001  -3.184592e-001  -2.790089e-001  -2.158768e-001  -1.444903e-001  -7.193514e-002  -0.000000e+000  
-0.000000e+000  -2.606152e-002  -5.186045e-002  -7.713869e-002  -1.050354e-001  -1.283776e-001  -1.504638e-001  -1.710971e-001  -1.924207e-001  -2.120497e-001  -2.298663e-001  -2.901101e-001  -3.014279e-001  -2.667918e-001  -2.081672e-001  -1.401925e-001  -7.005717e-002  -0.000000e+000  
-0.000000e+000  -2.218227e-002  -4.415694e-002  -6.571960e-002  -8.957285e-002  -1.095994e-001  -1.286258e-001  -1.464917e-001  -1.650760e-001  -1.823230e-001  -1.981312e-001  -2.540494e-001  -2.699171e-001  -2.438891e-001  -1.935509e-001  -1.319707e-001  -6.644280e-002  -0.000000e+000  
-0.000000e+000  -1.835008e-002  -3.654310e-002  -5.442410e-002  -7.425730e-002  -9.097139e-002  -1.069226e-001  -1.219853e-001  -1.377657e-001  -1.525403e-001  -1.662253e-001  -2.169246e-001  -2.363830e-001  -2.187447e-001  -1.770633e-001  -1.224927e-001  -6.221489e-002  -0.000000e+000  
-0.000000e+000  -1.648415e-002  -3.283464e-002  -4.891946e-002  -6.678704e-002  -8.187636e-002  -9.631326e-002  -1.099886e-001  -1.243721e-001  -1.379042e-001  -1.505099e-001  -1.983545e-001  -2.192371e-001  -2.056182e-001  -1.682986e-001  -1.173808e-001  -5.991254e-002  -0.000000e+000  
-0.000000e+000  -0.000000e+000  -0.000000e+000  -0.000000e+000  -0.000000e+000  -0.000000e+000  -0.000000e+000  -0.000000e+000  -0.000000e+000  -0.000000e+000  -0.000000e+000  -0.000000e+000  -0.000000e+000  -0.000000e+000  -0.000000e+000  -0.000000e+000  -0.000000e+000  -0.000000e+000  

-0.000000e+000  -0.000000e+000  -0.000000e+000  -0.000000e+000  -0.000000e+000  -0.000000e+000  -0.000000e+000  -0.000000e+000  -0.000000e+000  -0.000000e+000  -0.000000e+000  -0.000000e+000  -0.000000e+000  -0.000000e+000  -0.000000e+000  -0.000000e+000  -0.000000e+000  -0.000000e+000  
-1.686937e-001  -1.678516e-001  -1.661749e-001  -1.635030e-001  -1.598594e-001  -1.556918e-001  -1.507969e-001  -1.459666e-001  -1.414963e-001  -1.366817e-001  -1.214696e-001  -8.955140e-002  -5.778978e-002  -3.355150e-002  -1.733249e-002  -7.828092e-003  -3.527444e-003  -0.000000e+000  
-3.485438e-001  -3.467528e-001  -3.431878e-001  -3.375091e-001  -3.297706e-001  -3.209260e-001  -3.105474e-001  -3.002500e-001  -2.906438e-001  -2.803113e-001  -2.477189e-001  -1.802323e-001  -1.144286e-001  -6.518883e-002  -3.279852e-002  -1.407235e-002  -5.673820e-003  -0.000000e+000  
-5.273825e-001  -5.245523e-001  -5.189210e-001  -5.099569e-001  -4.977539e-001  -4.838234e-001  -4.675002e-001  -4.511787e-001  -4.357832e-001  -4.192582e-001  -3.672687e-001  -2.618193e-001  -1.621296e-001  -8.970056e-002  -4.325784e-002  -1.694495e-002  -5.300432e-003  -0.000000e+000  
-5.904650e-001  -5.872365e-001  -5.808139e-001  -5.705932e-001  -5.566862e-001  -5.408190e-001  -5.222387e-001  -5.036013e-001  -4.859434e-001  -4.670084e-001  -4.075081e-001  -2.879500e-001  -1.764280e-001  -9.640405e-002  -4.563284e-002  -1.710664e-002  -4.552008e-003  -0.000000e+000  
-6.569701e-001  -6.533047e-001  -6.460143e-001  -6.344163e-001  -6.186436e-001  -6.006584e-001  -5.796128e-001  -5.584322e-001  -5.382720e-001  -5.166769e-001  -4.489070e-001  -3.141222e-001  -1.902185e-001  -1.025051e-001  -4.749612e-002  -1.687058e-002  -3.473697e-003  -0.000000e+000  
-7.273709e-001  -7.232229e-001  -7.149746e-001  -7.018572e-001  -6.840285e-001  -6.637121e-001  -6.399573e-001  -6.159664e-001  -5.930219e-001  -5.684736e-001  -4.915474e-001  -3.402716e-001  -2.034013e-001  -1.079225e-001  -4.879359e-002  -1.620240e-002  -2.040685e-003  -0.000000e+000  
-8.028581e-001  -7.981689e-001  -7.888467e-001  -7.740274e-001  -7.538985e-001  -7.309775e-001  -7.042008e-001  -6.770581e-001  -6.509699e-001  -6.230954e-001  -5.358868e-001  -3.665373e-001  -2.159660e-001  -1.126051e-001  -4.947279e-002  -1.505659e-002  -2.122587e-004  -0.000000e+000  
-8.834435e-001  -8.781487e-001  -8.676251e-001  -8.509035e-001  -8.282066e-001  -8.023823e-001  -7.722431e-001  -7.415746e-001  -7.119469e-001  -6.803376e-001  -5.816212e-001  -3.925783e-001  -2.276606e-001  -1.164056e-001  -4.946134e-002  -1.340326e-002  2.023183e-003  -0.000000e+000  
-9.698030e-001  -9.638262e-001  -9.519508e-001  -9.330902e-001  -9.075100e-001  -8.784312e-001  -8.445299e-001  -8.098964e-001  -7.762640e-001  -7.404418e-001  -6.287895e-001  -4.182491e-001  -2.383311e-001  -1.192192e-001  -4.869964e-002  -1.121007e-002  4.686024e-003  -0.000000e+000  
-1.301659e+000  -1.292786e+000  -1.275176e+000  -1.247259e+000  -1.209505e+000  -1.166729e+000  -1.117058e+000  -1.065649e+000  -1.014892e+000  -9.611645e-001  -7.949343e-001  -4.991425e-001  -2.650622e-001  -1.207032e-001  -4.041837e-002  9.460242e-005  1.665335e-002  -0.000000e+000  
-1.796288e+000  -1.782180e+000  -1.754224e+000  -1.710026e+000  -1.650520e+000  -1.583443e+000  -1.506033e+000  -1.424719e+000  -1.343013e+000  -1.257382e+000  -9.954822e-001  -5.703083e-001  -2.699150e-001  -1.028635e-001  -1.824309e-002  2.109043e-002  3.620275e-002  -0.000000e+000  
-2.504133e+000  -2.480660e+000  -2.434240e+000  -2.361105e+000  -2.263205e+000  -2.153604e+000  -2.028203e+000  -1.894698e+000  -1.758639e+000  -1.618128e+000  -1.195559e+000  -5.958024e-001  -2.325622e-001  -5.723031e-002  2.021963e-002  5.161794e-002  6.231220e-002  -0.000000e+000  
-3.571599e+000  -3.530351e+000  -3.448895e+000  -3.320908e+000  -3.150486e+000  -2.961117e+000  -2.746743e+000  -2.516269e+000  -2.279777e+000  -2.041118e+000  -1.341893e+000  -5.289137e-001  -1.318006e-001  2.313266e-002  7.627612e-002  9.118653e-002  9.403990e-002  -0.000000e+000  
-5.279345e+000  -5.203664e+000  -5.053699e+000  -4.816992e+000  -4.500430e+000  -4.148748e+000  -3.753438e+000  -3.325827e+000  -2.890147e+000  -2.469019e+000  -1.294861e+000  -2.941028e-001  5.515018e-002  1.418104e-001  1.485217e-001  1.376462e-001  1.293258e-001  -0.000000e+000  
-8.174654e+000  -8.042404e+000  -7.774466e+000  -7.336725e+000  -6.722100e+000  -6.009852e+000  -5.185600e+000  -4.276901e+000  -3.385486e+000  -2.611065e+000  -7.199160e-001  2.086089e-001  3.408232e-001  2.938704e-001  2.312315e-001  1.868207e-001  1.649701e-001  -0.000000e+000  
-1.256105e+001  -1.242724e+001  -1.213009e+001  -1.156909e+001  -1.059614e+001  -9.201015e+000  -7.225462e+000  -4.723851e+000  -2.589750e+000  -1.231252e+000  8.394313e-001  9.448134e-001  6.622320e-001  4.422948e-001  3.051184e-001  2.281618e-001  1.938683e-001  -0.000000e+000  
-1.421825e+001  -1.416136e+001  -1.402218e+001  -1.371349e+001  -1.302269e+001  -1.166961e+001  -8.904948e+000  -3.863372e+000  -7.284330e-001  5.753521e-001  1.602154e+000  1.195117e+000  7.586102e-001  4.842007e-001  3.252164e-001  2.391209e-001  2.014107e-001  -0.000000e+000  
-1.593398e+001  -1.598488e+001  -1.608508e+001  -1.622784e+001  -1.629931e+001  -1.584441e+001  -1.303309e+001  -8.968563e-001  2.921201e+000  3.320230e+000  2.450818e+000  1.447548e+000  8.520346e-001  5.238930e-001  3.439548e-001  2.492232e-001  2.083150e-001  -0.000000e+000  
-1.757599e+001  -1.773660e+001  -1.809570e+001  -1.880103e+001  -2.019755e+001  -2.287018e+001  -2.928503e+001  1.902509e+001  9.918322e+000  6.747146e+000  3.282933e+000  1.689083e+000  9.398000e-001  5.605502e-001  3.610325e-001  2.583395e-001  2.145071e-001  -0.000000e+000  
-1.900972e+001  -1.923388e+001  -1.972850e+001  -2.067244e+001  -2.241878e+001  -2.533252e+001  -3.073107e+001  1.640682e+001  1.113367e+001  8.225400e+000  3.949431e+000  1.906694e+000  1.019258e+000  5.933779e-001  3.761638e-001  2.663493e-001  2.199188e-001  -0.000000e+000  
-2.015698e+001  -2.038829e+001  -2.087617e+001  -2.173020e+001  -2.306566e+001  -2.475747e+001  -2.658201e+001  1.193383e+001  1.005974e+001  8.281565e+000  4.414074e+000  2.091149e+000  1.088059e+000  6.216485e-001  3.890889e-001  2.731444e-001  2.244896e-001  -0.000000e+000  
-2.100822e+001  -2.121583e+001  -2.163170e+001  -2.229282e+001  -2.315578e+001  -2.400273e+001  -2.462954e+001  9.614416e+000  8.911895e+000  7.886085e+000  4.714982e+000  2.237582e+000  1.144274e+000  6.447264e-001  3.995805e-001  2.786312e-001  2.281677e-001  -0.000000e+000  
-2.191405e+001  -2.203616e+001  -2.226752e+001  -2.260238e+001  -2.297688e+001  -2.328587e+001  -2.347331e+001  7.773370e+000  7.492383e+000  6.962458e+000  4.915544e+000  2.437686e+000  1.230218e+000  6.803848e-001  4.156158e-001  2.869127e-001  2.336718e-001  -0.000000e+000  
-2.100822e+001  -2.121583e+001  -2.163170e+001  -2.229282e+001  -2.315578e+001  -2.400273e+001  -2.462954e+001  9.614416e+000  8.911895e+000  7.886085e+000  4.714982e+000  2.237582e+000  1.144274e+000  6.447264e-001  3.995805e-001  2.786312e-001  2.281677e-001  -0.000000e+000  
-2.015698e+001  -2.038829e+001  -2.087617e+001  -2.173020e+001  -2.306566e+001  -2.475747e+001  -2.658201e+001  1.193383e+001  1.005974e+001  8.281565e+000  4.414074e+000  2.091149e+000  1.088059e+000  6.216485e-001  3.890889e-001  2.731444e-001  2.244896e-001  -0.000000e+000  
-1.900972e+001  -1.923388e+001  -1.972850e+001  -2.067244e+001  -2.241878e+001  -2.533252e+001  -3.073107e+001  1.640682e+001  1.113367e+001  8.225400e+000  3.949431e+000  1.906694e+000  1.019258e+000  5.933779e-001  3.761638e-001  2.663493e-001  2.199188e-001  -0.000000e+000  
-1.757599e+001  -1.773660e+001  -1.809570e+001  -1.880103e+001  -2.019755e+001  -2.287018e+001  -2.928503e+001  1.902509e+001  9.918322e+000  6.747146e+000  3.282933e+000  1.689083e+000  9.398000e-001  5.605502e-001  3.610325e-001  2.583395e-001  2.145071e-001  -0.000000e+000  
-1.593398e+001  -1.598488e+001  -1.608508e+001  -1.622784e+001  -1.629931e+001  -1.584441e+001  -1.303309e+001  -8.968563e-001  2.921201e+000  3.320230e+000  2.450818e+000  1.447548e+000  8.520346e-001  5.238930e-001  3.439548e-001  2.492232e-001  2.083150e-001  -0.000000e+000  
-1.421825e+001  -1.416136e+001  -1.402218e+001  -1.371349e+001  -1.302269e+001  -1.166961e+001  -8.904948e+000  -3.863372e+000  -7.284330e-001  5.753521e-001  1.602154e+000  1.195117e+000  7.586102e-001  4.842007e-001  3.252164e-001  2.391209e-001  2.014107e-001  -0.000000e+000  
-1.256105e+001  -1.242724e+001  -1.213009e+001  -1.156909e+001  -1.059614e+001  -9.201015e+000  -7.225462e+000  -4.723851e+000  -2.589750e+000  -1.231252e+000  8.394313e-001  9.448134e-001  6.622320e-001  4.422948e-001  3.051184e-001  2.281618e-001  1.938683e-001  -0.000000e+000  
-8.174654e+000  -8.042404e+000  -7.774466e+000  -7.336725e+000  -6.722100e+000  -6.009852e+000  -5.185600e+000  -4.276901e+000  -3.385486e+000  -2.611065e+000  -7.199160e-001  2.086089e-001  3.408232e-001  2.938704e-001  2.312315e-001  1.868207e-001  1.649701e-001  -0.000000e+000  
-5.279345e+000  -5.203664e+000  -5.053699e+000  -4.816992e+000  -4.500430e+000  -4.148748e+000  -3.753438e+000  -3.325827e+000  -2.890147e+000  -2.469019e+000  -1.294861e+000  -2.941028e-001  5.515018e-002  1.418104e-001  1.485217e-001  1.376462e-001  1.293258e-001  -0.000000e+000  
-3.571599e+000  -3.530351e+000  -3.448895e+000  -3.320908e+000  -3.150486e+000  -2.961117e+000  -2.746743e+000  -2.516269e+000  -2.279777e+000  -2.041118e+000  -1.341893e+000  -5.289137e-001  -1.318006e-001  2.313266e-002  7.627612e-002  9.118653e-002  9.403990e-002  -0.000000e+000  
-2.504133e+000  -2.480660e+000  -2.434240e+000  -2.361105e+000  -2.263205e+000  -2.153604e+000  -2.028203e+000  -1.894698e+000  -1.758639e+000  -1.618128e+000  -1.195559e+000  -5.958024e-001  -2.325622e-001  -5.723031e-002  2.021963e-002  5.161794e-002  6.231220e-002  -0.000000e+000  
-1.796288e+000  -1.782180e+000  -1.754224e+000  -1.710026e+000  -1.650520e+000  -1.583443e+000  -1.506033e+000  -1.424719e+000  -1.343013e+000  -1.257382e+000  -9.954822e-001  -5.703083e-001  -2.699150e-001  -1.028635e-001  -1.824309e-002  2.109043e-002  3.620275e-002  -0.000000e+000  
-1.301659e+000  -1.292786e+000  -1.275176e+000  -1.247259e+000  -1.209505e+000  -1.166729e+000  -1.117058e+000  -1.065649e+000  -1.014892e+000  -9.611645e-001  -7.949343e-001  -4.991425e-001  -2.650622e-001  -1.207032e-001  -4.041837e-002  9.460230e-005  1.665335e-002  -0.000000e+000  
-9.698030e-001  -9.638262e-001  -9.519508e-001  -9.330902e-001  -9.075100e-001  -8.784312e-001  -8.445299e-001  -8.098964e-001  -7.762640e-001  -7.404418e-001  -6.287895e-001  -4.182491e-001  -2.383311e-001  -1.192192e-001  -4.869964e-002  -1.121007e-002  4.686024e-003  -0.000000e+000  
-8.834435e-001  -8.781487e-001  -8.676251e-001  -8.509035e-001  -8.282066e-001  -8.023823e-001  -7.722431e-001  -7.415746e-001  -7.119469e-001  -6.803376e-001  -5.816212e-001  -3.925783e-001  -2.276606e-001  -1.164056e-001  -4.946134e-002  -1.340326e-002  2.023183e-003  -0.000000e+000  
-8.028581e-001  -7.981689e-001  -7.888467e-001  -7.740274e-001  -7.538985e-001  -7.309775e-001  -7.042008e-001  -6.770581e-001  -6.509699e-001  -6.230954e-001  -5.358868e-001  -3.665373e-001  -2.159660e-001  -1.126051e-001  -4.947279e-002  -1.505659e-002  -2.122584e-004  -0.000000e+000  
-7.273709e-001  -7.232229e-001  -7.149746e-001  -7.018572e-001  -6.840285e-001  -6.637121e-001  -6.399573e-001  -6.159664e-001  -5.930219e-001  -5.684736e-001  -4.915474e-001  -3.402716e-001  -2.034013e-001  -1.079225e-001  -4.879359e-002  -1.620241e-002  -2.040685e-003  -0.000000e+000  
-6.569701e-001  -6.533047e-001  -6.460143e-001  -6.344163e-001  -6.186436e-001  -6.006584e-001  -5.796128e-001  -5.584322e-001  -5.382720e-001  -5.166769e-001  -4.489070e-001  -3.141222e-001  -1.902185e-001  -1.025051e-001  -4.749612e-002  -1.687058e-002  -3.473697e-003  -0.000000e+000  
-5.904650e-001  -5.872365e-001  -5.808139e-001  -5.705932e-001  -5.566862e-001  -5.408190e-001  -5.222387e-001  -5.036013e-001  -4.859434e-001  -4.670084e-001  -4.075081e-001  -2.879500e-001  -1.764280e-001  -9.640405e-002  -4.563284e-002  -1.710664e-002  -4.552008e-003  -0.000000e+000  
-5.273825e-001  -5.245523e-001  -5.189210e-001  -5.099569e-001  -4.977539e-001  -4.838234e-001  -4.675002e-001  -4.511787e-001  -4.357832e-001  -4.192582e-001  -3.672687e-001  -2.618193e-001  -1.621296e-001  -8.970056e-002  -4.325784e-002  -1.694495e-002  -5.300432e-003  -0.000000e+000  
-3.485438e-001  -3.467528e-001  -3.431878e-001  -3.375091e-001  -3.297706e-001  -3.209260e-001  -3.105474e-001  -3.002500e-001  -2.906438e-001  -2.803113e-001  -2.477189e-001  -1.802323e-001  -1.144286e-001  -6.518883e-002  -3.279852e-002  -1.407235e-002  -5.673820e-003  -0.000000e+000  
-1.686938e-001  -1.678516e-001  -1.661749e-001  -1.635030e-001  -1.598594e-001  -1.556918e-001  -1.507969e-001  -1.459666e-001  -1.414963e-001  -1.366817e-001  -1.214696e-001  -8.955140e-002  -5.778978e-002  -3.355150e-002  -1.733249e-002  -7.828092e-003  -3.527444e-003  -0.000000e+000  
-0.000000e+000  -0.000000e+000  -0.000000e+000  -0.000000e+000  -0.000000e+000  -0.000000e+000  -0.000000e+000  -0.000000e+000  -0.000000e+000  -0.000000e+000  -0.000000e+000  -0.000000e+000  -0.000000e+000  -0.000000e+000  -0.000000e+000  -0.000000e+000  -0.000000e+000  -0.000000e+000  

0.000000e+000  0.000000e+000  0.000000e+000  0.000000e+000  0.000000e+000  0.000000e+000  0.000000e+000  0.000000e+000  0.000000e+000  0.000000e+000  0.000000e+000  0.000000e+000  0.000000e+000  0.000000e+000  0.000000e+000  0.000000e+000  0.000000e+000  0.000000e+000  
0.000000e+000  0.000000e+000  0.000000e+000  0.000000e+000  0.000000e+000  0.000000e+000  0.000000e+000  0.000000e+000  0.000000e+000  0.000000e+000  0.000000e+000  0.000000e+000  0.000000e+000  0.000000e+000  0.000000e+000  0.000000e+000  0.000000e+000  0.000000e+000  
0.000000e+000  0.000000e+000  0.000000e+000  0.000000e+000  0.000000e+000  0.000000e+000  0.000000e+000  0.000000e+000  0.000000e+000  0.000000e+000  0.000000e+000  0.000000e+000  0.000000e+000  0.000000e+000  0.000000e+000  0.000000e+000  0.000000e+000  0.000000e+000  
0.000000e+000  0.000000e+000  0.000000e+000  0.000000e+000  0.000000e+000  0.000000e+000  0.000000e+000  0.000000e+000  0.000000e+000  0.000000e+000  0.000000e+000  0.000000e+000  0.000000e+000  0.000000e+000  0.000000e+000  0.000000e+000  0.000000e+000  0.000000e+000  
0.000000e+000  0.000000e+000  0.000000e+000  0.000000e+000  0.000000e+000  0.000000e+000  0.000000e+000  0.000000e+000  0.000000e+000  0.000000e+000  0.000000e+000  0.000000e+000  0.000000e+000  0.000000e+000  0.000000e+000  0.000000e+000  0.000000e+000  0.000000e+000  
0.000000e+000  0.000000e+000  0.000000e+000  0.000000e+000  0.000000e+000  0.000000e+000  0.000000e+000  0.000000e+000  0.000000e+000  0.000000e+000  0.000000e+000  0.000000e+000  0.000000e+000  0.000000e+000  0.000000e+000  0.000000e+000  0.000000e+000  0.000000e+000  
0.000000e+000  0.000000e+000  0.000000e+000  0.000000e+000  0.000000e+000  0.000000e+000  0.000000e+000  0.000000e+000  0.000000e+000  0.000000e+000  0.000000e+000  0.000000e+000  0.000000e+000  0.000000e+000  0.000000e+000  0.000000e+000  0.000000e+000  0.000000e+000  
0.000000e+000  0.000000e+000  0.000000e+000  0.000000e+000  0.000000e+000  0.000000e+000  0.000000e+000  0.000000e+000  0.000000e+000  0.000000e+000  0.000000e+000  0.000000e+000  0.000000e+000  0.000000e+000  0.000000e+000  0.000000e+000  0.000000e+000  0.000000e+000  
0.000000e+000  0.000000e+000  0.000000e+000  0.000000e+000  0.000000e+000  0.000000e+000  0.000000e+000  0.000000e+000  0.000000e+000  0.000000e+000  0.000000e+000  0.000000e+000  0.000000e+000  0.000000e+000  0.000000e+000  0.000000e+000  0.000000e+000  0.000000e+000  
0.000000e+000  0.000000e+000  0.000000e+000  0.000000e+000  0.000000e+000  0.000000e+000  0.000000e+000  0.000000e+000  0.000000e+000  0.000000e+000  0.000000e+000  0.000000e+000  0.000000e+000  0.000000e+000  0.000000e+000  0.000000e+000  0.000000e+000  0.000000e+000  
0.000000e+000  0.000000e+000  0.000000e+000  0.000000e+000  0.000000e+000  0.000000e+000  0.000000e+000  0.000000e+000  0.000000e+000  0.000000e+000  0.000000e+000  0.000000e+000  0.000000e+000  0.000000e+000  0.000000e+000  0.000000e+000  0.000000e+000  0.000000e+000  
0.000000e+000  0.000000e+000  0.000000e+000  0.000000e+000  0.000000e+000  0.000000e+000  0.000000e+000  0.000000e+000  0.000000e+000  0.000000e+000  0.000000e+000  0.000000e+000  0.000000e+000  0.000000e+000  0.000000e+000  0.000000e+000  0.000000e+000  0.000000e+000  
0.000000e+000  0.000000e+000  0.000000e+000  0.000000e+000  0.000000e+000  0.000000e+000  0.000000e+000  0.000000e+000  0.000000e+000  0.000000e+000  0.000000e+000  0.000000e+000  0.000000e+000  0.000000e+000  0.000000e+000  0.000000e+000  0.000000e+000  0.000000e+000  
0.000000e+000  0.000000e+000  0.000000e+000  0.000000e+000  0.000000e+000  0.000000e+000  0.000000e+000  0.000000e+000  0.000000e+000  0.000000e+000  0.000000e+000  0.000000e+000  0.000000e+000  0.000000e+000  0.000000e+000  0.000000e+000  0.000000e+000  0.000000e+000  
0.000000e+000  0.000000e+000  0.000000e+000  0.000000e+000  0.000000e+000  0.000000e+000  0.000000e+000  0.000000e+000  0.000000e+000  0.000000e+000  0.000000e+000  0.000000e+000  0.000000e+000  0.000000e+000  0.000000e+000  0.000000e+000  0.000000e+000  0.000000e+000  
0.000000e+000  0.000000e+000  0.000000e+000  0.000000e+000  0.000000e+000  0.000000e+000  0.000000e+000  0.000000e+000  0.000000e+000  0.000000e+000  0.000000e+000  0.000000e+000  0.000000e+000  0.000000e+000  0.000000e+000  0.000000e+000  0.000000e+000  0.000000e+000  
0.000000e+000  0.000000e+000  0.000000e+000  0.000000e+000  0.000000e+000  0.000000e+000  0.000000e+000  0.000000e+000  0.000000e+000  0.000000e+000  0.000000e+000  0.000000e+000  0.000000e+000  0.000000e+000  0.000000e+000  0.000000e+000  0.000000e+000  0.000000e+000  
0.000000e+000  0.000000e+000  0.000000e+000  0.000000e+000  0.000000e+000  0.000000e+000  0.000000e+000  0.000000e+000  0.000000e+000  0.000000e+000  0.000000e+000  0.000000e+000  0.000000e+000  0.000000e+000  0.000000e+000  0.000000e+000  0.000000e+000  0.000000e+000  
0.000000e+000  0.000000e+000  0.000000e+000  0.000000e+000  0.000000e+000  0.000000e+000  0.000000e+000  0.000000e+000  0.000000e+000  0.000000e+000  0.000000e+000  0.000000e+000  0.000000e+000  0.000000e+000  0.000000e+000  0.000000e+000  0.000000e+000  0.000000e+000  
0.000000e+000  0.000000e+000  0.000000e+000  0.000000e+000  0.000000e+000  0.000000e+000  0.000000e+000  0.000000e+000  0.000000e+000  0.000000e+000  0.000000e+000  0.000000e+000  0.000000e+000  0.000000e+000  0.000000e+000  0.000000e+000  0.000000e+000  0.000000e+000  
0.000000e+000  0.000000e+000  0.000000e+000  0.000000e+000  0.000000e+000  0.000000e+000  0.000000e+000  0.000000e+000  0.000000e+000  0.000000e+000  0.000000e+000  0.000000e+000  0.000000e+000  0.000000e+000  0.000000e+000  0.000000e+000  0.000000e+000  0.000000e+000  
0.000000e+000  0.000000e+000  0.000000e+000  0.000000e+000  0.000000e+000  0.000000e+000  0.000000e+000  0.000000e+000  0.000000e+000  0.000000e+000  0.000000e+000  0.000000e+000  0.000000e+000  0.000000e+000  0.000000e+000  0.000000e+000  0.000000e+000  0.000000e+000  
0.000000e+000  0.000000e+000  0.000000e+000  0.000000e+000  0.000000e+000  0.000000e+000  0.000000e+000  0.000000e+000  0.000000e+000  0.000000e+000  0.000000e+000  0.000000e+000  0.000000e+000  0.000000e+000  0.000000e+000  0.000000e+000  0.000000e+000  0.000000e+000  
0.000000e+000  0.000000e+000  0.000000e+000  0.000000e+000  0.000000e+000  0.000000e+000  0.000000e+000  0.000000e+000  0.000000e+000  0.000000e+000  0.000000e+000  0.000000e+000  0.000000e+000  0.000000e+000  0.000000e+000  0.000000e+000  0.000000e+000  0.000000e+000  
0.000000e+000  0.000000e+000  0.000000e+000  0.000000e+000  0.000000e+000  0.000000e+000  0.000000e+000  0.000000e+000  0.000000e+000  0.000000e+000  0.000000e+000  0.000000e+000  0.000000e+000  0.000000e+000  0.000000e+000  0.000000e+000  0.000000e+000  0.000000e+000  
0.000000e+000  0.000000e+000  0.000000e+000  0.000000e+000  0.000000e+000  0.000000e+000  0.000000e+000  0.000000e+000  0.000000e+000  0.000000e+000  0.000000e+000  0.000000e+000  0.000000e+000  0.000000e+000  0.000000e+000  0.000000e+000  0.000000e+000  0.000000e+000  
0.000000e+000  0.000000e+000  0.000000e+000  0.000000e+000  0.000000e+000  0.000000e+000  0.000000e+000  0.000000e+000  0.000000e+000  0.000000e+000  0.000000e+000  0.000000e+000  0.000000e+000  0.000000e+000  0.000000e+000  0.000000e+000  0.000000e+000  0.000000e+000  
0.000000e+000  0.000000e+000  0.000000e+000  0.000000e+000  0.000000e+000  0.000000e+000  0.000000e+000  0.000000e+000  0.000000e+000  0.000000e+000  0.000000e+000  0.000000e+000  0.000000e+000  0.000000e+000  0.000000e+000  0.000000e+000  0.000000e+000  0.000000e+000  
0.000000e+000  0.000000e+000  0.000000e+000  0.000000e+000  0.000000e+000  0.000000e+000  0.000000e+000  0.000000e+000  0.000000e+000  0.000000e+000  0.000000e+000  0.000000e+000  0.000000e+000  0.000000e+000  0.000000e+000  0.000000e+000  0.000000e+000  0.000000e+000  
0.000000e+000  0.000000e+000  0.000000e+000  0.000000e+000  0.000000e+000  0.000000e+000  0.000000e+000  0.000000e+000  0.000000e+000  0.000000e+000  0.000000e+000  0.000000e+000  0.000000e+000  0.000000e+000  0.000000e+000  0.000000e+000  0.000000e+000  0.000000e+000  
0.000000e+000  0.000000e+000  0.000000e+000  0.000000e+000  0.000000e+000  0.000000e+000  0.000000e+000  0.000000e+000  0.000000e+000  0.000000e+000  0.000000e+000  0.000000e+000  0.000000e+000  0.000000e+000  0.000000e+000  0.000000e+000  0.000000e+000  0.000000e+000  
0.000000e+000  0.000000e+000  0.000000e+000  0.000000e+000  0.000000e+000  0.000000e+000  0.000000e+000  0.000000e+000  0.000000e+000  0.000000e+000  0.000000e+000  0.000000e+000  0.000000e+000  0.000000e+000  0.000000e+000  0.000000e+000  0.000000e+000  0.000000e+000  
0.000000e+000  0.000000e+000  0.000000e+000  0.000000e+000  0.000000e+000  0.000000e+000  0.000000e+000  0.000000e+000  0.000000e+000  0.000000e+000  0.000000e+000  0.000000e+000  0.000000e+000  0.000000e+000  0.000000e+000  0.000000e+000  0.000000e+000  0.000000e+000  
0.000000e+000  0.000000e+000  0.000000e+000  0.000000e+000  0.000000e+000  0.000000e+000  0.000000e+000  0.000000e+000  0.000000e+000  0.000000e+000  0.000000e+000  0.000000e+000  0.000000e+000  0.000000e+000  0.000000e+000  0.000000e+000  0.000000e+000  0.000000e+000  
0.000000e+000  0.000000e+000  0.000000e+000  0.000000e+000  0.000000e+000  0.000000e+000  0.000000e+000  0.000000e+000  0.000000e+000  0.000000e+000  0.000000e+000  0.000000e+000  0.000000e+000  0.000000e+000  0.000000e+000  0.000000e+000  0.000000e+000  0.000000e+000  
0.000000e+000  0.000000e+000  0.000000e+000  0.000000e+000  0.000000e+000  0.000000e+000  0.000000e+000  0.000000e+000  0.000000e+000  0.000000e+000  0.000000e+000  0.000000e+000  0.000000e+000  0.000000e+000  0.000000e+000  0.000000e+000  0.000000e+000  0.000000e+000  
0.000000e+000  0.000000e+000  0.000000e+000  0.000000e+000  0.000000e+000  0.000000e+000  0.000000e+000  0.000000e+000  0.000000e+000  0.000000e+000  0.000000e+000  0.000000e+000  0.000000e+000  0.000000e+000  0.000000e+000  0.000000e+000  0.000000e+000  0.000000e+000  
0.000000e+000  0.000000e+000  0.000000e+000  0.000000e+000  0.000000e+000  0.000000e+000  0.000000e+000  0.000000e+000  0.000000e+000  0.000000e+000  0.000000e+000  0.000000e+000  0.000000e+000  0.000000e+000  0.000000e+000  0.000000e+000  0.000000e+000  0.000000e+000  
0.000000e+000  0.000000e+000  0.000000e+000  0.000000e+000  0.000000e+000  0.000000e+000  0.000000e+000  0.000000e+000  0.000000e+000  0.000000e+000  0.000000e+000  0.000000e+000  0.000000e+000  0.000000e+000  0.000000e+000  0.000000e+000  0.000000e+000  0.000000e+000  
0.000000e+000  0.000000e+000  0.000000e+000  0.000000e+000  0.000000e+000  0.000000e+000  0.000000e+000  0.000000e+000  0.000000e+000  0.000000e+000  0.000000e+000  0.000000e+000  0.000000e+000  0.000000e+000  0.000000e+000  0.000000e+000  0.000000e+000  0.000000e+000  
0.000000e+000  0.000000e+000  0.000000e+000  0.000000e+000  0.000000e+000  0.000000e+000  0.000000e+000  0.000000e+000  0.000000e+000  0.000000e+000  0.000000e+000  0.000000e+000  0.000000e+000  0.000000e+000  0.000000e+000  0.000000e+000  0.000000e+000  0.000000e+000  
0.000000e+000  0.000000e+000  0.000000e+000  0.000000e+000  0.000000e+000  0.000000e+000  0.000000e+000  0.000000e+000  0.000000e+000  0.000000e+000  0.000000e+000  0.000000e+000  0.000000e+000  0.000000e+000  0.000000e+000  0.000000e+000  0.000000e+000  0.000000e+000  
0.000000e+000  0.000000e+000  0.000000e+000  0.000000e+000  0.000000e+000  0.000000e+000  0.000000e+000  0.000000e+000  0.000000e+000  0.000000e+000  0.000000e+000  0.000000e+000  0.000000e+000  0.000000e+000  0.000000e+000  0.000000e+000  0.000000e+000  0.000000e+000  
0.000000e+000  0.000000e+000  0.000000e+000  0.000000e+000  0.000000e+000  0.000000e+000  0.000000e+000  0.000000e+000  0.000000e+000  0.000000e+000  0.000000e+000  0.000000e+000  0.000000e+000  0.000000e+000  0.000000e+000  0.000000e+000  0.000000e+000  0.000000e+000  
0.000000e+000  0.000000e+000  0.000000e+000  0.000000e+000  0.000000e+000  0.000000e+000  0.000000e+000  0.000000e+000  0.000000e+000  0.000000e+000  0.000000e+000  0.000000e+000  0.000000e+000  0.000000e+000  0.000000e+000  0.000000e+000  0.000000e+000  0.000000e+000  
0.000000e+000  0.000000e+000  0.000000e+000  0.000000e+000  0.000000e+000  0.000000e+000  0.000000e+000  0.000000e+000  0.000000e+000  0.000000e+000  0.000000e+000  0.000000e+000  0.000000e+000  0.000000e+000  0.000000e+000  0.000000e+000  0.000000e+000  0.000000e+000  
0.000000e+000  0.000000e+000  0.000000e+000  0.000000e+000  0.000000e+000  0.000000e+000  0.000000e+000  0.000000e+000  0.000000e+000  0.000000e+000  0.000000e+000  0.000000e+000  0.000000e+000  0.000000e+000  0.000000e+000  0.000000e+000  0.000000e+000  0.000000e+000  

0.000000e+000  0.000000e+000  0.000000e+000  0.000000e+000  0.000000e+000  0.000000e+000  0.000000e+000  0.000000e+000  0.000000e+000  0.000000e+000  0.000000e+000  0.000000e+000  0.000000e+000  0.000000e+000  0.000000e+000  0.000000e+000  0.000000e+000  0.000000e+000  
0.000000e+000  0.000000e+000  0.000000e+000  0.000000e+000  0.000000e+000  0.000000e+000  0.000000e+000  0.000000e+000  0.000000e+000  0.000000e+000  0.000000e+000  0.000000e+000  0.000000e+000  0.000000e+000  0.000000e+000  0.000000e+000  0.000000e+000  0.000000e+000  
0.000000e+000  0.000000e+000  0.000000e+000  0.000000e+000  0.000000e+000  0.000000e+000  0.000000e+000  0.000000e+000  0.000000e+000  0.000000e+000  0.000000e+000  0.000000e+000  0.000000e+000  0.000000e+000  0.000000e+000  0.000000e+000  0.000000e+000  0.000000e+000  
0.000000e+000  0.000000e+000  0.000000e+000  0.000000e+000  0.000000e+000  0.000000e+000  0.000000e+000  0.000000e+000  0.000000e+000  0.000000e+000  0.000000e+000  0.000000e+000  0.000000e+000  0.000000e+000  0.000000e+000  0.000000e+000  0.000000e+000  0.000000e+000  
0.000000e+000  0.000000e+000  0.000000e+000  0.000000e+000  0.000000e+000  0.000000e+000  0.000000e+000  0.000000e+000  0.000000e+000  0.000000e+000  0.000000e+000  0.000000e+000  0.000000e+000  0.000000e+000  0.000000e+000  0.000000e+000  0.000000e+000  0.000000e+000  
0.000000e+000  0.000000e+000  0.000000e+000  0.000000e+000  0.000000e+000  0.000000e+000  0.000000e+000  0.000000e+000  0.000000e+000  0.000000e+000  0.000000e+000  0.000000e+000  0.000000e+000  0.000000e+000  0.000000e+000  0.000000e+000  0.000000e+000  0.000000e+000  
0.000000e+000  0.000000e+000  0.000000e+000  0.000000e+000  0.000000e+000  0.000000e+000  0.000000e+000  0.000000e+000  0.000000e+000  0.000000e+000  0.000000e+000  0.000000e+000  0.000000e+000  0.000000e+000  0.000000e+000  0.000000e+000  0.000000e+000  0.000000e+000  
0.000000e+000  0.000000e+000  0.000000e+000  0.000000e+000  0.000000e+000  0.000000e+000  0.000000e+000  0.000000e+000  0.000000e+000  0.000000e+000  0.000000e+000  0.000000e+000  0.000000e+000  0.000000e+000  0.000000e+000  0.000000e+000  0.000000e+000  0.000000e+000  
0.000000e+000  0.000000e+000  0.000000e+000  0.000000e+000  0.000000e+000  0.000000e+000  0.000000e+000  0.000000e+000  0.000000e+000  0.000000e+000  0.000000e+000  0.000000e+000  0.000000e+000  0.000000e+000  0.000000e+000  0.000000e+000  0.000000e+000  0.000000e+000  
0.000000e+000  0.000000e+000  0.000000e+000  0.000000e+000  0.000000e+000  0.000000e+000  0.000000e+000  0.000000e+000  0.000000e+000  0.000000e+000  0.000000e+000  0.000000e+000  0.000000e+000  0.000000e+000  0.000000e+000  0.000000e+000  0.000000e+000  0.000000e+000  
0.000000e+000  0.000000e+000  0.000000e+000  0.000000e+000  0.000000e+000  0.000000e+000  0.000000e+000  0.000000e+000  0.000000e+000  0.000000e+000  0.000000e+000  0.000000e+000  0.000000e+000  0.000000e+000  0.000000e+000  0.000000e+000  0.000000e+000  0.000000e+000  
0.000000e+000  0.000000e+000  0.000000e+000  0.000000e+000  0.000000e+000  0.000000e+000  0.000000e+000  0.000000e+000  0.000000e+000  0.000000e+000  0.000000e+000  0.000000e+000  0.000000e+000  0.000000e+000  0.000000e+000  0.000000e+000  0.000000e+000  0.000000e+000  
0.000000e+000  0.000000e+000  0.000000e+000  0.000000e+000  0.000000e+000  0.000000e+000  0.000000e+000  0.000000e+000  0.000000e+000  0.000000e+000  0.000000e+000  0.000000e+000  0.000000e+000  0.000000e+000  0.000000e+000  0.000000e+000  0.000000e+000  0.000000e+000  
0.000000e+000  0.000000e+000  0.000000e+000  0.000000e+000  0.000000e+000  0.000000e+000  0.000000e+000  0.000000e+000  0.000000e+000  0.000000e+000  0.000000e+000  0.000000e+000  0.000000e+000  0.000000e+000  0.000000e+000  0.000000e+000  0.000000e+000  0.000000e+000  
0.000000e+000  0.000000e+000  0.000000e+000  0.000000e+000  0.000000e+000  0.000000e+000  0.000000e+000  0.000000e+000  0.000000e+000  0.000000e+000  0.000000e+000  0.000000e+000  0.000000e+000  0.000000e+000  0.000000e+000  0.000000e+000  0.000000e+000  0.000000e+000  
0.000000e+000  0.000000e+000  0.000000e+000  0.000000e+000  0.000000e+000  0.000000e+000  0.000000e+000  0.000000e+000  0.000000e+000  0.000000e+000  0.000000e+000  0.000000e+000  0.000000e+000  0.000000e+000  0.000000e+000  0.000000e+000  0.000000e+000  0.000000e+000  
0.000000e+000  0.000000e+000  0.000000e+000  0.000000e+000  0.000000e+000  0.000000e+000  0.000000e+000  0.000000e+000  0.000000e+000  0.000000e+000  0.000000e+000  0.000000e+000  0.000000e+000  0.000000e+000  0.000000e+000  0.000000e+000  0.000000e+000  0.000000e+000  
0.000000e+000  0.000000e+000  0.000000e+000  0.000000e+000  0.000000e+000  0.000000e+000  0.000000e+000  0.000000e+000  0.000000e+000  0.000000e+000  0.000000e+000  0.000000e+000  0.000000e+000  0.000000e+000  0.000000e+000  0.000000e+000  0.000000e+000  0.000000e+000  
0.000000e+000  0.000000e+000  0.000000e+000  0.000000e+000  0.000000e+000  0.000000e+000  0.000000e+000  0.000000e+000  0.000000e+000  0.000000e+000  0.000000e+000  0.000000e+000  0.000000e+000  0.000000e+000  0.000000e+000  0.000000e+000  0.000000e+000  0.000000e+000  
0.000000e+000  0.000000e+000  0.000000e+000  0.000000e+000  0.000000e+000  0.000000e+000  0.000000e+000  0.000000e+000  0.000000e+000  0.000000e+000  0.000000e+000  0.000000e+000  0.000000e+000  0.000000e+000  0.000000e+000  0.000000e+000  0.000000e+000  0.000000e+000  
0.000000e+000  0.000000e+000  0.000000e+000  0.000000e+000  0.000000e+000  0.000000e+000  0.000000e+000  0.000000e+000  0.000000e+000  0.000000e+000  0.000000e+000  0.000000e+000  0.000000e+000  0.000000e+000  0.000000e+000  0.000000e+000  0.000000e+000  0.000000e+000  
0.000000e+000  0.000000e+000  0.000000e+000  0.000000e+000  0.000000e+000  0.000000e+000  0.000000e+000  0.000000e+000  0.000000e+000  0.000000e+000  0.000000e+000  0.000000e+000  0.000000e+000  0.000000e+000  0.000000e+000  0.000000e+000  0.000000e+000  0.000000e+000  
0.000000e+000  0.000000e+000  0.000000e+000  0.000000e+000  0.000000e+000  0.000000e+000  0.000000e+000  0.000000e+000  0.000000e+000  0.000000e+000  0.000000e+000  0.000000e+000  0.000000e+000  0.000000e+000  0.000000e+000  0.000000e+000  0.000000e+000  0.000000e+000  
0.000000e+000  0.000000e+000  0.000000e+000  0.000000e+000  0.000000e+000  0.000000e+000  0.000000e+000  0.000000e+000  0.000000e+000  0.000000e+000  0.000000e+000  0.000000e+000  0.000000e+000  0.000000e+000  0.000000e+000  0.000000e+000  0.000000e+000  0.000000e+000  
0.000000e+000  0.000000e+000  0.000000e+000  0.000000e+000  0.000000e+000  0.000000e+000  0.000000e+000  0.000000e+000  0.000000e+000  0.000000e+000  0.000000e+000  0.000000e+000  0.000000e+000  0.000000e+000  0.000000e+000  0.000000e+000  0.000000e+000  0.000000e+000  
0.000000e+000  0.000000e+000  0.000000e+000  0.000000e+000  0.000000e+000  0.000000e+000  0.000000e+000  0.000000e+000  0.000000e+000  0.000000e+000  0.000000e+000  0.000000e+000  0.000000e+000  0.000000e+000  0.000000e+000  0.000000e+000  0.000000e+000  0.000000e+000  
0.000000e+000  0.000000e+000  0.000000e+000  0.000000e+000  0.000000e+000  0.000000e+000  0.000000e+000  0.000000e+000  0.000000e+000  0.000000e+000  0.000000e+000  0.000000e+000  0.000000e+000  0.000000e+000  0.000000e+000  0.000000e+000  0.000000e+000  0.000000e+000  
0.000000e+000  0.000000e+000  0.000000e+000  0.000000e+000  0.000000e+000  0.000000e+000  0.000000e+000  0.000000e+000  0.000000e+000  0.000000e+000  0.000000e+000  0.000000e+000  0.000000e+000  0.000000e+000  0.000000e+000  0.000000e+000  0.000000e+000  0.000000e+000  
0.000000e+000  0.000000e+000  0.000000e+000  0.000000e+000  0.000000e+000  0.000000e+000  0.000000e+000  0.000000e+000  0.000000e+000  0.000000e+000  0.000000e+000  0.000000e+000  0.000000e+000  0.000000e+000  0.000000e+000  0.000000e+000  0.000000e+000  0.000000e+000  
0.000000e+000  0.000000e+000  0.000000e+000  0.000000e+000  0.000000e+000  0.000000e+000  0.000000e+000  0.000000e+000  0.000000e+000  0.000000e+000  0.000000e+000  0.000000e+000  0.000000e+000  0.000000e+000  0.000000e+000  0.000000e+000  0.000000e+000  0.000000e+000  
0.000000e+000  0.000000e+000  0.000000e+000  0.000000e+000  0.000000e+000  0.000000e+000  0.000000e+000  0.000000e+000  0.000000e+000  0.000000e+000  0.000000e+000  0.000000e+000  0.000000e+000  0.000000e+000  0.000000e+000  0.000000e+000  0.000000e+000  0.000000e+000  
0.000000e+000  0.000000e+000  0.000000e+000  0.000000e+000  0.000000e+000  0.000000e+000  0.000000e+000  0.000000e+000  0.000000e+000  0.000000e+000  0.000000e+000  0.000000e+000  0.000000e+000  0.000000e+000  0.000000e+000  0.000000e+000  0.000000e+000  0.000000e+000  
0.000000e+000  0.000000e+000  0.000000e+000  0.000000e+000  0.000000e+000  0.000000e+000  0.000000e+000  0.000000e+000  0.000000e+000  0.000000e+000  0.000000e+000  0.000000e+000  0.000000e+000  0.000000e+000  0.000000e+000  0.000000e+000  0.000000e+000  0.000000e+000  
0.000000e+000  0.000000e+000  0.000000e+000  0.000000e+000  0.000000e+000  0.000000e+000  0.000000e+000  0.000000e+000  0.000000e+000  0.000000e+000  0.000000e+000  0.000000e+000  0.000000e+000  0.000000e+000  0.000000e+000  0.000000e+000  0.000000e+000  0.000000e+000  
0.000000e+000  0.000000e+000  0.000000e+000  0.000000e+000  0.000000e+000  0.000000e+000  0.000000e+000  0.000000e+000  0.000000e+000  0.000000e+000  0.000000e+000  0.000000e+000  0.000000e+000  0.000000e+000  0.000000e+000  0.000000e+000  0.000000e+000  0.000000e+000  
0.000000e+000  0.000000e+000  0.000000e+000  0.000000e+000  0.000000e+000  0.000000e+000  0.000000e+000  0.000000e+000  0.000000e+000  0.000000e+000  0.000000e+000  0.000000e+000  0.000000e+000  0.000000e+000  0.000000e+000  0.000000e+000  0.000000e+000  0.000000e+000  
0.000000e+000  0.000000e+000  0.000000e+000  0.000000e+000  0.000000e+000  0.000000e+000  0.000000e+000  0.000000e+000  0.000000e+000  0.000000e+000  0.000000e+000  0.000000e+000  0.000000e+000  0.000000e+000  0.000000e+000  0.000000e+000  0.000000e+000  0.000000e+000  
0.000000e+000  0.000000e+000  0.000000e+000  0.000000e+000  0.000000e+000  0.000000e+000  0.000000e+000  0.000000e+000  0.000000e+000  0.000000e+000  0.000000e+000  0.000000e+000  0.000000e+000  0.000000e+000  0.000000e+000  0.000000e+000  0.000000e+000  0.000000e+000  
0.000000e+000  0.000000e+000  0.000000e+000  0.000000e+000  0.000000e+000  0.000000e+000  0.000000e+000  0.000000e+000  0.000000e+000  0.000000e+000  0.000000e+000  0.000000e+000  0.000000e+000  0.000000e+000  0.000000e+000  0.000000e+000  0.000000e+000  0.000000e+000  
0.000000e+000  0.000000e+000  0.000000e+000  0.000000e+000  0.000000e+000  0.000000e+000  0.000000e+000  0.000000e+000  0.000000e+000  0.000000e+000  0.000000e+000  0.000000e+000  0.000000e+000  0.000000e+000  0.000000e+000  0.000000e+000  0.000000e+000  0.000000e+000  
0.000000e+000  0.000000e+000  0.000000e+000  0.000000e+000  0.000000e+000  0.000000e+000  0.000000e+000  0.000000e+000  0.000000e+000  0.000000e+000  0.000000e+000  0.000000e+000  0.000000e+000  0.000000e+000  0.000000e+000  0.000000e+000  0.000000e+000  0.000000e+000  
0.000000e+000  0.000000e+000  0.000000e+000  0.000000e+000  0.000000e+000  0.000000e+000  0.000000e+000  0.000000e+000  0.000000e+000  0.000000e+000  0.000000e+000  0.000000e+000  0.000000e+000  0.000000e+000  0.000000e+000  0.000000e+000  0.000000e+000  0.000000e+000  
0.000000e+000  0.000000e+000  0.000000e+000  0.000000e+000  0.000000e+000  0.000000e+000  0.000000e+000  0.000000e+000  0.000000e+000  0.000000e+000  0.000000e+000  0.000000e+000  0.000000e+000  0.000000e+000  0.000000e+000  0.000000e+000  0.000000e+000  0.000000e+000  
0.000000e+000  0.000000e+000  0.000000e+000  0.000000e+000  0.000000e+000  0.000000e+000  0.000000e+000  0.000000e+000  0.000000e+000  0.000000e+000  0.000000e+000  0.000000e+000  0.000000e+000  0.000000e+000  0.000000e+000  0.000000e+000  0.000000e+000  0.000000e+000  
0.000000e+000  0.000000e+000  0.000000e+000  0.000000e+000  0.000000e+000  0.000000e+000  0.000000e+000  0.000000e+000  0.000000e+000  0.000000e+000  0.000000e+000  0.000000e+000  0.000000e+000  0.000000e+000  0.000000e+000  0.000000e+000  0.000000e+000  0.000000e+000  
0.000000e+000  0.000000e+000  0.000000e+000  0.000000e+000  0.000000e+000  0.000000e+000  0.000000e+000  0.000000e+000  0.000000e+000  0.000000e+000  0.000000e+000  0.000000e+000  0.000000e+000  0.000000e+000  0.000000e+000  0.000000e+000  0.000000e+000  0.000000e+000  
0.000000e+000  0.000000e+000  0.000000e+000  0.000000e+000  0.000000e+000  0.000000e+000  0.000000e+000  0.000000e+000  0.000000e+000  0.000000e+000  0.000000e+000  0.000000e+000  0.000000e+000  0.000000e+000  0.000000e+000  0.000000e+000  0.000000e+000  0.000000e+000  

0.000000e+000  0.000000e+000  0.000000e+000  0.000000e+000  0.000000e+000  0.000000e+000  0.000000e+000  0.000000e+000  0.000000e+000  0.000000e+000  0.000000e+000  0.000000e+000  0.000000e+000  0.000000e+000  0.000000e+000  0.000000e+000  0.000000e+000  0.000000e+000  
0.000000e+000  0.000000e+000  0.000000e+000  0.000000e+000  0.000000e+000  0.000000e+000  0.000000e+000  0.000000e+000  0.000000e+000  0.000000e+000  0.000000e+000  0.000000e+000  0.000000e+000  0.000000e+000  0.000000e+000  0.000000e+000  0.000000e+000  0.000000e+000  
0.000000e+000  0.000000e+000  0.000000e+000  0.000000e+000  0.000000e+000  0.000000e+000  0.000000e+000  0.000000e+000  0.000000e+000  0.000000e+000  0.000000e+000  0.000000e+000  0.000000e+000  0.000000e+000  0.000000e+000  0.000000e+000  0.000000e+000  0.000000e+000  
0.000000e+000  0.000000e+000  0.000000e+000  0.000000e+000  0.000000e+000  0.000000e+000  0.000000e+000  0.000000e+000  0.000000e+000  0.000000e+000  0.000000e+000  0.000000e+000  0.000000e+000  0.000000e+000  0.000000e+000  0.000000e+000  0.000000e+000  0.000000e+000  
0.000000e+000  0.000000e+000  0.000000e+000  0.000000e+000  0.000000e+000  0.000000e+000  0.000000e+000  0.000000e+000  0.000000e+000  0.000000e+000  0.000000e+000  0.000000e+000  0.000000e+000  0.000000e+000  0.000000e+000  0.000000e+000  0.000000e+000  0.000000e+000  
0.000000e+000  0.000000e+000  0.000000e+000  0.000000e+000  0.000000e+000  0.000000e+000  0.000000e+000  0.000000e+000  0.000000e+000  0.000000e+000  0.000000e+000  0.000000e+000  0.000000e+000  0.000000e+000  0.000000e+000  0.000000e+000  0.000000e+000  0.000000e+000  
0.000000e+000  0.000000e+000  0.000000e+000  0.000000e+000  0.000000e+000  0.000000e+000  0.000000e+000  0.000000e+000  0.000000e+000  0.000000e+000  0.000000e+000  0.000000e+000  0.000000e+000  0.000000e+000  0.000000e+000  0.000000e+000  0.000000e+000  0.000000e+000  
0.000000e+000  0.000000e+000  0.000000e+000  0.000000e+000  0.000000e+000  0.000000e+000  0.000000e+000  0.000000e+000  0.000000e+000  0.000000e+000  0.000000e+000  0.000000e+000  0.000000e+000  0.000000e+000  0.000000e+000  0.000000e+000  0.000000e+000  0.000000e+000  
0.000000e+000  0.000000e+000  0.000000e+000  0.000000e+000  0.000000e+000  0.000000e+000  0.000000e+000  0.000000e+000  0.000000e+000  0.000000e+000  0.000000e+000  0.000000e+000  0.000000e+000  0.000000e+000  0.000000e+000  0.000000e+000  0.000000e+000  0.000000e+000  
0.000000e+000  0.000000e+000  0.000000e+000  0.000000e+000  0.000000e+000  0.000000e+000  0.000000e+000  0.000000e+000  0.000000e+000  0.000000e+000  0.000000e+000  0.000000e+000  0.000000e+000  0.000000e+000  0.000000e+000  0.000000e+000  0.000000e+000  0.000000e+000  
0.000000e+000  0.000000e+000  0.000000e+000  0.000000e+000  0.000000e+000  0.000000e+000  0.000000e+000  0.000000e+000  0.000000e+000  0.000000e+000  0.000000e+000  0.000000e+000  0.000000e+000  0.000000e+000  0.000000e+000  0.000000e+000  0.000000e+000  0.000000e+000  
0.000000e+000  0.000000e+000  0.000000e+000  0.000000e+000  0.000000e+000  0.000000e+000  0.000000e+000  0.000000e+000  0.000000e+000  0.000000e+000  0.000000e+000  0.000000e+000  0.000000e+000  0.000000e+000  0.000000e+000  0.000000e+000  0.000000e+000  0.000000e+000  
0.000000e+000  0.000000e+000  0.000000e+000  0.000000e+000  0.000000e+000  0.000000e+000  0.000000e+000  0.000000e+000  0.000000e+000  0.000000e+000  0.000000e+000  0.000000e+000  0.000000e+000  0.000000e+000  0.000000e+000  0.000000e+000  0.000000e+000  0.000000e+000  
0.000000e+000  0.000000e+000  0.000000e+000  0.000000e+000  0.000000e+000  0.000000e+000  0.000000e+000  0.000000e+000  0.000000e+000  0.000000e+000  0.000000e+000  0.000000e+000  0.000000e+000  0.000000e+000  0.000000e+000  0.000000e+000  0.000000e+000  0.000000e+000  
0.000000e+000  0.000000e+000  0.000000e+000  0.000000e+000  0.000000e+000  0.000000e+000  0.000000e+000  0.000000e+000  0.000000e+000  0.000000e+000  0.000000e+000  0.000000e+000  0.000000e+000  0.000000e+000  0.000000e+000  0.000000e+000  0.000000e+000  0.000000e+000  
0.000000e+000  0.000000e+000  0.000000e+000  0.000000e+000  0.000000e+000  0.000000e+000  0.000000e+000  0.000000e+000  0.000000e+000  0.000000e+000  0.000000e+000  0.000000e+000  0.000000e+000  0.000000e+000  0.000000e+000  0.000000e+000  0.000000e+000  0.000000e+000  
0.000000e+000  0.000000e+000  0.000000e+000  0.000000e+000  0.000000e+000  0.000000e+000  0.000000e+000  0.000000e+000  0.000000e+000  0.000000e+000  0.000000e+000  0.000000e+000  0.000000e+000  0.000000e+000  0.000000e+000  0.000000e+000  0.000000e+000  0.000000e+000  
0.000000e+000  0.000000e+000  0.000000e+000  0.000000e+000  0.000000e+000  0.000000e+000  0.000000e+000  0.000000e+000  0.000000e+000  0.000000e+000  0.000000e+000  0.000000e+000  0.000000e+000  0.000000e+000  0.000000e+000  0.000000e+000  0.000000e+000  0.000000e+000  
0.000000e+000  0.000000e+000  0.000000e+000  0.000000e+000  0.000000e+000  0.000000e+000  0.000000e+000  0.000000e+000  0.000000e+000  0.000000e+000  0.000000e+000  0.000000e+000  0.000000e+000  0.000000e+000  0.000000e+000  0.000000e+000  0.000000e+000  0.000000e+000  
0.000000e+000  0.000000e+000  0.000000e+000  0.000000e+000  0.000000e+000  0.000000e+000  0.000000e+000  0.000000e+000  0.000000e+000  0.000000e+000  0.000000e+000  0.000000e+000  0.000000e+000  0.000000e+000  0.000000e+000  0.000000e+000  0.000000e+000  0.000000e+000  
0.000000e+000  0.000000e+000  0.000000e+000  0.000000e+000  0.000000e+000  0.000000e+000  0.000000e+000  0.000000e+000  0.000000e+000  0.000000e+000  0.000000e+000  0.000000e+000  0.000000e+000  0.000000e+000  0.000000e+000  0.000000e+000  0.000000e+000  0.000000e+000  
0.000000e+000  0.000000e+000  0.000000e+000  0.000000e+000  0.000000e+000  0.000000e+000  0.000000e+000  0.000000e+000  0.000000e+000  0.000000e+000  0.000000e+000  0.000000e+000  0.000000e+000  0.000000e+000  0.000000e+000  0.000000e+000  0.000000e+000  0.000000e+000  
0.000000e+000  0.000000e+000  0.000000e+000  0.000000e+000  0.000000e+000  0.000000e+000  0.000000e+000  0.000000e+000  0.000000e+000  0.000000e+000  0.000000e+000  0.000000e+000  0.000000e+000  0.000000e+000  0.000000e+000  0.000000e+000  0.000000e+000  0.000000e+000  
0.000000e+000  0.000000e+000  0.000000e+000  0.000000e+000  0.000000e+000  0.000000e+000  0.000000e+000  0.000000e+000  0.000000e+000  0.000000e+000  0.000000e+000  0.000000e+000  0.000000e+000  0.000000e+000  0.000000e+000  0.000000e+000  0.000000e+000  0.000000e+000  
0.000000e+000  0.000000e+000  0.000000e+000  0.000000e+000  0.000000e+000  0.000000e+000  0.000000e+000  0.000000e+000  0.000000e+000  0.000000e+000  0.000000e+000  0.000000e+000  0.000000e+000  0.000000e+000  0.000000e+000  0.000000e+000  0.000000e+000  0.000000e+000  
0.000000e+000  0.000000e+000  0.000000e+000  0.000000e+000  0.000000e+000  0.000000e+000  0.000000e+000  0.000000e+000  0.000000e+000  0.000000e+000  0.000000e+000  0.000000e+000  0.000000e+000  0.000000e+000  0.000000e+000  0.000000e+000  0.000000e+000  0.000000e+000  
0.000000e+000  0.000000e+000  0.000000e+000  0.000000e+000  0.000000e+000  0.000000e+000  0.000000e+000  0.000000e+000  0.000000e+000  0.000000e+000  0.000000e+000  0.000000e+000  0.000000e+000  0.000000e+000  0.000000e+000  0.000000e+000  0.000000e+000  0.000000e+000  
0.000000e+000  0.000000e+000  0.000000e+000  0.000000e+000  0.000000e+000  0.000000e+000  0.000000e+000  0.000000e+000  0.000000e+000  0.000000e+000  0.000000e+000  0.000000e+000  0.000000e+000  0.000000e+000  0.000000e+000  0.000000e+000  0.000000e+000  0.000000e+000  
0.000000e+000  0.000000e+000  0.000000e+000  0.000000e+000  0.000000e+000  0.000000e+000  0.000000e+000  0.000000e+000  0.000000e+000  0.000000e+000  0.000000e+000  0.000000e+000  0.000000e+000  0.000000e+000  0.000000e+000  0.000000e+000  0.000000e+000  0.000000e+000  
0.000000e+000  0.000000e+000  0.000000e+000  0.000000e+000  0.000000e+000  0.000000e+000  0.000000e+000  0.000000e+000  0.000000e+000  0.000000e+000  0.000000e+000  0.000000e+000  0.000000e+000  0.000000e+000  0.000000e+000  0.000000e+000  0.000000e+000  0.000000e+000  
0.000000e+000  0.000000e+000  0.000000e+000  0.000000e+000  0.000000e+000  0.000000e+000  0.000000e+000  0.000000e+000  0.000000e+000  0.000000e+000  0.000000e+000  0.000000e+000  0.000000e+000  0.000000e+000  0.000000e+000  0.000000e+000  0.000000e+000  0.000000e+000  
0.000000e+000  0.000000e+000  0.000000e+000  0.000000e+000  0.000000e+000  0.000000e+000  0.000000e+000  0.000000e+000  0.000000e+000  0.000000e+000  0.000000e+000  0.000000e+000  0.000000e+000  0.000000e+000  0.000000e+000  0.000000e+000  0.000000e+000  0.000000e+000  
0.000000e+000  0.000000e+000  0.000000e+000  0.000000e+000  0.000000e+000  0.000000e+000  0.000000e+000  0.000000e+000  0.000000e+000  0.000000e+000  0.000000e+000  0.000000e+000  0.000000e+000  0.000000e+000  0.000000e+000  0.000000e+000  0.000000e+000  0.000000e+000  
0.000000e+000  0.000000e+000  0.000000e+000  0.000000e+000  0.000000e+000  0.000000e+000  0.000000e+000  0.000000e+000  0.000000e+000  0.000000e+000  0.000000e+000  0.000000e+000  0.000000e+000  0.000000e+000  0.000000e+000  0.000000e+000  0.000000e+000  0.000000e+000  
0.000000e+000  0.000000e+000  0.000000e+000  0.000000e+000  0.000000e+000  0.000000e+000  0.000000e+000  0.000000e+000  0.000000e+000  0.000000e+000  0.000000e+000  0.000000e+000  0.000000e+000  0.000000e+000  0.000000e+000  0.000000e+000  0.000000e+000  0.000000e+000  
0.000000e+000  0.000000e+000  0.000000e+000  0.000000e+000  0.000000e+000  0.000000e+000  0.000000e+000  0.000000e+000  0.000000e+000  0.000000e+000  0.000000e+000  0.000000e+000  0.000000e+000  0.000000e+000  0.000000e+000  0.000000e+000  0.000000e+000  0.000000e+000  
0.000000e+000  0.000000e+000  0.000000e+000  0.000000e+000  0.000000e+000  0.000000e+000  0.000000e+000  0.000000e+000  0.000000e+000  0.000000e+000  0.000000e+000  0.000000e+000  0.000000e+000  0.000000e+000  0.000000e+000  0.000000e+000  0.000000e+000  0.000000e+000  
0.000000e+000  0.000000e+000  0.000000e+000  0.000000e+000  0.000000e+000  0.000000e+000  0.000000e+000  0.000000e+000  0.000000e+000  0.000000e+000  0.000000e+000  0.000000e+000  0.000000e+000  0.000000e+000  0.000000e+000  0.000000e+000  0.000000e+000  0.000000e+000  
0.000000e+000  0.000000e+000  0.000000e+000  0.000000e+000  0.000000e+000  0.000000e+000  0.000000e+000  0.000000e+000  0.000000e+000  0.000000e+000  0.000000e+000  0.000000e+000  0.000000e+000  0.000000e+000  0.000000e+000  0.000000e+000  0.000000e+000  0.000000e+000  
0.000000e+000  0.000000e+000  0.000000e+000  0.000000e+000  0.000000e+000  0.000000e+000  0.000000e+000  0.000000e+000  0.000000e+000  0.000000e+000  0.000000e+000  0.000000e+000  0.000000e+000  0.000000e+000  0.000000e+000  0.000000e+000  0.000000e+000  0.000000e+000  
0.000000e+000  0.000000e+000  0.000000e+000  0.000000e+000  0.000000e+000  0.000000e+000  0.000000e+000  0.000000e+000  0.000000e+000  0.000000e+000  0.000000e+000  0.000000e+000  0.000000e+000  0.000000e+000  0.000000e+000  0.000000e+000  0.000000e+000  0.000000e+000  
0.000000e+000  0.000000e+000  0.000000e+000  0.000000e+000  0.000000e+000  0.000000e+000  0.000000e+000  0.000000e+000  0.000000e+000  0.000000e+000  0.000000e+000  0.000000e+000  0.000000e+000  0.000000e+000  0.000000e+000  0.000000e+000  0.000000e+000  0.000000e+000  
0.000000e+000  0.000000e+000  0.000000e+000  0.000000e+000  0.000000e+000  0.000000e+000  0.000000e+000  0.000000e+000  0.000000e+000  0.000000e+000  0.000000e+000  0.000000e+000  0.000000e+000  0.000000e+000  0.000000e+000  0.000000e+000  0.000000e+000  0.000000e+000  
0.000000e+000  0.000000e+000  0.000000e+000  0.000000e+000  0.000000e+000  0.000000e+000  0.000000e+000  0.000000e+000  0.000000e+000  0.000000e+000  0.000000e+000  0.000000e+000  0.000000e+000  0.000000e+000  0.000000e+000  0.000000e+000  0.000000e+000  0.000000e+000  
0.000000e+000  0.000000e+000  0.000000e+000  0.000000e+000  0.000000e+000  0.000000e+000  0.000000e+000  0.000000e+000  0.000000e+000  0.000000e+000  0.000000e+000  0.000000e+000  0.000000e+000  0.000000e+000  0.000000e+000  0.000000e+000  0.000000e+000  0.000000e+000  
0.000000e+000  0.000000e+000  0.000000e+000  0.000000e+000  0.000000e+000  0.000000e+000  0.000000e+000  0.000000e+000  0.000000e+000  0.000000e+000  0.000000e+000  0.000000e+000  0.000000e+000  0.000000e+000  0.000000e+000  0.000000e+000  0.000000e+000  0.000000e+000  
0.000000e+000  0.000000e+000  0.000000e+000  0.000000e+000  0.000000e+000  0.000000e+000  0.000000e+000  0.000000e+000  0.000000e+000  0.000000e+000  0.000000e+000  0.000000e+000  0.000000e+000  0.000000e+000  0.000000e+000  0.000000e+000  0.000000e+000  0.000000e+000  

5.626355e-001  5.609002e-001  5.574361e-001  5.518921e-001  5.442797e-001  5.355033e-001  5.250962e-001  5.153009e-001  5.072217e-001  4.986964e-001  4.721182e-001  4.159542e-001  3.535363e-001  2.976464e-001  2.531455e-001  2.226130e-001  2.071648e-001  0.000000e+000  
5.836321e-001  5.818119e-001  5.781785e-001  5.723631e-001  5.643774e-001  5.551701e-001  5.442512e-001  5.338383e-001  5.250733e-001  5.158269e-001  4.870168e-001  4.265018e-001  3.599728e-001  3.010546e-001  2.545829e-001  2.229214e-001  2.069704e-001  0.000000e+000  
6.242148e-001  6.222324e-001  6.182746e-001  6.119393e-001  6.032378e-001  5.932028e-001  5.812992e-001  5.696675e-001  5.595219e-001  5.488264e-001  5.155396e-001  4.464108e-001  3.719003e-001  3.072147e-001  2.570536e-001  2.233082e-001  2.064381e-001  0.000000e+000  
6.617576e-001  6.596284e-001  6.553772e-001  6.485707e-001  6.392189e-001  6.284299e-001  6.156267e-001  6.028336e-001  5.913317e-001  5.792163e-001  5.415548e-001  4.641764e-001  3.822449e-001  3.123497e-001  2.589412e-001  2.234002e-001  2.057496e-001  0.000000e+000  
6.819338e-001  6.797268e-001  6.753200e-001  6.682635e-001  6.585660e-001  6.473758e-001  6.340929e-001  6.206683e-001  6.084188e-001  5.955213e-001  5.554538e-001  4.735786e-001  3.876532e-001  3.149883e-001  2.598719e-001  2.233948e-001  2.053398e-001  0.000000e+000  
7.042457e-001  7.019543e-001  6.973782e-001  6.900492e-001  6.799748e-001  6.683461e-001  6.545383e-001  6.404064e-001  6.273071e-001  6.135219e-001  5.707265e-001  4.838024e-001  3.934549e-001  3.177638e-001  2.608033e-001  2.233253e-001  2.048408e-001  0.000000e+000  
7.288840e-001  7.265012e-001  7.217419e-001  7.141180e-001  7.036344e-001  6.915288e-001  6.771486e-001  6.622255e-001  6.481596e-001  6.333659e-001  5.874763e-001  4.948859e-001  3.996502e-001  3.206621e-001  2.617183e-001  2.231754e-001  2.042374e-001  0.000000e+000  
7.559800e-001  7.534993e-001  7.485437e-001  7.406031e-001  7.296792e-001  7.170594e-001  7.020599e-001  6.862544e-001  6.710907e-001  6.551534e-001  6.057600e-001  5.068292e-001  4.062140e-001  3.236549e-001  2.625932e-001  2.229267e-001  2.035142e-001  0.000000e+000  
7.855262e-001  7.829423e-001  7.777796e-001  7.695041e-001  7.581135e-001  7.449464e-001  7.292857e-001  7.125039e-001  6.961010e-001  6.788744e-001  6.255386e-001  5.195656e-001  4.130830e-001  3.266956e-001  2.633985e-001  2.225615e-001  2.026594e-001  0.000000e+000  
8.546102e-001  8.517954e-001  8.461681e-001  8.371398e-001  8.246956e-001  8.102885e-001  7.931226e-001  7.740236e-001  7.546128e-001  7.342624e-001  6.713917e-001  5.486292e-001  4.284316e-001  3.332618e-001  2.649224e-001  2.214831e-001  2.005038e-001  0.000000e+000  
9.986814e-001  9.954832e-001  9.890778e-001  9.787705e-001  9.644974e-001  9.478890e-001  9.279851e-001  9.037991e-001  8.772030e-001  8.494342e-001  7.640770e-001  6.037919e-001  4.551300e-001  3.429900e-001  2.655342e-001  2.176615e-001  1.949276e-001  0.000000e+000  
1.192757e+000  1.189335e+000  1.182450e+000  1.171290e+000  1.155663e+000  1.137258e+000  1.114898e+000  1.083436e+000  1.045077e+000  1.005269e+000  8.837944e-001  6.681136e-001  4.818203e-001  3.495102e-001  2.622849e-001  2.101168e-001  1.858216e-001  0.000000e+000  
1.430940e+000  1.427990e+000  1.421973e+000  1.412007e+000  1.397590e+000  1.380027e+000  1.357892e+000  1.316965e+000  1.259851e+000  1.201080e+000  1.023530e+000  7.319027e-001  5.013333e-001  3.486293e-001  2.530284e-001  1.978380e-001  1.726602e-001  0.000000e+000  
1.703090e+000  1.702552e+000  1.701196e+000  1.698270e+000  1.692590e+000  1.683863e+000  1.670439e+000  1.618122e+000  1.529990e+000  1.440434e+000  1.173874e+000  7.825133e-001  5.053430e-001  3.358727e-001  2.355357e-001  1.797059e-001  1.547665e-001  0.000000e+000  
1.966925e+000  1.973419e+000  1.985875e+000  2.004416e+000  2.026650e+000  2.047776e+000  2.066079e+000  2.002100e+000  1.859617e+000  1.718073e+000  1.307835e+000  7.981822e-001  4.829061e-001  3.064457e-001  2.078241e-001  1.549132e-001  1.317528e-001  0.000000e+000  
2.097603e+000  2.118995e+000  2.161533e+000  2.228932e+000  2.319065e+000  2.417795e+000  2.524108e+000  2.452074e+000  2.207915e+000  1.978583e+000  1.355602e+000  7.482018e-001  4.249663e-001  2.588580e-001  1.706757e-001  1.248145e-001  1.050769e-001  0.000000e+000  
1.982275e+000  2.014869e+000  2.081944e+000  2.194761e+000  2.361659e+000  2.567731e+000  2.821738e+000  2.743687e+000  2.350661e+000  2.027779e+000  1.266464e+000  6.613808e-001  3.645130e-001  2.179213e-001  1.418921e-001  1.028983e-001  8.624180e-002  0.000000e+000  
1.887613e+000  1.923095e+000  1.996853e+000  2.123441e+000  2.318765e+000  2.577247e+000  2.932823e+000  2.847698e+000  2.353062e+000  1.989044e+000  1.198939e+000  6.123409e-001  3.330174e-001  1.973929e-001  1.277810e-001  9.230468e-002  7.720292e-002  0.000000e+000  
1.748437e+000  1.783386e+000  1.856205e+000  1.982152e+000  2.181807e+000  2.466884e+000  2.946012e+000  2.849838e+000  2.232439e+000  1.857887e+000  1.102595e+000  5.545787e-001  2.982340e-001  1.754418e-001  1.129848e-001  8.133380e-002  6.790174e-002  0.000000e+000  
1.565503e+000  1.596343e+000  1.659696e+000  1.766057e+000  1.923499e+000  2.118939e+000  2.357233e+000  2.190564e+000  1.878867e+000  1.612328e+000  9.781588e-001  4.885085e-001  2.603738e-001  1.521810e-001  9.756622e-002  7.002344e-002  5.836594e-002  0.000000e+000  
1.343941e+000  1.368620e+000  1.418205e+000  1.497833e+000  1.605025e+000  1.717363e+000  1.812309e+000  1.616816e+000  1.484873e+000  1.317685e+000  8.313085e-001  4.149770e-001  2.197358e-001  1.277502e-001  8.159726e-002  5.841538e-002  4.862544e-002  0.000000e+000  
1.091400e+000  1.109620e+000  1.145521e+000  1.201070e+000  1.270541e+000  1.335636e+000  1.381374e+000  1.196220e+000  1.128251e+000  1.021942e+000  6.688995e-001  3.351344e-001  1.766971e-001  1.023133e-001  6.515870e-002  4.655492e-002  3.871212e-002  0.000000e+000  
4.967759e-001  5.024416e-001  5.131738e-001  5.286991e-001  5.460361e-001  5.603062e-001  5.689320e-001  4.602255e-001  4.441850e-001  4.138957e-001  2.967150e-001  1.520028e-001  7.957362e-002  4.563957e-002  2.885550e-002  2.051553e-002  1.701498e-002  0.000000e+000  
-4.967759e-001  -5.024416e-001  -5.131738e-001  -5.286991e-001  -5.460361e-001  -5.603062e-001  -5.689320e-001  -4.602255e-001  -4.441850e-001  -4.138957e-001  -2.967150e-001  -1.520028e-001  -7.957362e-002  -4.563957e-002  -2.885550e-002  -2.051553e-002  -1.701498e-002  0.000000e+000  
-1.091400e+000  -1.109620e+000  -1.145521e+000  -1.201070e+000  -1.270541e+000  -1.335636e+000  -1.381374e+000  -1.196220e+000  -1.128251e+000  -1.021942e+000  -6.688995e-001  -3.351344e-001  -1.766971e-001  -1.023133e-001  -6.515870e-002  -4.655492e-002  -3.871212e-002  0.000000e+000  
-1.343941e+000  -1.368620e+000  -1.418205e+000  -1.497833e+000  -1.605025e+000  -1.717363e+000  -1.812309e+000  -1.616816e+000  -1.484873e+000  -1.317685e+000  -8.313085e-001  -4.149770e-001  -2.197358e-001  -1.277502e-001  -8.159726e-002  -5.841538e-002  -4.862544e-002  0.000000e+000  
-1.565503e+000  -1.596343e+000  -1.659696e+000  -1.766057e+000  -1.923499e+000  -2.118939e+000  -2.357233e+000  -2.190564e+000  -1.878867e+000  -1.612328e+000  -9.781588e-001  -4.885085e-001  -2.603738e-001  -1.521810e-001  -9.756622e-002  -7.002344e-002  -5.836594e-002  0.000000e+000  
-1.748437e+000  -1.783386e+000  -1.856205e+000  -1.982152e+000  -2.181807e+000  -2.466884e+000  -2.946012e+000  -2.849838e+000  -2.232439e+000  -1.857887e+000  -1.102595e+000  -5.545787e-001  -2.982340e-001  -1.754418e-001  -1.129848e-001  -8.133380e-002  -6.790174e-002  0.000000e+000  
-1.887613e+000  -1.923095e+000  -1.996853e+000  -2.123441e+000  -2.318765e+000  -2.577247e+000  -2.932823e+000  -2.847698e+000  -2.353062e+000  -1.989044e+000  -1.198939e+000  -6.123409e-001  -3.330174e-001  -1.973929e-001  -1.277810e-001  -9.230468e-002  -7.720292e-002  0.000000e+000  
-1.982275e+000  -2.014869e+000  -2.081944e+000  -2.194761e+000  -2.361659e+000  -2.567731e+000  -2.821738e+000  -2.743687e+000  -2.350661e+000  -2.027779e+000  -1.266464e+000  -6.613808e-001  -3.645130e-001  -2.179213e-001  -1.418921e-001  -1.028983e-001  -8.624180e-002  0.000000e+000  
-2.097603e+000  -2.118995e+000  -2.161533e+000  -2.228932e+000  -2.319065e+000  -2.417795e+000  -2.524108e+000  -2.452074e+000  -2.207915e+000  -1.978583e+000  -1.355602e+000  -7.482018e-001  -4.249663e-001  -2.588580e-001  -1.706757e-001  -1.248145e-001  -1.050769e-001  0.000000e+000  
-1.966925e+000  -1.973419e+000  -1.985875e+000  -2.004416e+000  -2.026650e+000  -2.047776e+000  -2.066079e+000  -2.002100e+000  -1.859617e+000  -1.718073e+000  -1.307835e+000  -7.981822e-001  -4.829061e-001  -3.064457e-001  -2.078241e-001  -1.549132e-001  -1.317528e-001  0.000000e+000  
-1.703090e+000  -1.702552e+000  -1.701196e+000  -1.698270e+000  -1.692590e+000  -1.683863e+000  -1.670439e+000  -1.618122e+000  -1.529990e+000  -1.440434e+000  -1.173874e+000  -7.825133e-001  -5.053430e-001  -3.358727e-001  -2.355357e-001  -1.797059e-001  -1.547665e-001  0.000000e+000  
-1.430940e+000  -1.427990e+000  -1.421973e+000  -1.412007e+000  -1.397590e+000  -1.380027e+000  -1.357892e+000  -1.316965e+000  -1.259851e+000  -1.201080e+000  -1.023530e+000  -7.319027e-001  -5.013333e-001  -3.486293e-001  -2.530284e-001  -1.978380e-001  -1.726602e-001  0.000000e+000  
-1.192757e+000  -1.189335e+000  -1.182450e+000  -1.171290e+000  -1.155663e+000  -1.137258e+000  -1.114898e+000  -1.083436e+000  -1.045077e+000  -1.005269e+000  -8.837944e-001  -6.681136e-001  -4.818203e-001  -3.495102e-001  -2.622849e-001  -2.101168e-001  -1.858216e-001  0.000000e+000  
-9.986814e-001  -9.954832e-001  -9.890778e-001  -9.787705e-001  -9.644974e-001  -9.478890e-001  -9.279851e-001  -9.037991e-001  -8.772030e-001  -8.494342e-001  -7.640770e-001  -6.037919e-001  -4.551300e-001  -3.429900e-001  -2.655342e-001  -2.176615e-001  -1.949276e-001  0.000000e+000  
-8.546102e-001  -8.517954e-001  -8.461681e-001  -8.371398e-001  -8.246956e-001  -8.102885e-001  -7.931226e-001  -7.740236e-001  -7.546128e-001  -7.342624e-001  -6.713917e-001  -5.486292e-001  -4.284316e-001  -3.332618e-001  -2.649224e-001  -2.214831e-001  -2.005038e-001  0.000000e+000  
-7.855262e-001  -7.829423e-001  -7.777796e-001  -7.695041e-001  -7.581135e-001  -7.449464e-001  -7.292857e-001  -7.125039e-001  -6.961010e-001  -6.788744e-001  -6.255386e-001  -5.195656e-001  -4.130830e-001  -3.266956e-001  -2.633985e-001  -2.225615e-001  -2.026594e-001  0.000000e+000  
-7.559800e-001  -7.534993e-001  -7.485437e-001  -7.406031e-001  -7.296792e-001  -7.170594e-001  -7.020599e-001  -6.862544e-001  -6.710907e-001  -6.551534e-001  -6.057600e-001  -5.068292e-001  -4.062140e-001  -3.236549e-001  -2.625932e-001  -2.229267e-001  -2.035142e-001  0.000000e+000  
-7.288840e-001  -7.265012e-001  -7.217419e-001  -7.141180e-001  -7.036344e-001  -6.915288e-001  -6.771486e-001  -6.622255e-001  -6.481596e-001  -6.333659e-001  -5.874763e-001  -4.948859e-001  -3.996502e-001  -3.206621e-001  -2.617183e-001  -2.231754e-001  -2.042374e-001  0.000000e+000  
-7.042457e-001  -7.019543e-001  -6.973782e-001  -6.900492e-001  -6.799748e-001  -6.683461e-001  -6.545383e-001  -6.404064e-001  -6.273071e-001  -6.135219e-001  -5.707265e-001  -4.838024e-001  -3.934549e-001  -3.177638e-001  -2.608033e-001  -2.233253e-001  -2.048408e-001  0.000000e+000  
-6.819338e-001  -6.797268e-001  -6.753201e-001  -6.682635e-001  -6.585660e-001  -6.473758e-001  -6.340929e-001  -6.206683e-001  -6.084188e-001  -5.955213e-001  -5.554538e-001  -4.735786e-001  -3.876532e-001  -3.149883e-001  -2.598719e-001  -2.233948e-001  -2.053398e-001  0.000000e+000  
-6.617576e-001  -6.596284e-001  -6.553772e-001  -6.485707e-001  -6.392189e-001  -6.284299e-001  -6.156267e-001  -6.028336e-001  -5.913317e-001  -5.792163e-001  -5.415548e-001  -4.641764e-001  -3.822449e-001  -3.123497e-001  -2.589412e-001  -2.234002e-001  -2.057496e-001  0.000000e+000  
-6.242148e-001  -6.222324e-001  -6.182746e-001  -6.119393e-001  -6.032378e-001  -5.932028e-001  -5.812992e-001  -5.696675e-001  -5.595219e-001  -5.488264e-001  -5.155396e-001  -4.464108e-001  -3.719003e-001  -3.072147e-001  -2.570536e-001  -2.233082e-001  -2.064381e-001  0.000000e+000  
-5.836321e-001  -5.818119e-001  -5.781785e-001  -5.723631e-001  -5.643774e-001  -5.551701e-001  -5.442512e-001  -5.338383e-001  -5.250733e-001  -5.158269e-001  -4.870168e-001  -4.265018e-001  -3.599728e-001  -3.010546e-001  -2.545829e-001  -2.229214e-001  -2.069704e-001  0.000000e+000  
-5.626355e-001  -5.609002e-001  -5.574361e-001  -5.518921e-001  -5.442797e-001  -5.355033e-001  -5.250962e-001  -5.153009e-001  -5.072217e-001  -4.986964e-001  -4.721182e-001  -4.159542e-001  -3.535363e-001  -2.976464e-001  -2.531455e-001  -2.226130e-001  -2.071648e-001  0.000000e+000  
0.000000e+000  0.000000e+000  0.000000e+000  0.000000e+000  0.000000e+000  0.000000e+000  0.000000e+000  0.000000e+000  0.000000e+000  0.000000e+000  0.000000e+000  0.000000e+000  0.000000e+000  0.000000e+000  0.000000e+000  0.000000e+000  0.000000e+000  0.000000e+000  

