Port monitor named: Port1_e1.prt

nx        = 139
ny        = 125
nz        = 98

nu        = 18
nv        = 47
iu        = 42
iv        = 47

idir      = 1
dcut      = -1.500000e-002
icut      = 40
type      = 0
frequency = 5.500000e+009

fcutoff   = 0.000000e+000
alpha     = 0.000000e+000
beta      = 2.135565e+002
accuracy  = 6.545997e-012

type          = QTEM
wave imp.     = 2.142932e+002
wave imp.sig. = 8.179192e-009
line imp.     = 4.811516e+001

ref. port     = 0

-0.000000e+000  -0.000000e+000  -0.000000e+000  -0.000000e+000  -0.000000e+000  -0.000000e+000  -0.000000e+000  -0.000000e+000  -0.000000e+000  -0.000000e+000  -0.000000e+000  -0.000000e+000  -0.000000e+000  -0.000000e+000  -0.000000e+000  -0.000000e+000  -0.000000e+000  -0.000000e+000  
-8.946773e+000  -8.884866e+000  -8.762075e+000  -8.567627e+000  -8.305147e+000  -8.008399e+000  -7.664754e+000  -3.230390e+001  -3.175798e+001  -3.110388e+001  -2.886290e+001  -2.291554e+001  -1.617700e+001  -1.062575e+001  -6.702482e+000  -4.306254e+000  -3.191540e+000  -0.000000e+000  
-1.874566e+001  -1.860698e+001  -1.833211e+001  -1.789735e+001  -1.731162e+001  -1.665090e+001  -1.588786e+001  -6.681315e+001  -6.560877e+001  -6.417033e+001  -5.925828e+001  -4.647413e+001  -3.234531e+001  -2.095639e+001  -1.304815e+001  -8.280748e+000  -6.080920e+000  -0.000000e+000  
-2.900829e+001  -2.877154e+001  -2.830277e+001  -2.756260e+001  -2.656818e+001  -2.545008e+001  -2.416398e+001  -1.012518e+002  -9.924303e+001  -9.685677e+001  -8.875131e+001  -6.829477e+001  -4.652075e+001  -2.952795e+001  -1.803190e+001  -1.123382e+001  -8.134285e+000  -0.000000e+000  
-3.281411e+001  -3.253484e+001  -3.198211e+001  -3.111001e+001  -2.993974e+001  -2.862577e+001  -2.711694e+001  -1.134353e+002  -1.110905e+002  -1.083123e+002  -9.889927e+001  -7.547652e+001  -5.094879e+001  -3.206544e+001  -1.942676e+001  -1.201141e+001  -8.646754e+000  -0.000000e+000  
-3.692939e+001  -3.660085e+001  -3.595091e+001  -3.492621e+001  -3.355289e+001  -3.201316e+001  -3.024827e+001  -1.262976e+002  -1.235696e+002  -1.203468e+002  -1.094575e+002  -8.277562e+001  -5.532328e+001  -3.449658e+001  -2.071835e+001  -1.270298e+001  -9.085202e+000  -0.000000e+000  
-4.140993e+001  -4.102384e+001  -4.026041e+001  -3.905775e+001  -3.744801e+001  -3.564596e+001  -3.358428e+001  -1.399315e+002  -1.367635e+002  -1.330329e+002  -1.204661e+002  -9.018903e+001  -5.962620e+001  -3.680441e+001  -2.189461e+001  -1.330052e+001  -9.443651e+000  -0.000000e+000  
-4.636551e+001  -4.591108e+001  -4.501296e+001  -4.359929e+001  -4.170970e+001  -3.959776e+001  -3.718636e+001  -1.545688e+002  -1.508876e+002  -1.465679e+002  -1.320662e+002  -9.777449e+001  -6.387179e+001  -3.898819e+001  -2.295141e+001  -1.379987e+001  -9.718328e+000  -0.000000e+000  
-5.183862e+001  -5.130313e+001  -5.024535e+001  -4.858181e+001  -4.636141e+001  -4.388386e+001  -4.106089e+001  -1.702120e+002  -1.659330e+002  -1.609318e+002  -1.442045e+002  -1.054546e+002  -6.799575e+001  -4.100601e+001  -2.386447e+001  -1.418727e+001  -9.900136e+000  -0.000000e+000  
-5.792364e+001  -5.729145e+001  -5.604331e+001  -5.408216e+001  -5.146836e+001  -4.855690e+001  -4.524669e+001  -1.869903e+002  -1.820113e+002  -1.762175e+002  -1.569186e+002  -1.132083e+002  -7.196639e+001  -4.283435e+001  -2.461970e+001  -1.445469e+001  -9.983790e+000  -0.000000e+000  
-8.318535e+001  -8.209659e+001  -7.995060e+001  -7.658809e+001  -7.212732e+001  -6.718578e+001  -6.160622e+001  -2.515252e+002  -2.433537e+002  -2.339930e+002  -2.032649e+002  -1.391419e+002  -8.373183e+001  -4.734532e+001  -2.588915e+001  -1.442954e+001  -9.527494e+000  -0.000000e+000  
-1.274259e+002  -1.253488e+002  -1.212624e+002  -1.148798e+002  -1.064576e+002  -9.718750e+001  -8.680650e+001  -3.472412e+002  -3.325910e+002  -3.161936e+002  -2.635142e+002  -1.663272e+002  -9.223496e+001  -4.830431e+001  -2.443804e+001  -1.245943e+001  -7.536585e+000  -0.000000e+000  
-2.044349e+002  -2.002795e+002  -1.921161e+002  -1.793992e+002  -1.626965e+002  -1.444228e+002  -1.241256e+002  -4.811153e+002  -4.537177e+002  -4.239636e+002  -3.310412e+002  -1.860396e+002  -9.202071e+001  -4.311702e+001  -1.923418e+001  -8.207537e+000  -3.922892e+000  -0.000000e+000  
-3.475099e+002  -3.388978e+002  -3.219774e+002  -2.956239e+002  -2.610605e+002  -2.233762e+002  -1.817861e+002  -6.713105e+002  -6.179927e+002  -5.623253e+002  -3.949585e+002  -1.868299e+002  -7.754507e+001  -2.980977e+001  -9.780451e+000  -1.676953e+000  1.173338e+000  -0.000000e+000  
-6.282695e+002  -6.103117e+002  -5.748273e+002  -5.190967e+002  -4.452223e+002  -3.641107e+002  -2.744503e+002  -9.379782e+002  -8.296943e+002  -7.230539e+002  -4.211538e+002  -1.488212e+002  -4.233627e+001  -7.034115e+000  3.830033e+000  6.754632e+000  7.356428e+000  -0.000000e+000  
-1.197100e+003  -1.162906e+003  -1.093718e+003  -9.809343e+002  -8.231884e+002  -6.413266e+002  -4.324344e+002  -1.278288e+003  -1.041790e+003  -8.342650e+002  -3.212819e+002  -4.397796e+001  1.811005e+001  2.460543e+001  2.048293e+001  1.622617e+001  1.395808e+001  -0.000000e+000  
-2.177395e+003  -2.140108e+003  -2.057786e+003  -1.903648e+003  -1.639154e+003  -1.263755e+003  -7.382561e+002  -1.503915e+003  -9.297866e+002  -5.568519e+002  3.778732e+001  1.255813e+002  9.048553e+001  5.698505e+001  3.597069e+001  2.448561e+001  1.949600e+001  -0.000000e+000  
-2.568064e+003  -2.550157e+003  -2.507514e+003  -2.416136e+003  -2.218916e+003  -1.842553e+003  -1.090336e+003  -1.320023e+003  -4.766233e+002  -1.110224e+002  2.246291e+002  1.851693e+002  1.126784e+002  6.628840e+001  4.024750e+001  2.670537e+001  2.095993e+001  -0.000000e+000  
-2.978573e+003  -2.988357e+003  -3.007282e+003  -3.032126e+003  -3.030418e+003  -2.876597e+003  -2.050049e+003  -5.976386e+002  4.425963e+002  5.817062e+002  4.355923e+002  2.459284e+002  1.343770e+002  7.516389e+001  4.426060e+001  2.876379e+001  2.230749e+001  -0.000000e+000  
-3.374975e+003  -3.413225e+003  -3.499602e+003  -3.672274e+003  -4.024599e+003  -4.725782e+003  -6.486875e+003  4.553946e+003  2.243440e+003  1.459525e+003  6.445818e+002  3.045447e+002  1.549040e+002  8.341053e+001  4.793808e+001  3.063076e+001  2.352180e+001  -0.000000e+000  
-3.722379e+003  -3.777066e+003  -3.898255e+003  -4.130929e+003  -4.563794e+003  -5.283779e+003  -6.585460e+003  3.858197e+003  2.556648e+003  1.841626e+003  8.130966e+002  3.576664e+002  1.735906e+002  9.083262e+001  5.121135e+001  3.227814e+001  2.458733e+001  -0.000000e+000  
-4.000574e+003  -4.057308e+003  -4.177159e+003  -4.387345e+003  -4.716221e+003  -5.131203e+003  -5.573443e+003  2.763066e+003  2.301677e+003  1.866269e+003  9.314898e+002  4.028848e+002  1.898388e+002  9.724986e+001  5.401778e+001  3.368060e+001  2.549024e+001  -0.000000e+000  
-4.206869e+003  -4.257851e+003  -4.360004e+003  -4.522416e+003  -4.734260e+003  -4.941690e+003  -5.094497e+003  2.197789e+003  2.025853e+003  1.775989e+003  1.008854e+003  4.388892e+002  2.031552e+002  1.025042e+002  5.630234e+001  3.481607e+001  2.621862e+001  -0.000000e+000  
-4.425293e+003  -4.455265e+003  -4.512046e+003  -4.594215e+003  -4.686063e+003  -4.761783e+003  -4.807659e+003  1.752916e+003  1.684801e+003  1.556642e+003  1.063078e+003  4.884314e+002  2.236492e+002  1.106803e+002  5.981822e+001  3.654115e+001  2.731527e+001  -0.000000e+000  
-4.206869e+003  -4.257851e+003  -4.360004e+003  -4.522416e+003  -4.734260e+003  -4.941690e+003  -5.094497e+003  2.197789e+003  2.025853e+003  1.775989e+003  1.008854e+003  4.388892e+002  2.031552e+002  1.025042e+002  5.630234e+001  3.481607e+001  2.621862e+001  -0.000000e+000  
-4.000574e+003  -4.057308e+003  -4.177159e+003  -4.387345e+003  -4.716221e+003  -5.131203e+003  -5.573443e+003  2.763066e+003  2.301677e+003  1.866269e+003  9.314898e+002  4.028848e+002  1.898388e+002  9.724986e+001  5.401778e+001  3.368060e+001  2.549024e+001  -0.000000e+000  
-3.722379e+003  -3.777066e+003  -3.898255e+003  -4.130929e+003  -4.563794e+003  -5.283779e+003  -6.585460e+003  3.858197e+003  2.556648e+003  1.841626e+003  8.130966e+002  3.576664e+002  1.735906e+002  9.083262e+001  5.121135e+001  3.227814e+001  2.458733e+001  -0.000000e+000  
-3.374975e+003  -3.413225e+003  -3.499602e+003  -3.672274e+003  -4.024599e+003  -4.725782e+003  -6.486875e+003  4.553946e+003  2.243440e+003  1.459525e+003  6.445818e+002  3.045447e+002  1.549040e+002  8.341053e+001  4.793808e+001  3.063076e+001  2.352180e+001  -0.000000e+000  
-2.978573e+003  -2.988357e+003  -3.007282e+003  -3.032126e+003  -3.030418e+003  -2.876597e+003  -2.050049e+003  -5.976386e+002  4.425963e+002  5.817062e+002  4.355923e+002  2.459284e+002  1.343770e+002  7.516389e+001  4.426060e+001  2.876379e+001  2.230749e+001  -0.000000e+000  
-2.568064e+003  -2.550157e+003  -2.507514e+003  -2.416136e+003  -2.218916e+003  -1.842553e+003  -1.090336e+003  -1.320023e+003  -4.766233e+002  -1.110224e+002  2.246291e+002  1.851693e+002  1.126784e+002  6.628840e+001  4.024750e+001  2.670537e+001  2.095993e+001  -0.000000e+000  
-2.177395e+003  -2.140108e+003  -2.057786e+003  -1.903648e+003  -1.639154e+003  -1.263755e+003  -7.382561e+002  -1.503915e+003  -9.297866e+002  -5.568519e+002  3.778732e+001  1.255813e+002  9.048553e+001  5.698505e+001  3.597069e+001  2.448561e+001  1.949600e+001  -0.000000e+000  
-1.197100e+003  -1.162906e+003  -1.093718e+003  -9.809343e+002  -8.231884e+002  -6.413266e+002  -4.324344e+002  -1.278288e+003  -1.041790e+003  -8.342650e+002  -3.212819e+002  -4.397796e+001  1.811005e+001  2.460543e+001  2.048293e+001  1.622617e+001  1.395808e+001  -0.000000e+000  
-6.282695e+002  -6.103117e+002  -5.748273e+002  -5.190967e+002  -4.452223e+002  -3.641107e+002  -2.744503e+002  -9.379782e+002  -8.296943e+002  -7.230539e+002  -4.211538e+002  -1.488212e+002  -4.233627e+001  -7.034115e+000  3.830033e+000  6.754632e+000  7.356428e+000  -0.000000e+000  
-3.475099e+002  -3.388978e+002  -3.219774e+002  -2.956239e+002  -2.610605e+002  -2.233762e+002  -1.817861e+002  -6.713105e+002  -6.179927e+002  -5.623253e+002  -3.949585e+002  -1.868299e+002  -7.754507e+001  -2.980977e+001  -9.780451e+000  -1.676953e+000  1.173338e+000  -0.000000e+000  
-2.044349e+002  -2.002795e+002  -1.921161e+002  -1.793992e+002  -1.626965e+002  -1.444228e+002  -1.241256e+002  -4.811153e+002  -4.537177e+002  -4.239636e+002  -3.310412e+002  -1.860396e+002  -9.202071e+001  -4.311702e+001  -1.923418e+001  -8.207537e+000  -3.922892e+000  -0.000000e+000  
-1.274259e+002  -1.253488e+002  -1.212624e+002  -1.148798e+002  -1.064576e+002  -9.718750e+001  -8.680650e+001  -3.472412e+002  -3.325910e+002  -3.161936e+002  -2.635142e+002  -1.663272e+002  -9.223496e+001  -4.830431e+001  -2.443804e+001  -1.245943e+001  -7.536585e+000  -0.000000e+000  
-8.318535e+001  -8.209659e+001  -7.995060e+001  -7.658809e+001  -7.212732e+001  -6.718578e+001  -6.160622e+001  -2.515252e+002  -2.433537e+002  -2.339930e+002  -2.032649e+002  -1.391419e+002  -8.373183e+001  -4.734532e+001  -2.588915e+001  -1.442954e+001  -9.527494e+000  -0.000000e+000  
-5.792364e+001  -5.729145e+001  -5.604331e+001  -5.408216e+001  -5.146836e+001  -4.855690e+001  -4.524669e+001  -1.869903e+002  -1.820113e+002  -1.762175e+002  -1.569186e+002  -1.132083e+002  -7.196639e+001  -4.283435e+001  -2.461970e+001  -1.445469e+001  -9.983790e+000  -0.000000e+000  
-5.183862e+001  -5.130313e+001  -5.024535e+001  -4.858181e+001  -4.636141e+001  -4.388386e+001  -4.106089e+001  -1.702120e+002  -1.659330e+002  -1.609318e+002  -1.442045e+002  -1.054546e+002  -6.799575e+001  -4.100601e+001  -2.386447e+001  -1.418727e+001  -9.900136e+000  -0.000000e+000  
-4.636551e+001  -4.591108e+001  -4.501296e+001  -4.359929e+001  -4.170970e+001  -3.959776e+001  -3.718636e+001  -1.545688e+002  -1.508876e+002  -1.465679e+002  -1.320662e+002  -9.777449e+001  -6.387179e+001  -3.898819e+001  -2.295141e+001  -1.379987e+001  -9.718328e+000  -0.000000e+000  
-4.140993e+001  -4.102384e+001  -4.026041e+001  -3.905775e+001  -3.744801e+001  -3.564596e+001  -3.358428e+001  -1.399315e+002  -1.367635e+002  -1.330329e+002  -1.204661e+002  -9.018903e+001  -5.962620e+001  -3.680441e+001  -2.189461e+001  -1.330052e+001  -9.443651e+000  -0.000000e+000  
-3.692939e+001  -3.660085e+001  -3.595091e+001  -3.492621e+001  -3.355289e+001  -3.201316e+001  -3.024827e+001  -1.262976e+002  -1.235696e+002  -1.203468e+002  -1.094575e+002  -8.277562e+001  -5.532328e+001  -3.449658e+001  -2.071835e+001  -1.270298e+001  -9.085202e+000  -0.000000e+000  
-3.281411e+001  -3.253484e+001  -3.198211e+001  -3.111001e+001  -2.993974e+001  -2.862577e+001  -2.711694e+001  -1.134353e+002  -1.110905e+002  -1.083123e+002  -9.889927e+001  -7.547652e+001  -5.094879e+001  -3.206544e+001  -1.942676e+001  -1.201141e+001  -8.646754e+000  -0.000000e+000  
-2.900829e+001  -2.877154e+001  -2.830277e+001  -2.756260e+001  -2.656818e+001  -2.545008e+001  -2.416398e+001  -1.012518e+002  -9.924303e+001  -9.685677e+001  -8.875131e+001  -6.829477e+001  -4.652075e+001  -2.952795e+001  -1.803190e+001  -1.123382e+001  -8.134285e+000  -0.000000e+000  
-1.874566e+001  -1.860698e+001  -1.833211e+001  -1.789735e+001  -1.731162e+001  -1.665090e+001  -1.588786e+001  -6.681315e+001  -6.560877e+001  -6.417033e+001  -5.925828e+001  -4.647413e+001  -3.234531e+001  -2.095639e+001  -1.304815e+001  -8.280748e+000  -6.080920e+000  -0.000000e+000  
-8.946773e+000  -8.884866e+000  -8.762075e+000  -8.567627e+000  -8.305147e+000  -8.008399e+000  -7.664754e+000  -3.230390e+001  -3.175798e+001  -3.110388e+001  -2.886290e+001  -2.291554e+001  -1.617700e+001  -1.062575e+001  -6.702482e+000  -4.306254e+000  -3.191540e+000  -0.000000e+000  
-0.000000e+000  -0.000000e+000  -0.000000e+000  -0.000000e+000  -0.000000e+000  -0.000000e+000  -0.000000e+000  -0.000000e+000  -0.000000e+000  -0.000000e+000  -0.000000e+000  -0.000000e+000  -0.000000e+000  -0.000000e+000  -0.000000e+000  -0.000000e+000  -0.000000e+000  -0.000000e+000  

-0.000000e+000  3.172524e+000  6.344091e+000  9.513547e+000  1.312474e+001  1.628376e+001  1.943373e+001  2.257086e+001  1.889385e+001  1.528581e+001  1.177293e+001  -3.870364e+000  -1.617203e+001  -2.097874e+001  -1.990042e+001  -1.498670e+001  -7.947458e+000  -0.000000e+000  
-0.000000e+000  3.157570e+000  6.317182e+000  9.480571e+000  1.309530e+001  1.626941e+001  1.944758e+001  2.262743e+001  1.851887e+001  1.450411e+001  1.061406e+001  -6.406177e+000  -1.912587e+001  -2.350103e+001  -2.169687e+001  -1.607928e+001  -8.452138e+000  -0.000000e+000  
-0.000000e+000  3.086848e+000  6.182949e+000  9.296975e+000  1.288048e+001  1.605604e+001  1.926707e+001  2.251451e+001  1.751937e+001  1.267517e+001  8.022503e+000  -1.167831e+001  -2.503240e+001  -2.840602e+001  -2.511593e+001  -1.812571e+001  -9.387890e+000  -0.000000e+000  
-0.000000e+000  2.956383e+000  5.930964e+000  8.941011e+000  1.243699e+001  1.557145e+001  1.878019e+001  2.206816e+001  1.617763e+001  1.050524e+001  5.101328e+000  -1.708058e+001  -3.075561e+001  -3.296944e+001  -2.819792e+001  -1.992734e+001  -1.019939e+001  -0.000000e+000  
-0.000000e+000  2.869523e+000  5.762655e+000  8.701866e+000  1.213584e+001  1.523749e+001  1.843684e+001  2.174127e+001  1.535186e+001  9.220443e+000  3.402718e+000  -2.010563e+001  -3.388649e+001  -3.542413e+001  -2.983435e+001  -2.087476e+001  -1.062351e+001  -0.000000e+000  
-0.000000e+000  2.752367e+000  5.535100e+000  8.377159e+000  1.172376e+001  1.477568e+001  1.795451e+001  2.127058e+001  1.430797e+001  7.652144e+000  1.364873e+000  -2.359841e+001  -3.741334e+001  -3.813975e+001  -3.161951e+001  -2.189747e+001  -1.107826e+001  -0.000000e+000  
-0.000000e+000  2.596260e+000  5.231339e+000  7.942312e+000  1.116870e+001  1.414881e+001  1.729228e+001  2.061312e+001  1.299142e+001  5.736351e+000  -1.083434e+000  -2.763373e+001  -4.138288e+001  -4.113767e+001  -3.356067e+001  -2.299694e+001  -1.156355e+001  -0.000000e+000  
-0.000000e+000  2.390384e+000  4.830171e+000  7.366588e+000  1.043055e+001  1.331024e+001  1.639883e+001  1.971488e+001  1.133645e+001  3.398182e+000  -4.023622e+000  -3.228798e+001  -4.583518e+001  -4.443082e+001  -3.565831e+001  -2.417034e+001  -1.207730e+001  -0.000000e+000  
-0.000000e+000  2.122709e+000  4.308008e+000  6.615775e+000  9.464605e+000  1.220794e+001  1.521683e+001  1.851540e+001  9.273634e+000  5.619197e-001  -7.534996e+000  -3.762099e+001  -5.078820e+001  -4.801379e+001  -3.790078e+001  -2.540800e+001  -1.261442e+001  -0.000000e+000  
-0.000000e+000  1.379570e+000  2.857111e+000  4.526421e+000  6.769459e+000  9.121719e+000  1.189119e+001  1.511672e+001  3.758493e+000  -6.833025e+000  -1.655342e+001  -5.074810e+001  -6.260508e+001  -5.636213e+001  -4.302830e+001  -2.819720e+001  -1.381333e+001  -0.000000e+000  
-0.000000e+000  -1.209138e+000  -2.205303e+000  -2.784554e+000  -2.708854e+000  -1.802968e+000  1.039592e-002  2.815956e+000  -1.373563e+001  -2.879179e+001  -4.221158e+001  -8.332804e+001  -8.891120e+001  -7.342008e+001  -5.279208e+001  -3.321802e+001  -1.589025e+001  -0.000000e+000  
-0.000000e+000  -7.413970e+000  -1.434791e+001  -2.034192e+001  -2.551892e+001  -2.816397e+001  -2.876436e+001  -2.713321e+001  -5.224325e+001  -7.425932e+001  -9.302933e+001  -1.376388e+002  -1.267789e+002  -9.523571e+001  -6.408618e+001  -3.855604e+001  -1.796729e+001  -0.000000e+000  
-0.000000e+000  -2.141348e+001  -4.175497e+001  -5.999214e+001  -7.706527e+001  -8.776044e+001  -9.383244e+001  -9.486086e+001  -1.329460e+002  -1.645134e+002  -1.895829e+002  -2.217610e+002  -1.756792e+002  -1.194388e+002  -7.500371e+001  -4.308950e+001  -1.955135e+001  -0.000000e+000  
-0.000000e+000  -5.277104e+001  -1.032391e+002  -1.491353e+002  -1.932483e+002  -2.222636e+002  -2.406380e+002  -2.472705e+002  -3.031460e+002  -3.448422e+002  -3.734741e+002  -3.461266e+002  -2.330148e+002  -1.424466e+002  -8.327902e+001  -4.566693e+001  -2.017889e+001  -0.000000e+000  
-0.000000e+000  -1.213522e+002  -2.386312e+002  -3.474649e+002  -4.553396e+002  -5.289706e+002  -5.775125e+002  -5.964281e+002  -6.684162e+002  -7.066450e+002  -7.186299e+002  -5.121465e+002  -2.881991e+002  -1.576136e+002  -8.578613e+001  -4.496874e+001  -1.937685e+001  -0.000000e+000  
-0.000000e+000  -2.487470e+002  -4.964364e+002  -7.401058e+002  -1.004378e+003  -1.205851e+003  -1.353224e+003  -1.412632e+003  -1.455099e+003  -1.396861e+003  -1.290477e+003  -6.732218e+002  -3.150512e+002  -1.553319e+002  -7.942640e+001  -4.008596e+001  -1.691841e+001  -0.000000e+000  
-0.000000e+000  -3.351508e+002  -6.875676e+002  -1.075331e+003  -1.581387e+003  -2.084403e+003  -2.584539e+003  -2.876511e+003  -2.660739e+003  -2.176864e+003  -1.703910e+003  -6.997868e+002  -2.972964e+002  -1.397423e+002  -6.947963e+001  -3.447910e+001  -1.441929e+001  -0.000000e+000  
-0.000000e+000  -3.540722e+002  -7.329220e+002  -1.166912e+003  -1.780884e+003  -2.494566e+003  -3.407637e+003  -4.249810e+003  -3.488226e+003  -2.532909e+003  -1.810637e+003  -6.892940e+002  -2.829099e+002  -1.303782e+002  -6.402699e+001  -3.153177e+001  -1.313168e+001  -0.000000e+000  
-0.000000e+000  -3.426276e+002  -7.107410e+002  -1.139342e+003  -1.779885e+003  -2.660637e+003  -4.314327e+003  -7.600542e+003  -4.511942e+003  -2.666171e+003  -1.758102e+003  -6.518247e+002  -2.621136e+002  -1.189057e+002  -5.777132e+001  -2.825973e+001  -1.172536e+001  -0.000000e+000  
-0.000000e+000  -2.999663e+002  -6.145464e+002  -9.600947e+002  -1.415213e+003  -1.885709e+003  -2.371362e+003  -0.000000e+000  -2.225410e+003  -1.888204e+003  -1.484201e+003  -5.873509e+002  -2.350688e+002  -1.054152e+002  -5.076173e+001  -2.468728e+001  -1.021019e+001  -0.000000e+000  
-0.000000e+000  -2.393299e+002  -4.802760e+002  -7.195266e+002  -9.683001e+002  -1.090980e+003  -9.358376e+002  -0.000000e+000  -9.374508e+002  -1.179256e+003  -1.140034e+003  -5.021932e+002  -2.023779e+002  -9.007442e+001  -4.306800e+001  -2.084528e+001  -8.598074e+000  -0.000000e+000  
-0.000000e+000  -1.765518e+002  -3.477075e+002  -5.024566e+002  -6.289264e+002  -6.329304e+002  -4.479892e+002  -0.000000e+000  -4.805134e+002  -7.472826e+002  -8.275187e+002  -4.039685e+002  -1.649396e+002  -7.311911e+001  -3.477897e+001  -1.677059e+001  -6.902755e+000  -0.000000e+000  
-0.000000e+000  -5.491415e+001  -1.040262e+002  -1.406225e+002  -1.571591e+002  -1.386622e+002  -8.399821e+001  -0.000000e+000  -1.123672e+002  -2.115592e+002  -2.739633e+002  -1.761140e+002  -7.611318e+001  -3.366526e+001  -1.583124e+001  -7.564782e+000  -3.097249e+000  -0.000000e+000  
-0.000000e+000  5.491415e+001  1.040262e+002  1.406225e+002  1.571591e+002  1.386622e+002  8.399821e+001  -0.000000e+000  1.123672e+002  2.115592e+002  2.739633e+002  1.761140e+002  7.611318e+001  3.366526e+001  1.583124e+001  7.564782e+000  3.097249e+000  -0.000000e+000  
-0.000000e+000  1.765518e+002  3.477075e+002  5.024566e+002  6.289264e+002  6.329304e+002  4.479892e+002  -0.000000e+000  4.805134e+002  7.472826e+002  8.275187e+002  4.039685e+002  1.649396e+002  7.311911e+001  3.477897e+001  1.677059e+001  6.902755e+000  -0.000000e+000  
-0.000000e+000  2.393299e+002  4.802760e+002  7.195266e+002  9.683001e+002  1.090980e+003  9.358376e+002  -0.000000e+000  9.374508e+002  1.179256e+003  1.140034e+003  5.021932e+002  2.023779e+002  9.007442e+001  4.306800e+001  2.084528e+001  8.598074e+000  -0.000000e+000  
-0.000000e+000  2.999663e+002  6.145464e+002  9.600947e+002  1.415213e+003  1.885709e+003  2.371362e+003  -0.000000e+000  2.225410e+003  1.888204e+003  1.484201e+003  5.873509e+002  2.350688e+002  1.054152e+002  5.076173e+001  2.468728e+001  1.021019e+001  -0.000000e+000  
-0.000000e+000  3.426276e+002  7.107410e+002  1.139342e+003  1.779885e+003  2.660637e+003  4.314327e+003  7.600542e+003  4.511942e+003  2.666171e+003  1.758102e+003  6.518247e+002  2.621136e+002  1.189057e+002  5.777132e+001  2.825973e+001  1.172536e+001  -0.000000e+000  
-0.000000e+000  3.540722e+002  7.329220e+002  1.166912e+003  1.780884e+003  2.494566e+003  3.407637e+003  4.249810e+003  3.488226e+003  2.532909e+003  1.810637e+003  6.892940e+002  2.829099e+002  1.303782e+002  6.402699e+001  3.153177e+001  1.313168e+001  -0.000000e+000  
-0.000000e+000  3.351508e+002  6.875676e+002  1.075331e+003  1.581387e+003  2.084403e+003  2.584539e+003  2.876511e+003  2.660739e+003  2.176864e+003  1.703910e+003  6.997868e+002  2.972964e+002  1.397423e+002  6.947963e+001  3.447910e+001  1.441929e+001  -0.000000e+000  
-0.000000e+000  2.487470e+002  4.964364e+002  7.401058e+002  1.004378e+003  1.205851e+003  1.353224e+003  1.412632e+003  1.455099e+003  1.396861e+003  1.290477e+003  6.732218e+002  3.150512e+002  1.553319e+002  7.942640e+001  4.008596e+001  1.691841e+001  -0.000000e+000  
-0.000000e+000  1.213522e+002  2.386312e+002  3.474649e+002  4.553396e+002  5.289706e+002  5.775125e+002  5.964281e+002  6.684162e+002  7.066450e+002  7.186299e+002  5.121465e+002  2.881991e+002  1.576136e+002  8.578613e+001  4.496874e+001  1.937685e+001  -0.000000e+000  
-0.000000e+000  5.277104e+001  1.032391e+002  1.491353e+002  1.932483e+002  2.222636e+002  2.406380e+002  2.472705e+002  3.031460e+002  3.448422e+002  3.734741e+002  3.461266e+002  2.330148e+002  1.424466e+002  8.327902e+001  4.566693e+001  2.017889e+001  -0.000000e+000  
-0.000000e+000  2.141348e+001  4.175497e+001  5.999214e+001  7.706527e+001  8.776044e+001  9.383244e+001  9.486086e+001  1.329460e+002  1.645134e+002  1.895829e+002  2.217610e+002  1.756792e+002  1.194388e+002  7.500371e+001  4.308950e+001  1.955135e+001  -0.000000e+000  
-0.000000e+000  7.413970e+000  1.434791e+001  2.034192e+001  2.551892e+001  2.816397e+001  2.876436e+001  2.713321e+001  5.224325e+001  7.425932e+001  9.302933e+001  1.376388e+002  1.267789e+002  9.523571e+001  6.408618e+001  3.855604e+001  1.796729e+001  -0.000000e+000  
-0.000000e+000  1.209138e+000  2.205303e+000  2.784554e+000  2.708854e+000  1.802968e+000  -1.039592e-002  -2.815956e+000  1.373563e+001  2.879179e+001  4.221158e+001  8.332804e+001  8.891120e+001  7.342008e+001  5.279208e+001  3.321802e+001  1.589025e+001  -0.000000e+000  
-0.000000e+000  -1.379570e+000  -2.857111e+000  -4.526421e+000  -6.769459e+000  -9.121719e+000  -1.189119e+001  -1.511672e+001  -3.758493e+000  6.833025e+000  1.655342e+001  5.074810e+001  6.260508e+001  5.636213e+001  4.302830e+001  2.819720e+001  1.381333e+001  -0.000000e+000  
-0.000000e+000  -2.122709e+000  -4.308008e+000  -6.615775e+000  -9.464605e+000  -1.220794e+001  -1.521683e+001  -1.851540e+001  -9.273634e+000  -5.619197e-001  7.534996e+000  3.762099e+001  5.078820e+001  4.801379e+001  3.790078e+001  2.540800e+001  1.261442e+001  -0.000000e+000  
-0.000000e+000  -2.390384e+000  -4.830171e+000  -7.366588e+000  -1.043055e+001  -1.331024e+001  -1.639883e+001  -1.971488e+001  -1.133645e+001  -3.398182e+000  4.023622e+000  3.228798e+001  4.583518e+001  4.443082e+001  3.565831e+001  2.417034e+001  1.207730e+001  -0.000000e+000  
-0.000000e+000  -2.596260e+000  -5.231339e+000  -7.942312e+000  -1.116870e+001  -1.414881e+001  -1.729228e+001  -2.061312e+001  -1.299142e+001  -5.736351e+000  1.083434e+000  2.763373e+001  4.138288e+001  4.113767e+001  3.356067e+001  2.299694e+001  1.156355e+001  -0.000000e+000  
-0.000000e+000  -2.752367e+000  -5.535100e+000  -8.377159e+000  -1.172376e+001  -1.477568e+001  -1.795451e+001  -2.127058e+001  -1.430797e+001  -7.652144e+000  -1.364873e+000  2.359841e+001  3.741334e+001  3.813975e+001  3.161951e+001  2.189747e+001  1.107826e+001  -0.000000e+000  
-0.000000e+000  -2.869523e+000  -5.762655e+000  -8.701866e+000  -1.213584e+001  -1.523749e+001  -1.843684e+001  -2.174127e+001  -1.535186e+001  -9.220443e+000  -3.402718e+000  2.010563e+001  3.388649e+001  3.542413e+001  2.983435e+001  2.087476e+001  1.062351e+001  -0.000000e+000  
-0.000000e+000  -2.956383e+000  -5.930964e+000  -8.941011e+000  -1.243699e+001  -1.557145e+001  -1.878019e+001  -2.206816e+001  -1.617763e+001  -1.050524e+001  -5.101328e+000  1.708058e+001  3.075561e+001  3.296944e+001  2.819792e+001  1.992734e+001  1.019939e+001  -0.000000e+000  
-0.000000e+000  -3.086848e+000  -6.182949e+000  -9.296975e+000  -1.288048e+001  -1.605604e+001  -1.926707e+001  -2.251451e+001  -1.751937e+001  -1.267517e+001  -8.022503e+000  1.167831e+001  2.503240e+001  2.840602e+001  2.511593e+001  1.812571e+001  9.387890e+000  -0.000000e+000  
-0.000000e+000  -3.157570e+000  -6.317182e+000  -9.480571e+000  -1.309530e+001  -1.626941e+001  -1.944758e+001  -2.262743e+001  -1.851887e+001  -1.450411e+001  -1.061406e+001  6.406177e+000  1.912587e+001  2.350103e+001  2.169687e+001  1.607928e+001  8.452138e+000  -0.000000e+000  
-0.000000e+000  -3.172524e+000  -6.344091e+000  -9.513547e+000  -1.312474e+001  -1.628376e+001  -1.943373e+001  -2.257086e+001  -1.889385e+001  -1.528581e+001  -1.177293e+001  3.870364e+000  1.617203e+001  2.097874e+001  1.990042e+001  1.498670e+001  7.947458e+000  -0.000000e+000  
-0.000000e+000  -0.000000e+000  -0.000000e+000  -0.000000e+000  -0.000000e+000  -0.000000e+000  -0.000000e+000  -0.000000e+000  -0.000000e+000  -0.000000e+000  -0.000000e+000  -0.000000e+000  -0.000000e+000  -0.000000e+000  -0.000000e+000  -0.000000e+000  -0.000000e+000  -0.000000e+000  

0.000000e+000  0.000000e+000  0.000000e+000  0.000000e+000  0.000000e+000  0.000000e+000  0.000000e+000  0.000000e+000  0.000000e+000  0.000000e+000  0.000000e+000  0.000000e+000  0.000000e+000  0.000000e+000  0.000000e+000  0.000000e+000  0.000000e+000  0.000000e+000  
0.000000e+000  0.000000e+000  0.000000e+000  0.000000e+000  0.000000e+000  0.000000e+000  0.000000e+000  0.000000e+000  0.000000e+000  0.000000e+000  0.000000e+000  0.000000e+000  0.000000e+000  0.000000e+000  0.000000e+000  0.000000e+000  0.000000e+000  0.000000e+000  
0.000000e+000  0.000000e+000  0.000000e+000  0.000000e+000  0.000000e+000  0.000000e+000  0.000000e+000  0.000000e+000  0.000000e+000  0.000000e+000  0.000000e+000  0.000000e+000  0.000000e+000  0.000000e+000  0.000000e+000  0.000000e+000  0.000000e+000  0.000000e+000  
0.000000e+000  0.000000e+000  0.000000e+000  0.000000e+000  0.000000e+000  0.000000e+000  0.000000e+000  0.000000e+000  0.000000e+000  0.000000e+000  0.000000e+000  0.000000e+000  0.000000e+000  0.000000e+000  0.000000e+000  0.000000e+000  0.000000e+000  0.000000e+000  
0.000000e+000  0.000000e+000  0.000000e+000  0.000000e+000  0.000000e+000  0.000000e+000  0.000000e+000  0.000000e+000  0.000000e+000  0.000000e+000  0.000000e+000  0.000000e+000  0.000000e+000  0.000000e+000  0.000000e+000  0.000000e+000  0.000000e+000  0.000000e+000  
0.000000e+000  0.000000e+000  0.000000e+000  0.000000e+000  0.000000e+000  0.000000e+000  0.000000e+000  0.000000e+000  0.000000e+000  0.000000e+000  0.000000e+000  0.000000e+000  0.000000e+000  0.000000e+000  0.000000e+000  0.000000e+000  0.000000e+000  0.000000e+000  
0.000000e+000  0.000000e+000  0.000000e+000  0.000000e+000  0.000000e+000  0.000000e+000  0.000000e+000  0.000000e+000  0.000000e+000  0.000000e+000  0.000000e+000  0.000000e+000  0.000000e+000  0.000000e+000  0.000000e+000  0.000000e+000  0.000000e+000  0.000000e+000  
0.000000e+000  0.000000e+000  0.000000e+000  0.000000e+000  0.000000e+000  0.000000e+000  0.000000e+000  0.000000e+000  0.000000e+000  0.000000e+000  0.000000e+000  0.000000e+000  0.000000e+000  0.000000e+000  0.000000e+000  0.000000e+000  0.000000e+000  0.000000e+000  
0.000000e+000  0.000000e+000  0.000000e+000  0.000000e+000  0.000000e+000  0.000000e+000  0.000000e+000  0.000000e+000  0.000000e+000  0.000000e+000  0.000000e+000  0.000000e+000  0.000000e+000  0.000000e+000  0.000000e+000  0.000000e+000  0.000000e+000  0.000000e+000  
0.000000e+000  0.000000e+000  0.000000e+000  0.000000e+000  0.000000e+000  0.000000e+000  0.000000e+000  0.000000e+000  0.000000e+000  0.000000e+000  0.000000e+000  0.000000e+000  0.000000e+000  0.000000e+000  0.000000e+000  0.000000e+000  0.000000e+000  0.000000e+000  
0.000000e+000  0.000000e+000  0.000000e+000  0.000000e+000  0.000000e+000  0.000000e+000  0.000000e+000  0.000000e+000  0.000000e+000  0.000000e+000  0.000000e+000  0.000000e+000  0.000000e+000  0.000000e+000  0.000000e+000  0.000000e+000  0.000000e+000  0.000000e+000  
0.000000e+000  0.000000e+000  0.000000e+000  0.000000e+000  0.000000e+000  0.000000e+000  0.000000e+000  0.000000e+000  0.000000e+000  0.000000e+000  0.000000e+000  0.000000e+000  0.000000e+000  0.000000e+000  0.000000e+000  0.000000e+000  0.000000e+000  0.000000e+000  
0.000000e+000  0.000000e+000  0.000000e+000  0.000000e+000  0.000000e+000  0.000000e+000  0.000000e+000  0.000000e+000  0.000000e+000  0.000000e+000  0.000000e+000  0.000000e+000  0.000000e+000  0.000000e+000  0.000000e+000  0.000000e+000  0.000000e+000  0.000000e+000  
0.000000e+000  0.000000e+000  0.000000e+000  0.000000e+000  0.000000e+000  0.000000e+000  0.000000e+000  0.000000e+000  0.000000e+000  0.000000e+000  0.000000e+000  0.000000e+000  0.000000e+000  0.000000e+000  0.000000e+000  0.000000e+000  0.000000e+000  0.000000e+000  
0.000000e+000  0.000000e+000  0.000000e+000  0.000000e+000  0.000000e+000  0.000000e+000  0.000000e+000  0.000000e+000  0.000000e+000  0.000000e+000  0.000000e+000  0.000000e+000  0.000000e+000  0.000000e+000  0.000000e+000  0.000000e+000  0.000000e+000  0.000000e+000  
0.000000e+000  0.000000e+000  0.000000e+000  0.000000e+000  0.000000e+000  0.000000e+000  0.000000e+000  0.000000e+000  0.000000e+000  0.000000e+000  0.000000e+000  0.000000e+000  0.000000e+000  0.000000e+000  0.000000e+000  0.000000e+000  0.000000e+000  0.000000e+000  
0.000000e+000  0.000000e+000  0.000000e+000  0.000000e+000  0.000000e+000  0.000000e+000  0.000000e+000  0.000000e+000  0.000000e+000  0.000000e+000  0.000000e+000  0.000000e+000  0.000000e+000  0.000000e+000  0.000000e+000  0.000000e+000  0.000000e+000  0.000000e+000  
0.000000e+000  0.000000e+000  0.000000e+000  0.000000e+000  0.000000e+000  0.000000e+000  0.000000e+000  0.000000e+000  0.000000e+000  0.000000e+000  0.000000e+000  0.000000e+000  0.000000e+000  0.000000e+000  0.000000e+000  0.000000e+000  0.000000e+000  0.000000e+000  
0.000000e+000  0.000000e+000  0.000000e+000  0.000000e+000  0.000000e+000  0.000000e+000  0.000000e+000  0.000000e+000  0.000000e+000  0.000000e+000  0.000000e+000  0.000000e+000  0.000000e+000  0.000000e+000  0.000000e+000  0.000000e+000  0.000000e+000  0.000000e+000  
0.000000e+000  0.000000e+000  0.000000e+000  0.000000e+000  0.000000e+000  0.000000e+000  0.000000e+000  0.000000e+000  0.000000e+000  0.000000e+000  0.000000e+000  0.000000e+000  0.000000e+000  0.000000e+000  0.000000e+000  0.000000e+000  0.000000e+000  0.000000e+000  
0.000000e+000  0.000000e+000  0.000000e+000  0.000000e+000  0.000000e+000  0.000000e+000  0.000000e+000  0.000000e+000  0.000000e+000  0.000000e+000  0.000000e+000  0.000000e+000  0.000000e+000  0.000000e+000  0.000000e+000  0.000000e+000  0.000000e+000  0.000000e+000  
0.000000e+000  0.000000e+000  0.000000e+000  0.000000e+000  0.000000e+000  0.000000e+000  0.000000e+000  0.000000e+000  0.000000e+000  0.000000e+000  0.000000e+000  0.000000e+000  0.000000e+000  0.000000e+000  0.000000e+000  0.000000e+000  0.000000e+000  0.000000e+000  
0.000000e+000  0.000000e+000  0.000000e+000  0.000000e+000  0.000000e+000  0.000000e+000  0.000000e+000  0.000000e+000  0.000000e+000  0.000000e+000  0.000000e+000  0.000000e+000  0.000000e+000  0.000000e+000  0.000000e+000  0.000000e+000  0.000000e+000  0.000000e+000  
0.000000e+000  0.000000e+000  0.000000e+000  0.000000e+000  0.000000e+000  0.000000e+000  0.000000e+000  0.000000e+000  0.000000e+000  0.000000e+000  0.000000e+000  0.000000e+000  0.000000e+000  0.000000e+000  0.000000e+000  0.000000e+000  0.000000e+000  0.000000e+000  
0.000000e+000  0.000000e+000  0.000000e+000  0.000000e+000  0.000000e+000  0.000000e+000  0.000000e+000  0.000000e+000  0.000000e+000  0.000000e+000  0.000000e+000  0.000000e+000  0.000000e+000  0.000000e+000  0.000000e+000  0.000000e+000  0.000000e+000  0.000000e+000  
0.000000e+000  0.000000e+000  0.000000e+000  0.000000e+000  0.000000e+000  0.000000e+000  0.000000e+000  0.000000e+000  0.000000e+000  0.000000e+000  0.000000e+000  0.000000e+000  0.000000e+000  0.000000e+000  0.000000e+000  0.000000e+000  0.000000e+000  0.000000e+000  
0.000000e+000  0.000000e+000  0.000000e+000  0.000000e+000  0.000000e+000  0.000000e+000  0.000000e+000  0.000000e+000  0.000000e+000  0.000000e+000  0.000000e+000  0.000000e+000  0.000000e+000  0.000000e+000  0.000000e+000  0.000000e+000  0.000000e+000  0.000000e+000  
0.000000e+000  0.000000e+000  0.000000e+000  0.000000e+000  0.000000e+000  0.000000e+000  0.000000e+000  0.000000e+000  0.000000e+000  0.000000e+000  0.000000e+000  0.000000e+000  0.000000e+000  0.000000e+000  0.000000e+000  0.000000e+000  0.000000e+000  0.000000e+000  
0.000000e+000  0.000000e+000  0.000000e+000  0.000000e+000  0.000000e+000  0.000000e+000  0.000000e+000  0.000000e+000  0.000000e+000  0.000000e+000  0.000000e+000  0.000000e+000  0.000000e+000  0.000000e+000  0.000000e+000  0.000000e+000  0.000000e+000  0.000000e+000  
0.000000e+000  0.000000e+000  0.000000e+000  0.000000e+000  0.000000e+000  0.000000e+000  0.000000e+000  0.000000e+000  0.000000e+000  0.000000e+000  0.000000e+000  0.000000e+000  0.000000e+000  0.000000e+000  0.000000e+000  0.000000e+000  0.000000e+000  0.000000e+000  
0.000000e+000  0.000000e+000  0.000000e+000  0.000000e+000  0.000000e+000  0.000000e+000  0.000000e+000  0.000000e+000  0.000000e+000  0.000000e+000  0.000000e+000  0.000000e+000  0.000000e+000  0.000000e+000  0.000000e+000  0.000000e+000  0.000000e+000  0.000000e+000  
0.000000e+000  0.000000e+000  0.000000e+000  0.000000e+000  0.000000e+000  0.000000e+000  0.000000e+000  0.000000e+000  0.000000e+000  0.000000e+000  0.000000e+000  0.000000e+000  0.000000e+000  0.000000e+000  0.000000e+000  0.000000e+000  0.000000e+000  0.000000e+000  
0.000000e+000  0.000000e+000  0.000000e+000  0.000000e+000  0.000000e+000  0.000000e+000  0.000000e+000  0.000000e+000  0.000000e+000  0.000000e+000  0.000000e+000  0.000000e+000  0.000000e+000  0.000000e+000  0.000000e+000  0.000000e+000  0.000000e+000  0.000000e+000  
0.000000e+000  0.000000e+000  0.000000e+000  0.000000e+000  0.000000e+000  0.000000e+000  0.000000e+000  0.000000e+000  0.000000e+000  0.000000e+000  0.000000e+000  0.000000e+000  0.000000e+000  0.000000e+000  0.000000e+000  0.000000e+000  0.000000e+000  0.000000e+000  
0.000000e+000  0.000000e+000  0.000000e+000  0.000000e+000  0.000000e+000  0.000000e+000  0.000000e+000  0.000000e+000  0.000000e+000  0.000000e+000  0.000000e+000  0.000000e+000  0.000000e+000  0.000000e+000  0.000000e+000  0.000000e+000  0.000000e+000  0.000000e+000  
0.000000e+000  0.000000e+000  0.000000e+000  0.000000e+000  0.000000e+000  0.000000e+000  0.000000e+000  0.000000e+000  0.000000e+000  0.000000e+000  0.000000e+000  0.000000e+000  0.000000e+000  0.000000e+000  0.000000e+000  0.000000e+000  0.000000e+000  0.000000e+000  
0.000000e+000  0.000000e+000  0.000000e+000  0.000000e+000  0.000000e+000  0.000000e+000  0.000000e+000  0.000000e+000  0.000000e+000  0.000000e+000  0.000000e+000  0.000000e+000  0.000000e+000  0.000000e+000  0.000000e+000  0.000000e+000  0.000000e+000  0.000000e+000  
0.000000e+000  0.000000e+000  0.000000e+000  0.000000e+000  0.000000e+000  0.000000e+000  0.000000e+000  0.000000e+000  0.000000e+000  0.000000e+000  0.000000e+000  0.000000e+000  0.000000e+000  0.000000e+000  0.000000e+000  0.000000e+000  0.000000e+000  0.000000e+000  
0.000000e+000  0.000000e+000  0.000000e+000  0.000000e+000  0.000000e+000  0.000000e+000  0.000000e+000  0.000000e+000  0.000000e+000  0.000000e+000  0.000000e+000  0.000000e+000  0.000000e+000  0.000000e+000  0.000000e+000  0.000000e+000  0.000000e+000  0.000000e+000  
0.000000e+000  0.000000e+000  0.000000e+000  0.000000e+000  0.000000e+000  0.000000e+000  0.000000e+000  0.000000e+000  0.000000e+000  0.000000e+000  0.000000e+000  0.000000e+000  0.000000e+000  0.000000e+000  0.000000e+000  0.000000e+000  0.000000e+000  0.000000e+000  
0.000000e+000  0.000000e+000  0.000000e+000  0.000000e+000  0.000000e+000  0.000000e+000  0.000000e+000  0.000000e+000  0.000000e+000  0.000000e+000  0.000000e+000  0.000000e+000  0.000000e+000  0.000000e+000  0.000000e+000  0.000000e+000  0.000000e+000  0.000000e+000  
0.000000e+000  0.000000e+000  0.000000e+000  0.000000e+000  0.000000e+000  0.000000e+000  0.000000e+000  0.000000e+000  0.000000e+000  0.000000e+000  0.000000e+000  0.000000e+000  0.000000e+000  0.000000e+000  0.000000e+000  0.000000e+000  0.000000e+000  0.000000e+000  
0.000000e+000  0.000000e+000  0.000000e+000  0.000000e+000  0.000000e+000  0.000000e+000  0.000000e+000  0.000000e+000  0.000000e+000  0.000000e+000  0.000000e+000  0.000000e+000  0.000000e+000  0.000000e+000  0.000000e+000  0.000000e+000  0.000000e+000  0.000000e+000  
0.000000e+000  0.000000e+000  0.000000e+000  0.000000e+000  0.000000e+000  0.000000e+000  0.000000e+000  0.000000e+000  0.000000e+000  0.000000e+000  0.000000e+000  0.000000e+000  0.000000e+000  0.000000e+000  0.000000e+000  0.000000e+000  0.000000e+000  0.000000e+000  
0.000000e+000  0.000000e+000  0.000000e+000  0.000000e+000  0.000000e+000  0.000000e+000  0.000000e+000  0.000000e+000  0.000000e+000  0.000000e+000  0.000000e+000  0.000000e+000  0.000000e+000  0.000000e+000  0.000000e+000  0.000000e+000  0.000000e+000  0.000000e+000  
0.000000e+000  0.000000e+000  0.000000e+000  0.000000e+000  0.000000e+000  0.000000e+000  0.000000e+000  0.000000e+000  0.000000e+000  0.000000e+000  0.000000e+000  0.000000e+000  0.000000e+000  0.000000e+000  0.000000e+000  0.000000e+000  0.000000e+000  0.000000e+000  
0.000000e+000  0.000000e+000  0.000000e+000  0.000000e+000  0.000000e+000  0.000000e+000  0.000000e+000  0.000000e+000  0.000000e+000  0.000000e+000  0.000000e+000  0.000000e+000  0.000000e+000  0.000000e+000  0.000000e+000  0.000000e+000  0.000000e+000  0.000000e+000  

0.000000e+000  0.000000e+000  0.000000e+000  0.000000e+000  0.000000e+000  0.000000e+000  0.000000e+000  0.000000e+000  0.000000e+000  0.000000e+000  0.000000e+000  0.000000e+000  0.000000e+000  0.000000e+000  0.000000e+000  0.000000e+000  0.000000e+000  0.000000e+000  
0.000000e+000  0.000000e+000  0.000000e+000  0.000000e+000  0.000000e+000  0.000000e+000  0.000000e+000  0.000000e+000  0.000000e+000  0.000000e+000  0.000000e+000  0.000000e+000  0.000000e+000  0.000000e+000  0.000000e+000  0.000000e+000  0.000000e+000  0.000000e+000  
0.000000e+000  0.000000e+000  0.000000e+000  0.000000e+000  0.000000e+000  0.000000e+000  0.000000e+000  0.000000e+000  0.000000e+000  0.000000e+000  0.000000e+000  0.000000e+000  0.000000e+000  0.000000e+000  0.000000e+000  0.000000e+000  0.000000e+000  0.000000e+000  
0.000000e+000  0.000000e+000  0.000000e+000  0.000000e+000  0.000000e+000  0.000000e+000  0.000000e+000  0.000000e+000  0.000000e+000  0.000000e+000  0.000000e+000  0.000000e+000  0.000000e+000  0.000000e+000  0.000000e+000  0.000000e+000  0.000000e+000  0.000000e+000  
0.000000e+000  0.000000e+000  0.000000e+000  0.000000e+000  0.000000e+000  0.000000e+000  0.000000e+000  0.000000e+000  0.000000e+000  0.000000e+000  0.000000e+000  0.000000e+000  0.000000e+000  0.000000e+000  0.000000e+000  0.000000e+000  0.000000e+000  0.000000e+000  
0.000000e+000  0.000000e+000  0.000000e+000  0.000000e+000  0.000000e+000  0.000000e+000  0.000000e+000  0.000000e+000  0.000000e+000  0.000000e+000  0.000000e+000  0.000000e+000  0.000000e+000  0.000000e+000  0.000000e+000  0.000000e+000  0.000000e+000  0.000000e+000  
0.000000e+000  0.000000e+000  0.000000e+000  0.000000e+000  0.000000e+000  0.000000e+000  0.000000e+000  0.000000e+000  0.000000e+000  0.000000e+000  0.000000e+000  0.000000e+000  0.000000e+000  0.000000e+000  0.000000e+000  0.000000e+000  0.000000e+000  0.000000e+000  
0.000000e+000  0.000000e+000  0.000000e+000  0.000000e+000  0.000000e+000  0.000000e+000  0.000000e+000  0.000000e+000  0.000000e+000  0.000000e+000  0.000000e+000  0.000000e+000  0.000000e+000  0.000000e+000  0.000000e+000  0.000000e+000  0.000000e+000  0.000000e+000  
0.000000e+000  0.000000e+000  0.000000e+000  0.000000e+000  0.000000e+000  0.000000e+000  0.000000e+000  0.000000e+000  0.000000e+000  0.000000e+000  0.000000e+000  0.000000e+000  0.000000e+000  0.000000e+000  0.000000e+000  0.000000e+000  0.000000e+000  0.000000e+000  
0.000000e+000  0.000000e+000  0.000000e+000  0.000000e+000  0.000000e+000  0.000000e+000  0.000000e+000  0.000000e+000  0.000000e+000  0.000000e+000  0.000000e+000  0.000000e+000  0.000000e+000  0.000000e+000  0.000000e+000  0.000000e+000  0.000000e+000  0.000000e+000  
0.000000e+000  0.000000e+000  0.000000e+000  0.000000e+000  0.000000e+000  0.000000e+000  0.000000e+000  0.000000e+000  0.000000e+000  0.000000e+000  0.000000e+000  0.000000e+000  0.000000e+000  0.000000e+000  0.000000e+000  0.000000e+000  0.000000e+000  0.000000e+000  
0.000000e+000  0.000000e+000  0.000000e+000  0.000000e+000  0.000000e+000  0.000000e+000  0.000000e+000  0.000000e+000  0.000000e+000  0.000000e+000  0.000000e+000  0.000000e+000  0.000000e+000  0.000000e+000  0.000000e+000  0.000000e+000  0.000000e+000  0.000000e+000  
0.000000e+000  0.000000e+000  0.000000e+000  0.000000e+000  0.000000e+000  0.000000e+000  0.000000e+000  0.000000e+000  0.000000e+000  0.000000e+000  0.000000e+000  0.000000e+000  0.000000e+000  0.000000e+000  0.000000e+000  0.000000e+000  0.000000e+000  0.000000e+000  
0.000000e+000  0.000000e+000  0.000000e+000  0.000000e+000  0.000000e+000  0.000000e+000  0.000000e+000  0.000000e+000  0.000000e+000  0.000000e+000  0.000000e+000  0.000000e+000  0.000000e+000  0.000000e+000  0.000000e+000  0.000000e+000  0.000000e+000  0.000000e+000  
0.000000e+000  0.000000e+000  0.000000e+000  0.000000e+000  0.000000e+000  0.000000e+000  0.000000e+000  0.000000e+000  0.000000e+000  0.000000e+000  0.000000e+000  0.000000e+000  0.000000e+000  0.000000e+000  0.000000e+000  0.000000e+000  0.000000e+000  0.000000e+000  
0.000000e+000  0.000000e+000  0.000000e+000  0.000000e+000  0.000000e+000  0.000000e+000  0.000000e+000  0.000000e+000  0.000000e+000  0.000000e+000  0.000000e+000  0.000000e+000  0.000000e+000  0.000000e+000  0.000000e+000  0.000000e+000  0.000000e+000  0.000000e+000  
0.000000e+000  0.000000e+000  0.000000e+000  0.000000e+000  0.000000e+000  0.000000e+000  0.000000e+000  0.000000e+000  0.000000e+000  0.000000e+000  0.000000e+000  0.000000e+000  0.000000e+000  0.000000e+000  0.000000e+000  0.000000e+000  0.000000e+000  0.000000e+000  
0.000000e+000  0.000000e+000  0.000000e+000  0.000000e+000  0.000000e+000  0.000000e+000  0.000000e+000  0.000000e+000  0.000000e+000  0.000000e+000  0.000000e+000  0.000000e+000  0.000000e+000  0.000000e+000  0.000000e+000  0.000000e+000  0.000000e+000  0.000000e+000  
0.000000e+000  0.000000e+000  0.000000e+000  0.000000e+000  0.000000e+000  0.000000e+000  0.000000e+000  0.000000e+000  0.000000e+000  0.000000e+000  0.000000e+000  0.000000e+000  0.000000e+000  0.000000e+000  0.000000e+000  0.000000e+000  0.000000e+000  0.000000e+000  
0.000000e+000  0.000000e+000  0.000000e+000  0.000000e+000  0.000000e+000  0.000000e+000  0.000000e+000  0.000000e+000  0.000000e+000  0.000000e+000  0.000000e+000  0.000000e+000  0.000000e+000  0.000000e+000  0.000000e+000  0.000000e+000  0.000000e+000  0.000000e+000  
0.000000e+000  0.000000e+000  0.000000e+000  0.000000e+000  0.000000e+000  0.000000e+000  0.000000e+000  0.000000e+000  0.000000e+000  0.000000e+000  0.000000e+000  0.000000e+000  0.000000e+000  0.000000e+000  0.000000e+000  0.000000e+000  0.000000e+000  0.000000e+000  
0.000000e+000  0.000000e+000  0.000000e+000  0.000000e+000  0.000000e+000  0.000000e+000  0.000000e+000  0.000000e+000  0.000000e+000  0.000000e+000  0.000000e+000  0.000000e+000  0.000000e+000  0.000000e+000  0.000000e+000  0.000000e+000  0.000000e+000  0.000000e+000  
0.000000e+000  0.000000e+000  0.000000e+000  0.000000e+000  0.000000e+000  0.000000e+000  0.000000e+000  0.000000e+000  0.000000e+000  0.000000e+000  0.000000e+000  0.000000e+000  0.000000e+000  0.000000e+000  0.000000e+000  0.000000e+000  0.000000e+000  0.000000e+000  
0.000000e+000  0.000000e+000  0.000000e+000  0.000000e+000  0.000000e+000  0.000000e+000  0.000000e+000  0.000000e+000  0.000000e+000  0.000000e+000  0.000000e+000  0.000000e+000  0.000000e+000  0.000000e+000  0.000000e+000  0.000000e+000  0.000000e+000  0.000000e+000  
0.000000e+000  0.000000e+000  0.000000e+000  0.000000e+000  0.000000e+000  0.000000e+000  0.000000e+000  0.000000e+000  0.000000e+000  0.000000e+000  0.000000e+000  0.000000e+000  0.000000e+000  0.000000e+000  0.000000e+000  0.000000e+000  0.000000e+000  0.000000e+000  
0.000000e+000  0.000000e+000  0.000000e+000  0.000000e+000  0.000000e+000  0.000000e+000  0.000000e+000  0.000000e+000  0.000000e+000  0.000000e+000  0.000000e+000  0.000000e+000  0.000000e+000  0.000000e+000  0.000000e+000  0.000000e+000  0.000000e+000  0.000000e+000  
0.000000e+000  0.000000e+000  0.000000e+000  0.000000e+000  0.000000e+000  0.000000e+000  0.000000e+000  0.000000e+000  0.000000e+000  0.000000e+000  0.000000e+000  0.000000e+000  0.000000e+000  0.000000e+000  0.000000e+000  0.000000e+000  0.000000e+000  0.000000e+000  
0.000000e+000  0.000000e+000  0.000000e+000  0.000000e+000  0.000000e+000  0.000000e+000  0.000000e+000  0.000000e+000  0.000000e+000  0.000000e+000  0.000000e+000  0.000000e+000  0.000000e+000  0.000000e+000  0.000000e+000  0.000000e+000  0.000000e+000  0.000000e+000  
0.000000e+000  0.000000e+000  0.000000e+000  0.000000e+000  0.000000e+000  0.000000e+000  0.000000e+000  0.000000e+000  0.000000e+000  0.000000e+000  0.000000e+000  0.000000e+000  0.000000e+000  0.000000e+000  0.000000e+000  0.000000e+000  0.000000e+000  0.000000e+000  
0.000000e+000  0.000000e+000  0.000000e+000  0.000000e+000  0.000000e+000  0.000000e+000  0.000000e+000  0.000000e+000  0.000000e+000  0.000000e+000  0.000000e+000  0.000000e+000  0.000000e+000  0.000000e+000  0.000000e+000  0.000000e+000  0.000000e+000  0.000000e+000  
0.000000e+000  0.000000e+000  0.000000e+000  0.000000e+000  0.000000e+000  0.000000e+000  0.000000e+000  0.000000e+000  0.000000e+000  0.000000e+000  0.000000e+000  0.000000e+000  0.000000e+000  0.000000e+000  0.000000e+000  0.000000e+000  0.000000e+000  0.000000e+000  
0.000000e+000  0.000000e+000  0.000000e+000  0.000000e+000  0.000000e+000  0.000000e+000  0.000000e+000  0.000000e+000  0.000000e+000  0.000000e+000  0.000000e+000  0.000000e+000  0.000000e+000  0.000000e+000  0.000000e+000  0.000000e+000  0.000000e+000  0.000000e+000  
0.000000e+000  0.000000e+000  0.000000e+000  0.000000e+000  0.000000e+000  0.000000e+000  0.000000e+000  0.000000e+000  0.000000e+000  0.000000e+000  0.000000e+000  0.000000e+000  0.000000e+000  0.000000e+000  0.000000e+000  0.000000e+000  0.000000e+000  0.000000e+000  
0.000000e+000  0.000000e+000  0.000000e+000  0.000000e+000  0.000000e+000  0.000000e+000  0.000000e+000  0.000000e+000  0.000000e+000  0.000000e+000  0.000000e+000  0.000000e+000  0.000000e+000  0.000000e+000  0.000000e+000  0.000000e+000  0.000000e+000  0.000000e+000  
0.000000e+000  0.000000e+000  0.000000e+000  0.000000e+000  0.000000e+000  0.000000e+000  0.000000e+000  0.000000e+000  0.000000e+000  0.000000e+000  0.000000e+000  0.000000e+000  0.000000e+000  0.000000e+000  0.000000e+000  0.000000e+000  0.000000e+000  0.000000e+000  
0.000000e+000  0.000000e+000  0.000000e+000  0.000000e+000  0.000000e+000  0.000000e+000  0.000000e+000  0.000000e+000  0.000000e+000  0.000000e+000  0.000000e+000  0.000000e+000  0.000000e+000  0.000000e+000  0.000000e+000  0.000000e+000  0.000000e+000  0.000000e+000  
0.000000e+000  0.000000e+000  0.000000e+000  0.000000e+000  0.000000e+000  0.000000e+000  0.000000e+000  0.000000e+000  0.000000e+000  0.000000e+000  0.000000e+000  0.000000e+000  0.000000e+000  0.000000e+000  0.000000e+000  0.000000e+000  0.000000e+000  0.000000e+000  
0.000000e+000  0.000000e+000  0.000000e+000  0.000000e+000  0.000000e+000  0.000000e+000  0.000000e+000  0.000000e+000  0.000000e+000  0.000000e+000  0.000000e+000  0.000000e+000  0.000000e+000  0.000000e+000  0.000000e+000  0.000000e+000  0.000000e+000  0.000000e+000  
0.000000e+000  0.000000e+000  0.000000e+000  0.000000e+000  0.000000e+000  0.000000e+000  0.000000e+000  0.000000e+000  0.000000e+000  0.000000e+000  0.000000e+000  0.000000e+000  0.000000e+000  0.000000e+000  0.000000e+000  0.000000e+000  0.000000e+000  0.000000e+000  
0.000000e+000  0.000000e+000  0.000000e+000  0.000000e+000  0.000000e+000  0.000000e+000  0.000000e+000  0.000000e+000  0.000000e+000  0.000000e+000  0.000000e+000  0.000000e+000  0.000000e+000  0.000000e+000  0.000000e+000  0.000000e+000  0.000000e+000  0.000000e+000  
0.000000e+000  0.000000e+000  0.000000e+000  0.000000e+000  0.000000e+000  0.000000e+000  0.000000e+000  0.000000e+000  0.000000e+000  0.000000e+000  0.000000e+000  0.000000e+000  0.000000e+000  0.000000e+000  0.000000e+000  0.000000e+000  0.000000e+000  0.000000e+000  
0.000000e+000  0.000000e+000  0.000000e+000  0.000000e+000  0.000000e+000  0.000000e+000  0.000000e+000  0.000000e+000  0.000000e+000  0.000000e+000  0.000000e+000  0.000000e+000  0.000000e+000  0.000000e+000  0.000000e+000  0.000000e+000  0.000000e+000  0.000000e+000  
0.000000e+000  0.000000e+000  0.000000e+000  0.000000e+000  0.000000e+000  0.000000e+000  0.000000e+000  0.000000e+000  0.000000e+000  0.000000e+000  0.000000e+000  0.000000e+000  0.000000e+000  0.000000e+000  0.000000e+000  0.000000e+000  0.000000e+000  0.000000e+000  
0.000000e+000  0.000000e+000  0.000000e+000  0.000000e+000  0.000000e+000  0.000000e+000  0.000000e+000  0.000000e+000  0.000000e+000  0.000000e+000  0.000000e+000  0.000000e+000  0.000000e+000  0.000000e+000  0.000000e+000  0.000000e+000  0.000000e+000  0.000000e+000  
0.000000e+000  0.000000e+000  0.000000e+000  0.000000e+000  0.000000e+000  0.000000e+000  0.000000e+000  0.000000e+000  0.000000e+000  0.000000e+000  0.000000e+000  0.000000e+000  0.000000e+000  0.000000e+000  0.000000e+000  0.000000e+000  0.000000e+000  0.000000e+000  
0.000000e+000  0.000000e+000  0.000000e+000  0.000000e+000  0.000000e+000  0.000000e+000  0.000000e+000  0.000000e+000  0.000000e+000  0.000000e+000  0.000000e+000  0.000000e+000  0.000000e+000  0.000000e+000  0.000000e+000  0.000000e+000  0.000000e+000  0.000000e+000  
0.000000e+000  0.000000e+000  0.000000e+000  0.000000e+000  0.000000e+000  0.000000e+000  0.000000e+000  0.000000e+000  0.000000e+000  0.000000e+000  0.000000e+000  0.000000e+000  0.000000e+000  0.000000e+000  0.000000e+000  0.000000e+000  0.000000e+000  0.000000e+000  

0.000000e+000  0.000000e+000  0.000000e+000  0.000000e+000  0.000000e+000  0.000000e+000  0.000000e+000  0.000000e+000  0.000000e+000  0.000000e+000  0.000000e+000  0.000000e+000  0.000000e+000  0.000000e+000  0.000000e+000  0.000000e+000  0.000000e+000  0.000000e+000  
0.000000e+000  0.000000e+000  0.000000e+000  0.000000e+000  0.000000e+000  0.000000e+000  0.000000e+000  0.000000e+000  0.000000e+000  0.000000e+000  0.000000e+000  0.000000e+000  0.000000e+000  0.000000e+000  0.000000e+000  0.000000e+000  0.000000e+000  0.000000e+000  
0.000000e+000  0.000000e+000  0.000000e+000  0.000000e+000  0.000000e+000  0.000000e+000  0.000000e+000  0.000000e+000  0.000000e+000  0.000000e+000  0.000000e+000  0.000000e+000  0.000000e+000  0.000000e+000  0.000000e+000  0.000000e+000  0.000000e+000  0.000000e+000  
0.000000e+000  0.000000e+000  0.000000e+000  0.000000e+000  0.000000e+000  0.000000e+000  0.000000e+000  0.000000e+000  0.000000e+000  0.000000e+000  0.000000e+000  0.000000e+000  0.000000e+000  0.000000e+000  0.000000e+000  0.000000e+000  0.000000e+000  0.000000e+000  
0.000000e+000  0.000000e+000  0.000000e+000  0.000000e+000  0.000000e+000  0.000000e+000  0.000000e+000  0.000000e+000  0.000000e+000  0.000000e+000  0.000000e+000  0.000000e+000  0.000000e+000  0.000000e+000  0.000000e+000  0.000000e+000  0.000000e+000  0.000000e+000  
0.000000e+000  0.000000e+000  0.000000e+000  0.000000e+000  0.000000e+000  0.000000e+000  0.000000e+000  0.000000e+000  0.000000e+000  0.000000e+000  0.000000e+000  0.000000e+000  0.000000e+000  0.000000e+000  0.000000e+000  0.000000e+000  0.000000e+000  0.000000e+000  
0.000000e+000  0.000000e+000  0.000000e+000  0.000000e+000  0.000000e+000  0.000000e+000  0.000000e+000  0.000000e+000  0.000000e+000  0.000000e+000  0.000000e+000  0.000000e+000  0.000000e+000  0.000000e+000  0.000000e+000  0.000000e+000  0.000000e+000  0.000000e+000  
0.000000e+000  0.000000e+000  0.000000e+000  0.000000e+000  0.000000e+000  0.000000e+000  0.000000e+000  0.000000e+000  0.000000e+000  0.000000e+000  0.000000e+000  0.000000e+000  0.000000e+000  0.000000e+000  0.000000e+000  0.000000e+000  0.000000e+000  0.000000e+000  
0.000000e+000  0.000000e+000  0.000000e+000  0.000000e+000  0.000000e+000  0.000000e+000  0.000000e+000  0.000000e+000  0.000000e+000  0.000000e+000  0.000000e+000  0.000000e+000  0.000000e+000  0.000000e+000  0.000000e+000  0.000000e+000  0.000000e+000  0.000000e+000  
0.000000e+000  0.000000e+000  0.000000e+000  0.000000e+000  0.000000e+000  0.000000e+000  0.000000e+000  0.000000e+000  0.000000e+000  0.000000e+000  0.000000e+000  0.000000e+000  0.000000e+000  0.000000e+000  0.000000e+000  0.000000e+000  0.000000e+000  0.000000e+000  
0.000000e+000  0.000000e+000  0.000000e+000  0.000000e+000  0.000000e+000  0.000000e+000  0.000000e+000  0.000000e+000  0.000000e+000  0.000000e+000  0.000000e+000  0.000000e+000  0.000000e+000  0.000000e+000  0.000000e+000  0.000000e+000  0.000000e+000  0.000000e+000  
0.000000e+000  0.000000e+000  0.000000e+000  0.000000e+000  0.000000e+000  0.000000e+000  0.000000e+000  0.000000e+000  0.000000e+000  0.000000e+000  0.000000e+000  0.000000e+000  0.000000e+000  0.000000e+000  0.000000e+000  0.000000e+000  0.000000e+000  0.000000e+000  
0.000000e+000  0.000000e+000  0.000000e+000  0.000000e+000  0.000000e+000  0.000000e+000  0.000000e+000  0.000000e+000  0.000000e+000  0.000000e+000  0.000000e+000  0.000000e+000  0.000000e+000  0.000000e+000  0.000000e+000  0.000000e+000  0.000000e+000  0.000000e+000  
0.000000e+000  0.000000e+000  0.000000e+000  0.000000e+000  0.000000e+000  0.000000e+000  0.000000e+000  0.000000e+000  0.000000e+000  0.000000e+000  0.000000e+000  0.000000e+000  0.000000e+000  0.000000e+000  0.000000e+000  0.000000e+000  0.000000e+000  0.000000e+000  
0.000000e+000  0.000000e+000  0.000000e+000  0.000000e+000  0.000000e+000  0.000000e+000  0.000000e+000  0.000000e+000  0.000000e+000  0.000000e+000  0.000000e+000  0.000000e+000  0.000000e+000  0.000000e+000  0.000000e+000  0.000000e+000  0.000000e+000  0.000000e+000  
0.000000e+000  0.000000e+000  0.000000e+000  0.000000e+000  0.000000e+000  0.000000e+000  0.000000e+000  0.000000e+000  0.000000e+000  0.000000e+000  0.000000e+000  0.000000e+000  0.000000e+000  0.000000e+000  0.000000e+000  0.000000e+000  0.000000e+000  0.000000e+000  
0.000000e+000  0.000000e+000  0.000000e+000  0.000000e+000  0.000000e+000  0.000000e+000  0.000000e+000  0.000000e+000  0.000000e+000  0.000000e+000  0.000000e+000  0.000000e+000  0.000000e+000  0.000000e+000  0.000000e+000  0.000000e+000  0.000000e+000  0.000000e+000  
0.000000e+000  0.000000e+000  0.000000e+000  0.000000e+000  0.000000e+000  0.000000e+000  0.000000e+000  0.000000e+000  0.000000e+000  0.000000e+000  0.000000e+000  0.000000e+000  0.000000e+000  0.000000e+000  0.000000e+000  0.000000e+000  0.000000e+000  0.000000e+000  
0.000000e+000  0.000000e+000  0.000000e+000  0.000000e+000  0.000000e+000  0.000000e+000  0.000000e+000  0.000000e+000  0.000000e+000  0.000000e+000  0.000000e+000  0.000000e+000  0.000000e+000  0.000000e+000  0.000000e+000  0.000000e+000  0.000000e+000  0.000000e+000  
0.000000e+000  0.000000e+000  0.000000e+000  0.000000e+000  0.000000e+000  0.000000e+000  0.000000e+000  0.000000e+000  0.000000e+000  0.000000e+000  0.000000e+000  0.000000e+000  0.000000e+000  0.000000e+000  0.000000e+000  0.000000e+000  0.000000e+000  0.000000e+000  
0.000000e+000  0.000000e+000  0.000000e+000  0.000000e+000  0.000000e+000  0.000000e+000  0.000000e+000  0.000000e+000  0.000000e+000  0.000000e+000  0.000000e+000  0.000000e+000  0.000000e+000  0.000000e+000  0.000000e+000  0.000000e+000  0.000000e+000  0.000000e+000  
0.000000e+000  0.000000e+000  0.000000e+000  0.000000e+000  0.000000e+000  0.000000e+000  0.000000e+000  0.000000e+000  0.000000e+000  0.000000e+000  0.000000e+000  0.000000e+000  0.000000e+000  0.000000e+000  0.000000e+000  0.000000e+000  0.000000e+000  0.000000e+000  
0.000000e+000  0.000000e+000  0.000000e+000  0.000000e+000  0.000000e+000  0.000000e+000  0.000000e+000  0.000000e+000  0.000000e+000  0.000000e+000  0.000000e+000  0.000000e+000  0.000000e+000  0.000000e+000  0.000000e+000  0.000000e+000  0.000000e+000  0.000000e+000  
0.000000e+000  0.000000e+000  0.000000e+000  0.000000e+000  0.000000e+000  0.000000e+000  0.000000e+000  0.000000e+000  0.000000e+000  0.000000e+000  0.000000e+000  0.000000e+000  0.000000e+000  0.000000e+000  0.000000e+000  0.000000e+000  0.000000e+000  0.000000e+000  
0.000000e+000  0.000000e+000  0.000000e+000  0.000000e+000  0.000000e+000  0.000000e+000  0.000000e+000  0.000000e+000  0.000000e+000  0.000000e+000  0.000000e+000  0.000000e+000  0.000000e+000  0.000000e+000  0.000000e+000  0.000000e+000  0.000000e+000  0.000000e+000  
0.000000e+000  0.000000e+000  0.000000e+000  0.000000e+000  0.000000e+000  0.000000e+000  0.000000e+000  0.000000e+000  0.000000e+000  0.000000e+000  0.000000e+000  0.000000e+000  0.000000e+000  0.000000e+000  0.000000e+000  0.000000e+000  0.000000e+000  0.000000e+000  
0.000000e+000  0.000000e+000  0.000000e+000  0.000000e+000  0.000000e+000  0.000000e+000  0.000000e+000  0.000000e+000  0.000000e+000  0.000000e+000  0.000000e+000  0.000000e+000  0.000000e+000  0.000000e+000  0.000000e+000  0.000000e+000  0.000000e+000  0.000000e+000  
0.000000e+000  0.000000e+000  0.000000e+000  0.000000e+000  0.000000e+000  0.000000e+000  0.000000e+000  0.000000e+000  0.000000e+000  0.000000e+000  0.000000e+000  0.000000e+000  0.000000e+000  0.000000e+000  0.000000e+000  0.000000e+000  0.000000e+000  0.000000e+000  
0.000000e+000  0.000000e+000  0.000000e+000  0.000000e+000  0.000000e+000  0.000000e+000  0.000000e+000  0.000000e+000  0.000000e+000  0.000000e+000  0.000000e+000  0.000000e+000  0.000000e+000  0.000000e+000  0.000000e+000  0.000000e+000  0.000000e+000  0.000000e+000  
0.000000e+000  0.000000e+000  0.000000e+000  0.000000e+000  0.000000e+000  0.000000e+000  0.000000e+000  0.000000e+000  0.000000e+000  0.000000e+000  0.000000e+000  0.000000e+000  0.000000e+000  0.000000e+000  0.000000e+000  0.000000e+000  0.000000e+000  0.000000e+000  
0.000000e+000  0.000000e+000  0.000000e+000  0.000000e+000  0.000000e+000  0.000000e+000  0.000000e+000  0.000000e+000  0.000000e+000  0.000000e+000  0.000000e+000  0.000000e+000  0.000000e+000  0.000000e+000  0.000000e+000  0.000000e+000  0.000000e+000  0.000000e+000  
0.000000e+000  0.000000e+000  0.000000e+000  0.000000e+000  0.000000e+000  0.000000e+000  0.000000e+000  0.000000e+000  0.000000e+000  0.000000e+000  0.000000e+000  0.000000e+000  0.000000e+000  0.000000e+000  0.000000e+000  0.000000e+000  0.000000e+000  0.000000e+000  
0.000000e+000  0.000000e+000  0.000000e+000  0.000000e+000  0.000000e+000  0.000000e+000  0.000000e+000  0.000000e+000  0.000000e+000  0.000000e+000  0.000000e+000  0.000000e+000  0.000000e+000  0.000000e+000  0.000000e+000  0.000000e+000  0.000000e+000  0.000000e+000  
0.000000e+000  0.000000e+000  0.000000e+000  0.000000e+000  0.000000e+000  0.000000e+000  0.000000e+000  0.000000e+000  0.000000e+000  0.000000e+000  0.000000e+000  0.000000e+000  0.000000e+000  0.000000e+000  0.000000e+000  0.000000e+000  0.000000e+000  0.000000e+000  
0.000000e+000  0.000000e+000  0.000000e+000  0.000000e+000  0.000000e+000  0.000000e+000  0.000000e+000  0.000000e+000  0.000000e+000  0.000000e+000  0.000000e+000  0.000000e+000  0.000000e+000  0.000000e+000  0.000000e+000  0.000000e+000  0.000000e+000  0.000000e+000  
0.000000e+000  0.000000e+000  0.000000e+000  0.000000e+000  0.000000e+000  0.000000e+000  0.000000e+000  0.000000e+000  0.000000e+000  0.000000e+000  0.000000e+000  0.000000e+000  0.000000e+000  0.000000e+000  0.000000e+000  0.000000e+000  0.000000e+000  0.000000e+000  
0.000000e+000  0.000000e+000  0.000000e+000  0.000000e+000  0.000000e+000  0.000000e+000  0.000000e+000  0.000000e+000  0.000000e+000  0.000000e+000  0.000000e+000  0.000000e+000  0.000000e+000  0.000000e+000  0.000000e+000  0.000000e+000  0.000000e+000  0.000000e+000  
0.000000e+000  0.000000e+000  0.000000e+000  0.000000e+000  0.000000e+000  0.000000e+000  0.000000e+000  0.000000e+000  0.000000e+000  0.000000e+000  0.000000e+000  0.000000e+000  0.000000e+000  0.000000e+000  0.000000e+000  0.000000e+000  0.000000e+000  0.000000e+000  
0.000000e+000  0.000000e+000  0.000000e+000  0.000000e+000  0.000000e+000  0.000000e+000  0.000000e+000  0.000000e+000  0.000000e+000  0.000000e+000  0.000000e+000  0.000000e+000  0.000000e+000  0.000000e+000  0.000000e+000  0.000000e+000  0.000000e+000  0.000000e+000  
0.000000e+000  0.000000e+000  0.000000e+000  0.000000e+000  0.000000e+000  0.000000e+000  0.000000e+000  0.000000e+000  0.000000e+000  0.000000e+000  0.000000e+000  0.000000e+000  0.000000e+000  0.000000e+000  0.000000e+000  0.000000e+000  0.000000e+000  0.000000e+000  
0.000000e+000  0.000000e+000  0.000000e+000  0.000000e+000  0.000000e+000  0.000000e+000  0.000000e+000  0.000000e+000  0.000000e+000  0.000000e+000  0.000000e+000  0.000000e+000  0.000000e+000  0.000000e+000  0.000000e+000  0.000000e+000  0.000000e+000  0.000000e+000  
0.000000e+000  0.000000e+000  0.000000e+000  0.000000e+000  0.000000e+000  0.000000e+000  0.000000e+000  0.000000e+000  0.000000e+000  0.000000e+000  0.000000e+000  0.000000e+000  0.000000e+000  0.000000e+000  0.000000e+000  0.000000e+000  0.000000e+000  0.000000e+000  
0.000000e+000  0.000000e+000  0.000000e+000  0.000000e+000  0.000000e+000  0.000000e+000  0.000000e+000  0.000000e+000  0.000000e+000  0.000000e+000  0.000000e+000  0.000000e+000  0.000000e+000  0.000000e+000  0.000000e+000  0.000000e+000  0.000000e+000  0.000000e+000  
0.000000e+000  0.000000e+000  0.000000e+000  0.000000e+000  0.000000e+000  0.000000e+000  0.000000e+000  0.000000e+000  0.000000e+000  0.000000e+000  0.000000e+000  0.000000e+000  0.000000e+000  0.000000e+000  0.000000e+000  0.000000e+000  0.000000e+000  0.000000e+000  
0.000000e+000  0.000000e+000  0.000000e+000  0.000000e+000  0.000000e+000  0.000000e+000  0.000000e+000  0.000000e+000  0.000000e+000  0.000000e+000  0.000000e+000  0.000000e+000  0.000000e+000  0.000000e+000  0.000000e+000  0.000000e+000  0.000000e+000  0.000000e+000  
0.000000e+000  0.000000e+000  0.000000e+000  0.000000e+000  0.000000e+000  0.000000e+000  0.000000e+000  0.000000e+000  0.000000e+000  0.000000e+000  0.000000e+000  0.000000e+000  0.000000e+000  0.000000e+000  0.000000e+000  0.000000e+000  0.000000e+000  0.000000e+000  
0.000000e+000  0.000000e+000  0.000000e+000  0.000000e+000  0.000000e+000  0.000000e+000  0.000000e+000  0.000000e+000  0.000000e+000  0.000000e+000  0.000000e+000  0.000000e+000  0.000000e+000  0.000000e+000  0.000000e+000  0.000000e+000  0.000000e+000  0.000000e+000  

-0.000000e+000  -0.000000e+000  -0.000000e+000  -0.000000e+000  -0.000000e+000  -0.000000e+000  -0.000000e+000  -0.000000e+000  -0.000000e+000  -0.000000e+000  -0.000000e+000  -0.000000e+000  -0.000000e+000  -0.000000e+000  -0.000000e+000  -0.000000e+000  -0.000000e+000  -0.000000e+000  
-0.000000e+000  -1.213334e+000  -2.421436e+000  -3.619099e+000  -4.966326e+000  -6.124401e+000  -7.256124e+000  -8.356661e+000  -8.216786e+000  -8.057541e+000  -7.880961e+000  -6.781128e+000  -5.283140e+000  -3.874254e+000  -2.663525e+000  -1.651819e+000  -7.876775e-001  -0.000000e+000  
-0.000000e+000  -2.494448e+000  -4.978105e+000  -7.440226e+000  -1.020967e+001  -1.259007e+001  -1.491602e+001  -1.717750e+001  -1.687032e+001  -1.652319e+001  -1.614070e+001  -1.379292e+001  -1.066535e+001  -7.775837e+000  -5.324413e+000  -3.293765e+000  -1.568567e+000  -0.000000e+000  
-0.000000e+000  -3.743531e+000  -7.470852e+000  -1.116581e+001  -1.532185e+001  -1.889385e+001  -2.238380e+001  -2.577646e+001  -2.526935e+001  -2.470240e+001  -2.408348e+001  -2.036621e+001  -1.557363e+001  -1.125932e+001  -7.665915e+000  -4.725781e+000  -2.246430e+000  -0.000000e+000  
-0.000000e+000  -4.175232e+000  -8.332414e+000  -1.245355e+001  -1.708902e+001  -2.107312e+001  -2.496569e+001  -2.874968e+001  -2.816129e+001  -2.750644e+001  -2.679439e+001  -2.255781e+001  -1.717051e+001  -1.237215e+001  -8.404897e+000  -5.174453e+000  -2.458025e+000  -0.000000e+000  
-0.000000e+000  -4.625429e+000  -9.230914e+000  -1.379656e+001  -1.893216e+001  -2.334623e+001  -2.765898e+001  -3.185139e+001  -3.117165e+001  -3.041873e+001  -2.960348e+001  -2.480147e+001  -1.878477e+001  -1.348654e+001  -9.140285e+000  -5.619284e+000  -2.667411e+000  -0.000000e+000  
-0.000000e+000  -5.096054e+000  -1.017022e+001  -1.520066e+001  -2.085934e+001  -2.572324e+001  -3.047568e+001  -3.509564e+001  -3.431270e+001  -3.344985e+001  -3.251973e+001  -2.710000e+001  -2.041605e+001  -1.460137e+001  -9.871120e+000  -6.059648e+000  -2.874291e+000  -0.000000e+000  
-0.000000e+000  -5.593440e+000  -1.116300e+001  -1.668483e+001  -2.289670e+001  -2.823653e+001  -3.345439e+001  -3.852709e+001  -3.762601e+001  -3.663831e+001  -3.557866e+001  -2.947620e+001  -2.207775e+001  -1.572486e+001  -1.060254e+001  -6.498601e+000  -3.080099e+000  -0.000000e+000  
-0.000000e+000  -6.115671e+000  -1.220544e+001  -1.824344e+001  -2.503666e+001  -3.087695e+001  -3.658451e+001  -4.213388e+001  -4.109816e+001  -3.996930e+001  -3.876434e+001  -3.191189e+001  -2.375426e+001  -1.684558e+001  -1.132690e+001  -6.931551e+000  -3.282692e+000  -0.000000e+000  
-0.000000e+000  -6.664804e+000  -1.330170e+001  -1.988277e+001  -2.728804e+001  -3.365560e+001  -3.987953e+001  -4.593199e+001  -4.474234e+001  -4.345346e+001  -4.208506e+001  -3.440754e+001  -2.544333e+001  -1.796135e+001  -1.204276e+001  -7.357676e+000  -3.481705e+000  -0.000000e+000  
-0.000000e+000  -8.685076e+000  -1.733592e+001  -2.591810e+001  -3.558215e+001  -4.389968e+001  -5.203743e+001  -5.995886e+001  -5.810085e+001  -5.612815e+001  -5.407199e+001  -4.307539e+001  -3.109190e+001  -2.159485e+001  -1.433626e+001  -8.710944e+000  -4.111159e+000  -0.000000e+000  
-0.000000e+000  -1.138104e+001  -2.272419e+001  -3.399085e+001  -4.670146e+001  -5.766747e+001  -6.842438e+001  -7.892480e+001  -7.585580e+001  -7.268200e+001  -6.945401e+001  -5.331317e+001  -3.728222e+001  -2.539233e+001  -1.667358e+001  -1.007468e+001  -4.742901e+000  -0.000000e+000  
-0.000000e+000  -1.458366e+001  -2.913776e+001  -4.363080e+001  -6.004657e+001  -7.428313e+001  -8.832764e+001  -1.021232e+002  -9.701069e+001  -9.188380e+001  -8.681993e+001  -6.358656e+001  -4.293052e+001  -2.869076e+001  -1.866927e+001  -1.123712e+001  -5.282699e+000  -0.000000e+000  
-0.000000e+000  -1.812422e+001  -3.625917e+001  -5.441118e+001  -7.513654e+001  -9.329985e+001  -1.114238e+002  -1.294518e+002  -1.209357e+002  -1.126985e+002  -1.048419e+002  -7.258211e+001  -4.734437e+001  -3.119006e+001  -2.020257e+001  -1.215114e+001  -5.714233e+000  -0.000000e+000  
-0.000000e+000  -2.130660e+001  -4.273609e+001  -6.440432e+001  -8.953774e+001  -1.120242e+002  -1.349699e+002  -1.583594e+002  -1.443993e+002  -1.314895e+002  -1.197004e+002  -7.799174e+001  -4.965338e+001  -3.260538e+001  -2.118583e+001  -1.279042e+001  -6.030108e+000  -0.000000e+000  
-0.000000e+000  -2.225999e+001  -4.486935e+001  -6.818227e+001  -9.607478e+001  -1.220929e+002  -1.498827e+002  -1.796480e+002  -1.578504e+002  -1.389993e+002  -1.228182e+002  -7.660652e+001  -4.910158e+001  -3.280341e+001  -2.161258e+001  -1.316434e+001  -6.235937e+000  -0.000000e+000  
-0.000000e+000  -1.803334e+001  -3.654883e+001  -5.611209e+001  -8.061634e+001  -1.052856e+002  -1.343430e+002  -1.693230e+002  -1.403372e+002  -1.188290e+002  -1.024788e+002  -6.735951e+001  -4.617502e+001  -3.211094e+001  -2.161979e+001  -1.331895e+001  -6.343688e+000  -0.000000e+000  
-0.000000e+000  -1.546468e+001  -3.123257e+001  -4.768668e+001  -6.801888e+001  -8.855728e+001  -1.139390e+002  -1.484137e+002  -1.199036e+002  -1.023788e+002  -9.021435e+001  -6.348289e+001  -4.506464e+001  -3.182655e+001  -2.158431e+001  -1.334394e+001  -6.365902e+000  -0.000000e+000  
-0.000000e+000  -1.251613e+001  -2.505936e+001  -3.767201e+001  -5.228880e+001  -6.587888e+001  -8.240308e+001  -1.111231e+002  -8.896939e+001  -8.089120e+001  -7.590552e+001  -5.931783e+001  -4.390091e+001  -3.152267e+001  -2.153644e+001  -1.336059e+001  -6.383864e+000  -0.000000e+000  
-0.000000e+000  -9.525323e+000  -1.878312e+001  -2.740193e+001  -3.563769e+001  -3.958676e+001  -3.598931e+001  -0.000000e+000  -4.445332e+001  -5.654049e+001  -6.120889e+001  -5.513267e+001  -4.274031e+001  -3.121527e+001  -2.148133e+001  -1.337067e+001  -6.398137e+000  -0.000000e+000  
-0.000000e+000  -6.852535e+000  -1.326940e+001  -1.870009e+001  -2.267228e+001  -2.243381e+001  -1.609522e+001  -0.000000e+000  -2.394095e+001  -3.955283e+001  -4.856920e+001  -5.120849e+001  -4.164021e+001  -3.092026e+001  -2.142401e+001  -1.337586e+001  -6.409257e+000  -0.000000e+000  
-0.000000e+000  -4.703888e+000  -8.943765e+000  -1.219588e+001  -1.391229e+001  -1.267446e+001  -8.041305e+000  -0.000000e+000  -1.542906e+001  -2.908899e+001  -3.881072e+001  -4.776762e+001  -4.065378e+001  -3.065261e+001  -2.136917e+001  -1.337774e+001  -6.417714e+000  -0.000000e+000  
-0.000000e+000  -3.115406e+000  -5.811384e+000  -7.665825e+000  -8.254315e+000  -7.030214e+000  -4.121553e+000  -0.000000e+000  -1.113406e+001  -2.253131e+001  -3.172701e+001  -4.495794e+001  -3.982674e+001  -3.042568e+001  -2.132100e+001  -1.337767e+001  -6.423936e+000  -0.000000e+000  
-0.000000e+000  -1.477715e+000  -2.709442e+000  -3.475301e+000  -3.580620e+000  -2.921937e+000  -1.646658e+000  -0.000000e+000  -7.900046e+000  -1.650197e+001  -2.401565e+001  -4.079790e+001  -3.848449e+001  -3.004410e+001  -2.123390e+001  -1.337180e+001  -6.431131e+000  -0.000000e+000  
-0.000000e+000  -3.115406e+000  -5.811384e+000  -7.665825e+000  -8.254315e+000  -7.030214e+000  -4.121553e+000  -0.000000e+000  -1.113406e+001  -2.253131e+001  -3.172701e+001  -4.495794e+001  -3.982674e+001  -3.042568e+001  -2.132100e+001  -1.337767e+001  -6.423936e+000  -0.000000e+000  
-0.000000e+000  -4.703888e+000  -8.943765e+000  -1.219588e+001  -1.391229e+001  -1.267446e+001  -8.041305e+000  -0.000000e+000  -1.542906e+001  -2.908899e+001  -3.881072e+001  -4.776762e+001  -4.065378e+001  -3.065261e+001  -2.136917e+001  -1.337774e+001  -6.417714e+000  -0.000000e+000  
-0.000000e+000  -6.852535e+000  -1.326940e+001  -1.870009e+001  -2.267228e+001  -2.243381e+001  -1.609522e+001  -0.000000e+000  -2.394095e+001  -3.955283e+001  -4.856920e+001  -5.120849e+001  -4.164021e+001  -3.092026e+001  -2.142401e+001  -1.337586e+001  -6.409257e+000  -0.000000e+000  
-0.000000e+000  -9.525323e+000  -1.878312e+001  -2.740193e+001  -3.563769e+001  -3.958676e+001  -3.598931e+001  -0.000000e+000  -4.445332e+001  -5.654049e+001  -6.120889e+001  -5.513267e+001  -4.274031e+001  -3.121527e+001  -2.148133e+001  -1.337067e+001  -6.398137e+000  -0.000000e+000  
-0.000000e+000  -1.251613e+001  -2.505936e+001  -3.767201e+001  -5.228880e+001  -6.587888e+001  -8.240308e+001  -1.111231e+002  -8.896939e+001  -8.089120e+001  -7.590552e+001  -5.931783e+001  -4.390091e+001  -3.152267e+001  -2.153644e+001  -1.336059e+001  -6.383864e+000  -0.000000e+000  
-0.000000e+000  -1.546468e+001  -3.123257e+001  -4.768668e+001  -6.801888e+001  -8.855728e+001  -1.139390e+002  -1.484137e+002  -1.199036e+002  -1.023788e+002  -9.021435e+001  -6.348289e+001  -4.506464e+001  -3.182655e+001  -2.158431e+001  -1.334394e+001  -6.365902e+000  -0.000000e+000  
-0.000000e+000  -1.803334e+001  -3.654883e+001  -5.611209e+001  -8.061634e+001  -1.052856e+002  -1.343430e+002  -1.693230e+002  -1.403372e+002  -1.188290e+002  -1.024788e+002  -6.735951e+001  -4.617502e+001  -3.211094e+001  -2.161979e+001  -1.331895e+001  -6.343688e+000  -0.000000e+000  
-0.000000e+000  -2.225999e+001  -4.486935e+001  -6.818227e+001  -9.607478e+001  -1.220929e+002  -1.498827e+002  -1.796480e+002  -1.578504e+002  -1.389993e+002  -1.228182e+002  -7.660652e+001  -4.910158e+001  -3.280341e+001  -2.161258e+001  -1.316434e+001  -6.235937e+000  -0.000000e+000  
-0.000000e+000  -2.130660e+001  -4.273609e+001  -6.440432e+001  -8.953774e+001  -1.120242e+002  -1.349699e+002  -1.583594e+002  -1.443993e+002  -1.314895e+002  -1.197004e+002  -7.799174e+001  -4.965338e+001  -3.260538e+001  -2.118583e+001  -1.279042e+001  -6.030108e+000  -0.000000e+000  
-0.000000e+000  -1.812422e+001  -3.625917e+001  -5.441118e+001  -7.513654e+001  -9.329985e+001  -1.114238e+002  -1.294518e+002  -1.209357e+002  -1.126985e+002  -1.048419e+002  -7.258211e+001  -4.734437e+001  -3.119006e+001  -2.020257e+001  -1.215114e+001  -5.714233e+000  -0.000000e+000  
-0.000000e+000  -1.458366e+001  -2.913776e+001  -4.363080e+001  -6.004657e+001  -7.428313e+001  -8.832764e+001  -1.021232e+002  -9.701069e+001  -9.188380e+001  -8.681993e+001  -6.358656e+001  -4.293052e+001  -2.869076e+001  -1.866927e+001  -1.123712e+001  -5.282699e+000  -0.000000e+000  
-0.000000e+000  -1.138104e+001  -2.272419e+001  -3.399085e+001  -4.670146e+001  -5.766747e+001  -6.842438e+001  -7.892480e+001  -7.585580e+001  -7.268200e+001  -6.945401e+001  -5.331317e+001  -3.728222e+001  -2.539233e+001  -1.667358e+001  -1.007468e+001  -4.742901e+000  -0.000000e+000  
-0.000000e+000  -8.685076e+000  -1.733592e+001  -2.591810e+001  -3.558215e+001  -4.389968e+001  -5.203743e+001  -5.995886e+001  -5.810085e+001  -5.612815e+001  -5.407199e+001  -4.307539e+001  -3.109190e+001  -2.159485e+001  -1.433626e+001  -8.710944e+000  -4.111159e+000  -0.000000e+000  
-0.000000e+000  -6.664804e+000  -1.330170e+001  -1.988277e+001  -2.728804e+001  -3.365560e+001  -3.987953e+001  -4.593199e+001  -4.474234e+001  -4.345346e+001  -4.208506e+001  -3.440754e+001  -2.544333e+001  -1.796135e+001  -1.204276e+001  -7.357676e+000  -3.481705e+000  -0.000000e+000  
-0.000000e+000  -6.115671e+000  -1.220544e+001  -1.824344e+001  -2.503666e+001  -3.087695e+001  -3.658451e+001  -4.213388e+001  -4.109816e+001  -3.996930e+001  -3.876434e+001  -3.191189e+001  -2.375426e+001  -1.684558e+001  -1.132690e+001  -6.931551e+000  -3.282692e+000  -0.000000e+000  
-0.000000e+000  -5.593440e+000  -1.116300e+001  -1.668483e+001  -2.289670e+001  -2.823653e+001  -3.345439e+001  -3.852709e+001  -3.762601e+001  -3.663831e+001  -3.557866e+001  -2.947620e+001  -2.207775e+001  -1.572486e+001  -1.060254e+001  -6.498601e+000  -3.080099e+000  -0.000000e+000  
-0.000000e+000  -5.096054e+000  -1.017022e+001  -1.520066e+001  -2.085934e+001  -2.572324e+001  -3.047568e+001  -3.509564e+001  -3.431270e+001  -3.344985e+001  -3.251973e+001  -2.710000e+001  -2.041605e+001  -1.460137e+001  -9.871120e+000  -6.059648e+000  -2.874291e+000  -0.000000e+000  
-0.000000e+000  -4.625429e+000  -9.230914e+000  -1.379656e+001  -1.893216e+001  -2.334623e+001  -2.765898e+001  -3.185139e+001  -3.117165e+001  -3.041873e+001  -2.960348e+001  -2.480147e+001  -1.878477e+001  -1.348654e+001  -9.140285e+000  -5.619284e+000  -2.667411e+000  -0.000000e+000  
-0.000000e+000  -4.175232e+000  -8.332414e+000  -1.245355e+001  -1.708902e+001  -2.107312e+001  -2.496569e+001  -2.874968e+001  -2.816129e+001  -2.750644e+001  -2.679439e+001  -2.255781e+001  -1.717051e+001  -1.237215e+001  -8.404897e+000  -5.174453e+000  -2.458025e+000  -0.000000e+000  
-0.000000e+000  -3.743531e+000  -7.470852e+000  -1.116581e+001  -1.532185e+001  -1.889385e+001  -2.238380e+001  -2.577646e+001  -2.526935e+001  -2.470240e+001  -2.408348e+001  -2.036621e+001  -1.557363e+001  -1.125932e+001  -7.665915e+000  -4.725781e+000  -2.246430e+000  -0.000000e+000  
-0.000000e+000  -2.494448e+000  -4.978105e+000  -7.440226e+000  -1.020967e+001  -1.259007e+001  -1.491602e+001  -1.717750e+001  -1.687032e+001  -1.652319e+001  -1.614070e+001  -1.379292e+001  -1.066535e+001  -7.775837e+000  -5.324413e+000  -3.293765e+000  -1.568567e+000  -0.000000e+000  
-0.000000e+000  -1.213334e+000  -2.421436e+000  -3.619099e+000  -4.966326e+000  -6.124401e+000  -7.256124e+000  -8.356661e+000  -8.216786e+000  -8.057541e+000  -7.880961e+000  -6.781128e+000  -5.283140e+000  -3.874254e+000  -2.663525e+000  -1.651819e+000  -7.876775e-001  -0.000000e+000  
-0.000000e+000  -0.000000e+000  -0.000000e+000  -0.000000e+000  -0.000000e+000  -0.000000e+000  -0.000000e+000  -0.000000e+000  -0.000000e+000  -0.000000e+000  -0.000000e+000  -0.000000e+000  -0.000000e+000  -0.000000e+000  -0.000000e+000  -0.000000e+000  -0.000000e+000  -0.000000e+000  

