Port monitor named: Port1_h1.prt

nx        = 102
ny        = 85
nz        = 48

nu        = 6
nv        = 14
iu        = 23
iv        = 45

idir      = 1
dcut      = -3.500000e-002
icut      = 21
type      = 1
frequency = 2.500000e+009

fcutoff   = 0.000000e+000
alpha     = 0.000000e+000
beta      = 8.565437e+001
accuracy  = 1.596622e-013

type          = QTEM
wave imp.     = 2.304519e+002
wave imp.sig. = 0.000000e+000
line imp.     = 4.836046e+001

ref. port     = 0

0.000000e+000  5.782573e-001  1.040789e+000  1.252872e+000  1.259103e+000  0.000000e+000  
0.000000e+000  1.515200e+000  2.284062e+000  2.277615e+000  1.920057e+000  0.000000e+000  
0.000000e+000  4.301079e+000  4.846017e+000  3.737876e+000  2.469622e+000  0.000000e+000  
0.000000e+000  1.001404e+001  8.035439e+000  4.895778e+000  2.636250e+000  0.000000e+000  
0.000000e+000  2.739703e+001  1.221639e+001  5.315654e+000  2.261592e+000  0.000000e+000  
0.000000e+000  0.000000e+000  5.904719e+000  2.832340e+000  1.188371e+000  0.000000e+000  
0.000000e+000  0.000000e+000  0.000000e+000  -9.855141e-011  -6.658886e-011  0.000000e+000  
0.000000e+000  0.000000e+000  -5.904719e+000  -2.832340e+000  -1.188371e+000  0.000000e+000  
0.000000e+000  -2.739703e+001  -1.221639e+001  -5.315654e+000  -2.261592e+000  0.000000e+000  
0.000000e+000  -1.001404e+001  -8.035439e+000  -4.895778e+000  -2.636250e+000  0.000000e+000  
0.000000e+000  -4.301079e+000  -4.846017e+000  -3.737876e+000  -2.469622e+000  0.000000e+000  
0.000000e+000  -1.515200e+000  -2.284062e+000  -2.277615e+000  -1.920057e+000  0.000000e+000  
0.000000e+000  -5.782573e-001  -1.040789e+000  -1.252872e+000  -1.259103e+000  0.000000e+000  
0.000000e+000  0.000000e+000  0.000000e+000  0.000000e+000  0.000000e+000  0.000000e+000  

0.000000e+000  0.000000e+000  0.000000e+000  0.000000e+000  0.000000e+000  0.000000e+000  
-1.612564e+000  -1.178404e+000  -5.735401e-001  -7.500291e-002  7.188341e-001  0.000000e+000  
-4.565710e+000  -2.555388e+000  -6.115667e-001  4.965943e-001  1.526816e+000  0.000000e+000  
-8.998157e+000  -3.090142e+000  3.805011e-001  1.641060e+000  2.090400e+000  0.000000e+000  
-1.927303e+001  -1.307500e+000  3.241494e+000  3.699352e+000  2.695668e+000  0.000000e+000  
-4.165432e+001  1.737495e+001  9.565232e+000  6.493087e+000  3.216939e+000  0.000000e+000  
-5.892603e+001  2.017213e+001  1.169752e+001  7.632981e+000  3.424735e+000  0.000000e+000  
-5.892603e+001  2.017213e+001  1.169752e+001  7.632981e+000  3.424735e+000  0.000000e+000  
-4.165432e+001  1.737495e+001  9.565232e+000  6.493087e+000  3.216939e+000  0.000000e+000  
-1.927303e+001  -1.307500e+000  3.241494e+000  3.699352e+000  2.695668e+000  0.000000e+000  
-8.998157e+000  -3.090142e+000  3.805011e-001  1.641060e+000  2.090400e+000  0.000000e+000  
-4.565710e+000  -2.555388e+000  -6.115667e-001  4.965943e-001  1.526816e+000  0.000000e+000  
-1.612564e+000  -1.178404e+000  -5.735401e-001  -7.500291e-002  7.188341e-001  0.000000e+000  
0.000000e+000  0.000000e+000  0.000000e+000  0.000000e+000  0.000000e+000  0.000000e+000  

0.000000e+000  0.000000e+000  0.000000e+000  0.000000e+000  0.000000e+000  0.000000e+000  
0.000000e+000  0.000000e+000  0.000000e+000  0.000000e+000  0.000000e+000  0.000000e+000  
0.000000e+000  0.000000e+000  0.000000e+000  0.000000e+000  0.000000e+000  0.000000e+000  
0.000000e+000  0.000000e+000  0.000000e+000  0.000000e+000  0.000000e+000  0.000000e+000  
0.000000e+000  0.000000e+000  0.000000e+000  0.000000e+000  0.000000e+000  0.000000e+000  
0.000000e+000  0.000000e+000  0.000000e+000  0.000000e+000  0.000000e+000  0.000000e+000  
0.000000e+000  0.000000e+000  0.000000e+000  0.000000e+000  0.000000e+000  0.000000e+000  
0.000000e+000  0.000000e+000  0.000000e+000  0.000000e+000  0.000000e+000  0.000000e+000  
0.000000e+000  0.000000e+000  0.000000e+000  0.000000e+000  0.000000e+000  0.000000e+000  
0.000000e+000  0.000000e+000  0.000000e+000  0.000000e+000  0.000000e+000  0.000000e+000  
0.000000e+000  0.000000e+000  0.000000e+000  0.000000e+000  0.000000e+000  0.000000e+000  
0.000000e+000  0.000000e+000  0.000000e+000  0.000000e+000  0.000000e+000  0.000000e+000  
0.000000e+000  0.000000e+000  0.000000e+000  0.000000e+000  0.000000e+000  0.000000e+000  
0.000000e+000  0.000000e+000  0.000000e+000  0.000000e+000  0.000000e+000  0.000000e+000  

0.000000e+000  0.000000e+000  0.000000e+000  0.000000e+000  0.000000e+000  0.000000e+000  
0.000000e+000  0.000000e+000  0.000000e+000  0.000000e+000  0.000000e+000  0.000000e+000  
0.000000e+000  0.000000e+000  0.000000e+000  0.000000e+000  0.000000e+000  0.000000e+000  
0.000000e+000  0.000000e+000  0.000000e+000  0.000000e+000  0.000000e+000  0.000000e+000  
0.000000e+000  0.000000e+000  0.000000e+000  0.000000e+000  0.000000e+000  0.000000e+000  
0.000000e+000  0.000000e+000  0.000000e+000  0.000000e+000  0.000000e+000  0.000000e+000  
0.000000e+000  0.000000e+000  0.000000e+000  0.000000e+000  0.000000e+000  0.000000e+000  
0.000000e+000  0.000000e+000  0.000000e+000  0.000000e+000  0.000000e+000  0.000000e+000  
0.000000e+000  0.000000e+000  0.000000e+000  0.000000e+000  0.000000e+000  0.000000e+000  
0.000000e+000  0.000000e+000  0.000000e+000  0.000000e+000  0.000000e+000  0.000000e+000  
0.000000e+000  0.000000e+000  0.000000e+000  0.000000e+000  0.000000e+000  0.000000e+000  
0.000000e+000  0.000000e+000  0.000000e+000  0.000000e+000  0.000000e+000  0.000000e+000  
0.000000e+000  0.000000e+000  0.000000e+000  0.000000e+000  0.000000e+000  0.000000e+000  
0.000000e+000  0.000000e+000  0.000000e+000  0.000000e+000  0.000000e+000  0.000000e+000  

0.000000e+000  0.000000e+000  0.000000e+000  0.000000e+000  0.000000e+000  0.000000e+000  
0.000000e+000  0.000000e+000  0.000000e+000  0.000000e+000  0.000000e+000  0.000000e+000  
0.000000e+000  0.000000e+000  0.000000e+000  0.000000e+000  0.000000e+000  0.000000e+000  
0.000000e+000  0.000000e+000  0.000000e+000  0.000000e+000  0.000000e+000  0.000000e+000  
0.000000e+000  0.000000e+000  0.000000e+000  0.000000e+000  0.000000e+000  0.000000e+000  
0.000000e+000  0.000000e+000  0.000000e+000  0.000000e+000  0.000000e+000  0.000000e+000  
0.000000e+000  0.000000e+000  0.000000e+000  0.000000e+000  0.000000e+000  0.000000e+000  
0.000000e+000  0.000000e+000  0.000000e+000  0.000000e+000  0.000000e+000  0.000000e+000  
0.000000e+000  0.000000e+000  0.000000e+000  0.000000e+000  0.000000e+000  0.000000e+000  
0.000000e+000  0.000000e+000  0.000000e+000  0.000000e+000  0.000000e+000  0.000000e+000  
0.000000e+000  0.000000e+000  0.000000e+000  0.000000e+000  0.000000e+000  0.000000e+000  
0.000000e+000  0.000000e+000  0.000000e+000  0.000000e+000  0.000000e+000  0.000000e+000  
0.000000e+000  0.000000e+000  0.000000e+000  0.000000e+000  0.000000e+000  0.000000e+000  
0.000000e+000  0.000000e+000  0.000000e+000  0.000000e+000  0.000000e+000  0.000000e+000  

6.194730e-001  5.993539e-001  5.612932e-001  5.180581e-001  4.141337e-001  -0.000000e+000  
7.117584e-001  6.692071e-001  5.908769e-001  5.162212e-001  3.643486e-001  -0.000000e+000  
8.404274e-001  7.579518e-001  6.034683e-001  4.870029e-001  2.982158e-001  -0.000000e+000  
9.440943e-001  8.235768e-001  5.808509e-001  4.334388e-001  2.360585e-001  -0.000000e+000  
9.683814e-001  8.277857e-001  4.783715e-001  3.233922e-001  1.570190e-001  -0.000000e+000  
5.321050e-001  4.148920e-001  2.443602e-001  1.619605e-001  7.500237e-002  -0.000000e+000  
-0.000000e+000  -0.000000e+000  -0.000000e+000  -0.000000e+000  -0.000000e+000  -0.000000e+000  
-5.321050e-001  -4.148920e-001  -2.443602e-001  -1.619605e-001  -7.500237e-002  -0.000000e+000  
-9.683814e-001  -8.277857e-001  -4.783715e-001  -3.233922e-001  -1.570190e-001  -0.000000e+000  
-9.440943e-001  -8.235768e-001  -5.808509e-001  -4.334388e-001  -2.360585e-001  -0.000000e+000  
-8.404274e-001  -7.579518e-001  -6.034683e-001  -4.870029e-001  -2.982158e-001  -0.000000e+000  
-7.117584e-001  -6.692071e-001  -5.908769e-001  -5.162212e-001  -3.643486e-001  -0.000000e+000  
-6.194730e-001  -5.993539e-001  -5.612932e-001  -5.180581e-001  -4.141337e-001  -0.000000e+000  
-0.000000e+000  -0.000000e+000  -0.000000e+000  -0.000000e+000  -0.000000e+000  -0.000000e+000  

