Port monitor named: Port1_e1.prt

nx        = 102
ny        = 85
nz        = 48

nu        = 6
nv        = 14
iu        = 23
iv        = 45

idir      = 1
dcut      = -3.500000e-002
icut      = 21
type      = 0
frequency = 2.500000e+009

fcutoff   = 0.000000e+000
alpha     = 0.000000e+000
beta      = 8.565437e+001
accuracy  = 1.596622e-013

type          = QTEM
wave imp.     = 2.304519e+002
wave imp.sig. = 0.000000e+000
line imp.     = 4.836046e+001

ref. port     = 0

0.000000e+000  0.000000e+000  0.000000e+000  0.000000e+000  0.000000e+000  0.000000e+000  
-1.245431e+002  -2.934683e+002  -1.701509e+002  -5.755861e+001  1.346228e+002  0.000000e+000  
-4.631647e+002  -7.169145e+002  -2.550668e+002  2.372494e+001  3.017807e+002  0.000000e+000  
-1.211598e+003  -9.941225e+002  -7.893796e+001  2.687492e+002  4.264552e+002  0.000000e+000  
-3.403416e+003  -7.469380e+002  5.768681e+002  7.540311e+002  5.653795e+002  0.000000e+000  
-9.599314e+003  4.193259e+003  2.202785e+003  1.454640e+003  6.885885e+002  0.000000e+000  
-1.357961e+004  4.839049e+003  2.737169e+003  1.740236e+003  7.381260e+002  0.000000e+000  
-1.357961e+004  4.839049e+003  2.737169e+003  1.740236e+003  7.381260e+002  0.000000e+000  
-9.599314e+003  4.193259e+003  2.202785e+003  1.454640e+003  6.885885e+002  0.000000e+000  
-3.403416e+003  -7.469380e+002  5.768681e+002  7.540311e+002  5.653795e+002  0.000000e+000  
-1.211598e+003  -9.941225e+002  -7.893796e+001  2.687492e+002  4.264552e+002  0.000000e+000  
-4.631647e+002  -7.169145e+002  -2.550668e+002  2.372494e+001  3.017807e+002  0.000000e+000  
-1.245431e+002  -2.934683e+002  -1.701509e+002  -5.755861e+001  1.346228e+002  0.000000e+000  
0.000000e+000  0.000000e+000  0.000000e+000  0.000000e+000  0.000000e+000  0.000000e+000  

0.000000e+000  -4.053056e+001  -1.562577e+002  -2.209729e+002  -2.392075e+002  0.000000e+000  
0.000000e+000  -1.701540e+002  -4.090862e+002  -4.519113e+002  -3.988621e+002  0.000000e+000  
0.000000e+000  -7.239991e+002  -1.017040e+003  -8.187595e+002  -5.468476e+002  0.000000e+000  
0.000000e+000  -2.135474e+003  -1.857462e+003  -1.137744e+003  -6.051281e+002  0.000000e+000  
0.000000e+000  -7.032036e+003  -3.073609e+003  -1.299955e+003  -5.343792e+002  0.000000e+000  
0.000000e+000  0.000000e+000  -1.464667e+003  -6.949201e+002  -2.831878e+002  0.000000e+000  
0.000000e+000  0.000000e+000  0.000000e+000  0.000000e+000  0.000000e+000  0.000000e+000  
0.000000e+000  0.000000e+000  1.464667e+003  6.949201e+002  2.831878e+002  0.000000e+000  
0.000000e+000  7.032036e+003  3.073609e+003  1.299955e+003  5.343792e+002  0.000000e+000  
0.000000e+000  2.135474e+003  1.857462e+003  1.137744e+003  6.051281e+002  0.000000e+000  
0.000000e+000  7.239991e+002  1.017040e+003  8.187595e+002  5.468476e+002  0.000000e+000  
0.000000e+000  1.701540e+002  4.090862e+002  4.519113e+002  3.988621e+002  0.000000e+000  
0.000000e+000  4.053056e+001  1.562577e+002  2.209729e+002  2.392075e+002  0.000000e+000  
0.000000e+000  0.000000e+000  0.000000e+000  0.000000e+000  0.000000e+000  0.000000e+000  

0.000000e+000  0.000000e+000  0.000000e+000  0.000000e+000  0.000000e+000  0.000000e+000  
0.000000e+000  0.000000e+000  0.000000e+000  0.000000e+000  0.000000e+000  0.000000e+000  
0.000000e+000  0.000000e+000  0.000000e+000  0.000000e+000  0.000000e+000  0.000000e+000  
0.000000e+000  0.000000e+000  0.000000e+000  0.000000e+000  0.000000e+000  0.000000e+000  
0.000000e+000  0.000000e+000  0.000000e+000  0.000000e+000  0.000000e+000  0.000000e+000  
0.000000e+000  0.000000e+000  0.000000e+000  0.000000e+000  0.000000e+000  0.000000e+000  
0.000000e+000  0.000000e+000  0.000000e+000  0.000000e+000  0.000000e+000  0.000000e+000  
0.000000e+000  0.000000e+000  0.000000e+000  0.000000e+000  0.000000e+000  0.000000e+000  
0.000000e+000  0.000000e+000  0.000000e+000  0.000000e+000  0.000000e+000  0.000000e+000  
0.000000e+000  0.000000e+000  0.000000e+000  0.000000e+000  0.000000e+000  0.000000e+000  
0.000000e+000  0.000000e+000  0.000000e+000  0.000000e+000  0.000000e+000  0.000000e+000  
0.000000e+000  0.000000e+000  0.000000e+000  0.000000e+000  0.000000e+000  0.000000e+000  
0.000000e+000  0.000000e+000  0.000000e+000  0.000000e+000  0.000000e+000  0.000000e+000  
0.000000e+000  0.000000e+000  0.000000e+000  0.000000e+000  0.000000e+000  0.000000e+000  

0.000000e+000  0.000000e+000  0.000000e+000  0.000000e+000  0.000000e+000  0.000000e+000  
0.000000e+000  0.000000e+000  0.000000e+000  0.000000e+000  0.000000e+000  0.000000e+000  
0.000000e+000  0.000000e+000  0.000000e+000  0.000000e+000  0.000000e+000  0.000000e+000  
0.000000e+000  0.000000e+000  0.000000e+000  0.000000e+000  0.000000e+000  0.000000e+000  
0.000000e+000  0.000000e+000  0.000000e+000  0.000000e+000  0.000000e+000  0.000000e+000  
0.000000e+000  0.000000e+000  0.000000e+000  0.000000e+000  0.000000e+000  0.000000e+000  
0.000000e+000  0.000000e+000  0.000000e+000  0.000000e+000  0.000000e+000  0.000000e+000  
0.000000e+000  0.000000e+000  0.000000e+000  0.000000e+000  0.000000e+000  0.000000e+000  
0.000000e+000  0.000000e+000  0.000000e+000  0.000000e+000  0.000000e+000  0.000000e+000  
0.000000e+000  0.000000e+000  0.000000e+000  0.000000e+000  0.000000e+000  0.000000e+000  
0.000000e+000  0.000000e+000  0.000000e+000  0.000000e+000  0.000000e+000  0.000000e+000  
0.000000e+000  0.000000e+000  0.000000e+000  0.000000e+000  0.000000e+000  0.000000e+000  
0.000000e+000  0.000000e+000  0.000000e+000  0.000000e+000  0.000000e+000  0.000000e+000  
0.000000e+000  0.000000e+000  0.000000e+000  0.000000e+000  0.000000e+000  0.000000e+000  

0.000000e+000  0.000000e+000  0.000000e+000  0.000000e+000  0.000000e+000  0.000000e+000  
0.000000e+000  0.000000e+000  0.000000e+000  0.000000e+000  0.000000e+000  0.000000e+000  
0.000000e+000  0.000000e+000  0.000000e+000  0.000000e+000  0.000000e+000  0.000000e+000  
0.000000e+000  0.000000e+000  0.000000e+000  0.000000e+000  0.000000e+000  0.000000e+000  
0.000000e+000  0.000000e+000  0.000000e+000  0.000000e+000  0.000000e+000  0.000000e+000  
0.000000e+000  0.000000e+000  0.000000e+000  0.000000e+000  0.000000e+000  0.000000e+000  
0.000000e+000  0.000000e+000  0.000000e+000  0.000000e+000  0.000000e+000  0.000000e+000  
0.000000e+000  0.000000e+000  0.000000e+000  0.000000e+000  0.000000e+000  0.000000e+000  
0.000000e+000  0.000000e+000  0.000000e+000  0.000000e+000  0.000000e+000  0.000000e+000  
0.000000e+000  0.000000e+000  0.000000e+000  0.000000e+000  0.000000e+000  0.000000e+000  
0.000000e+000  0.000000e+000  0.000000e+000  0.000000e+000  0.000000e+000  0.000000e+000  
0.000000e+000  0.000000e+000  0.000000e+000  0.000000e+000  0.000000e+000  0.000000e+000  
0.000000e+000  0.000000e+000  0.000000e+000  0.000000e+000  0.000000e+000  0.000000e+000  
0.000000e+000  0.000000e+000  0.000000e+000  0.000000e+000  0.000000e+000  0.000000e+000  

0.000000e+000  0.000000e+000  0.000000e+000  0.000000e+000  0.000000e+000  0.000000e+000  
0.000000e+000  -1.075084e+001  -9.691668e+000  -7.855164e+000  -5.907603e+000  0.000000e+000  
0.000000e+000  -2.562932e+001  -1.943853e+001  -1.391946e+001  -9.532642e+000  0.000000e+000  
0.000000e+000  -3.750960e+001  -2.387303e+001  -1.581543e+001  -1.052335e+001  0.000000e+000  
0.000000e+000  -4.516975e+001  -2.362049e+001  -1.539291e+001  -1.063009e+001  0.000000e+000  
0.000000e+000  0.000000e+000  -1.213472e+001  -1.206026e+001  -1.004356e+001  0.000000e+000  
0.000000e+000  0.000000e+000  -8.633804e+000  -1.063843e+001  -9.729378e+000  0.000000e+000  
0.000000e+000  0.000000e+000  -8.633804e+000  -1.063843e+001  -9.729378e+000  0.000000e+000  
0.000000e+000  0.000000e+000  -1.213472e+001  -1.206026e+001  -1.004356e+001  0.000000e+000  
0.000000e+000  -4.516975e+001  -2.362049e+001  -1.539291e+001  -1.063009e+001  0.000000e+000  
0.000000e+000  -3.750960e+001  -2.387303e+001  -1.581543e+001  -1.052335e+001  0.000000e+000  
0.000000e+000  -2.562932e+001  -1.943853e+001  -1.391946e+001  -9.532642e+000  0.000000e+000  
0.000000e+000  -1.075084e+001  -9.691668e+000  -7.855164e+000  -5.907603e+000  0.000000e+000  
0.000000e+000  0.000000e+000  0.000000e+000  0.000000e+000  0.000000e+000  0.000000e+000  

