Port monitor named: Port1_h1.prt

nx        = 96
ny        = 96
nz        = 25

nu        = 11
nv        = 36
iu        = 8
iv        = 34

idir      = 1
dcut      = -3.000000e-002
icut      = 8
type      = 1
frequency = 3.000000e+009

fcutoff   = 0.000000e+000
alpha     = 0.000000e+000
beta      = 1.111413e+002
accuracy  = 3.098197e-014

type          = QTEM
wave imp.     = 2.255883e+002
wave imp.sig. = 1.051532e-002
line imp.     = 4.270674e+001

ref. port     = 0

0.000000e+000  7.528175e-006  1.018584e-005  7.095488e-006  0.000000e+000  3.872562e-002  7.855567e-002  1.147214e-001  2.133947e-001  1.529380e-001  0.000000e+000  
0.000000e+000  2.809470e-005  3.802073e-005  2.649048e-005  0.000000e+000  4.462962e-002  9.028395e-002  1.312557e-001  2.347869e-001  1.630097e-001  0.000000e+000  
0.000000e+000  6.198334e-005  8.391551e-005  5.848244e-005  0.000000e+000  5.036672e-002  1.016521e-001  1.472173e-001  2.544741e-001  1.719977e-001  0.000000e+000  
0.000000e+000  1.426033e-004  1.931595e-004  1.346768e-004  0.000000e+000  5.866299e-002  1.180405e-001  1.701155e-001  2.811286e-001  1.837202e-001  0.000000e+000  
0.000000e+000  3.366079e-004  4.562644e-004  3.183816e-004  0.000000e+000  7.060519e-002  1.415341e-001  2.027388e-001  3.164669e-001  1.985629e-001  0.000000e+000  
0.000000e+000  8.224198e-004  1.116557e-003  7.804394e-004  0.000000e+000  8.788718e-002  1.753247e-001  2.492623e-001  3.623599e-001  2.167275e-001  0.000000e+000  
0.000000e+000  2.004276e-003  2.729212e-003  1.913910e-003  0.000000e+000  1.121781e-001  2.223740e-001  3.132798e-001  4.187389e-001  2.375032e-001  0.000000e+000  
0.000000e+000  7.949684e-003  1.090175e-002  7.708411e-003  0.000000e+000  1.839129e-001  3.591464e-001  4.961455e-001  5.595058e-001  2.851517e-001  0.000000e+000  
0.000000e+000  8.208786e-002  1.153566e-001  8.413689e-002  0.000000e+000  5.115638e-001  9.363039e-001  1.208799e+000  9.035172e-001  3.663243e-001  0.000000e+000  
0.000000e+000  5.472590e-001  8.205414e-001  6.567537e-001  0.000000e+000  1.519889e+000  2.279652e+000  2.471103e+000  1.176655e+000  3.902142e-001  0.000000e+000  
0.000000e+000  1.121175e+000  1.820911e+000  1.677982e+000  0.000000e+000  2.846923e+000  3.475423e+000  3.252443e+000  1.282451e+000  3.903225e-001  0.000000e+000  
0.000000e+000  2.206717e+000  4.094229e+000  5.020016e+000  0.000000e+000  6.509204e+000  5.492554e+000  4.116025e+000  1.337461e+000  3.757772e-001  0.000000e+000  
0.000000e+000  3.470513e+000  7.591483e+000  1.404988e+001  2.025797e+001  1.318451e+001  7.720453e+000  4.686694e+000  1.311480e+000  3.459003e-001  0.000000e+000  
0.000000e+000  3.666661e+000  8.126683e+000  1.536639e+001  2.769062e+001  1.489168e+001  8.022191e+000  4.613064e+000  1.203897e+000  3.037911e-001  0.000000e+000  
0.000000e+000  2.675496e+000  5.336547e+000  7.947440e+000  0.000000e+000  7.744442e+000  5.722122e+000  3.811887e+000  1.004821e+000  2.465055e-001  0.000000e+000  
0.000000e+000  1.461389e+000  2.533043e+000  2.634304e+000  0.000000e+000  3.142041e+000  3.279641e+000  2.612141e+000  7.221715e-001  1.746617e-001  0.000000e+000  
0.000000e+000  6.184682e-001  9.848772e-001  8.645295e-001  0.000000e+000  1.203210e+000  1.502450e+000  1.343385e+000  3.879171e-001  9.329643e-002  0.000000e+000  
0.000000e+000  -2.245042e-005  -3.259952e-005  -2.465022e-005  0.000000e+000  8.760950e-004  1.699347e-003  2.322982e-003  1.990226e-003  5.022150e-004  0.000000e+000  
0.000000e+000  -6.185298e-001  -9.849712e-001  -8.646054e-001  0.000000e+000  -1.201336e+000  -1.498847e+000  -1.338478e+000  -3.838940e-001  -9.232285e-002  0.000000e+000  
0.000000e+000  -1.461498e+000  -2.533229e+000  -2.634479e+000  0.000000e+000  -3.139813e+000  -3.275493e+000  -2.606532e+000  -7.180450e-001  -1.737699e-001  0.000000e+000  
0.000000e+000  -2.675684e+000  -5.336939e+000  -7.947929e+000  0.000000e+000  -7.741465e+000  -5.717047e+000  -3.805031e+000  -1.000544e+000  -2.457556e-001  0.000000e+000  
0.000000e+000  -3.666890e+000  -8.127412e+000  -1.536755e+001  -2.769028e+001  -1.488917e+001  -8.015949e+000  -4.604294e+000  -1.199457e+000  -3.032496e-001  0.000000e+000  
0.000000e+000  -3.470460e+000  -7.592618e+000  -1.405447e+001  -2.026369e+001  -1.318216e+001  -7.712180e+000  -4.675105e+000  -1.306914e+000  -3.456404e-001  0.000000e+000  
0.000000e+000  -2.201347e+000  -4.083247e+000  -5.003386e+000  0.000000e+000  -6.488937e+000  -5.473838e+000  -4.098396e+000  -1.332950e+000  -3.760049e-001  0.000000e+000  
0.000000e+000  -1.110444e+000  -1.803179e+000  -1.660912e+000  0.000000e+000  -2.820244e+000  -3.443915e+000  -3.223523e+000  -1.277592e+000  -3.911219e-001  0.000000e+000  
0.000000e+000  -5.320241e-001  -7.976861e-001  -6.384651e-001  0.000000e+000  -1.488101e+000  -2.236717e+000  -2.430713e+000  -1.171744e+000  -3.916340e-001  0.000000e+000  
0.000000e+000  -9.296549e-002  -1.308623e-001  -9.564893e-002  0.000000e+000  -5.446813e-001  -9.907951e-001  -1.271579e+000  -9.274597e-001  -3.715001e-001  0.000000e+000  
0.000000e+000  -2.554448e-002  -3.523093e-002  -2.507807e-002  0.000000e+000  -2.995857e-001  -5.726682e-001  -7.714156e-001  -7.150074e-001  -3.258339e-001  0.000000e+000  
0.000000e+000  -1.050126e-002  -1.435421e-002  -1.010881e-002  0.000000e+000  -2.167219e-001  -4.219336e-001  -5.799364e-001  -6.137398e-001  -3.000800e-001  0.000000e+000  
0.000000e+000  -4.295010e-003  -5.842804e-003  -4.092655e-003  0.000000e+000  -1.613766e-001  -3.176701e-001  -4.427205e-001  -5.259519e-001  -2.745007e-001  0.000000e+000  
0.000000e+000  -1.797960e-003  -2.439815e-003  -1.704427e-003  0.000000e+000  -1.239517e-001  -2.457760e-001  -3.460335e-001  -4.530091e-001  -2.506920e-001  0.000000e+000  
0.000000e+000  -7.674367e-004  -1.040025e-003  -7.255463e-004  0.000000e+000  -9.782174e-002  -1.950048e-001  -2.767910e-001  -3.930704e-001  -2.292289e-001  0.000000e+000  
0.000000e+000  -3.419498e-004  -4.630892e-004  -3.228338e-004  0.000000e+000  -7.905053e-002  -1.582512e-001  -2.261386e-001  -3.436157e-001  -2.100478e-001  0.000000e+000  
0.000000e+000  -6.736819e-005  -9.118684e-005  -6.353729e-005  0.000000e+000  -5.535467e-002  -1.115748e-001  -1.612362e-001  -2.730151e-001  -1.806961e-001  0.000000e+000  
0.000000e+000  -8.053013e-006  -1.089851e-005  -7.592454e-006  0.000000e+000  -3.913885e-002  -7.937777e-002  -1.158831e-001  -2.149342e-001  -1.535977e-001  0.000000e+000  
0.000000e+000  0.000000e+000  0.000000e+000  0.000000e+000  0.000000e+000  0.000000e+000  0.000000e+000  0.000000e+000  0.000000e+000  0.000000e+000  0.000000e+000  

0.000000e+000  0.000000e+000  0.000000e+000  0.000000e+000  0.000000e+000  0.000000e+000  0.000000e+000  0.000000e+000  0.000000e+000  0.000000e+000  0.000000e+000  
-2.398844e-001  -2.398730e-001  -2.398582e-001  -2.398478e-001  -1.262583e-001  -1.222933e-001  -1.144167e-001  -8.401131e-002  -1.177301e-002  2.597233e-002  0.000000e+000  
-3.467370e-001  -3.467067e-001  -3.466671e-001  -3.466394e-001  -1.889016e-001  -1.826656e-001  -1.703087e-001  -1.228018e-001  -1.520162e-002  3.931736e-002  0.000000e+000  
-4.532666e-001  -4.531946e-001  -4.531001e-001  -4.530343e-001  -2.575560e-001  -2.485383e-001  -2.307247e-001  -1.625723e-001  -1.689186e-002  5.421377e-002  0.000000e+000  
-5.594133e-001  -5.592452e-001  -5.590248e-001  -5.588709e-001  -3.348755e-001  -3.222909e-001  -2.975335e-001  -2.033985e-001  -1.614843e-002  7.113862e-002  0.000000e+000  
-6.718264e-001  -6.714181e-001  -6.708812e-001  -6.705056e-001  -4.302717e-001  -4.125993e-001  -3.780451e-001  -2.477758e-001  -1.179552e-002  9.186728e-002  0.000000e+000  
-7.840119e-001  -7.830185e-001  -7.817073e-001  -7.807857e-001  -5.447075e-001  -5.198680e-001  -4.717560e-001  -2.925036e-001  -2.604140e-003  1.159623e-001  0.000000e+000  
-8.966403e-001  -8.942310e-001  -8.910275e-001  -8.887562e-001  -6.857864e-001  -6.504216e-001  -5.829934e-001  -3.361387e-001  1.282451e-002  1.439290e-001  0.000000e+000  
-1.265949e+000  -1.246156e+000  -1.219181e+000  -1.199444e+000  -1.376528e+000  -1.270114e+000  -1.082664e+000  -4.488846e-001  1.129684e-001  2.601398e-001  0.000000e+000  
-1.889534e+000  -1.701030e+000  -1.424609e+000  -1.200156e+000  -3.180043e+000  -2.682980e+000  -2.020752e+000  -3.167958e-001  3.604088e-001  4.262536e-001  0.000000e+000  
-2.619059e+000  -2.136649e+000  -1.323289e+000  -4.929934e-001  -4.827260e+000  -3.470397e+000  -2.247712e+000  -5.999996e-002  4.841751e-001  4.849503e-001  0.000000e+000  
-4.006898e+000  -3.094409e+000  -1.246045e+000  1.471113e+000  -7.880841e+000  -4.136285e+000  -2.073762e+000  3.442872e-001  6.274271e-001  5.446244e-001  0.000000e+000  
-6.641061e+000  -5.509810e+000  -2.481958e+000  5.335102e+000  -1.046864e+001  -3.201275e+000  -7.756423e-001  9.259322e-001  7.841131e-001  6.028249e-001  0.000000e+000  
-1.022775e+001  -1.003960e+001  -9.543152e+000  -8.322182e+000  -5.523622e-001  1.435490e+000  1.787030e+000  1.552840e+000  9.236159e-001  6.503272e-001  0.000000e+000  
-1.400420e+001  -1.492740e+001  -1.744151e+001  -2.412739e+001  1.538371e+001  7.282045e+000  4.674972e+000  2.188636e+000  1.054445e+000  6.923366e-001  0.000000e+000  
-1.691332e+001  -1.801554e+001  -2.047760e+001  -2.514393e+001  1.415093e+001  9.066957e+000  6.368996e+000  2.740455e+000  1.171038e+000  7.284509e-001  0.000000e+000  
-1.851091e+001  -1.927619e+001  -2.063582e+001  -2.219013e+001  1.105353e+001  8.911848e+000  6.948768e+000  3.111438e+000  1.255407e+000  7.541407e-001  0.000000e+000  
-1.919110e+001  -1.971459e+001  -2.052098e+001  -2.122883e+001  9.863536e+000  8.625392e+000  7.079972e+000  3.298689e+000  1.300867e+000  7.679044e-001  0.000000e+000  
-1.919112e+001  -1.971462e+001  -2.052103e+001  -2.122890e+001  9.862534e+000  8.624516e+000  7.079306e+000  3.298761e+000  1.301159e+000  7.680198e-001  0.000000e+000  
-1.851093e+001  -1.927625e+001  -2.063597e+001  -2.219037e+001  1.105065e+001  8.909365e+000  6.946887e+000  3.111679e+000  1.256223e+000  7.544528e-001  0.000000e+000  
-1.691330e+001  -1.801560e+001  -2.047784e+001  -2.514445e+001  1.414584e+001  9.062691e+000  6.365755e+000  2.740987e+000  1.172409e+000  7.289470e-001  0.000000e+000  
-1.400406e+001  -1.492730e+001  -1.744172e+001  -2.412819e+001  1.537801e+001  7.275827e+000  4.670075e+000  2.189682e+000  1.056420e+000  6.929945e-001  0.000000e+000  
-1.022745e+001  -1.003903e+001  -9.542959e+000  -8.325160e+000  -5.616579e-001  1.426008e+000  1.779912e+000  1.554711e+000  9.262254e-001  6.511075e-001  0.000000e+000  
-6.640892e+000  -5.508030e+000  -2.478106e+000  5.335612e+000  -1.048260e+001  -3.215917e+000  -7.856679e-001  9.291478e-001  7.874234e-001  6.036855e-001  0.000000e+000  
-3.999265e+000  -3.087032e+000  -1.242806e+000  1.460600e+000  -7.886047e+000  -4.154412e+000  -2.089586e+000  3.473555e-001  6.308081e-001  5.451920e-001  0.000000e+000  
-2.616663e+000  -2.132992e+000  -1.319712e+000  -4.927416e-001  -4.845018e+000  -3.490003e+000  -2.262043e+000  -5.374013e-002  4.878723e-001  4.851231e-001  0.000000e+000  
-1.901014e+000  -1.704574e+000  -1.415986e+000  -1.181069e+000  -3.223186e+000  -2.709717e+000  -2.031592e+000  -3.040545e-001  3.646546e-001  4.259328e-001  0.000000e+000  
-1.322641e+000  -1.292476e+000  -1.251089e+000  -1.220547e+000  -1.548747e+000  -1.415346e+000  -1.187764e+000  -4.423283e-001  1.391801e-001  2.779457e-001  0.000000e+000  
-1.186562e+000  -1.173983e+000  -1.157098e+000  -1.144990e+000  -1.202265e+000  -1.117973e+000  -9.646386e-001  -4.312849e-001  8.673875e-002  2.329789e-001  0.000000e+000  
-1.066504e+000  -1.061315e+000  -1.054430e+000  -1.049564e+000  -9.458583e-001  -8.895582e-001  -7.834954e-001  -4.012860e-001  4.777900e-002  1.930163e-001  0.000000e+000  
-9.523721e-001  -9.502394e-001  -9.474281e-001  -9.454551e-001  -7.498978e-001  -7.110123e-001  -6.363120e-001  -3.612296e-001  1.987835e-002  1.579473e-001  0.000000e+000  
-8.447348e-001  -8.438355e-001  -8.426537e-001  -8.418274e-001  -6.014896e-001  -5.737459e-001  -5.198391e-001  -3.185293e-001  1.480616e-003  1.286637e-001  0.000000e+000  
-7.373228e-001  -7.369515e-001  -7.364644e-001  -7.361244e-001  -4.806714e-001  -4.607408e-001  -4.217169e-001  -2.744532e-001  -1.041732e-002  1.032402e-001  0.000000e+000  
-6.295813e-001  -6.294456e-001  -6.292678e-001  -6.291439e-001  -3.797623e-001  -3.655178e-001  -3.374587e-001  -2.306268e-001  -1.722218e-002  8.124481e-002  0.000000e+000  
-3.544295e-001  -3.544115e-001  -3.543880e-001  -3.543716e-001  -1.881489e-001  -1.821743e-001  -1.703116e-001  -1.245563e-001  -1.695615e-002  3.875881e-002  0.000000e+000  
0.000000e+000  0.000000e+000  0.000000e+000  0.000000e+000  0.000000e+000  0.000000e+000  0.000000e+000  0.000000e+000  0.000000e+000  0.000000e+000  0.000000e+000  

0.000000e+000  0.000000e+000  0.000000e+000  0.000000e+000  0.000000e+000  0.000000e+000  0.000000e+000  0.000000e+000  0.000000e+000  0.000000e+000  0.000000e+000  
0.000000e+000  0.000000e+000  0.000000e+000  0.000000e+000  0.000000e+000  0.000000e+000  0.000000e+000  0.000000e+000  0.000000e+000  0.000000e+000  0.000000e+000  
0.000000e+000  0.000000e+000  0.000000e+000  0.000000e+000  0.000000e+000  0.000000e+000  0.000000e+000  0.000000e+000  0.000000e+000  0.000000e+000  0.000000e+000  
0.000000e+000  0.000000e+000  0.000000e+000  0.000000e+000  0.000000e+000  0.000000e+000  0.000000e+000  0.000000e+000  0.000000e+000  0.000000e+000  0.000000e+000  
0.000000e+000  0.000000e+000  0.000000e+000  0.000000e+000  0.000000e+000  0.000000e+000  0.000000e+000  0.000000e+000  0.000000e+000  0.000000e+000  0.000000e+000  
0.000000e+000  0.000000e+000  0.000000e+000  0.000000e+000  0.000000e+000  0.000000e+000  0.000000e+000  0.000000e+000  0.000000e+000  0.000000e+000  0.000000e+000  
0.000000e+000  0.000000e+000  0.000000e+000  0.000000e+000  0.000000e+000  0.000000e+000  0.000000e+000  0.000000e+000  0.000000e+000  0.000000e+000  0.000000e+000  
0.000000e+000  0.000000e+000  0.000000e+000  0.000000e+000  0.000000e+000  0.000000e+000  0.000000e+000  0.000000e+000  0.000000e+000  0.000000e+000  0.000000e+000  
0.000000e+000  0.000000e+000  0.000000e+000  0.000000e+000  0.000000e+000  0.000000e+000  0.000000e+000  0.000000e+000  0.000000e+000  0.000000e+000  0.000000e+000  
0.000000e+000  0.000000e+000  0.000000e+000  0.000000e+000  0.000000e+000  0.000000e+000  0.000000e+000  0.000000e+000  0.000000e+000  0.000000e+000  0.000000e+000  
0.000000e+000  0.000000e+000  0.000000e+000  0.000000e+000  0.000000e+000  0.000000e+000  0.000000e+000  0.000000e+000  0.000000e+000  0.000000e+000  0.000000e+000  
0.000000e+000  0.000000e+000  0.000000e+000  0.000000e+000  0.000000e+000  0.000000e+000  0.000000e+000  0.000000e+000  0.000000e+000  0.000000e+000  0.000000e+000  
0.000000e+000  0.000000e+000  0.000000e+000  0.000000e+000  0.000000e+000  0.000000e+000  0.000000e+000  0.000000e+000  0.000000e+000  0.000000e+000  0.000000e+000  
0.000000e+000  0.000000e+000  0.000000e+000  0.000000e+000  0.000000e+000  0.000000e+000  0.000000e+000  0.000000e+000  0.000000e+000  0.000000e+000  0.000000e+000  
0.000000e+000  0.000000e+000  0.000000e+000  0.000000e+000  0.000000e+000  0.000000e+000  0.000000e+000  0.000000e+000  0.000000e+000  0.000000e+000  0.000000e+000  
0.000000e+000  0.000000e+000  0.000000e+000  0.000000e+000  0.000000e+000  0.000000e+000  0.000000e+000  0.000000e+000  0.000000e+000  0.000000e+000  0.000000e+000  
0.000000e+000  0.000000e+000  0.000000e+000  0.000000e+000  0.000000e+000  0.000000e+000  0.000000e+000  0.000000e+000  0.000000e+000  0.000000e+000  0.000000e+000  
0.000000e+000  0.000000e+000  0.000000e+000  0.000000e+000  0.000000e+000  0.000000e+000  0.000000e+000  0.000000e+000  0.000000e+000  0.000000e+000  0.000000e+000  
0.000000e+000  0.000000e+000  0.000000e+000  0.000000e+000  0.000000e+000  0.000000e+000  0.000000e+000  0.000000e+000  0.000000e+000  0.000000e+000  0.000000e+000  
0.000000e+000  0.000000e+000  0.000000e+000  0.000000e+000  0.000000e+000  0.000000e+000  0.000000e+000  0.000000e+000  0.000000e+000  0.000000e+000  0.000000e+000  
0.000000e+000  0.000000e+000  0.000000e+000  0.000000e+000  0.000000e+000  0.000000e+000  0.000000e+000  0.000000e+000  0.000000e+000  0.000000e+000  0.000000e+000  
0.000000e+000  0.000000e+000  0.000000e+000  0.000000e+000  0.000000e+000  0.000000e+000  0.000000e+000  0.000000e+000  0.000000e+000  0.000000e+000  0.000000e+000  
0.000000e+000  0.000000e+000  0.000000e+000  0.000000e+000  0.000000e+000  0.000000e+000  0.000000e+000  0.000000e+000  0.000000e+000  0.000000e+000  0.000000e+000  
0.000000e+000  0.000000e+000  0.000000e+000  0.000000e+000  0.000000e+000  0.000000e+000  0.000000e+000  0.000000e+000  0.000000e+000  0.000000e+000  0.000000e+000  
0.000000e+000  0.000000e+000  0.000000e+000  0.000000e+000  0.000000e+000  0.000000e+000  0.000000e+000  0.000000e+000  0.000000e+000  0.000000e+000  0.000000e+000  
0.000000e+000  0.000000e+000  0.000000e+000  0.000000e+000  0.000000e+000  0.000000e+000  0.000000e+000  0.000000e+000  0.000000e+000  0.000000e+000  0.000000e+000  
0.000000e+000  0.000000e+000  0.000000e+000  0.000000e+000  0.000000e+000  0.000000e+000  0.000000e+000  0.000000e+000  0.000000e+000  0.000000e+000  0.000000e+000  
0.000000e+000  0.000000e+000  0.000000e+000  0.000000e+000  0.000000e+000  0.000000e+000  0.000000e+000  0.000000e+000  0.000000e+000  0.000000e+000  0.000000e+000  
0.000000e+000  0.000000e+000  0.000000e+000  0.000000e+000  0.000000e+000  0.000000e+000  0.000000e+000  0.000000e+000  0.000000e+000  0.000000e+000  0.000000e+000  
0.000000e+000  0.000000e+000  0.000000e+000  0.000000e+000  0.000000e+000  0.000000e+000  0.000000e+000  0.000000e+000  0.000000e+000  0.000000e+000  0.000000e+000  
0.000000e+000  0.000000e+000  0.000000e+000  0.000000e+000  0.000000e+000  0.000000e+000  0.000000e+000  0.000000e+000  0.000000e+000  0.000000e+000  0.000000e+000  
0.000000e+000  0.000000e+000  0.000000e+000  0.000000e+000  0.000000e+000  0.000000e+000  0.000000e+000  0.000000e+000  0.000000e+000  0.000000e+000  0.000000e+000  
0.000000e+000  0.000000e+000  0.000000e+000  0.000000e+000  0.000000e+000  0.000000e+000  0.000000e+000  0.000000e+000  0.000000e+000  0.000000e+000  0.000000e+000  
0.000000e+000  0.000000e+000  0.000000e+000  0.000000e+000  0.000000e+000  0.000000e+000  0.000000e+000  0.000000e+000  0.000000e+000  0.000000e+000  0.000000e+000  
0.000000e+000  0.000000e+000  0.000000e+000  0.000000e+000  0.000000e+000  0.000000e+000  0.000000e+000  0.000000e+000  0.000000e+000  0.000000e+000  0.000000e+000  
0.000000e+000  0.000000e+000  0.000000e+000  0.000000e+000  0.000000e+000  0.000000e+000  0.000000e+000  0.000000e+000  0.000000e+000  0.000000e+000  0.000000e+000  

0.000000e+000  0.000000e+000  0.000000e+000  0.000000e+000  0.000000e+000  0.000000e+000  0.000000e+000  0.000000e+000  0.000000e+000  0.000000e+000  0.000000e+000  
0.000000e+000  0.000000e+000  0.000000e+000  0.000000e+000  0.000000e+000  0.000000e+000  0.000000e+000  0.000000e+000  0.000000e+000  0.000000e+000  0.000000e+000  
0.000000e+000  0.000000e+000  0.000000e+000  0.000000e+000  0.000000e+000  0.000000e+000  0.000000e+000  0.000000e+000  0.000000e+000  0.000000e+000  0.000000e+000  
0.000000e+000  0.000000e+000  0.000000e+000  0.000000e+000  0.000000e+000  0.000000e+000  0.000000e+000  0.000000e+000  0.000000e+000  0.000000e+000  0.000000e+000  
0.000000e+000  0.000000e+000  0.000000e+000  0.000000e+000  0.000000e+000  0.000000e+000  0.000000e+000  0.000000e+000  0.000000e+000  0.000000e+000  0.000000e+000  
0.000000e+000  0.000000e+000  0.000000e+000  0.000000e+000  0.000000e+000  0.000000e+000  0.000000e+000  0.000000e+000  0.000000e+000  0.000000e+000  0.000000e+000  
0.000000e+000  0.000000e+000  0.000000e+000  0.000000e+000  0.000000e+000  0.000000e+000  0.000000e+000  0.000000e+000  0.000000e+000  0.000000e+000  0.000000e+000  
0.000000e+000  0.000000e+000  0.000000e+000  0.000000e+000  0.000000e+000  0.000000e+000  0.000000e+000  0.000000e+000  0.000000e+000  0.000000e+000  0.000000e+000  
0.000000e+000  0.000000e+000  0.000000e+000  0.000000e+000  0.000000e+000  0.000000e+000  0.000000e+000  0.000000e+000  0.000000e+000  0.000000e+000  0.000000e+000  
0.000000e+000  0.000000e+000  0.000000e+000  0.000000e+000  0.000000e+000  0.000000e+000  0.000000e+000  0.000000e+000  0.000000e+000  0.000000e+000  0.000000e+000  
0.000000e+000  0.000000e+000  0.000000e+000  0.000000e+000  0.000000e+000  0.000000e+000  0.000000e+000  0.000000e+000  0.000000e+000  0.000000e+000  0.000000e+000  
0.000000e+000  0.000000e+000  0.000000e+000  0.000000e+000  0.000000e+000  0.000000e+000  0.000000e+000  0.000000e+000  0.000000e+000  0.000000e+000  0.000000e+000  
0.000000e+000  0.000000e+000  0.000000e+000  0.000000e+000  0.000000e+000  0.000000e+000  0.000000e+000  0.000000e+000  0.000000e+000  0.000000e+000  0.000000e+000  
0.000000e+000  0.000000e+000  0.000000e+000  0.000000e+000  0.000000e+000  0.000000e+000  0.000000e+000  0.000000e+000  0.000000e+000  0.000000e+000  0.000000e+000  
0.000000e+000  0.000000e+000  0.000000e+000  0.000000e+000  0.000000e+000  0.000000e+000  0.000000e+000  0.000000e+000  0.000000e+000  0.000000e+000  0.000000e+000  
0.000000e+000  0.000000e+000  0.000000e+000  0.000000e+000  0.000000e+000  0.000000e+000  0.000000e+000  0.000000e+000  0.000000e+000  0.000000e+000  0.000000e+000  
0.000000e+000  0.000000e+000  0.000000e+000  0.000000e+000  0.000000e+000  0.000000e+000  0.000000e+000  0.000000e+000  0.000000e+000  0.000000e+000  0.000000e+000  
0.000000e+000  0.000000e+000  0.000000e+000  0.000000e+000  0.000000e+000  0.000000e+000  0.000000e+000  0.000000e+000  0.000000e+000  0.000000e+000  0.000000e+000  
0.000000e+000  0.000000e+000  0.000000e+000  0.000000e+000  0.000000e+000  0.000000e+000  0.000000e+000  0.000000e+000  0.000000e+000  0.000000e+000  0.000000e+000  
0.000000e+000  0.000000e+000  0.000000e+000  0.000000e+000  0.000000e+000  0.000000e+000  0.000000e+000  0.000000e+000  0.000000e+000  0.000000e+000  0.000000e+000  
0.000000e+000  0.000000e+000  0.000000e+000  0.000000e+000  0.000000e+000  0.000000e+000  0.000000e+000  0.000000e+000  0.000000e+000  0.000000e+000  0.000000e+000  
0.000000e+000  0.000000e+000  0.000000e+000  0.000000e+000  0.000000e+000  0.000000e+000  0.000000e+000  0.000000e+000  0.000000e+000  0.000000e+000  0.000000e+000  
0.000000e+000  0.000000e+000  0.000000e+000  0.000000e+000  0.000000e+000  0.000000e+000  0.000000e+000  0.000000e+000  0.000000e+000  0.000000e+000  0.000000e+000  
0.000000e+000  0.000000e+000  0.000000e+000  0.000000e+000  0.000000e+000  0.000000e+000  0.000000e+000  0.000000e+000  0.000000e+000  0.000000e+000  0.000000e+000  
0.000000e+000  0.000000e+000  0.000000e+000  0.000000e+000  0.000000e+000  0.000000e+000  0.000000e+000  0.000000e+000  0.000000e+000  0.000000e+000  0.000000e+000  
0.000000e+000  0.000000e+000  0.000000e+000  0.000000e+000  0.000000e+000  0.000000e+000  0.000000e+000  0.000000e+000  0.000000e+000  0.000000e+000  0.000000e+000  
0.000000e+000  0.000000e+000  0.000000e+000  0.000000e+000  0.000000e+000  0.000000e+000  0.000000e+000  0.000000e+000  0.000000e+000  0.000000e+000  0.000000e+000  
0.000000e+000  0.000000e+000  0.000000e+000  0.000000e+000  0.000000e+000  0.000000e+000  0.000000e+000  0.000000e+000  0.000000e+000  0.000000e+000  0.000000e+000  
0.000000e+000  0.000000e+000  0.000000e+000  0.000000e+000  0.000000e+000  0.000000e+000  0.000000e+000  0.000000e+000  0.000000e+000  0.000000e+000  0.000000e+000  
0.000000e+000  0.000000e+000  0.000000e+000  0.000000e+000  0.000000e+000  0.000000e+000  0.000000e+000  0.000000e+000  0.000000e+000  0.000000e+000  0.000000e+000  
0.000000e+000  0.000000e+000  0.000000e+000  0.000000e+000  0.000000e+000  0.000000e+000  0.000000e+000  0.000000e+000  0.000000e+000  0.000000e+000  0.000000e+000  
0.000000e+000  0.000000e+000  0.000000e+000  0.000000e+000  0.000000e+000  0.000000e+000  0.000000e+000  0.000000e+000  0.000000e+000  0.000000e+000  0.000000e+000  
0.000000e+000  0.000000e+000  0.000000e+000  0.000000e+000  0.000000e+000  0.000000e+000  0.000000e+000  0.000000e+000  0.000000e+000  0.000000e+000  0.000000e+000  
0.000000e+000  0.000000e+000  0.000000e+000  0.000000e+000  0.000000e+000  0.000000e+000  0.000000e+000  0.000000e+000  0.000000e+000  0.000000e+000  0.000000e+000  
0.000000e+000  0.000000e+000  0.000000e+000  0.000000e+000  0.000000e+000  0.000000e+000  0.000000e+000  0.000000e+000  0.000000e+000  0.000000e+000  0.000000e+000  
0.000000e+000  0.000000e+000  0.000000e+000  0.000000e+000  0.000000e+000  0.000000e+000  0.000000e+000  0.000000e+000  0.000000e+000  0.000000e+000  0.000000e+000  

0.000000e+000  0.000000e+000  0.000000e+000  0.000000e+000  0.000000e+000  0.000000e+000  0.000000e+000  0.000000e+000  0.000000e+000  0.000000e+000  0.000000e+000  
0.000000e+000  0.000000e+000  0.000000e+000  0.000000e+000  0.000000e+000  0.000000e+000  0.000000e+000  0.000000e+000  0.000000e+000  0.000000e+000  0.000000e+000  
0.000000e+000  0.000000e+000  0.000000e+000  0.000000e+000  0.000000e+000  0.000000e+000  0.000000e+000  0.000000e+000  0.000000e+000  0.000000e+000  0.000000e+000  
0.000000e+000  0.000000e+000  0.000000e+000  0.000000e+000  0.000000e+000  0.000000e+000  0.000000e+000  0.000000e+000  0.000000e+000  0.000000e+000  0.000000e+000  
0.000000e+000  0.000000e+000  0.000000e+000  0.000000e+000  0.000000e+000  0.000000e+000  0.000000e+000  0.000000e+000  0.000000e+000  0.000000e+000  0.000000e+000  
0.000000e+000  0.000000e+000  0.000000e+000  0.000000e+000  0.000000e+000  0.000000e+000  0.000000e+000  0.000000e+000  0.000000e+000  0.000000e+000  0.000000e+000  
0.000000e+000  0.000000e+000  0.000000e+000  0.000000e+000  0.000000e+000  0.000000e+000  0.000000e+000  0.000000e+000  0.000000e+000  0.000000e+000  0.000000e+000  
0.000000e+000  0.000000e+000  0.000000e+000  0.000000e+000  0.000000e+000  0.000000e+000  0.000000e+000  0.000000e+000  0.000000e+000  0.000000e+000  0.000000e+000  
0.000000e+000  0.000000e+000  0.000000e+000  0.000000e+000  0.000000e+000  0.000000e+000  0.000000e+000  0.000000e+000  0.000000e+000  0.000000e+000  0.000000e+000  
0.000000e+000  0.000000e+000  0.000000e+000  0.000000e+000  0.000000e+000  0.000000e+000  0.000000e+000  0.000000e+000  0.000000e+000  0.000000e+000  0.000000e+000  
0.000000e+000  0.000000e+000  0.000000e+000  0.000000e+000  0.000000e+000  0.000000e+000  0.000000e+000  0.000000e+000  0.000000e+000  0.000000e+000  0.000000e+000  
0.000000e+000  0.000000e+000  0.000000e+000  0.000000e+000  0.000000e+000  0.000000e+000  0.000000e+000  0.000000e+000  0.000000e+000  0.000000e+000  0.000000e+000  
0.000000e+000  0.000000e+000  0.000000e+000  0.000000e+000  0.000000e+000  0.000000e+000  0.000000e+000  0.000000e+000  0.000000e+000  0.000000e+000  0.000000e+000  
0.000000e+000  0.000000e+000  0.000000e+000  0.000000e+000  0.000000e+000  0.000000e+000  0.000000e+000  0.000000e+000  0.000000e+000  0.000000e+000  0.000000e+000  
0.000000e+000  0.000000e+000  0.000000e+000  0.000000e+000  0.000000e+000  0.000000e+000  0.000000e+000  0.000000e+000  0.000000e+000  0.000000e+000  0.000000e+000  
0.000000e+000  0.000000e+000  0.000000e+000  0.000000e+000  0.000000e+000  0.000000e+000  0.000000e+000  0.000000e+000  0.000000e+000  0.000000e+000  0.000000e+000  
0.000000e+000  0.000000e+000  0.000000e+000  0.000000e+000  0.000000e+000  0.000000e+000  0.000000e+000  0.000000e+000  0.000000e+000  0.000000e+000  0.000000e+000  
0.000000e+000  0.000000e+000  0.000000e+000  0.000000e+000  0.000000e+000  0.000000e+000  0.000000e+000  0.000000e+000  0.000000e+000  0.000000e+000  0.000000e+000  
0.000000e+000  0.000000e+000  0.000000e+000  0.000000e+000  0.000000e+000  0.000000e+000  0.000000e+000  0.000000e+000  0.000000e+000  0.000000e+000  0.000000e+000  
0.000000e+000  0.000000e+000  0.000000e+000  0.000000e+000  0.000000e+000  0.000000e+000  0.000000e+000  0.000000e+000  0.000000e+000  0.000000e+000  0.000000e+000  
0.000000e+000  0.000000e+000  0.000000e+000  0.000000e+000  0.000000e+000  0.000000e+000  0.000000e+000  0.000000e+000  0.000000e+000  0.000000e+000  0.000000e+000  
0.000000e+000  0.000000e+000  0.000000e+000  0.000000e+000  0.000000e+000  0.000000e+000  0.000000e+000  0.000000e+000  0.000000e+000  0.000000e+000  0.000000e+000  
0.000000e+000  0.000000e+000  0.000000e+000  0.000000e+000  0.000000e+000  0.000000e+000  0.000000e+000  0.000000e+000  0.000000e+000  0.000000e+000  0.000000e+000  
0.000000e+000  0.000000e+000  0.000000e+000  0.000000e+000  0.000000e+000  0.000000e+000  0.000000e+000  0.000000e+000  0.000000e+000  0.000000e+000  0.000000e+000  
0.000000e+000  0.000000e+000  0.000000e+000  0.000000e+000  0.000000e+000  0.000000e+000  0.000000e+000  0.000000e+000  0.000000e+000  0.000000e+000  0.000000e+000  
0.000000e+000  0.000000e+000  0.000000e+000  0.000000e+000  0.000000e+000  0.000000e+000  0.000000e+000  0.000000e+000  0.000000e+000  0.000000e+000  0.000000e+000  
0.000000e+000  0.000000e+000  0.000000e+000  0.000000e+000  0.000000e+000  0.000000e+000  0.000000e+000  0.000000e+000  0.000000e+000  0.000000e+000  0.000000e+000  
0.000000e+000  0.000000e+000  0.000000e+000  0.000000e+000  0.000000e+000  0.000000e+000  0.000000e+000  0.000000e+000  0.000000e+000  0.000000e+000  0.000000e+000  
0.000000e+000  0.000000e+000  0.000000e+000  0.000000e+000  0.000000e+000  0.000000e+000  0.000000e+000  0.000000e+000  0.000000e+000  0.000000e+000  0.000000e+000  
0.000000e+000  0.000000e+000  0.000000e+000  0.000000e+000  0.000000e+000  0.000000e+000  0.000000e+000  0.000000e+000  0.000000e+000  0.000000e+000  0.000000e+000  
0.000000e+000  0.000000e+000  0.000000e+000  0.000000e+000  0.000000e+000  0.000000e+000  0.000000e+000  0.000000e+000  0.000000e+000  0.000000e+000  0.000000e+000  
0.000000e+000  0.000000e+000  0.000000e+000  0.000000e+000  0.000000e+000  0.000000e+000  0.000000e+000  0.000000e+000  0.000000e+000  0.000000e+000  0.000000e+000  
0.000000e+000  0.000000e+000  0.000000e+000  0.000000e+000  0.000000e+000  0.000000e+000  0.000000e+000  0.000000e+000  0.000000e+000  0.000000e+000  0.000000e+000  
0.000000e+000  0.000000e+000  0.000000e+000  0.000000e+000  0.000000e+000  0.000000e+000  0.000000e+000  0.000000e+000  0.000000e+000  0.000000e+000  0.000000e+000  
0.000000e+000  0.000000e+000  0.000000e+000  0.000000e+000  0.000000e+000  0.000000e+000  0.000000e+000  0.000000e+000  0.000000e+000  0.000000e+000  0.000000e+000  
0.000000e+000  0.000000e+000  0.000000e+000  0.000000e+000  0.000000e+000  0.000000e+000  0.000000e+000  0.000000e+000  0.000000e+000  0.000000e+000  0.000000e+000  

2.119335e+000  2.119335e+000  2.119336e+000  2.119336e+000  3.575776e-001  3.561234e-001  3.531734e-001  3.413775e-001  3.010976e-001  2.690695e-001  -0.000000e+000  
2.111373e+000  2.111374e+000  2.111374e+000  2.111375e+000  3.646289e-001  3.629528e-001  3.595621e-001  3.460651e-001  3.017473e-001  2.676109e-001  -0.000000e+000  
2.104262e+000  2.104263e+000  2.104265e+000  2.104266e+000  3.711474e-001  3.692557e-001  3.654378e-001  3.502986e-001  3.022648e-001  2.662469e-001  -0.000000e+000  
2.094967e+000  2.094970e+000  2.094973e+000  2.094975e+000  3.800356e-001  3.778321e-001  3.733984e-001  3.559030e-001  3.028382e-001  2.643666e-001  -0.000000e+000  
2.083135e+000  2.083140e+000  2.083148e+000  2.083153e+000  3.919568e-001  3.893044e-001  3.839877e-001  3.631352e-001  3.034006e-001  2.618224e-001  -0.000000e+000  
2.068492e+000  2.068505e+000  2.068523e+000  2.068535e+000  4.077430e-001  4.044409e-001  3.978540e-001  3.722137e-001  3.038175e-001  2.584377e-001  -0.000000e+000  
2.051405e+000  2.051438e+000  2.051482e+000  2.051512e+000  4.277303e-001  4.235150e-001  4.151593e-001  3.829301e-001  3.038939e-001  2.541667e-001  -0.000000e+000  
2.010883e+000  2.011014e+000  2.011187e+000  2.011309e+000  4.799344e-001  4.730211e-001  4.595227e-001  4.084707e-001  3.028712e-001  2.431745e-001  -0.000000e+000  
1.924232e+000  1.925584e+000  1.927418e+000  1.928751e+000  6.390790e-001  6.198287e-001  5.846152e-001  4.601968e-001  2.897113e-001  2.130445e-001  -0.000000e+000  
1.840308e+000  1.849366e+000  1.862419e+000  1.872770e+000  8.815524e-001  8.242304e-001  7.384096e-001  4.840938e-001  2.621808e-001  1.805441e-001  -0.000000e+000  
1.785271e+000  1.803961e+000  1.832989e+000  1.859248e+000  1.059197e+000  9.516575e-001  8.207581e-001  4.861508e-001  2.443647e-001  1.627215e-001  -0.000000e+000  
1.702518e+000  1.739872e+000  1.805598e+000  1.883282e+000  1.349636e+000  1.103302e+000  8.963991e-001  4.733265e-001  2.212929e-001  1.427099e-001  -0.000000e+000  
1.574827e+000  1.635710e+000  1.760894e+000  1.975838e+000  1.712691e+000  1.212334e+000  9.220231e-001  4.412071e-001  1.942291e-001  1.219110e-001  -0.000000e+000  
1.389586e+000  1.459425e+000  1.612710e+000  1.918879e+000  1.710548e+000  1.161127e+000  8.627264e-001  3.909857e-001  1.644296e-001  1.009296e-001  -0.000000e+000  
1.122219e+000  1.174281e+000  1.275771e+000  1.428378e+000  1.206641e+000  9.201193e-001  7.076020e-001  3.184852e-001  1.295107e-001  7.799552e-002  -0.000000e+000  
7.855818e-001  8.142140e-001  8.624716e-001  9.129331e-001  7.300794e-001  6.137082e-001  4.919101e-001  2.254890e-001  8.973150e-002  5.323636e-002  -0.000000e+000  
4.145278e-001  4.266768e-001  4.454491e-001  4.619827e-001  3.573780e-001  3.127781e-001  2.569698e-001  1.200034e-001  4.709829e-002  2.760610e-002  -0.000000e+000  
7.597592e-004  7.588142e-004  7.574704e-004  7.564337e-004  4.325241e-004  3.992774e-004  3.349418e-004  9.457509e-005  -2.818385e-004  -3.870957e-004  -0.000000e+000  
-4.130079e-001  -4.251595e-001  -4.439356e-001  -4.604724e-001  -3.564761e-001  -3.119475e-001  -2.562756e-001  -1.198170e-001  -4.767265e-002  -2.838450e-002  -0.000000e+000  
-7.840600e-001  -8.126966e-001  -8.609617e-001  -9.114310e-001  -7.290786e-001  -6.127927e-001  -4.911520e-001  -2.253110e-001  -9.033366e-002  -5.402536e-002  -0.000000e+000  
-1.120691e+000  -1.172760e+000  -1.274266e+000  -1.426896e+000  -1.205465e+000  -9.190585e-001  -7.067340e-001  -3.183257e-001  -1.301595e-001  -7.880137e-002  -0.000000e+000  
-1.388046e+000  -1.457894e+000  -1.611202e+000  -1.917431e+000  -1.709179e+000  -1.159861e+000  -8.616974e-001  -3.908615e-001  -1.651440e-001  -1.017572e-001  -0.000000e+000  
-1.573268e+000  -1.634149e+000  -1.759344e+000  -1.974324e+000  -1.711045e+000  -1.210767e+000  -9.207666e-001  -4.411441e-001  -1.950277e-001  -1.227638e-001  -0.000000e+000  
-1.701298e+000  -1.738556e+000  -1.804097e+000  -1.881514e+000  -1.346495e+000  -1.100926e+000  -8.947257e-001  -4.734650e-001  -2.222813e-001  -1.436502e-001  -0.000000e+000  
-1.784320e+000  -1.802828e+000  -1.831570e+000  -1.857559e+000  -1.054350e+000  -9.478171e-001  -8.181037e-001  -4.864706e-001  -2.455985e-001  -1.637871e-001  -0.000000e+000  
-1.839588e+000  -1.848393e+000  -1.861081e+000  -1.871142e+000  -8.751211e-001  -8.189989e-001  -7.347951e-001  -4.846349e-001  -2.636440e-001  -1.817090e-001  -0.000000e+000  
-1.916010e+000  -1.917541e+000  -1.919621e+000  -1.921136e+000  -6.525171e-001  -6.320188e-001  -5.947540e-001  -4.638721e-001  -2.888721e-001  -2.111234e-001  -0.000000e+000  
-1.969964e+000  -1.970384e+000  -1.970944e+000  -1.971342e+000  -5.456573e-001  -5.343912e-001  -5.128613e-001  -4.334703e-001  -2.985348e-001  -2.303306e-001  -0.000000e+000  
-1.995917e+000  -1.996090e+000  -1.996318e+000  -1.996479e+000  -5.012842e-001  -4.931369e-001  -4.772773e-001  -4.175991e-001  -3.017665e-001  -2.389475e-001  -0.000000e+000  
-2.019267e+000  -2.019338e+000  -2.019431e+000  -2.019496e+000  -4.663825e-001  -4.603172e-001  -4.483787e-001  -4.028261e-001  -3.035570e-001  -2.460884e-001  -0.000000e+000  
-2.039691e+000  -2.039720e+000  -2.039759e+000  -2.039786e+000  -4.392965e-001  -4.346386e-001  -4.254034e-001  -3.898033e-001  -3.042987e-001  -2.518113e-001  -0.000000e+000  
-2.057422e+000  -2.057434e+000  -2.057451e+000  -2.057462e+000  -4.180392e-001  -4.143638e-001  -4.070373e-001  -3.785641e-001  -3.043712e-001  -2.563749e-001  -0.000000e+000  
-2.072900e+000  -2.072905e+000  -2.072913e+000  -2.072918e+000  -4.010542e-001  -3.980844e-001  -3.921395e-001  -3.688792e-001  -3.040200e-001  -2.600379e-001  -0.000000e+000  
-2.096244e+000  -2.096245e+000  -2.096247e+000  -2.096248e+000  -3.773551e-001  -3.752760e-001  -3.710853e-001  -3.545037e-001  -3.029700e-001  -2.651312e-001  -0.000000e+000  
-2.117688e+000  -2.117688e+000  -2.117688e+000  -2.117688e+000  -3.582017e-001  -3.567319e-001  -3.537511e-001  -3.418357e-001  -3.012650e-001  -2.690988e-001  -0.000000e+000  
-0.000000e+000  -0.000000e+000  -0.000000e+000  -0.000000e+000  -0.000000e+000  -0.000000e+000  -0.000000e+000  -0.000000e+000  -0.000000e+000  -0.000000e+000  -0.000000e+000  

