Port monitor named: Port1_e1.prt

nx        = 96
ny        = 96
nz        = 25

nu        = 11
nv        = 36
iu        = 8
iv        = 34

idir      = 1
dcut      = -3.000000e-002
icut      = 8
type      = 0
frequency = 3.000000e+009

fcutoff   = 0.000000e+000
alpha     = 0.000000e+000
beta      = 1.111413e+002
accuracy  = 2.776851e-014

type          = QTEM
wave imp.     = 2.255883e+002
wave imp.sig. = 1.051532e-002
line imp.     = 4.270674e+001

ref. port     = 0

0.000000e+000  0.000000e+000  0.000000e+000  0.000000e+000  0.000000e+000  0.000000e+000  0.000000e+000  0.000000e+000  0.000000e+000  0.000000e+000  0.000000e+000  
-5.112535e+001  -5.112301e+001  -5.111993e+001  -5.111779e+001  -2.673603e+001  -2.589981e+001  -2.423850e+001  -1.782444e+001  -2.556392e+000  5.433575e+000  0.000000e+000  
-7.389817e+001  -7.389191e+001  -7.388371e+001  -7.387799e+001  -3.999614e+001  -3.868119e+001  -3.607532e+001  -2.605507e+001  -3.312218e+000  8.229553e+000  0.000000e+000  
-9.660191e+001  -9.658702e+001  -9.656750e+001  -9.655388e+001  -5.452405e+001  -5.262292e+001  -4.886698e+001  -3.449448e+001  -3.701287e+000  1.135379e+001  0.000000e+000  
-1.192235e+002  -1.191888e+002  -1.191432e+002  -1.191114e+002  -7.087918e+001  -6.822670e+001  -6.300777e+001  -4.315955e+001  -3.576850e+000  1.490730e+001  0.000000e+000  
-1.431791e+002  -1.430947e+002  -1.429837e+002  -1.429060e+002  -9.104857e+001  -8.732493e+001  -8.004279e+001  -5.258164e+001  -2.692751e+000  1.926409e+001  0.000000e+000  
-1.670827e+002  -1.668773e+002  -1.666062e+002  -1.664156e+002  -1.152304e+002  -1.099989e+002  -9.986282e+001  -6.208440e+001  -7.874079e-001  2.433352e+001  0.000000e+000  
-1.910721e+002  -1.905738e+002  -1.899114e+002  -1.894419e+002  -1.450247e+002  -1.375810e+002  -1.233811e+002  -7.136620e+001  2.434726e+000  3.022280e+001  0.000000e+000  
-2.695998e+002  -2.655041e+002  -2.599261e+002  -2.558483e+002  -2.907360e+002  -2.683944e+002  -2.289738e+002  -9.548023e+001  2.346941e+001  5.472965e+001  0.000000e+000  
-4.006560e+002  -3.615914e+002  -3.044177e+002  -2.581184e+002  -6.701073e+002  -5.663886e+002  -4.275190e+002  -6.829795e+001  7.564820e+001  8.982599e+001  0.000000e+000  
-5.523974e+002  -4.520777e+002  -2.836781e+002  -1.128969e+002  -1.014814e+003  -7.330937e+002  -4.770858e+002  -1.448251e+001  1.018079e+002  1.022434e+002  0.000000e+000  
-8.410295e+002  -6.500128e+002  -2.662096e+002  2.908753e+002  -1.651545e+003  -8.766436e+002  -4.443069e+002  7.046530e+001  1.321202e+002  1.148752e+002  0.000000e+000  
-1.390560e+003  -1.148351e+003  -5.106312e+002  1.087008e+003  -2.184447e+003  -6.942206e+002  -1.786671e+002  1.931062e+002  1.653248e+002  1.272030e+002  0.000000e+000  
-2.145822e+003  -2.088530e+003  -1.923024e+003  -1.444967e+003  -3.980389e+002  2.340146e+002  3.540576e+002  3.260495e+002  1.949430e+002  1.372710e+002  0.000000e+000  
-2.959741e+003  -3.155333e+003  -3.698547e+003  -5.192615e+003  3.326200e+003  1.540473e+003  9.834609e+002  4.621003e+002  2.227750e+002  1.461798e+002  0.000000e+000  
-3.590656e+003  -3.829199e+003  -4.364772e+003  -5.383663e+003  3.047572e+003  1.938458e+003  1.355545e+003  5.807468e+002  2.476205e+002  1.538425e+002  0.000000e+000  
-3.937800e+003  -4.104079e+003  -4.400110e+003  -4.739201e+003  2.374472e+003  1.908498e+003  1.484107e+003  6.607000e+002  2.656201e+002  1.592955e+002  0.000000e+000  
-4.085697e+003  -4.199598e+003  -4.375215e+003  -4.529529e+003  2.116325e+003  1.847677e+003  1.513818e+003  7.011004e+002  2.753246e+002  1.622178e+002  0.000000e+000  
-4.085698e+003  -4.199603e+003  -4.375227e+003  -4.529548e+003  2.116118e+003  1.847494e+003  1.513678e+003  7.011143e+002  2.753861e+002  1.622422e+002  0.000000e+000  
-3.937798e+003  -4.104089e+003  -4.400144e+003  -4.739261e+003  2.373881e+003  1.907980e+003  1.483710e+003  6.607475e+002  2.657918e+002  1.593615e+002  0.000000e+000  
-3.590637e+003  -3.829199e+003  -4.364823e+003  -5.383800e+003  3.046531e+003  1.937563e+003  1.354857e+003  5.808532e+002  2.479089e+002  1.539474e+002  0.000000e+000  
-2.959682e+003  -3.155282e+003  -3.698569e+003  -5.192845e+003  3.325054e+003  1.539148e+003  9.824118e+002  4.623122e+002  2.231908e+002  1.463190e+002  0.000000e+000  
-2.145715e+003  -2.088351e+003  -1.922859e+003  -1.445206e+003  -4.003298e+002  2.319347e+002  3.525248e+002  3.264331e+002  1.954927e+002  1.374361e+002  0.000000e+000  
-1.390484e+003  -1.147946e+003  -5.098203e+002  1.087076e+003  -2.187347e+003  -6.973063e+002  -1.807985e+002  1.937719e+002  1.660226e+002  1.273853e+002  0.000000e+000  
-8.394152e+002  -6.484708e+002  -2.655486e+002  2.887075e+002  -1.652660e+003  -8.804283e+002  -4.476228e+002  7.110059e+001  1.328330e+002  1.149957e+002  0.000000e+000  
-5.518768e+002  -4.513051e+002  -2.829306e+002  -1.128321e+002  -1.018553e+003  -7.372063e+002  -4.800973e+002  -1.317357e+001  1.025885e+002  1.022807e+002  0.000000e+000  
-4.030117e+002  -3.623022e+002  -3.026133e+002  -2.541590e+002  -6.791441e+002  -5.720205e+002  -4.298310e+002  -6.562354e+001  7.654634e+001  8.975942e+001  0.000000e+000  
-2.815727e+002  -2.753302e+002  -2.667720e+002  -2.604630e+002  -3.270013e+002  -2.990187e+002  -2.511801e+002  -9.416912e+001  2.899300e+001  5.848999e+001  0.000000e+000  
-2.527566e+002  -2.501545e+002  -2.466629e+002  -2.441607e+002  -2.539986e+002  -2.362859e+002  -2.040276e+002  -9.168981e+001  1.795171e+001  4.899793e+001  0.000000e+000  
-2.272459e+002  -2.261726e+002  -2.247491e+002  -2.237432e+002  -1.999264e+002  -1.880825e+002  -1.657557e+002  -8.524254e+001  9.760107e+000  4.056730e+001  0.000000e+000  
-2.029529e+002  -2.025119e+002  -2.019306e+002  -2.015227e+002  -1.585722e+002  -1.503859e+002  -1.346539e+002  -7.669550e+001  3.904918e+000  3.317394e+001  0.000000e+000  
-1.800253e+002  -1.798393e+002  -1.795950e+002  -1.794241e+002  -1.272343e+002  -1.213908e+002  -1.100338e+002  -6.760922e+001  5.503008e-002  2.700473e+001  0.000000e+000  
-1.571385e+002  -1.570617e+002  -1.569610e+002  -1.568907e+002  -1.017087e+002  -9.750911e+001  -8.928510e+001  -5.824273e+001  -2.422625e+000  2.165299e+001  0.000000e+000  
-1.341784e+002  -1.341504e+002  -1.341136e+002  -1.340880e+002  -8.037875e+001  -7.737630e+001  -7.146128e+001  -4.893599e+001  -3.825293e+000  1.702703e+001  0.000000e+000  
-7.553776e+001  -7.553405e+001  -7.552919e+001  -7.552580e+001  -3.984050e+001  -3.858053e+001  -3.607857e+001  -2.642680e+001  -3.684765e+000  8.109340e+000  0.000000e+000  
0.000000e+000  0.000000e+000  0.000000e+000  0.000000e+000  0.000000e+000  0.000000e+000  0.000000e+000  0.000000e+000  0.000000e+000  0.000000e+000  0.000000e+000  

0.000000e+000  -1.556387e-003  -2.106036e-003  -1.467115e-003  0.000000e+000  -8.175399e+000  -1.658453e+001  -2.422115e+001  -4.507586e+001  -3.231908e+001  0.000000e+000  
0.000000e+000  -5.808580e-003  -7.861723e-003  -5.477669e-003  0.000000e+000  -9.420048e+000  -1.905724e+001  -2.770763e+001  -4.959468e+001  -3.444932e+001  0.000000e+000  
0.000000e+000  -1.281728e-002  -1.735246e-002  -1.209318e-002  0.000000e+000  -1.062932e+001  -2.145368e+001  -3.107291e+001  -5.375349e+001  -3.635053e+001  0.000000e+000  
0.000000e+000  -2.949075e-002  -3.994291e-002  -2.784882e-002  0.000000e+000  -1.237771e+001  -2.490783e+001  -3.589998e+001  -5.938440e+001  -3.883038e+001  0.000000e+000  
0.000000e+000  -6.960236e-002  -9.434761e-002  -6.583456e-002  0.000000e+000  -1.489389e+001  -2.985852e+001  -4.277597e+001  -6.685027e+001  -4.197074e+001  0.000000e+000  
0.000000e+000  -1.700744e-001  -2.308892e-001  -1.613750e-001  0.000000e+000  -1.853403e+001  -3.697728e+001  -5.257972e+001  -7.654701e+001  -4.581464e+001  0.000000e+000  
0.000000e+000  -4.145072e-001  -5.643681e-001  -3.957259e-001  0.000000e+000  -2.364838e+001  -4.688627e+001  -6.606716e+001  -8.846100e+001  -5.021214e+001  0.000000e+000  
0.000000e+000  -1.644281e+000  -2.254357e+000  -1.593582e+000  0.000000e+000  -3.874285e+001  -7.568072e+001  -1.045865e+002  -1.182137e+002  -6.030087e+001  0.000000e+000  
0.000000e+000  -1.698624e+001  -2.385516e+001  -1.738470e+001  0.000000e+000  -1.075174e+002  -1.970260e+002  -2.546518e+002  -1.909975e+002  -7.751729e+001  0.000000e+000  
0.000000e+000  -1.133897e+002  -1.697184e+002  -1.355056e+002  0.000000e+000  -3.178880e+002  -4.786742e+002  -5.207000e+002  -2.490045e+002  -8.263768e+001  0.000000e+000  
0.000000e+000  -2.327440e+002  -3.768451e+002  -3.455657e+002  0.000000e+000  -5.933888e+002  -7.290071e+002  -6.858749e+002  -2.715854e+002  -8.269567e+001  0.000000e+000  
0.000000e+000  -4.599995e+002  -8.489078e+002  -1.030784e+003  0.000000e+000  -1.351211e+003  -1.151766e+003  -8.696630e+002  -2.835330e+002  -7.965280e+001  0.000000e+000  
0.000000e+000  -7.306106e+002  -1.585538e+003  -2.876349e+003  -3.972593e+003  -2.719912e+003  -1.625199e+003  -9.942800e+002  -2.784099e+002  -7.335667e+001  0.000000e+000  
0.000000e+000  -7.904132e+002  -1.764179e+003  -3.392460e+003  -6.246473e+003  -3.262533e+003  -1.728152e+003  -9.853890e+002  -2.559616e+002  -6.445721e+001  0.000000e+000  
0.000000e+000  -5.804440e+002  -1.161374e+003  -1.734647e+003  0.000000e+000  -1.687063e+003  -1.236640e+003  -8.173202e+002  -2.139207e+002  -5.232588e+001  0.000000e+000  
0.000000e+000  -3.177017e+002  -5.515489e+002  -5.745511e+002  0.000000e+000  -6.829557e+002  -7.088598e+002  -5.610774e+002  -1.538901e+002  -3.708853e+001  0.000000e+000  
0.000000e+000  -1.345595e+002  -2.144805e+002  -1.884635e+002  0.000000e+000  -2.610846e+002  -3.246063e+002  -2.887750e+002  -8.270480e+001  -1.981511e+001  0.000000e+000  
0.000000e+000  6.575596e-003  9.605476e-003  7.334759e-003  0.000000e+000  -1.807531e-001  -3.524491e-001  -4.837611e-001  -4.186102e-001  -1.059469e-001  0.000000e+000  
0.000000e+000  1.345775e+002  2.145082e+002  1.884863e+002  0.000000e+000  2.606997e+002  3.238601e+002  2.877528e+002  8.185841e+001  1.960968e+001  0.000000e+000  
0.000000e+000  3.177331e+002  5.516033e+002  5.746044e+002  0.000000e+000  6.825052e+002  7.080036e+002  5.599082e+002  1.530214e+002  3.690025e+001  0.000000e+000  
0.000000e+000  5.804968e+002  1.161486e+003  1.734799e+003  0.000000e+000  1.686482e+003  1.235597e+003  8.158885e+002  2.130193e+002  5.216739e+001  0.000000e+000  
0.000000e+000  7.904747e+002  1.764373e+003  3.392842e+003  6.246809e+003  3.262110e+003  1.726865e+003  9.835512e+002  2.550245e+002  6.434248e+001  0.000000e+000  
0.000000e+000  7.305959e+002  1.585747e+003  2.877170e+003  3.973403e+003  2.719308e+003  1.623443e+003  9.918413e+002  2.774446e+002  7.330115e+001  0.000000e+000  
0.000000e+000  4.588636e+002  8.466000e+002  1.027338e+003  0.000000e+000  1.346974e+003  1.147816e+003  8.659373e+002  2.825761e+002  7.969990e+001  0.000000e+000  
0.000000e+000  2.305085e+002  3.731625e+002  3.420401e+002  0.000000e+000  5.878214e+002  7.223891e+002  6.797716e+002  2.705512e+002  8.286303e+001  0.000000e+000  
0.000000e+000  1.102297e+002  1.649859e+002  1.317277e+002  0.000000e+000  3.112502e+002  4.696673e+002  5.121837e+002  2.479559e+002  8.293569e+001  0.000000e+000  
0.000000e+000  1.923711e+001  2.706086e+001  1.976202e+001  0.000000e+000  1.144551e+002  2.084702e+002  2.678702e+002  1.960663e+002  7.861565e+001  0.000000e+000  
0.000000e+000  5.283867e+000  7.285130e+000  5.183687e+000  0.000000e+000  6.305414e+001  1.205990e+002  1.625491e+002  1.510993e+002  6.892429e+001  0.000000e+000  
0.000000e+000  2.171838e+000  2.968176e+000  2.089900e+000  0.000000e+000  4.564585e+001  8.889586e+001  1.222302e+002  1.296792e+002  6.346425e+001  0.000000e+000  
0.000000e+000  8.882057e-001  1.208178e+000  8.461981e-001  0.000000e+000  3.400599e+001  6.695396e+001  9.333407e+001  1.111183e+002  5.804490e+001  0.000000e+000  
0.000000e+000  3.717989e-001  5.045056e-001  3.524242e-001  0.000000e+000  2.612952e+001  5.181753e+001  7.296916e+001  9.570073e+001  5.300314e+001  0.000000e+000  
0.000000e+000  1.586948e-001  2.150569e-001  1.500249e-001  0.000000e+000  2.062758e+001  4.112468e+001  5.838172e+001  8.303439e+001  4.845970e+001  0.000000e+000  
0.000000e+000  7.070963e-002  9.575797e-002  6.675493e-002  0.000000e+000  1.667368e+001  3.338177e+001  4.770830e+001  7.258511e+001  4.440044e+001  0.000000e+000  
0.000000e+000  1.393196e-002  1.885650e-002  1.313859e-002  0.000000e+000  1.168086e+001  2.354570e+001  3.402895e+001  5.766963e+001  3.819015e+001  0.000000e+000  
0.000000e+000  1.665411e-003  2.253776e-003  1.570068e-003  0.000000e+000  8.262467e+000  1.675776e+001  2.446596e+001  4.540079e+001  3.245852e+001  0.000000e+000  
0.000000e+000  0.000000e+000  0.000000e+000  0.000000e+000  0.000000e+000  0.000000e+000  0.000000e+000  0.000000e+000  0.000000e+000  0.000000e+000  0.000000e+000  

0.000000e+000  0.000000e+000  0.000000e+000  0.000000e+000  0.000000e+000  0.000000e+000  0.000000e+000  0.000000e+000  0.000000e+000  0.000000e+000  0.000000e+000  
0.000000e+000  0.000000e+000  0.000000e+000  0.000000e+000  0.000000e+000  0.000000e+000  0.000000e+000  0.000000e+000  0.000000e+000  0.000000e+000  0.000000e+000  
0.000000e+000  0.000000e+000  0.000000e+000  0.000000e+000  0.000000e+000  0.000000e+000  0.000000e+000  0.000000e+000  0.000000e+000  0.000000e+000  0.000000e+000  
0.000000e+000  0.000000e+000  0.000000e+000  0.000000e+000  0.000000e+000  0.000000e+000  0.000000e+000  0.000000e+000  0.000000e+000  0.000000e+000  0.000000e+000  
0.000000e+000  0.000000e+000  0.000000e+000  0.000000e+000  0.000000e+000  0.000000e+000  0.000000e+000  0.000000e+000  0.000000e+000  0.000000e+000  0.000000e+000  
0.000000e+000  0.000000e+000  0.000000e+000  0.000000e+000  0.000000e+000  0.000000e+000  0.000000e+000  0.000000e+000  0.000000e+000  0.000000e+000  0.000000e+000  
0.000000e+000  0.000000e+000  0.000000e+000  0.000000e+000  0.000000e+000  0.000000e+000  0.000000e+000  0.000000e+000  0.000000e+000  0.000000e+000  0.000000e+000  
0.000000e+000  0.000000e+000  0.000000e+000  0.000000e+000  0.000000e+000  0.000000e+000  0.000000e+000  0.000000e+000  0.000000e+000  0.000000e+000  0.000000e+000  
0.000000e+000  0.000000e+000  0.000000e+000  0.000000e+000  0.000000e+000  0.000000e+000  0.000000e+000  0.000000e+000  0.000000e+000  0.000000e+000  0.000000e+000  
0.000000e+000  0.000000e+000  0.000000e+000  0.000000e+000  0.000000e+000  0.000000e+000  0.000000e+000  0.000000e+000  0.000000e+000  0.000000e+000  0.000000e+000  
0.000000e+000  0.000000e+000  0.000000e+000  0.000000e+000  0.000000e+000  0.000000e+000  0.000000e+000  0.000000e+000  0.000000e+000  0.000000e+000  0.000000e+000  
0.000000e+000  0.000000e+000  0.000000e+000  0.000000e+000  0.000000e+000  0.000000e+000  0.000000e+000  0.000000e+000  0.000000e+000  0.000000e+000  0.000000e+000  
0.000000e+000  0.000000e+000  0.000000e+000  0.000000e+000  0.000000e+000  0.000000e+000  0.000000e+000  0.000000e+000  0.000000e+000  0.000000e+000  0.000000e+000  
0.000000e+000  0.000000e+000  0.000000e+000  0.000000e+000  0.000000e+000  0.000000e+000  0.000000e+000  0.000000e+000  0.000000e+000  0.000000e+000  0.000000e+000  
0.000000e+000  0.000000e+000  0.000000e+000  0.000000e+000  0.000000e+000  0.000000e+000  0.000000e+000  0.000000e+000  0.000000e+000  0.000000e+000  0.000000e+000  
0.000000e+000  0.000000e+000  0.000000e+000  0.000000e+000  0.000000e+000  0.000000e+000  0.000000e+000  0.000000e+000  0.000000e+000  0.000000e+000  0.000000e+000  
0.000000e+000  0.000000e+000  0.000000e+000  0.000000e+000  0.000000e+000  0.000000e+000  0.000000e+000  0.000000e+000  0.000000e+000  0.000000e+000  0.000000e+000  
0.000000e+000  0.000000e+000  0.000000e+000  0.000000e+000  0.000000e+000  0.000000e+000  0.000000e+000  0.000000e+000  0.000000e+000  0.000000e+000  0.000000e+000  
0.000000e+000  0.000000e+000  0.000000e+000  0.000000e+000  0.000000e+000  0.000000e+000  0.000000e+000  0.000000e+000  0.000000e+000  0.000000e+000  0.000000e+000  
0.000000e+000  0.000000e+000  0.000000e+000  0.000000e+000  0.000000e+000  0.000000e+000  0.000000e+000  0.000000e+000  0.000000e+000  0.000000e+000  0.000000e+000  
0.000000e+000  0.000000e+000  0.000000e+000  0.000000e+000  0.000000e+000  0.000000e+000  0.000000e+000  0.000000e+000  0.000000e+000  0.000000e+000  0.000000e+000  
0.000000e+000  0.000000e+000  0.000000e+000  0.000000e+000  0.000000e+000  0.000000e+000  0.000000e+000  0.000000e+000  0.000000e+000  0.000000e+000  0.000000e+000  
0.000000e+000  0.000000e+000  0.000000e+000  0.000000e+000  0.000000e+000  0.000000e+000  0.000000e+000  0.000000e+000  0.000000e+000  0.000000e+000  0.000000e+000  
0.000000e+000  0.000000e+000  0.000000e+000  0.000000e+000  0.000000e+000  0.000000e+000  0.000000e+000  0.000000e+000  0.000000e+000  0.000000e+000  0.000000e+000  
0.000000e+000  0.000000e+000  0.000000e+000  0.000000e+000  0.000000e+000  0.000000e+000  0.000000e+000  0.000000e+000  0.000000e+000  0.000000e+000  0.000000e+000  
0.000000e+000  0.000000e+000  0.000000e+000  0.000000e+000  0.000000e+000  0.000000e+000  0.000000e+000  0.000000e+000  0.000000e+000  0.000000e+000  0.000000e+000  
0.000000e+000  0.000000e+000  0.000000e+000  0.000000e+000  0.000000e+000  0.000000e+000  0.000000e+000  0.000000e+000  0.000000e+000  0.000000e+000  0.000000e+000  
0.000000e+000  0.000000e+000  0.000000e+000  0.000000e+000  0.000000e+000  0.000000e+000  0.000000e+000  0.000000e+000  0.000000e+000  0.000000e+000  0.000000e+000  
0.000000e+000  0.000000e+000  0.000000e+000  0.000000e+000  0.000000e+000  0.000000e+000  0.000000e+000  0.000000e+000  0.000000e+000  0.000000e+000  0.000000e+000  
0.000000e+000  0.000000e+000  0.000000e+000  0.000000e+000  0.000000e+000  0.000000e+000  0.000000e+000  0.000000e+000  0.000000e+000  0.000000e+000  0.000000e+000  
0.000000e+000  0.000000e+000  0.000000e+000  0.000000e+000  0.000000e+000  0.000000e+000  0.000000e+000  0.000000e+000  0.000000e+000  0.000000e+000  0.000000e+000  
0.000000e+000  0.000000e+000  0.000000e+000  0.000000e+000  0.000000e+000  0.000000e+000  0.000000e+000  0.000000e+000  0.000000e+000  0.000000e+000  0.000000e+000  
0.000000e+000  0.000000e+000  0.000000e+000  0.000000e+000  0.000000e+000  0.000000e+000  0.000000e+000  0.000000e+000  0.000000e+000  0.000000e+000  0.000000e+000  
0.000000e+000  0.000000e+000  0.000000e+000  0.000000e+000  0.000000e+000  0.000000e+000  0.000000e+000  0.000000e+000  0.000000e+000  0.000000e+000  0.000000e+000  
0.000000e+000  0.000000e+000  0.000000e+000  0.000000e+000  0.000000e+000  0.000000e+000  0.000000e+000  0.000000e+000  0.000000e+000  0.000000e+000  0.000000e+000  
0.000000e+000  0.000000e+000  0.000000e+000  0.000000e+000  0.000000e+000  0.000000e+000  0.000000e+000  0.000000e+000  0.000000e+000  0.000000e+000  0.000000e+000  

0.000000e+000  0.000000e+000  0.000000e+000  0.000000e+000  0.000000e+000  0.000000e+000  0.000000e+000  0.000000e+000  0.000000e+000  0.000000e+000  0.000000e+000  
0.000000e+000  0.000000e+000  0.000000e+000  0.000000e+000  0.000000e+000  0.000000e+000  0.000000e+000  0.000000e+000  0.000000e+000  0.000000e+000  0.000000e+000  
0.000000e+000  0.000000e+000  0.000000e+000  0.000000e+000  0.000000e+000  0.000000e+000  0.000000e+000  0.000000e+000  0.000000e+000  0.000000e+000  0.000000e+000  
0.000000e+000  0.000000e+000  0.000000e+000  0.000000e+000  0.000000e+000  0.000000e+000  0.000000e+000  0.000000e+000  0.000000e+000  0.000000e+000  0.000000e+000  
0.000000e+000  0.000000e+000  0.000000e+000  0.000000e+000  0.000000e+000  0.000000e+000  0.000000e+000  0.000000e+000  0.000000e+000  0.000000e+000  0.000000e+000  
0.000000e+000  0.000000e+000  0.000000e+000  0.000000e+000  0.000000e+000  0.000000e+000  0.000000e+000  0.000000e+000  0.000000e+000  0.000000e+000  0.000000e+000  
0.000000e+000  0.000000e+000  0.000000e+000  0.000000e+000  0.000000e+000  0.000000e+000  0.000000e+000  0.000000e+000  0.000000e+000  0.000000e+000  0.000000e+000  
0.000000e+000  0.000000e+000  0.000000e+000  0.000000e+000  0.000000e+000  0.000000e+000  0.000000e+000  0.000000e+000  0.000000e+000  0.000000e+000  0.000000e+000  
0.000000e+000  0.000000e+000  0.000000e+000  0.000000e+000  0.000000e+000  0.000000e+000  0.000000e+000  0.000000e+000  0.000000e+000  0.000000e+000  0.000000e+000  
0.000000e+000  0.000000e+000  0.000000e+000  0.000000e+000  0.000000e+000  0.000000e+000  0.000000e+000  0.000000e+000  0.000000e+000  0.000000e+000  0.000000e+000  
0.000000e+000  0.000000e+000  0.000000e+000  0.000000e+000  0.000000e+000  0.000000e+000  0.000000e+000  0.000000e+000  0.000000e+000  0.000000e+000  0.000000e+000  
0.000000e+000  0.000000e+000  0.000000e+000  0.000000e+000  0.000000e+000  0.000000e+000  0.000000e+000  0.000000e+000  0.000000e+000  0.000000e+000  0.000000e+000  
0.000000e+000  0.000000e+000  0.000000e+000  0.000000e+000  0.000000e+000  0.000000e+000  0.000000e+000  0.000000e+000  0.000000e+000  0.000000e+000  0.000000e+000  
0.000000e+000  0.000000e+000  0.000000e+000  0.000000e+000  0.000000e+000  0.000000e+000  0.000000e+000  0.000000e+000  0.000000e+000  0.000000e+000  0.000000e+000  
0.000000e+000  0.000000e+000  0.000000e+000  0.000000e+000  0.000000e+000  0.000000e+000  0.000000e+000  0.000000e+000  0.000000e+000  0.000000e+000  0.000000e+000  
0.000000e+000  0.000000e+000  0.000000e+000  0.000000e+000  0.000000e+000  0.000000e+000  0.000000e+000  0.000000e+000  0.000000e+000  0.000000e+000  0.000000e+000  
0.000000e+000  0.000000e+000  0.000000e+000  0.000000e+000  0.000000e+000  0.000000e+000  0.000000e+000  0.000000e+000  0.000000e+000  0.000000e+000  0.000000e+000  
0.000000e+000  0.000000e+000  0.000000e+000  0.000000e+000  0.000000e+000  0.000000e+000  0.000000e+000  0.000000e+000  0.000000e+000  0.000000e+000  0.000000e+000  
0.000000e+000  0.000000e+000  0.000000e+000  0.000000e+000  0.000000e+000  0.000000e+000  0.000000e+000  0.000000e+000  0.000000e+000  0.000000e+000  0.000000e+000  
0.000000e+000  0.000000e+000  0.000000e+000  0.000000e+000  0.000000e+000  0.000000e+000  0.000000e+000  0.000000e+000  0.000000e+000  0.000000e+000  0.000000e+000  
0.000000e+000  0.000000e+000  0.000000e+000  0.000000e+000  0.000000e+000  0.000000e+000  0.000000e+000  0.000000e+000  0.000000e+000  0.000000e+000  0.000000e+000  
0.000000e+000  0.000000e+000  0.000000e+000  0.000000e+000  0.000000e+000  0.000000e+000  0.000000e+000  0.000000e+000  0.000000e+000  0.000000e+000  0.000000e+000  
0.000000e+000  0.000000e+000  0.000000e+000  0.000000e+000  0.000000e+000  0.000000e+000  0.000000e+000  0.000000e+000  0.000000e+000  0.000000e+000  0.000000e+000  
0.000000e+000  0.000000e+000  0.000000e+000  0.000000e+000  0.000000e+000  0.000000e+000  0.000000e+000  0.000000e+000  0.000000e+000  0.000000e+000  0.000000e+000  
0.000000e+000  0.000000e+000  0.000000e+000  0.000000e+000  0.000000e+000  0.000000e+000  0.000000e+000  0.000000e+000  0.000000e+000  0.000000e+000  0.000000e+000  
0.000000e+000  0.000000e+000  0.000000e+000  0.000000e+000  0.000000e+000  0.000000e+000  0.000000e+000  0.000000e+000  0.000000e+000  0.000000e+000  0.000000e+000  
0.000000e+000  0.000000e+000  0.000000e+000  0.000000e+000  0.000000e+000  0.000000e+000  0.000000e+000  0.000000e+000  0.000000e+000  0.000000e+000  0.000000e+000  
0.000000e+000  0.000000e+000  0.000000e+000  0.000000e+000  0.000000e+000  0.000000e+000  0.000000e+000  0.000000e+000  0.000000e+000  0.000000e+000  0.000000e+000  
0.000000e+000  0.000000e+000  0.000000e+000  0.000000e+000  0.000000e+000  0.000000e+000  0.000000e+000  0.000000e+000  0.000000e+000  0.000000e+000  0.000000e+000  
0.000000e+000  0.000000e+000  0.000000e+000  0.000000e+000  0.000000e+000  0.000000e+000  0.000000e+000  0.000000e+000  0.000000e+000  0.000000e+000  0.000000e+000  
0.000000e+000  0.000000e+000  0.000000e+000  0.000000e+000  0.000000e+000  0.000000e+000  0.000000e+000  0.000000e+000  0.000000e+000  0.000000e+000  0.000000e+000  
0.000000e+000  0.000000e+000  0.000000e+000  0.000000e+000  0.000000e+000  0.000000e+000  0.000000e+000  0.000000e+000  0.000000e+000  0.000000e+000  0.000000e+000  
0.000000e+000  0.000000e+000  0.000000e+000  0.000000e+000  0.000000e+000  0.000000e+000  0.000000e+000  0.000000e+000  0.000000e+000  0.000000e+000  0.000000e+000  
0.000000e+000  0.000000e+000  0.000000e+000  0.000000e+000  0.000000e+000  0.000000e+000  0.000000e+000  0.000000e+000  0.000000e+000  0.000000e+000  0.000000e+000  
0.000000e+000  0.000000e+000  0.000000e+000  0.000000e+000  0.000000e+000  0.000000e+000  0.000000e+000  0.000000e+000  0.000000e+000  0.000000e+000  0.000000e+000  
0.000000e+000  0.000000e+000  0.000000e+000  0.000000e+000  0.000000e+000  0.000000e+000  0.000000e+000  0.000000e+000  0.000000e+000  0.000000e+000  0.000000e+000  

0.000000e+000  0.000000e+000  0.000000e+000  0.000000e+000  0.000000e+000  0.000000e+000  0.000000e+000  0.000000e+000  0.000000e+000  0.000000e+000  0.000000e+000  
0.000000e+000  0.000000e+000  0.000000e+000  0.000000e+000  0.000000e+000  0.000000e+000  0.000000e+000  0.000000e+000  0.000000e+000  0.000000e+000  0.000000e+000  
0.000000e+000  0.000000e+000  0.000000e+000  0.000000e+000  0.000000e+000  0.000000e+000  0.000000e+000  0.000000e+000  0.000000e+000  0.000000e+000  0.000000e+000  
0.000000e+000  0.000000e+000  0.000000e+000  0.000000e+000  0.000000e+000  0.000000e+000  0.000000e+000  0.000000e+000  0.000000e+000  0.000000e+000  0.000000e+000  
0.000000e+000  0.000000e+000  0.000000e+000  0.000000e+000  0.000000e+000  0.000000e+000  0.000000e+000  0.000000e+000  0.000000e+000  0.000000e+000  0.000000e+000  
0.000000e+000  0.000000e+000  0.000000e+000  0.000000e+000  0.000000e+000  0.000000e+000  0.000000e+000  0.000000e+000  0.000000e+000  0.000000e+000  0.000000e+000  
0.000000e+000  0.000000e+000  0.000000e+000  0.000000e+000  0.000000e+000  0.000000e+000  0.000000e+000  0.000000e+000  0.000000e+000  0.000000e+000  0.000000e+000  
0.000000e+000  0.000000e+000  0.000000e+000  0.000000e+000  0.000000e+000  0.000000e+000  0.000000e+000  0.000000e+000  0.000000e+000  0.000000e+000  0.000000e+000  
0.000000e+000  0.000000e+000  0.000000e+000  0.000000e+000  0.000000e+000  0.000000e+000  0.000000e+000  0.000000e+000  0.000000e+000  0.000000e+000  0.000000e+000  
0.000000e+000  0.000000e+000  0.000000e+000  0.000000e+000  0.000000e+000  0.000000e+000  0.000000e+000  0.000000e+000  0.000000e+000  0.000000e+000  0.000000e+000  
0.000000e+000  0.000000e+000  0.000000e+000  0.000000e+000  0.000000e+000  0.000000e+000  0.000000e+000  0.000000e+000  0.000000e+000  0.000000e+000  0.000000e+000  
0.000000e+000  0.000000e+000  0.000000e+000  0.000000e+000  0.000000e+000  0.000000e+000  0.000000e+000  0.000000e+000  0.000000e+000  0.000000e+000  0.000000e+000  
0.000000e+000  0.000000e+000  0.000000e+000  0.000000e+000  0.000000e+000  0.000000e+000  0.000000e+000  0.000000e+000  0.000000e+000  0.000000e+000  0.000000e+000  
0.000000e+000  0.000000e+000  0.000000e+000  0.000000e+000  0.000000e+000  0.000000e+000  0.000000e+000  0.000000e+000  0.000000e+000  0.000000e+000  0.000000e+000  
0.000000e+000  0.000000e+000  0.000000e+000  0.000000e+000  0.000000e+000  0.000000e+000  0.000000e+000  0.000000e+000  0.000000e+000  0.000000e+000  0.000000e+000  
0.000000e+000  0.000000e+000  0.000000e+000  0.000000e+000  0.000000e+000  0.000000e+000  0.000000e+000  0.000000e+000  0.000000e+000  0.000000e+000  0.000000e+000  
0.000000e+000  0.000000e+000  0.000000e+000  0.000000e+000  0.000000e+000  0.000000e+000  0.000000e+000  0.000000e+000  0.000000e+000  0.000000e+000  0.000000e+000  
0.000000e+000  0.000000e+000  0.000000e+000  0.000000e+000  0.000000e+000  0.000000e+000  0.000000e+000  0.000000e+000  0.000000e+000  0.000000e+000  0.000000e+000  
0.000000e+000  0.000000e+000  0.000000e+000  0.000000e+000  0.000000e+000  0.000000e+000  0.000000e+000  0.000000e+000  0.000000e+000  0.000000e+000  0.000000e+000  
0.000000e+000  0.000000e+000  0.000000e+000  0.000000e+000  0.000000e+000  0.000000e+000  0.000000e+000  0.000000e+000  0.000000e+000  0.000000e+000  0.000000e+000  
0.000000e+000  0.000000e+000  0.000000e+000  0.000000e+000  0.000000e+000  0.000000e+000  0.000000e+000  0.000000e+000  0.000000e+000  0.000000e+000  0.000000e+000  
0.000000e+000  0.000000e+000  0.000000e+000  0.000000e+000  0.000000e+000  0.000000e+000  0.000000e+000  0.000000e+000  0.000000e+000  0.000000e+000  0.000000e+000  
0.000000e+000  0.000000e+000  0.000000e+000  0.000000e+000  0.000000e+000  0.000000e+000  0.000000e+000  0.000000e+000  0.000000e+000  0.000000e+000  0.000000e+000  
0.000000e+000  0.000000e+000  0.000000e+000  0.000000e+000  0.000000e+000  0.000000e+000  0.000000e+000  0.000000e+000  0.000000e+000  0.000000e+000  0.000000e+000  
0.000000e+000  0.000000e+000  0.000000e+000  0.000000e+000  0.000000e+000  0.000000e+000  0.000000e+000  0.000000e+000  0.000000e+000  0.000000e+000  0.000000e+000  
0.000000e+000  0.000000e+000  0.000000e+000  0.000000e+000  0.000000e+000  0.000000e+000  0.000000e+000  0.000000e+000  0.000000e+000  0.000000e+000  0.000000e+000  
0.000000e+000  0.000000e+000  0.000000e+000  0.000000e+000  0.000000e+000  0.000000e+000  0.000000e+000  0.000000e+000  0.000000e+000  0.000000e+000  0.000000e+000  
0.000000e+000  0.000000e+000  0.000000e+000  0.000000e+000  0.000000e+000  0.000000e+000  0.000000e+000  0.000000e+000  0.000000e+000  0.000000e+000  0.000000e+000  
0.000000e+000  0.000000e+000  0.000000e+000  0.000000e+000  0.000000e+000  0.000000e+000  0.000000e+000  0.000000e+000  0.000000e+000  0.000000e+000  0.000000e+000  
0.000000e+000  0.000000e+000  0.000000e+000  0.000000e+000  0.000000e+000  0.000000e+000  0.000000e+000  0.000000e+000  0.000000e+000  0.000000e+000  0.000000e+000  
0.000000e+000  0.000000e+000  0.000000e+000  0.000000e+000  0.000000e+000  0.000000e+000  0.000000e+000  0.000000e+000  0.000000e+000  0.000000e+000  0.000000e+000  
0.000000e+000  0.000000e+000  0.000000e+000  0.000000e+000  0.000000e+000  0.000000e+000  0.000000e+000  0.000000e+000  0.000000e+000  0.000000e+000  0.000000e+000  
0.000000e+000  0.000000e+000  0.000000e+000  0.000000e+000  0.000000e+000  0.000000e+000  0.000000e+000  0.000000e+000  0.000000e+000  0.000000e+000  0.000000e+000  
0.000000e+000  0.000000e+000  0.000000e+000  0.000000e+000  0.000000e+000  0.000000e+000  0.000000e+000  0.000000e+000  0.000000e+000  0.000000e+000  0.000000e+000  
0.000000e+000  0.000000e+000  0.000000e+000  0.000000e+000  0.000000e+000  0.000000e+000  0.000000e+000  0.000000e+000  0.000000e+000  0.000000e+000  0.000000e+000  
0.000000e+000  0.000000e+000  0.000000e+000  0.000000e+000  0.000000e+000  0.000000e+000  0.000000e+000  0.000000e+000  0.000000e+000  0.000000e+000  0.000000e+000  

0.000000e+000  0.000000e+000  0.000000e+000  0.000000e+000  0.000000e+000  0.000000e+000  0.000000e+000  0.000000e+000  0.000000e+000  0.000000e+000  0.000000e+000  
0.000000e+000  -5.439308e-006  -7.336861e-006  -5.105991e-006  0.000000e+000  -8.829921e-003  -1.784693e-002  -2.590797e-002  -4.572419e-002  -3.122554e-002  0.000000e+000  
0.000000e+000  -1.450145e-005  -1.955345e-005  -1.361217e-005  0.000000e+000  -1.346737e-002  -2.718520e-002  -3.938110e-002  -6.820739e-002  -4.600822e-002  0.000000e+000  
0.000000e+000  -3.438233e-005  -4.647301e-005  -3.237796e-005  0.000000e+000  -1.878504e-002  -3.785939e-002  -5.470269e-002  -9.256379e-002  -6.151859e-002  0.000000e+000  
0.000000e+000  -8.000044e-005  -1.084150e-004  -7.559650e-005  0.000000e+000  -2.510236e-002  -5.048846e-002  -7.271236e-002  -1.194427e-001  -7.796492e-002  0.000000e+000  
0.000000e+000  -1.949412e-004  -2.640435e-004  -1.842621e-004  0.000000e+000  -3.337713e-002  -6.694392e-002  -9.598930e-002  -1.515410e-001  -9.668307e-002  0.000000e+000  
0.000000e+000  -4.748092e-004  -6.446470e-004  -4.508074e-004  0.000000e+000  -4.396917e-002  -8.785615e-002  -1.252667e-001  -1.881691e-001  -1.168767e-001  0.000000e+000  
0.000000e+000  -1.155370e-003  -1.574795e-003  -1.105657e-003  0.000000e+000  -5.793146e-002  -1.151365e-001  -1.629508e-001  -2.302721e-001  -1.387010e-001  0.000000e+000  
0.000000e+000  -9.620884e-003  -1.327172e-002  -9.448788e-003  0.000000e+000  -1.347426e-001  -2.611702e-001  -3.584646e-001  -4.048670e-001  -2.186528e-001  0.000000e+000  
0.000000e+000  -9.576295e-002  -1.369155e-001  -1.020657e-001  0.000000e+000  -3.903793e-001  -6.885446e-001  -8.620009e-001  -6.698513e-001  -3.127485e-001  0.000000e+000  
0.000000e+000  -2.702747e-001  -4.143954e-001  -3.421980e-001  0.000000e+000  -7.151480e-001  -1.074540e+000  -1.182248e+000  -7.650664e-001  -3.410834e-001  0.000000e+000  
0.000000e+000  -6.040659e-001  -1.018713e+000  -9.904823e-001  0.000000e+000  -1.433766e+000  -1.703409e+000  -1.575008e+000  -8.585128e-001  -3.675414e-001  0.000000e+000  
0.000000e+000  -1.158408e+000  -2.291977e+000  -3.093643e+000  0.000000e+000  -3.373310e+000  -2.716394e+000  -1.981925e+000  -9.399368e-001  -3.909290e-001  0.000000e+000  
0.000000e+000  -1.585609e+000  -3.822422e+000  -8.669168e+000  -2.303928e+001  -7.626444e+000  -3.671749e+000  -2.197972e+000  -9.918892e-001  -4.080983e-001  0.000000e+000  
0.000000e+000  -1.162648e+000  -2.302609e+000  -3.119410e+000  0.000000e+000  -3.434946e+000  -2.801736e+000  -2.092751e+000  -1.021157e+000  -4.217211e-001  0.000000e+000  
0.000000e+000  -6.535757e-001  -1.107057e+000  -1.086366e+000  0.000000e+000  -1.616914e+000  -1.950072e+000  -1.848354e+000  -1.032718e+000  -4.322092e-001  0.000000e+000  
0.000000e+000  -3.428643e-001  -5.250496e-001  -4.336333e-001  0.000000e+000  -9.545843e-001  -1.458063e+000  -1.631156e+000  -1.033863e+000  -4.389946e-001  0.000000e+000  
0.000000e+000  -2.060737e-001  -2.971764e-001  -2.240700e-001  0.000000e+000  -7.231435e-001  -1.239255e+000  -1.508440e+000  -1.032380e+000  -4.424161e-001  0.000000e+000  
0.000000e+000  -2.061758e-001  -2.973279e-001  -2.241887e-001  0.000000e+000  -7.234836e-001  -1.239809e+000  -1.509086e+000  -1.032697e+000  -4.424781e-001  0.000000e+000  
0.000000e+000  -3.432067e-001  -5.255800e-001  -4.340782e-001  0.000000e+000  -9.556521e-001  -1.459695e+000  -1.632983e+000  -1.034729e+000  -4.391596e-001  0.000000e+000  
0.000000e+000  -6.543246e-001  -1.108320e+000  -1.087603e+000  0.000000e+000  -1.619191e+000  -1.953086e+000  -1.851488e+000  -1.034119e+000  -4.324633e-001  0.000000e+000  
0.000000e+000  -1.164037e+000  -2.305303e+000  -3.123007e+000  0.000000e+000  -3.439840e+000  -2.806642e+000  -2.097350e+000  -1.023067e+000  -4.220413e-001  0.000000e+000  
0.000000e+000  -1.587603e+000  -3.826951e+000  -8.679136e+000  -2.306650e+001  -7.636641e+000  -3.678702e+000  -2.204049e+000  -9.942378e-001  -4.084507e-001  0.000000e+000  
0.000000e+000  -1.160251e+000  -2.294949e+000  -3.096171e+000  0.000000e+000  -3.378650e+000  -2.723657e+000  -1.989478e+000  -9.426573e-001  -3.912753e-001  0.000000e+000  
0.000000e+000  -6.034861e-001  -1.016811e+000  -9.873002e-001  0.000000e+000  -1.433470e+000  -1.707432e+000  -1.582141e+000  -8.610585e-001  -3.676890e-001  0.000000e+000  
0.000000e+000  -2.707368e-001  -4.145624e-001  -3.417123e-001  0.000000e+000  -7.175054e-001  -1.080523e+000  -1.190586e+000  -7.672022e-001  -3.409307e-001  0.000000e+000  
0.000000e+000  -1.000135e-001  -1.431183e-001  -1.068079e-001  0.000000e+000  -3.984589e-001  -7.002723e-001  -8.736380e-001  -6.713754e-001  -3.121996e-001  0.000000e+000  
0.000000e+000  -1.473494e-002  -2.039106e-002  -1.457220e-002  0.000000e+000  -1.571639e-001  -3.016334e-001  -4.095480e-001  -4.347285e-001  -2.292501e-001  0.000000e+000  
0.000000e+000  -6.068771e-003  -8.310282e-003  -5.864086e-003  0.000000e+000  -1.141762e-001  -2.231869e-001  -3.090437e-001  -3.651597e-001  -2.011831e-001  0.000000e+000  
0.000000e+000  -2.487507e-003  -3.387132e-003  -2.374958e-003  0.000000e+000  -8.481647e-002  -1.675647e-001  -2.350369e-001  -3.043770e-001  -1.746713e-001  0.000000e+000  
0.000000e+000  -1.018741e-003  -1.383099e-003  -9.667040e-004  0.000000e+000  -6.387033e-002  -1.270417e-001  -1.798476e-001  -2.516465e-001  -1.499029e-001  0.000000e+000  
0.000000e+000  -4.287018e-004  -5.812837e-004  -4.056544e-004  0.000000e+000  -4.896655e-002  -9.785195e-002  -1.394804e-001  -2.077756e-001  -1.278546e-001  0.000000e+000  
0.000000e+000  -1.767017e-004  -2.394986e-004  -1.670170e-004  0.000000e+000  -3.753469e-002  -7.527979e-002  -1.079135e-001  -1.695043e-001  -1.074059e-001  0.000000e+000  
0.000000e+000  -6.438365e-005  -8.732411e-005  -6.088355e-005  0.000000e+000  -2.852232e-002  -5.738029e-002  -8.265987e-002  -1.359345e-001  -8.844460e-002  0.000000e+000  
0.000000e+000  -8.516795e-006  -1.154306e-005  -8.045843e-006  0.000000e+000  -1.322379e-002  -2.672025e-002  -3.877118e-002  -6.814123e-002  -4.636774e-002  0.000000e+000  
0.000000e+000  0.000000e+000  0.000000e+000  0.000000e+000  0.000000e+000  0.000000e+000  0.000000e+000  0.000000e+000  0.000000e+000  0.000000e+000  0.000000e+000  

