Unknown:
D:\FINAL YEAR PROJECT\Circular Patch Antenna_Amit Sir -antenna 4\Result\3d.slm
D:\FINAL YEAR PROJECT\Circular Patch Antenna_Amit Sir -antenna 4\Result\adapt_Port1_e1.prt
D:\FINAL YEAR PROJECT\Circular Patch Antenna_Amit Sir -antenna 4\Result\adapt_Port1_h1.prt
D:\FINAL YEAR PROJECT\Circular Patch Antenna_Amit Sir -antenna 4\Result\adapt_Port2_e1.prt
D:\FINAL YEAR PROJECT\Circular Patch Antenna_Amit Sir -antenna 4\Result\adapt_Port2_h1.prt
D:\FINAL YEAR PROJECT\Circular Patch Antenna_Amit Sir -antenna 4\Result\e-field (f=3)_1,1.en
D:\FINAL YEAR PROJECT\Circular Patch Antenna_Amit Sir -antenna 4\Result\e-field (f=3)_2,1.en
D:\FINAL YEAR PROJECT\Circular Patch Antenna_Amit Sir -antenna 4\Result\farfield (broadband)1D_1.ffp
D:\FINAL YEAR PROJECT\Circular Patch Antenna_Amit Sir -antenna 4\Result\farfield (broadband)1D_2.ffp
D:\FINAL YEAR PROJECT\Circular Patch Antenna_Amit Sir -antenna 4\Result\farfield (broadband)2D_1.ffp
D:\FINAL YEAR PROJECT\Circular Patch Antenna_Amit Sir -antenna 4\Result\farfield (broadband)_1.ffb
D:\FINAL YEAR PROJECT\Circular Patch Antenna_Amit Sir -antenna 4\Result\farfield (broadband)_1_buffer1.ffp
D:\FINAL YEAR PROJECT\Circular Patch Antenna_Amit Sir -antenna 4\Result\farfield (broadband)_1_buffer10.ffp
D:\FINAL YEAR PROJECT\Circular Patch Antenna_Amit Sir -antenna 4\Result\farfield (broadband)_1_buffer11.ffp
D:\FINAL YEAR PROJECT\Circular Patch Antenna_Amit Sir -antenna 4\Result\farfield (broadband)_1_buffer12.ffp
D:\FINAL YEAR PROJECT\Circular Patch Antenna_Amit Sir -antenna 4\Result\farfield (broadband)_1_buffer13.ffp
D:\FINAL YEAR PROJECT\Circular Patch Antenna_Amit Sir -antenna 4\Result\farfield (broadband)_1_buffer14.ffp
D:\FINAL YEAR PROJECT\Circular Patch Antenna_Amit Sir -antenna 4\Result\farfield (broadband)_1_buffer15.ffp
D:\FINAL YEAR PROJECT\Circular Patch Antenna_Amit Sir -antenna 4\Result\farfield (broadband)_1_buffer16.ffp
D:\FINAL YEAR PROJECT\Circular Patch Antenna_Amit Sir -antenna 4\Result\farfield (broadband)_1_buffer17.ffp
D:\FINAL YEAR PROJECT\Circular Patch Antenna_Amit Sir -antenna 4\Result\farfield (broadband)_1_buffer18.ffp
D:\FINAL YEAR PROJECT\Circular Patch Antenna_Amit Sir -antenna 4\Result\farfield (broadband)_1_buffer19.ffp
D:\FINAL YEAR PROJECT\Circular Patch Antenna_Amit Sir -antenna 4\Result\farfield (broadband)_1_buffer2.ffp
D:\FINAL YEAR PROJECT\Circular Patch Antenna_Amit Sir -antenna 4\Result\farfield (broadband)_1_buffer20.ffp
D:\FINAL YEAR PROJECT\Circular Patch Antenna_Amit Sir -antenna 4\Result\farfield (broadband)_1_buffer21.ffp
D:\FINAL YEAR PROJECT\Circular Patch Antenna_Amit Sir -antenna 4\Result\farfield (broadband)_1_buffer3.ffp
D:\FINAL YEAR PROJECT\Circular Patch Antenna_Amit Sir -antenna 4\Result\farfield (broadband)_1_buffer4.ffp
D:\FINAL YEAR PROJECT\Circular Patch Antenna_Amit Sir -antenna 4\Result\farfield (broadband)_1_buffer5.ffp
D:\FINAL YEAR PROJECT\Circular Patch Antenna_Amit Sir -antenna 4\Result\farfield (broadband)_1_buffer6.ffp
D:\FINAL YEAR PROJECT\Circular Patch Antenna_Amit Sir -antenna 4\Result\farfield (broadband)_1_buffer7.ffp
D:\FINAL YEAR PROJECT\Circular Patch Antenna_Amit Sir -antenna 4\Result\farfield (broadband)_1_buffer8.ffp
D:\FINAL YEAR PROJECT\Circular Patch Antenna_Amit Sir -antenna 4\Result\farfield (broadband)_1_buffer9.ffp
D:\FINAL YEAR PROJECT\Circular Patch Antenna_Amit Sir -antenna 4\Result\farfield (broadband)_2.ffb
D:\FINAL YEAR PROJECT\Circular Patch Antenna_Amit Sir -antenna 4\Result\farfield (broadband)_2_buffer1.ffp
D:\FINAL YEAR PROJECT\Circular Patch Antenna_Amit Sir -antenna 4\Result\farfield (f=3)_1.fme
D:\FINAL YEAR PROJECT\Circular Patch Antenna_Amit Sir -antenna 4\Result\farfield (f=3)_2.fme
D:\FINAL YEAR PROJECT\Circular Patch Antenna_Amit Sir -antenna 4\Result\Farfield_mono_tmp.sig
D:\FINAL YEAR PROJECT\Circular Patch Antenna_Amit Sir -antenna 4\Result\h-field (f=3)_1,1.en
D:\FINAL YEAR PROJECT\Circular Patch Antenna_Amit Sir -antenna 4\Result\h-field (f=3)_2,1.en
D:\FINAL YEAR PROJECT\Circular Patch Antenna_Amit Sir -antenna 4\Result\MCalc.ddi
D:\FINAL YEAR PROJECT\Circular Patch Antenna_Amit Sir -antenna 4\Result\MCalc.log
D:\FINAL YEAR PROJECT\Circular Patch Antenna_Amit Sir -antenna 4\Result\Model.axg
D:\FINAL YEAR PROJECT\Circular Patch Antenna_Amit Sir -antenna 4\Result\Model.ddi
D:\FINAL YEAR PROJECT\Circular Patch Antenna_Amit Sir -antenna 4\Result\Model.elg
D:\FINAL YEAR PROJECT\Circular Patch Antenna_Amit Sir -antenna 4\Result\Model.inf
D:\FINAL YEAR PROJECT\Circular Patch Antenna_Amit Sir -antenna 4\Result\Model.log
D:\FINAL YEAR PROJECT\Circular Patch Antenna_Amit Sir -antenna 4\Result\Model.pmi
D:\FINAL YEAR PROJECT\Circular Patch Antenna_Amit Sir -antenna 4\Result\Model.sa
D:\FINAL YEAR PROJECT\Circular Patch Antenna_Amit Sir -antenna 4\Result\m^fb.dsc
D:\FINAL YEAR PROJECT\Circular Patch Antenna_Amit Sir -antenna 4\Result\m^fifx.dsc
D:\FINAL YEAR PROJECT\Circular Patch Antenna_Amit Sir -antenna 4\Result\m^fqq.dsc
D:\FINAL YEAR PROJECT\Circular Patch Antenna_Amit Sir -antenna 4\Result\m^ppex.dsc
D:\FINAL YEAR PROJECT\Circular Patch Antenna_Amit Sir -antenna 4\Result\Port1_1.m2d
D:\FINAL YEAR PROJECT\Circular Patch Antenna_Amit Sir -antenna 4\Result\Port2_1.m2d
D:\FINAL YEAR PROJECT\Circular Patch Antenna_Amit Sir -antenna 4\Result\Postprocessing.log
D:\FINAL YEAR PROJECT\Circular Patch Antenna_Amit Sir -antenna 4\Result\p^a.dsc
Mesh:
D:\FINAL YEAR PROJECT\Circular Patch Antenna_Amit Sir -antenna 4\Result\dA.mat
D:\FINAL YEAR PROJECT\Circular Patch Antenna_Amit Sir -antenna 4\Result\dad.mat
D:\FINAL YEAR PROJECT\Circular Patch Antenna_Amit Sir -antenna 4\Result\ds.mat
D:\FINAL YEAR PROJECT\Circular Patch Antenna_Amit Sir -antenna 4\Result\dsd.mat
D:\FINAL YEAR PROJECT\Circular Patch Antenna_Amit Sir -antenna 4\Result\dsMCalc.mat
D:\FINAL YEAR PROJECT\Circular Patch Antenna_Amit Sir -antenna 4\Result\Eps.mat
D:\FINAL YEAR PROJECT\Circular Patch Antenna_Amit Sir -antenna 4\Result\HexMatrix.m2h
D:\FINAL YEAR PROJECT\Circular Patch Antenna_Amit Sir -antenna 4\Result\HexMatrix_MCalc.m2h
D:\FINAL YEAR PROJECT\Circular Patch Antenna_Amit Sir -antenna 4\Result\Kappa.mat
D:\FINAL YEAR PROJECT\Circular Patch Antenna_Amit Sir -antenna 4\Result\MCalc.fmp
D:\FINAL YEAR PROJECT\Circular Patch Antenna_Amit Sir -antenna 4\Result\MCalc.xcfd
D:\FINAL YEAR PROJECT\Circular Patch Antenna_Amit Sir -antenna 4\Result\mesher_shapes.fsi
D:\FINAL YEAR PROJECT\Circular Patch Antenna_Amit Sir -antenna 4\Result\Meta.m2h
D:\FINAL YEAR PROJECT\Circular Patch Antenna_Amit Sir -antenna 4\Result\Meta.mat
D:\FINAL YEAR PROJECT\Circular Patch Antenna_Amit Sir -antenna 4\Result\Meta.spi
D:\FINAL YEAR PROJECT\Circular Patch Antenna_Amit Sir -antenna 4\Result\Meta.wgi
D:\FINAL YEAR PROJECT\Circular Patch Antenna_Amit Sir -antenna 4\Result\Model.fmf
D:\FINAL YEAR PROJECT\Circular Patch Antenna_Amit Sir -antenna 4\Result\Model.fmm
D:\FINAL YEAR PROJECT\Circular Patch Antenna_Amit Sir -antenna 4\Result\Model.fpc
D:\FINAL YEAR PROJECT\Circular Patch Antenna_Amit Sir -antenna 4\Result\Model.fwf
D:\FINAL YEAR PROJECT\Circular Patch Antenna_Amit Sir -antenna 4\Result\Model.mss
D:\FINAL YEAR PROJECT\Circular Patch Antenna_Amit Sir -antenna 4\Result\Model.ntr
D:\FINAL YEAR PROJECT\Circular Patch Antenna_Amit Sir -antenna 4\Result\Model.sic
D:\FINAL YEAR PROJECT\Circular Patch Antenna_Amit Sir -antenna 4\Result\Model.spi
D:\FINAL YEAR PROJECT\Circular Patch Antenna_Amit Sir -antenna 4\Result\Model.xcfd
D:\FINAL YEAR PROJECT\Circular Patch Antenna_Amit Sir -antenna 4\Result\Model^PEC.fpf
D:\FINAL YEAR PROJECT\Circular Patch Antenna_Amit Sir -antenna 4\Result\Mue.mat
D:\FINAL YEAR PROJECT\Circular Patch Antenna_Amit Sir -antenna 4\Result\m^fqq.mem
D:\FINAL YEAR PROJECT\Circular Patch Antenna_Amit Sir -antenna 4\Result\p1.spi
D:\FINAL YEAR PROJECT\Circular Patch Antenna_Amit Sir -antenna 4\Result\p2.spi
D:\FINAL YEAR PROJECT\Circular Patch Antenna_Amit Sir -antenna 4\Result\PEC.mat
D:\FINAL YEAR PROJECT\Circular Patch Antenna_Amit Sir -antenna 4\Result\Port1.wgi
D:\FINAL YEAR PROJECT\Circular Patch Antenna_Amit Sir -antenna 4\Result\Port2.wgi
D:\FINAL YEAR PROJECT\Circular Patch Antenna_Amit Sir -antenna 4\Result\p^a.mem
D:\FINAL YEAR PROJECT\Circular Patch Antenna_Amit Sir -antenna 4\Result\p^m.mem
D:\FINAL YEAR PROJECT\Circular Patch Antenna_Amit Sir -antenna 4\Result\Rho.mat
D:\FINAL YEAR PROJECT\Circular Patch Antenna_Amit Sir -antenna 4\Result\S2HMatrix.m2h
D:\FINAL YEAR PROJECT\Circular Patch Antenna_Amit Sir -antenna 4\Result\s^pm.mem
