Port monitor named: Port1_h1.prt

nx        = 61
ny        = 86
nz        = 30

nu        = 24
nv        = 12
iu        = 32
iv        = 10

idir      = 0
dcut      = 2.950000e-002
icut      = 55
type      = 1
frequency = 2.400000e+009

fcutoff   = 0.000000e+000
alpha     = 0.000000e+000
beta      = 9.309122e+001
accuracy  = 5.172549e-014

type          = QTEM
wave imp.     = 2.434040e+002
wave imp.sig. = 0.000000e+000
line imp.     = 4.999053e+001

ref. port     = 0

-1.707102e+000  -1.825553e+000  -2.260409e+000  -3.105533e+000  -4.891988e+000  -6.504998e+000  -8.937300e+000  -1.257677e+001  -1.671884e+001  -1.812772e+001  -2.119708e+001  -2.235757e+001  -2.235151e+001  -2.117146e+001  -1.804963e+001  -1.521565e+001  -1.246811e+001  -8.861846e+000  -6.458756e+000  -4.864345e+000  -3.093745e+000  -2.254125e+000  -1.821468e+000  -1.703542e+000  
-1.679507e+000  -1.791831e+000  -2.200155e+000  -2.975994e+000  -4.563130e+000  -5.967116e+000  -8.145170e+000  -1.179495e+001  -1.713151e+001  -1.920354e+001  -2.264251e+001  -2.323506e+001  -2.323471e+001  -2.264205e+001  -1.920704e+001  -1.504836e+001  -1.164996e+001  -8.072365e+000  -5.927817e+000  -4.540144e+000  -2.965615e+000  -2.194329e+000  -1.787920e+000  -1.676066e+000  
-1.625705e+000  -1.726510e+000  -2.085513e+000  -2.734623e+000  -3.953833e+000  -4.921152e+000  -6.389013e+000  -9.285054e+000  -1.721088e+001  -2.308347e+001  -2.624885e+001  -2.455119e+001  -2.455610e+001  -2.627043e+001  -2.313092e+001  -1.348338e+001  -9.101815e+000  -6.344106e+000  -4.900023e+000  -3.939831e+000  -2.726754e+000  -2.080512e+000  -1.722925e+000  -1.622491e+000  
-1.565323e+000  -1.653572e+000  -1.959784e+000  -2.477704e+000  -3.323815e+000  -3.806360e+000  -4.202672e+000  -3.727006e+000  1.920980e+000  1.732877e+001  1.234468e+001  9.490544e+000  9.464286e+000  1.219295e+001  1.671221e+001  -1.500535e+000  -3.984409e+000  -4.241381e+000  -3.808911e+000  -3.318587e+000  -2.472240e+000  -1.955621e+000  -1.650337e+000  -1.562360e+000  
-1.515079e+000  -1.592797e+000  -1.855354e+000  -2.268110e+000  -2.829795e+000  -2.976499e+000  -2.748176e+000  -1.096642e+000  4.682044e+000  9.205301e+000  9.849453e+000  8.735543e+000  8.728881e+000  9.857512e+000  9.661903e+000  2.067563e+000  -1.300248e+000  -2.804490e+000  -2.990055e+000  -2.830114e+000  -2.264417e+000  -1.851855e+000  -1.589853e+000  -1.512327e+000  
-1.430754e+000  -1.491782e+000  -1.686610e+000  -1.943798e+000  -2.117886e+000  -1.879520e+000  -1.119586e+000  7.903986e-001  4.047584e+000  5.292977e+000  6.913223e+000  7.108635e+000  7.118638e+000  6.964141e+000  5.456388e+000  2.838646e+000  7.222594e-001  -1.161915e+000  -1.898174e+000  -2.123760e+000  -1.942416e+000  -1.684083e+000  -1.489293e+000  -1.428340e+000  
-1.300146e+000  -1.338895e+000  -1.448248e+000  -1.533940e+000  -1.379222e+000  -9.595732e-001  -1.374189e-001  1.295140e+000  3.002689e+000  3.570411e+000  4.738915e+000  5.181011e+000  5.187964e+000  4.760499e+000  3.593088e+000  2.423961e+000  1.277748e+000  -1.590014e-001  -9.738322e-001  -1.386395e+000  -1.534328e+000  -1.446773e+000  -1.337001e+000  -1.298205e+000  
-1.062816e+000  -1.068026e+000  -1.056746e+000  -9.380366e-001  -5.225391e-001  -1.152331e-001  4.543186e-001  1.173963e+000  1.840420e+000  2.061320e+000  2.580820e+000  2.847037e+000  2.847417e+000  2.580718e+000  2.056432e+000  1.625464e+000  1.169821e+000  4.475522e-001  -1.217502e-001  -5.275871e-001  -9.396238e-001  -1.056530e+000  -1.067023e+000  -1.061634e+000  
-7.334446e-001  -7.169067e-001  -6.423965e-001  -4.688065e-001  -1.111056e-001  1.358809e-001  4.281623e-001  7.440141e-001  1.006141e+000  1.091598e+000  1.292741e+000  1.400144e+000  1.399684e+000  1.291204e+000  1.088657e+000  9.235126e-001  7.420884e-001  4.255856e-001  1.331332e-001  -1.136308e-001  -4.701152e-001  -6.427022e-001  -7.165910e-001  -7.329541e-001  
-4.161541e-001  -3.974500e-001  -3.275670e-001  -2.005061e-001  8.083774e-003  1.273549e-001  2.555292e-001  3.826380e-001  4.818956e-001  5.135836e-001  5.867146e-001  6.254480e-001  6.252109e-001  5.860096e-001  5.124486e-001  4.511146e-001  3.817964e-001  2.544935e-001  1.262324e-001  6.985377e-003  -2.012430e-001  -3.278849e-001  -3.974398e-001  -4.160399e-001  
-1.310662e-001  -1.236694e-001  -9.752090e-002  -5.404521e-002  1.087059e-002  4.512423e-002  8.038163e-002  1.140431e-001  1.396058e-001  1.476715e-001  1.660535e-001  1.757011e-001  1.756393e-001  1.658731e-001  1.473888e-001  1.317488e-001  1.138154e-001  8.010463e-002  4.482181e-002  1.056777e-002  -5.427178e-002  -9.764008e-002  -1.236940e-001  -1.310590e-001  
-0.000000e+000  -0.000000e+000  -0.000000e+000  -0.000000e+000  -0.000000e+000  -0.000000e+000  -0.000000e+000  -0.000000e+000  -0.000000e+000  -0.000000e+000  -0.000000e+000  -0.000000e+000  -0.000000e+000  -0.000000e+000  -0.000000e+000  -0.000000e+000  -0.000000e+000  -0.000000e+000  -0.000000e+000  -0.000000e+000  -0.000000e+000  -0.000000e+000  -0.000000e+000  -0.000000e+000  

-0.000000e+000  -0.000000e+000  -0.000000e+000  -0.000000e+000  -0.000000e+000  -0.000000e+000  -0.000000e+000  -0.000000e+000  -0.000000e+000  -0.000000e+000  -0.000000e+000  -0.000000e+000  -0.000000e+000  -0.000000e+000  -0.000000e+000  -0.000000e+000  -0.000000e+000  -0.000000e+000  -0.000000e+000  -0.000000e+000  -0.000000e+000  -0.000000e+000  -0.000000e+000  -0.000000e+000  
3.421192e-002  1.270874e-001  2.894194e-001  6.260991e-001  1.263028e+000  1.920758e+000  2.893882e+000  3.794222e+000  3.486528e+000  2.654169e+000  9.995054e-001  -4.855843e-003  -1.015741e+000  -2.699185e+000  -3.791721e+000  -3.670883e+000  -2.866726e+000  -1.896997e+000  -1.247933e+000  -6.202604e-001  -2.874114e-001  -1.263974e-001  -3.404843e-002  -0.000000e+000  
6.650104e-002  2.457952e-001  5.535142e-001  1.178855e+000  2.356706e+000  3.634816e+000  5.793214e+000  8.690124e+000  8.626854e+000  5.628544e+000  1.501498e+000  -4.723991e-003  -1.516952e+000  -5.669195e+000  -9.369064e+000  -8.217151e+000  -5.707474e+000  -3.583874e+000  -2.328394e+000  -1.168385e+000  -5.498524e-001  -2.445066e-001  -6.619177e-002  -0.000000e+000  
9.518008e-002  3.489491e-001  7.713457e-001  1.596335e+000  3.096936e+000  4.773023e+000  8.078451e+000  1.597333e+001  3.334812e+001  -0.000000e+000  -0.000000e+000  -0.000000e+000  -0.000000e+000  -0.000000e+000  -2.496039e+001  -1.408251e+001  -7.880887e+000  -4.702860e+000  -3.062886e+000  -1.583641e+000  -7.666557e-001  -3.472229e-001  -9.475680e-002  -0.000000e+000  
1.107667e-001  4.034571e-001  8.784973e-001  1.773290e+000  3.317224e+000  4.945543e+000  7.803890e+000  1.264671e+001  1.589255e+001  5.923843e+000  1.386125e+000  1.281764e-002  -1.324859e+000  -5.572039e+000  -1.612914e+001  -1.193461e+001  -7.717377e+000  -4.893766e+000  -3.287153e+000  -1.760676e+000  -8.735242e-001  -4.015539e-001  -1.102919e-001  -0.000000e+000  
1.243101e-001  4.494469e-001  9.619082e-001  1.885538e+000  3.369017e+000  4.803795e+000  6.936639e+000  9.251048e+000  8.751906e+000  5.550154e+000  1.989602e+000  1.647155e-002  -1.936459e+000  -5.445061e+000  -9.644514e+000  -9.041888e+000  -6.924875e+000  -4.773733e+000  -3.345684e+000  -1.873874e+000  -9.569056e-001  -4.474408e-001  -1.237995e-001  -0.000000e+000  
1.449260e-001  5.150325e-001  1.058628e+000  1.934130e+000  3.087668e+000  3.988876e+000  4.951609e+000  5.413262e+000  4.797013e+000  3.738505e+000  1.759741e+000  5.479765e-003  -1.751558e+000  -3.757001e+000  -5.153976e+000  -5.399773e+000  -4.965942e+000  -3.982824e+000  -3.077318e+000  -1.925851e+000  -1.054181e+000  -5.130261e-001  -1.443900e-001  -0.000000e+000  
1.569433e-001  5.474942e-001  1.078670e+000  1.835250e+000  2.629631e+000  3.120167e+000  3.462972e+000  3.393340e+000  2.984870e+000  2.432225e+000  1.262532e+000  -2.139479e-003  -1.270370e+000  -2.451804e+000  -3.138440e+000  -3.419723e+000  -3.472969e+000  -3.121512e+000  -2.626464e+000  -1.830125e+000  -1.075102e+000  -5.456681e-001  -1.564303e-001  -0.000000e+000  
1.549939e-001  5.148095e-001  9.132934e-001  1.334380e+000  1.602487e+000  1.703687e+000  1.689407e+000  1.518635e+000  1.309032e+000  1.055207e+000  5.566145e-001  -3.062243e-003  -5.630648e-001  -1.062216e+000  -1.371327e+000  -1.548009e+000  -1.693014e+000  -1.705560e+000  -1.602801e+000  -1.333034e+000  -9.117093e-001  -5.137473e-001  -1.546579e-001  -0.000000e+000  
1.345040e-001  4.290662e-001  7.005112e-001  9.148532e-001  9.812869e-001  9.748323e-001  9.066074e-001  7.762669e-001  6.564566e-001  5.188531e-001  2.704472e-001  -1.827911e-003  -2.740263e-001  -5.221457e-001  -6.895370e-001  -7.976931e-001  -9.086013e-001  -9.762531e-001  -9.821031e-001  -9.148236e-001  -7.000230e-001  -4.286000e-001  -1.343364e-001  -0.000000e+000  
1.096431e-001  3.383396e-001  5.169613e-001  6.203716e-001  6.169017e-001  5.855349e-001  5.222646e-001  4.330222e-001  3.609485e-001  2.807040e-001  1.444338e-001  -1.058515e-003  -1.464958e-001  -2.826012e-001  -3.802957e-001  -4.476697e-001  -5.236615e-001  -5.866757e-001  -6.177656e-001  -6.208075e-001  -5.170239e-001  -3.382524e-001  -1.095961e-001  -0.000000e+000  
1.000755e-001  3.050160e-001  4.546956e-001  5.289260e-001  5.121265e-001  4.781849e-001  4.201414e-001  3.442836e-001  2.854292e-001  2.205940e-001  1.129134e-001  -8.572034e-004  -1.145892e-001  -2.221571e-001  -3.011242e-001  -3.567720e-001  -4.213852e-001  -4.792430e-001  -5.129820e-001  -5.294582e-001  -4.548983e-001  -3.050375e-001  -1.000651e-001  -0.000000e+000  

0.000000e+000  0.000000e+000  0.000000e+000  0.000000e+000  0.000000e+000  0.000000e+000  0.000000e+000  0.000000e+000  0.000000e+000  0.000000e+000  0.000000e+000  0.000000e+000  0.000000e+000  0.000000e+000  0.000000e+000  0.000000e+000  0.000000e+000  0.000000e+000  0.000000e+000  0.000000e+000  0.000000e+000  0.000000e+000  0.000000e+000  0.000000e+000  
0.000000e+000  0.000000e+000  0.000000e+000  0.000000e+000  0.000000e+000  0.000000e+000  0.000000e+000  0.000000e+000  0.000000e+000  0.000000e+000  0.000000e+000  0.000000e+000  0.000000e+000  0.000000e+000  0.000000e+000  0.000000e+000  0.000000e+000  0.000000e+000  0.000000e+000  0.000000e+000  0.000000e+000  0.000000e+000  0.000000e+000  0.000000e+000  
0.000000e+000  0.000000e+000  0.000000e+000  0.000000e+000  0.000000e+000  0.000000e+000  0.000000e+000  0.000000e+000  0.000000e+000  0.000000e+000  0.000000e+000  0.000000e+000  0.000000e+000  0.000000e+000  0.000000e+000  0.000000e+000  0.000000e+000  0.000000e+000  0.000000e+000  0.000000e+000  0.000000e+000  0.000000e+000  0.000000e+000  0.000000e+000  
0.000000e+000  0.000000e+000  0.000000e+000  0.000000e+000  0.000000e+000  0.000000e+000  0.000000e+000  0.000000e+000  0.000000e+000  0.000000e+000  0.000000e+000  0.000000e+000  0.000000e+000  0.000000e+000  0.000000e+000  0.000000e+000  0.000000e+000  0.000000e+000  0.000000e+000  0.000000e+000  0.000000e+000  0.000000e+000  0.000000e+000  0.000000e+000  
0.000000e+000  0.000000e+000  0.000000e+000  0.000000e+000  0.000000e+000  0.000000e+000  0.000000e+000  0.000000e+000  0.000000e+000  0.000000e+000  0.000000e+000  0.000000e+000  0.000000e+000  0.000000e+000  0.000000e+000  0.000000e+000  0.000000e+000  0.000000e+000  0.000000e+000  0.000000e+000  0.000000e+000  0.000000e+000  0.000000e+000  0.000000e+000  
0.000000e+000  0.000000e+000  0.000000e+000  0.000000e+000  0.000000e+000  0.000000e+000  0.000000e+000  0.000000e+000  0.000000e+000  0.000000e+000  0.000000e+000  0.000000e+000  0.000000e+000  0.000000e+000  0.000000e+000  0.000000e+000  0.000000e+000  0.000000e+000  0.000000e+000  0.000000e+000  0.000000e+000  0.000000e+000  0.000000e+000  0.000000e+000  
0.000000e+000  0.000000e+000  0.000000e+000  0.000000e+000  0.000000e+000  0.000000e+000  0.000000e+000  0.000000e+000  0.000000e+000  0.000000e+000  0.000000e+000  0.000000e+000  0.000000e+000  0.000000e+000  0.000000e+000  0.000000e+000  0.000000e+000  0.000000e+000  0.000000e+000  0.000000e+000  0.000000e+000  0.000000e+000  0.000000e+000  0.000000e+000  
0.000000e+000  0.000000e+000  0.000000e+000  0.000000e+000  0.000000e+000  0.000000e+000  0.000000e+000  0.000000e+000  0.000000e+000  0.000000e+000  0.000000e+000  0.000000e+000  0.000000e+000  0.000000e+000  0.000000e+000  0.000000e+000  0.000000e+000  0.000000e+000  0.000000e+000  0.000000e+000  0.000000e+000  0.000000e+000  0.000000e+000  0.000000e+000  
0.000000e+000  0.000000e+000  0.000000e+000  0.000000e+000  0.000000e+000  0.000000e+000  0.000000e+000  0.000000e+000  0.000000e+000  0.000000e+000  0.000000e+000  0.000000e+000  0.000000e+000  0.000000e+000  0.000000e+000  0.000000e+000  0.000000e+000  0.000000e+000  0.000000e+000  0.000000e+000  0.000000e+000  0.000000e+000  0.000000e+000  0.000000e+000  
0.000000e+000  0.000000e+000  0.000000e+000  0.000000e+000  0.000000e+000  0.000000e+000  0.000000e+000  0.000000e+000  0.000000e+000  0.000000e+000  0.000000e+000  0.000000e+000  0.000000e+000  0.000000e+000  0.000000e+000  0.000000e+000  0.000000e+000  0.000000e+000  0.000000e+000  0.000000e+000  0.000000e+000  0.000000e+000  0.000000e+000  0.000000e+000  
0.000000e+000  0.000000e+000  0.000000e+000  0.000000e+000  0.000000e+000  0.000000e+000  0.000000e+000  0.000000e+000  0.000000e+000  0.000000e+000  0.000000e+000  0.000000e+000  0.000000e+000  0.000000e+000  0.000000e+000  0.000000e+000  0.000000e+000  0.000000e+000  0.000000e+000  0.000000e+000  0.000000e+000  0.000000e+000  0.000000e+000  0.000000e+000  
0.000000e+000  0.000000e+000  0.000000e+000  0.000000e+000  0.000000e+000  0.000000e+000  0.000000e+000  0.000000e+000  0.000000e+000  0.000000e+000  0.000000e+000  0.000000e+000  0.000000e+000  0.000000e+000  0.000000e+000  0.000000e+000  0.000000e+000  0.000000e+000  0.000000e+000  0.000000e+000  0.000000e+000  0.000000e+000  0.000000e+000  0.000000e+000  

0.000000e+000  0.000000e+000  0.000000e+000  0.000000e+000  0.000000e+000  0.000000e+000  0.000000e+000  0.000000e+000  0.000000e+000  0.000000e+000  0.000000e+000  0.000000e+000  0.000000e+000  0.000000e+000  0.000000e+000  0.000000e+000  0.000000e+000  0.000000e+000  0.000000e+000  0.000000e+000  0.000000e+000  0.000000e+000  0.000000e+000  0.000000e+000  
0.000000e+000  0.000000e+000  0.000000e+000  0.000000e+000  0.000000e+000  0.000000e+000  0.000000e+000  0.000000e+000  0.000000e+000  0.000000e+000  0.000000e+000  0.000000e+000  0.000000e+000  0.000000e+000  0.000000e+000  0.000000e+000  0.000000e+000  0.000000e+000  0.000000e+000  0.000000e+000  0.000000e+000  0.000000e+000  0.000000e+000  0.000000e+000  
0.000000e+000  0.000000e+000  0.000000e+000  0.000000e+000  0.000000e+000  0.000000e+000  0.000000e+000  0.000000e+000  0.000000e+000  0.000000e+000  0.000000e+000  0.000000e+000  0.000000e+000  0.000000e+000  0.000000e+000  0.000000e+000  0.000000e+000  0.000000e+000  0.000000e+000  0.000000e+000  0.000000e+000  0.000000e+000  0.000000e+000  0.000000e+000  
0.000000e+000  0.000000e+000  0.000000e+000  0.000000e+000  0.000000e+000  0.000000e+000  0.000000e+000  0.000000e+000  0.000000e+000  0.000000e+000  0.000000e+000  0.000000e+000  0.000000e+000  0.000000e+000  0.000000e+000  0.000000e+000  0.000000e+000  0.000000e+000  0.000000e+000  0.000000e+000  0.000000e+000  0.000000e+000  0.000000e+000  0.000000e+000  
0.000000e+000  0.000000e+000  0.000000e+000  0.000000e+000  0.000000e+000  0.000000e+000  0.000000e+000  0.000000e+000  0.000000e+000  0.000000e+000  0.000000e+000  0.000000e+000  0.000000e+000  0.000000e+000  0.000000e+000  0.000000e+000  0.000000e+000  0.000000e+000  0.000000e+000  0.000000e+000  0.000000e+000  0.000000e+000  0.000000e+000  0.000000e+000  
0.000000e+000  0.000000e+000  0.000000e+000  0.000000e+000  0.000000e+000  0.000000e+000  0.000000e+000  0.000000e+000  0.000000e+000  0.000000e+000  0.000000e+000  0.000000e+000  0.000000e+000  0.000000e+000  0.000000e+000  0.000000e+000  0.000000e+000  0.000000e+000  0.000000e+000  0.000000e+000  0.000000e+000  0.000000e+000  0.000000e+000  0.000000e+000  
0.000000e+000  0.000000e+000  0.000000e+000  0.000000e+000  0.000000e+000  0.000000e+000  0.000000e+000  0.000000e+000  0.000000e+000  0.000000e+000  0.000000e+000  0.000000e+000  0.000000e+000  0.000000e+000  0.000000e+000  0.000000e+000  0.000000e+000  0.000000e+000  0.000000e+000  0.000000e+000  0.000000e+000  0.000000e+000  0.000000e+000  0.000000e+000  
0.000000e+000  0.000000e+000  0.000000e+000  0.000000e+000  0.000000e+000  0.000000e+000  0.000000e+000  0.000000e+000  0.000000e+000  0.000000e+000  0.000000e+000  0.000000e+000  0.000000e+000  0.000000e+000  0.000000e+000  0.000000e+000  0.000000e+000  0.000000e+000  0.000000e+000  0.000000e+000  0.000000e+000  0.000000e+000  0.000000e+000  0.000000e+000  
0.000000e+000  0.000000e+000  0.000000e+000  0.000000e+000  0.000000e+000  0.000000e+000  0.000000e+000  0.000000e+000  0.000000e+000  0.000000e+000  0.000000e+000  0.000000e+000  0.000000e+000  0.000000e+000  0.000000e+000  0.000000e+000  0.000000e+000  0.000000e+000  0.000000e+000  0.000000e+000  0.000000e+000  0.000000e+000  0.000000e+000  0.000000e+000  
0.000000e+000  0.000000e+000  0.000000e+000  0.000000e+000  0.000000e+000  0.000000e+000  0.000000e+000  0.000000e+000  0.000000e+000  0.000000e+000  0.000000e+000  0.000000e+000  0.000000e+000  0.000000e+000  0.000000e+000  0.000000e+000  0.000000e+000  0.000000e+000  0.000000e+000  0.000000e+000  0.000000e+000  0.000000e+000  0.000000e+000  0.000000e+000  
0.000000e+000  0.000000e+000  0.000000e+000  0.000000e+000  0.000000e+000  0.000000e+000  0.000000e+000  0.000000e+000  0.000000e+000  0.000000e+000  0.000000e+000  0.000000e+000  0.000000e+000  0.000000e+000  0.000000e+000  0.000000e+000  0.000000e+000  0.000000e+000  0.000000e+000  0.000000e+000  0.000000e+000  0.000000e+000  0.000000e+000  0.000000e+000  
0.000000e+000  0.000000e+000  0.000000e+000  0.000000e+000  0.000000e+000  0.000000e+000  0.000000e+000  0.000000e+000  0.000000e+000  0.000000e+000  0.000000e+000  0.000000e+000  0.000000e+000  0.000000e+000  0.000000e+000  0.000000e+000  0.000000e+000  0.000000e+000  0.000000e+000  0.000000e+000  0.000000e+000  0.000000e+000  0.000000e+000  0.000000e+000  

0.000000e+000  0.000000e+000  0.000000e+000  0.000000e+000  0.000000e+000  0.000000e+000  0.000000e+000  0.000000e+000  0.000000e+000  0.000000e+000  0.000000e+000  0.000000e+000  0.000000e+000  0.000000e+000  0.000000e+000  0.000000e+000  0.000000e+000  0.000000e+000  0.000000e+000  0.000000e+000  0.000000e+000  0.000000e+000  0.000000e+000  0.000000e+000  
0.000000e+000  0.000000e+000  0.000000e+000  0.000000e+000  0.000000e+000  0.000000e+000  0.000000e+000  0.000000e+000  0.000000e+000  0.000000e+000  0.000000e+000  0.000000e+000  0.000000e+000  0.000000e+000  0.000000e+000  0.000000e+000  0.000000e+000  0.000000e+000  0.000000e+000  0.000000e+000  0.000000e+000  0.000000e+000  0.000000e+000  0.000000e+000  
0.000000e+000  0.000000e+000  0.000000e+000  0.000000e+000  0.000000e+000  0.000000e+000  0.000000e+000  0.000000e+000  0.000000e+000  0.000000e+000  0.000000e+000  0.000000e+000  0.000000e+000  0.000000e+000  0.000000e+000  0.000000e+000  0.000000e+000  0.000000e+000  0.000000e+000  0.000000e+000  0.000000e+000  0.000000e+000  0.000000e+000  0.000000e+000  
0.000000e+000  0.000000e+000  0.000000e+000  0.000000e+000  0.000000e+000  0.000000e+000  0.000000e+000  0.000000e+000  0.000000e+000  0.000000e+000  0.000000e+000  0.000000e+000  0.000000e+000  0.000000e+000  0.000000e+000  0.000000e+000  0.000000e+000  0.000000e+000  0.000000e+000  0.000000e+000  0.000000e+000  0.000000e+000  0.000000e+000  0.000000e+000  
0.000000e+000  0.000000e+000  0.000000e+000  0.000000e+000  0.000000e+000  0.000000e+000  0.000000e+000  0.000000e+000  0.000000e+000  0.000000e+000  0.000000e+000  0.000000e+000  0.000000e+000  0.000000e+000  0.000000e+000  0.000000e+000  0.000000e+000  0.000000e+000  0.000000e+000  0.000000e+000  0.000000e+000  0.000000e+000  0.000000e+000  0.000000e+000  
0.000000e+000  0.000000e+000  0.000000e+000  0.000000e+000  0.000000e+000  0.000000e+000  0.000000e+000  0.000000e+000  0.000000e+000  0.000000e+000  0.000000e+000  0.000000e+000  0.000000e+000  0.000000e+000  0.000000e+000  0.000000e+000  0.000000e+000  0.000000e+000  0.000000e+000  0.000000e+000  0.000000e+000  0.000000e+000  0.000000e+000  0.000000e+000  
0.000000e+000  0.000000e+000  0.000000e+000  0.000000e+000  0.000000e+000  0.000000e+000  0.000000e+000  0.000000e+000  0.000000e+000  0.000000e+000  0.000000e+000  0.000000e+000  0.000000e+000  0.000000e+000  0.000000e+000  0.000000e+000  0.000000e+000  0.000000e+000  0.000000e+000  0.000000e+000  0.000000e+000  0.000000e+000  0.000000e+000  0.000000e+000  
0.000000e+000  0.000000e+000  0.000000e+000  0.000000e+000  0.000000e+000  0.000000e+000  0.000000e+000  0.000000e+000  0.000000e+000  0.000000e+000  0.000000e+000  0.000000e+000  0.000000e+000  0.000000e+000  0.000000e+000  0.000000e+000  0.000000e+000  0.000000e+000  0.000000e+000  0.000000e+000  0.000000e+000  0.000000e+000  0.000000e+000  0.000000e+000  
0.000000e+000  0.000000e+000  0.000000e+000  0.000000e+000  0.000000e+000  0.000000e+000  0.000000e+000  0.000000e+000  0.000000e+000  0.000000e+000  0.000000e+000  0.000000e+000  0.000000e+000  0.000000e+000  0.000000e+000  0.000000e+000  0.000000e+000  0.000000e+000  0.000000e+000  0.000000e+000  0.000000e+000  0.000000e+000  0.000000e+000  0.000000e+000  
0.000000e+000  0.000000e+000  0.000000e+000  0.000000e+000  0.000000e+000  0.000000e+000  0.000000e+000  0.000000e+000  0.000000e+000  0.000000e+000  0.000000e+000  0.000000e+000  0.000000e+000  0.000000e+000  0.000000e+000  0.000000e+000  0.000000e+000  0.000000e+000  0.000000e+000  0.000000e+000  0.000000e+000  0.000000e+000  0.000000e+000  0.000000e+000  
0.000000e+000  0.000000e+000  0.000000e+000  0.000000e+000  0.000000e+000  0.000000e+000  0.000000e+000  0.000000e+000  0.000000e+000  0.000000e+000  0.000000e+000  0.000000e+000  0.000000e+000  0.000000e+000  0.000000e+000  0.000000e+000  0.000000e+000  0.000000e+000  0.000000e+000  0.000000e+000  0.000000e+000  0.000000e+000  0.000000e+000  0.000000e+000  
0.000000e+000  0.000000e+000  0.000000e+000  0.000000e+000  0.000000e+000  0.000000e+000  0.000000e+000  0.000000e+000  0.000000e+000  0.000000e+000  0.000000e+000  0.000000e+000  0.000000e+000  0.000000e+000  0.000000e+000  0.000000e+000  0.000000e+000  0.000000e+000  0.000000e+000  0.000000e+000  0.000000e+000  0.000000e+000  0.000000e+000  0.000000e+000  

-8.172542e-002  -2.680339e-001  -4.673483e-001  -6.803754e-001  -8.383918e-001  -9.160991e-001  -9.445283e-001  -8.815220e-001  -7.665376e-001  -6.195431e-001  -3.202101e-001  9.374534e-003  3.388989e-001  6.378978e-001  8.159460e-001  9.024255e-001  9.521416e-001  9.199985e-001  8.401384e-001  6.803989e-001  4.669379e-001  2.677050e-001  8.161667e-002  -0.000000e+000  
-8.079430e-002  -2.651203e-001  -4.633469e-001  -6.794103e-001  -8.517445e-001  -9.476410e-001  -1.006335e+000  -9.745322e-001  -8.536208e-001  -6.814381e-001  -3.431268e-001  9.414801e-003  3.620132e-001  7.007473e-001  9.129358e-001  9.918880e-001  1.013057e+000  9.505210e-001  8.527907e-001  6.791718e-001  4.628676e-001  2.647780e-001  8.068393e-002  -0.000000e+000  
-7.892823e-002  -2.592106e-001  -4.547975e-001  -6.752264e-001  -8.724345e-001  -1.002837e+000  -1.127904e+000  -1.192831e+000  -1.089277e+000  -8.064530e-001  -3.767043e-001  9.405890e-003  3.954968e-001  8.250882e-001  1.169578e+000  1.196001e+000  1.131365e+000  1.003387e+000  8.721093e-001  6.745194e-001  4.541996e-001  2.588462e-001  7.881546e-002  -0.000000e+000  
-7.625016e-002  -2.501023e-001  -4.380574e-001  -6.506217e-001  -8.463449e-001  -9.819872e-001  -1.126274e+000  -1.240029e+000  -1.188775e+000  -7.770103e-001  -3.388681e-001  -5.963453e-004  3.366857e-001  7.692323e-001  1.253367e+000  1.230841e+000  1.126888e+000  9.812411e-001  8.453848e-001  6.497418e-001  4.374368e-001  2.497448e-001  7.614122e-002  -0.000000e+000  
-7.341553e-002  -2.399650e-001  -4.168484e-001  -6.102279e-001  -7.756365e-001  -8.806014e-001  -9.724051e-001  -9.975412e-001  -8.853687e-001  -6.632501e-001  -3.122062e-001  -3.306525e-004  3.112607e-001  6.624133e-001  9.463719e-001  1.001281e+000  9.743496e-001  8.806252e-001  7.751233e-001  6.095478e-001  4.163153e-001  2.396446e-001  7.331635e-002  -0.000000e+000  
-6.881066e-002  -2.236039e-001  -3.831102e-001  -5.474716e-001  -6.697631e-001  -7.344169e-001  -7.676149e-001  -7.299783e-001  -6.331495e-001  -5.031475e-001  -2.547268e-001  1.964975e-004  2.554577e-001  5.056477e-001  6.690792e-001  7.392351e-001  7.696456e-001  7.350603e-001  6.697525e-001  5.470601e-001  3.827039e-001  2.233391e-001  6.872635e-002  -0.000000e+000  
-6.200232e-002  -1.997795e-001  -3.356664e-001  -4.643520e-001  -5.425667e-001  -5.737426e-001  -5.721693e-001  -5.192494e-001  -4.470236e-001  -3.583807e-001  -1.865736e-001  4.910341e-004  1.878096e-001  3.604211e-001  4.693547e-001  5.287276e-001  5.735452e-001  5.744569e-001  5.428107e-001  4.641784e-001  3.354009e-001  1.995835e-001  6.193716e-002  -0.000000e+000  
-5.001217e-002  -1.585139e-001  -2.565272e-001  -3.342064e-001  -3.618968e-001  -3.628104e-001  -3.413229e-001  -2.952090e-001  -2.505756e-001  -1.987735e-001  -1.038084e-001  4.718548e-004  1.047786e-001  1.997814e-001  2.629085e-001  3.027071e-001  3.420065e-001  3.633152e-001  3.622078e-001  3.342582e-001  2.564409e-001  1.584170e-001  4.997598e-002  -0.000000e+000  
-3.409700e-002  -1.061078e-001  -1.651060e-001  -2.033397e-001  -2.075223e-001  -2.002641e-001  -1.814873e-001  -1.523967e-001  -1.277746e-001  -1.000343e-001  -5.178510e-002  2.723950e-004  5.231988e-002  1.005331e-001  1.343201e-001  1.570592e-001  1.818545e-001  2.005679e-001  2.077503e-001  2.034482e-001  1.651170e-001  1.060834e-001  3.408465e-002  -0.000000e+000  
-1.916342e-002  -5.873072e-002  -8.856233e-002  -1.046120e-001  -1.027057e-001  -9.674045e-002  -8.569727e-002  -7.068498e-002  -5.878449e-002  -4.559875e-002  -2.342976e-002  1.304789e-004  2.368463e-002  4.583533e-002  6.190000e-002  7.309065e-002  8.588693e-002  9.690453e-002  1.028398e-001  1.046965e-001  8.859559e-002  5.873564e-002  1.916244e-002  -0.000000e+000  
-6.005026e-003  -1.825725e-002  -2.709390e-002  -3.135921e-002  -3.025246e-002  -2.818710e-002  -2.471986e-002  -2.022963e-002  -1.676261e-002  -1.294813e-002  -6.629702e-003  3.796769e-005  6.704010e-003  1.301768e-002  1.766595e-002  2.095051e-002  2.477817e-002  2.823849e-002  3.029583e-002  3.138912e-002  2.710848e-002  1.826188e-002  6.005745e-003  -0.000000e+000  
-0.000000e+000  -0.000000e+000  -0.000000e+000  -0.000000e+000  -0.000000e+000  -0.000000e+000  -0.000000e+000  -0.000000e+000  -0.000000e+000  -0.000000e+000  -0.000000e+000  -0.000000e+000  -0.000000e+000  -0.000000e+000  -0.000000e+000  -0.000000e+000  -0.000000e+000  -0.000000e+000  -0.000000e+000  -0.000000e+000  -0.000000e+000  -0.000000e+000  -0.000000e+000  -0.000000e+000  

