Port monitor named: Port1_e1.prt

nx        = 61
ny        = 86
nz        = 30

nu        = 24
nv        = 12
iu        = 32
iv        = 10

idir      = 0
dcut      = 2.950000e-002
icut      = 55
type      = 0
frequency = 2.400000e+009

fcutoff   = 0.000000e+000
alpha     = 0.000000e+000
beta      = 9.309122e+001
accuracy  = 5.172549e-014

type          = QTEM
wave imp.     = 2.434040e+002
wave imp.sig. = 0.000000e+000
line imp.     = 4.999053e+001

ref. port     = 0

0.000000e+000  0.000000e+000  0.000000e+000  0.000000e+000  0.000000e+000  0.000000e+000  0.000000e+000  0.000000e+000  0.000000e+000  0.000000e+000  0.000000e+000  0.000000e+000  0.000000e+000  0.000000e+000  0.000000e+000  0.000000e+000  0.000000e+000  0.000000e+000  0.000000e+000  0.000000e+000  0.000000e+000  0.000000e+000  0.000000e+000  0.000000e+000  
-2.248887e+000  -1.020840e+001  -3.220399e+001  -9.582247e+001  -2.453319e+002  -4.112997e+002  -6.682545e+002  -9.168839e+002  -8.480231e+002  -6.306126e+002  -2.361438e+002  9.055627e-001  2.393855e+002  6.409837e+002  9.300216e+002  8.852959e+002  6.609272e+002  4.040715e+002  2.405606e+002  9.400713e+001  3.165192e+001  1.005333e+001  2.217476e+000  0.000000e+000  
-4.180368e+000  -1.880934e+001  -5.854078e+001  -1.723709e+002  -4.434007e+002  -7.630572e+002  -1.330423e+003  -2.117922e+003  -2.166933e+003  -1.316075e+003  -3.518577e+002  7.174493e-001  3.539848e+002  1.320218e+003  2.355784e+003  1.994813e+003  1.305760e+003  7.470691e+002  4.342552e+002  1.691205e+002  5.755811e+001  1.853026e+001  4.123265e+000  0.000000e+000  
-5.539001e+000  -2.453237e+001  -7.442645e+001  -2.137774e+002  -5.435474e+002  -9.529340e+002  -1.813184e+003  -3.885231e+003  -8.117066e+003  0.000000e+000  0.000000e+000  0.000000e+000  0.000000e+000  0.000000e+000  6.130910e+003  3.385028e+003  1.751657e+003  9.293901e+002  5.320856e+002  2.098843e+002  7.323237e+001  2.418402e+001  5.466312e+000  0.000000e+000  
-9.741740e+000  -3.995004e+001  -1.075583e+002  -2.746750e+002  -6.294018e+002  -1.034326e+003  -1.777691e+003  -3.044364e+003  -3.857082e+003  -1.421806e+003  -3.316641e+002  -2.611068e+000  3.183966e+002  1.341778e+003  3.936577e+003  2.855668e+003  1.749063e+003  1.016556e+003  6.190764e+002  2.706350e+002  1.061759e+002  3.950477e+001  9.642769e+000  0.000000e+000  
-1.358265e+001  -5.367800e+001  -1.351665e+002  -3.185611e+002  -6.685158e+002  -1.029050e+003  -1.585918e+003  -2.203236e+003  -2.098760e+003  -1.328517e+003  -4.748729e+002  -3.117328e+000  4.644272e+002  1.308209e+003  2.323137e+003  2.144967e+003  1.579084e+003  1.017924e+003  6.602251e+002  3.146925e+002  1.336906e+002  5.316223e+001  1.346268e+001  0.000000e+000  
-1.999848e+001  -7.548486e+001  -1.733230e+002  -3.590543e+002  -6.386302e+002  -8.684481e+002  -1.125764e+003  -1.265705e+003  -1.128921e+003  -8.832484e+002  -4.156273e+002  -3.144242e-001  4.159339e+002  8.906704e+002  1.215923e+003  1.258936e+003  1.127964e+003  8.650732e+002  6.344442e+002  3.561140e+002  1.718989e+002  7.490424e+001  1.985278e+001  0.000000e+000  
-2.450771e+001  -8.947342e+001  -1.915931e+002  -3.578594e+002  -5.538957e+002  -6.815837e+002  -7.795588e+002  -7.792110e+002  -6.898316e+002  -5.654291e+002  -2.941046e+002  1.355854e+000  2.976875e+002  5.717679e+002  7.260948e+002  7.835827e+002  7.816259e+002  6.810378e+002  5.521620e+002  3.558822e+002  1.903742e+002  8.890261e+001  2.435519e+001  0.000000e+000  
-2.784487e+001  -9.478427e+001  -1.759605e+002  -2.707266e+002  -3.391653e+002  -3.685341e+002  -3.722412e+002  -3.389815e+002  -2.937083e+002  -2.380193e+002  -1.258608e+002  1.129684e+000  1.281632e+002  2.403400e+002  3.079696e+002  3.451686e+002  3.731611e+002  3.688267e+002  3.389664e+002  2.700737e+002  1.753460e+002  9.440870e+001  2.773078e+001  0.000000e+000  
-2.576071e+001  -8.336441e+001  -1.397761e+002  -1.881779e+002  -2.067635e+002  -2.081522e+002  -1.958090e+002  -1.690552e+002  -1.434644e+002  -1.138164e+002  -5.941078e+001  6.280680e-001  6.063129e+001  1.149177e+002  1.509065e+002  1.737150e+002  1.963903e+002  2.085065e+002  2.069048e+002  1.880478e+002  1.395373e+002  8.317337e+001  2.569565e+001  0.000000e+000  
-2.178078e+001  -6.775621e+001  -1.050744e+002  -1.282176e+002  -1.291202e+002  -1.234521e+002  -1.108118e+002  -9.230253e+001  -7.708695e+001  -6.007036e+001  -3.090882e+001  3.536936e-001  3.159634e+001  6.069922e+001  8.138602e+001  9.551590e+001  1.112401e+002  1.237793e+002  1.293456e+002  1.282949e+002  1.050405e+002  6.769415e+001  2.175506e+001  0.000000e+000  
-2.010980e+001  -6.166586e+001  -9.294157e+001  -1.094201e+002  -1.068605e+002  -1.002774e+002  -8.848426e+001  -7.273136e+001  -6.037103e+001  -4.671439e+001  -2.389426e+001  2.836455e-001  2.444808e+001  4.722906e+001  6.384277e+001  7.547646e+001  8.886924e+001  1.005901e+002  1.070982e+002  1.095437e+002  9.296229e+001  6.164253e+001  2.009664e+001  0.000000e+000  

-7.620121e+001  -8.562105e+001  -1.253416e+002  -2.248318e+002  -5.025877e+002  -8.163510e+002  -1.336631e+003  -2.175566e+003  -3.174821e+003  -3.516935e+003  -4.245071e+003  -4.518691e+003  -4.517553e+003  -4.240023e+003  -3.499823e+003  -2.805886e+003  -2.144440e+003  -1.314493e+003  -8.031216e+002  -4.952486e+002  -2.224225e+002  -1.244421e+002  -8.521451e+001  -7.589575e+001  
-7.404355e+001  -8.244692e+001  -1.170729e+002  -2.005252e+002  -4.259093e+002  -6.812786e+002  -1.128167e+003  -1.960288e+003  -3.267381e+003  -3.798180e+003  -4.589735e+003  -4.725831e+003  -4.725945e+003  -4.590919e+003  -3.806280e+003  -2.744815e+003  -1.916817e+003  -1.106094e+003  -6.700242e+002  -4.200613e+002  -1.985810e+002  -1.163104e+002  -8.208098e+001  -7.376093e+001  
-6.995730e+001  -7.652068e+001  -1.020050e+002  -1.568528e+002  -2.866859e+002  -4.209902e+002  -6.679847e+002  -1.279278e+003  -3.200178e+003  -4.899712e+003  -5.432390e+003  -5.033948e+003  -5.034667e+003  -5.435338e+003  -4.905005e+003  -2.255696e+003  -1.218552e+003  -6.528846e+002  -4.152440e+002  -2.838130e+002  -1.557439e+002  -1.014856e+002  -7.622784e+001  -6.971635e+001  
-2.940478e+002  -3.171121e+002  -4.008486e+002  -5.551417e+002  -8.347616e+002  -1.013742e+003  -1.185528e+003  -1.128863e+003  3.018419e+002  4.092404e+003  2.870012e+003  2.187735e+003  2.182386e+003  2.837493e+003  3.953566e+003  -5.902178e+002  -1.204198e+003  -1.196078e+003  -1.012932e+003  -8.317253e+002  -5.527619e+002  -3.992978e+002  -3.160519e+002  -2.931210e+002  
-2.886574e+002  -3.098461e+002  -3.849153e+002  -5.148187e+002  -7.199651e+002  -8.060842e+002  -8.060320e+002  -4.398476e+002  9.937850e+002  2.108301e+003  2.270737e+003  2.006960e+003  2.006036e+003  2.274934e+003  2.221077e+003  3.300537e+002  -4.988220e+002  -8.220718e+002  -8.090425e+002  -7.189232e+002  -5.130544e+002  -3.835680e+002  -3.088573e+002  -2.877755e+002  
-2.780160e+002  -2.959340e+002  -3.565323e+002  -4.487463e+002  -5.502332e+002  -5.286725e+002  -3.791811e+002  6.482631e+001  8.620174e+002  1.167911e+003  1.567267e+003  1.618368e+003  1.620919e+003  1.579601e+003  1.205481e+003  5.590440e+002  4.317129e+001  -3.919193e+002  -5.337721e+002  -5.512919e+002  -4.478118e+002  -3.554966e+002  -2.950667e+002  -2.772149e+002  
-2.581464e+002  -2.711423e+002  -3.116780e+002  -3.597491e+002  -3.691192e+002  -2.920671e+002  -1.148349e+002  2.192860e+002  6.315189e+002  7.694024e+002  1.054459e+003  1.162918e+003  1.164441e+003  1.058975e+003  7.729554e+002  4.881891e+002  2.123514e+002  -1.218833e+002  -2.963221e+002  -3.709570e+002  -3.595128e+002  -3.110058e+002  -2.704516e+002  -2.574745e+002  
-2.180532e+002  -2.230285e+002  -2.332764e+002  -2.255910e+002  -1.545604e+002  -6.929603e+001  5.694284e+001  2.227303e+002  3.796957e+002  4.320636e+002  5.559459e+002  6.195863e+002  6.195044e+002  5.553815e+002  4.299634e+002  3.276907e+002  2.206450e+002  5.438729e+001  -7.149609e+001  -1.561170e+002  -2.259360e+002  -2.330712e+002  -2.226215e+002  -2.176069e+002  
-1.548292e+002  -1.536507e+002  -1.448099e+002  -1.159896e+002  -4.578070e+001  6.976315e+000  7.148223e+001  1.428993e+002  2.030936e+002  2.228320e+002  2.695597e+002  2.945784e+002  2.943882e+002  2.689588e+002  2.217671e+002  1.835990e+002  1.420071e+002  7.045326e+001  5.976626e+000  -4.663587e+001  -1.163641e+002  -1.448409e+002  -1.534889e+002  -1.546164e+002  
-8.976437e+001  -8.689089e+001  -7.513704e+001  -5.127738e+001  -8.805109e+000  1.666557e+001  4.463086e+001  7.282779e+001  9.509395e+001  1.022348e+002  1.187929e+002  1.275819e+002  1.274963e+002  1.185409e+002  1.018355e+002  8.800173e+001  7.246530e+001  4.421801e+001  1.624534e+001  -9.194888e+000  -5.150876e+001  -7.521316e+001  -8.685543e+001  -8.969494e+001  
-2.858907e+001  -2.732238e+001  -2.259844e+001  -1.415679e+001  -8.047583e-001  6.488027e+000  1.411940e+001  2.150043e+001  2.715551e+001  2.894637e+001  3.304356e+001  3.519725e+001  3.517543e+001  3.298013e+001  2.884747e+001  2.537091e+001  2.140508e+001  1.400987e+001  6.374130e+000  -9.139009e-001  -1.423024e+001  -2.263038e+001  -2.732071e+001  -2.857653e+001  
0.000000e+000  0.000000e+000  0.000000e+000  0.000000e+000  0.000000e+000  0.000000e+000  0.000000e+000  0.000000e+000  0.000000e+000  0.000000e+000  0.000000e+000  0.000000e+000  0.000000e+000  0.000000e+000  0.000000e+000  0.000000e+000  0.000000e+000  0.000000e+000  0.000000e+000  0.000000e+000  0.000000e+000  0.000000e+000  0.000000e+000  0.000000e+000  

0.000000e+000  0.000000e+000  0.000000e+000  0.000000e+000  0.000000e+000  0.000000e+000  0.000000e+000  0.000000e+000  0.000000e+000  0.000000e+000  0.000000e+000  0.000000e+000  0.000000e+000  0.000000e+000  0.000000e+000  0.000000e+000  0.000000e+000  0.000000e+000  0.000000e+000  0.000000e+000  0.000000e+000  0.000000e+000  0.000000e+000  0.000000e+000  
0.000000e+000  0.000000e+000  0.000000e+000  0.000000e+000  0.000000e+000  0.000000e+000  0.000000e+000  0.000000e+000  0.000000e+000  0.000000e+000  0.000000e+000  0.000000e+000  0.000000e+000  0.000000e+000  0.000000e+000  0.000000e+000  0.000000e+000  0.000000e+000  0.000000e+000  0.000000e+000  0.000000e+000  0.000000e+000  0.000000e+000  0.000000e+000  
0.000000e+000  0.000000e+000  0.000000e+000  0.000000e+000  0.000000e+000  0.000000e+000  0.000000e+000  0.000000e+000  0.000000e+000  0.000000e+000  0.000000e+000  0.000000e+000  0.000000e+000  0.000000e+000  0.000000e+000  0.000000e+000  0.000000e+000  0.000000e+000  0.000000e+000  0.000000e+000  0.000000e+000  0.000000e+000  0.000000e+000  0.000000e+000  
0.000000e+000  0.000000e+000  0.000000e+000  0.000000e+000  0.000000e+000  0.000000e+000  0.000000e+000  0.000000e+000  0.000000e+000  0.000000e+000  0.000000e+000  0.000000e+000  0.000000e+000  0.000000e+000  0.000000e+000  0.000000e+000  0.000000e+000  0.000000e+000  0.000000e+000  0.000000e+000  0.000000e+000  0.000000e+000  0.000000e+000  0.000000e+000  
0.000000e+000  0.000000e+000  0.000000e+000  0.000000e+000  0.000000e+000  0.000000e+000  0.000000e+000  0.000000e+000  0.000000e+000  0.000000e+000  0.000000e+000  0.000000e+000  0.000000e+000  0.000000e+000  0.000000e+000  0.000000e+000  0.000000e+000  0.000000e+000  0.000000e+000  0.000000e+000  0.000000e+000  0.000000e+000  0.000000e+000  0.000000e+000  
0.000000e+000  0.000000e+000  0.000000e+000  0.000000e+000  0.000000e+000  0.000000e+000  0.000000e+000  0.000000e+000  0.000000e+000  0.000000e+000  0.000000e+000  0.000000e+000  0.000000e+000  0.000000e+000  0.000000e+000  0.000000e+000  0.000000e+000  0.000000e+000  0.000000e+000  0.000000e+000  0.000000e+000  0.000000e+000  0.000000e+000  0.000000e+000  
0.000000e+000  0.000000e+000  0.000000e+000  0.000000e+000  0.000000e+000  0.000000e+000  0.000000e+000  0.000000e+000  0.000000e+000  0.000000e+000  0.000000e+000  0.000000e+000  0.000000e+000  0.000000e+000  0.000000e+000  0.000000e+000  0.000000e+000  0.000000e+000  0.000000e+000  0.000000e+000  0.000000e+000  0.000000e+000  0.000000e+000  0.000000e+000  
0.000000e+000  0.000000e+000  0.000000e+000  0.000000e+000  0.000000e+000  0.000000e+000  0.000000e+000  0.000000e+000  0.000000e+000  0.000000e+000  0.000000e+000  0.000000e+000  0.000000e+000  0.000000e+000  0.000000e+000  0.000000e+000  0.000000e+000  0.000000e+000  0.000000e+000  0.000000e+000  0.000000e+000  0.000000e+000  0.000000e+000  0.000000e+000  
0.000000e+000  0.000000e+000  0.000000e+000  0.000000e+000  0.000000e+000  0.000000e+000  0.000000e+000  0.000000e+000  0.000000e+000  0.000000e+000  0.000000e+000  0.000000e+000  0.000000e+000  0.000000e+000  0.000000e+000  0.000000e+000  0.000000e+000  0.000000e+000  0.000000e+000  0.000000e+000  0.000000e+000  0.000000e+000  0.000000e+000  0.000000e+000  
0.000000e+000  0.000000e+000  0.000000e+000  0.000000e+000  0.000000e+000  0.000000e+000  0.000000e+000  0.000000e+000  0.000000e+000  0.000000e+000  0.000000e+000  0.000000e+000  0.000000e+000  0.000000e+000  0.000000e+000  0.000000e+000  0.000000e+000  0.000000e+000  0.000000e+000  0.000000e+000  0.000000e+000  0.000000e+000  0.000000e+000  0.000000e+000  
0.000000e+000  0.000000e+000  0.000000e+000  0.000000e+000  0.000000e+000  0.000000e+000  0.000000e+000  0.000000e+000  0.000000e+000  0.000000e+000  0.000000e+000  0.000000e+000  0.000000e+000  0.000000e+000  0.000000e+000  0.000000e+000  0.000000e+000  0.000000e+000  0.000000e+000  0.000000e+000  0.000000e+000  0.000000e+000  0.000000e+000  0.000000e+000  
0.000000e+000  0.000000e+000  0.000000e+000  0.000000e+000  0.000000e+000  0.000000e+000  0.000000e+000  0.000000e+000  0.000000e+000  0.000000e+000  0.000000e+000  0.000000e+000  0.000000e+000  0.000000e+000  0.000000e+000  0.000000e+000  0.000000e+000  0.000000e+000  0.000000e+000  0.000000e+000  0.000000e+000  0.000000e+000  0.000000e+000  0.000000e+000  

0.000000e+000  0.000000e+000  0.000000e+000  0.000000e+000  0.000000e+000  0.000000e+000  0.000000e+000  0.000000e+000  0.000000e+000  0.000000e+000  0.000000e+000  0.000000e+000  0.000000e+000  0.000000e+000  0.000000e+000  0.000000e+000  0.000000e+000  0.000000e+000  0.000000e+000  0.000000e+000  0.000000e+000  0.000000e+000  0.000000e+000  0.000000e+000  
0.000000e+000  0.000000e+000  0.000000e+000  0.000000e+000  0.000000e+000  0.000000e+000  0.000000e+000  0.000000e+000  0.000000e+000  0.000000e+000  0.000000e+000  0.000000e+000  0.000000e+000  0.000000e+000  0.000000e+000  0.000000e+000  0.000000e+000  0.000000e+000  0.000000e+000  0.000000e+000  0.000000e+000  0.000000e+000  0.000000e+000  0.000000e+000  
0.000000e+000  0.000000e+000  0.000000e+000  0.000000e+000  0.000000e+000  0.000000e+000  0.000000e+000  0.000000e+000  0.000000e+000  0.000000e+000  0.000000e+000  0.000000e+000  0.000000e+000  0.000000e+000  0.000000e+000  0.000000e+000  0.000000e+000  0.000000e+000  0.000000e+000  0.000000e+000  0.000000e+000  0.000000e+000  0.000000e+000  0.000000e+000  
0.000000e+000  0.000000e+000  0.000000e+000  0.000000e+000  0.000000e+000  0.000000e+000  0.000000e+000  0.000000e+000  0.000000e+000  0.000000e+000  0.000000e+000  0.000000e+000  0.000000e+000  0.000000e+000  0.000000e+000  0.000000e+000  0.000000e+000  0.000000e+000  0.000000e+000  0.000000e+000  0.000000e+000  0.000000e+000  0.000000e+000  0.000000e+000  
0.000000e+000  0.000000e+000  0.000000e+000  0.000000e+000  0.000000e+000  0.000000e+000  0.000000e+000  0.000000e+000  0.000000e+000  0.000000e+000  0.000000e+000  0.000000e+000  0.000000e+000  0.000000e+000  0.000000e+000  0.000000e+000  0.000000e+000  0.000000e+000  0.000000e+000  0.000000e+000  0.000000e+000  0.000000e+000  0.000000e+000  0.000000e+000  
0.000000e+000  0.000000e+000  0.000000e+000  0.000000e+000  0.000000e+000  0.000000e+000  0.000000e+000  0.000000e+000  0.000000e+000  0.000000e+000  0.000000e+000  0.000000e+000  0.000000e+000  0.000000e+000  0.000000e+000  0.000000e+000  0.000000e+000  0.000000e+000  0.000000e+000  0.000000e+000  0.000000e+000  0.000000e+000  0.000000e+000  0.000000e+000  
0.000000e+000  0.000000e+000  0.000000e+000  0.000000e+000  0.000000e+000  0.000000e+000  0.000000e+000  0.000000e+000  0.000000e+000  0.000000e+000  0.000000e+000  0.000000e+000  0.000000e+000  0.000000e+000  0.000000e+000  0.000000e+000  0.000000e+000  0.000000e+000  0.000000e+000  0.000000e+000  0.000000e+000  0.000000e+000  0.000000e+000  0.000000e+000  
0.000000e+000  0.000000e+000  0.000000e+000  0.000000e+000  0.000000e+000  0.000000e+000  0.000000e+000  0.000000e+000  0.000000e+000  0.000000e+000  0.000000e+000  0.000000e+000  0.000000e+000  0.000000e+000  0.000000e+000  0.000000e+000  0.000000e+000  0.000000e+000  0.000000e+000  0.000000e+000  0.000000e+000  0.000000e+000  0.000000e+000  0.000000e+000  
0.000000e+000  0.000000e+000  0.000000e+000  0.000000e+000  0.000000e+000  0.000000e+000  0.000000e+000  0.000000e+000  0.000000e+000  0.000000e+000  0.000000e+000  0.000000e+000  0.000000e+000  0.000000e+000  0.000000e+000  0.000000e+000  0.000000e+000  0.000000e+000  0.000000e+000  0.000000e+000  0.000000e+000  0.000000e+000  0.000000e+000  0.000000e+000  
0.000000e+000  0.000000e+000  0.000000e+000  0.000000e+000  0.000000e+000  0.000000e+000  0.000000e+000  0.000000e+000  0.000000e+000  0.000000e+000  0.000000e+000  0.000000e+000  0.000000e+000  0.000000e+000  0.000000e+000  0.000000e+000  0.000000e+000  0.000000e+000  0.000000e+000  0.000000e+000  0.000000e+000  0.000000e+000  0.000000e+000  0.000000e+000  
0.000000e+000  0.000000e+000  0.000000e+000  0.000000e+000  0.000000e+000  0.000000e+000  0.000000e+000  0.000000e+000  0.000000e+000  0.000000e+000  0.000000e+000  0.000000e+000  0.000000e+000  0.000000e+000  0.000000e+000  0.000000e+000  0.000000e+000  0.000000e+000  0.000000e+000  0.000000e+000  0.000000e+000  0.000000e+000  0.000000e+000  0.000000e+000  
0.000000e+000  0.000000e+000  0.000000e+000  0.000000e+000  0.000000e+000  0.000000e+000  0.000000e+000  0.000000e+000  0.000000e+000  0.000000e+000  0.000000e+000  0.000000e+000  0.000000e+000  0.000000e+000  0.000000e+000  0.000000e+000  0.000000e+000  0.000000e+000  0.000000e+000  0.000000e+000  0.000000e+000  0.000000e+000  0.000000e+000  0.000000e+000  

0.000000e+000  0.000000e+000  0.000000e+000  0.000000e+000  0.000000e+000  0.000000e+000  0.000000e+000  0.000000e+000  0.000000e+000  0.000000e+000  0.000000e+000  0.000000e+000  0.000000e+000  0.000000e+000  0.000000e+000  0.000000e+000  0.000000e+000  0.000000e+000  0.000000e+000  0.000000e+000  0.000000e+000  0.000000e+000  0.000000e+000  0.000000e+000  
0.000000e+000  0.000000e+000  0.000000e+000  0.000000e+000  0.000000e+000  0.000000e+000  0.000000e+000  0.000000e+000  0.000000e+000  0.000000e+000  0.000000e+000  0.000000e+000  0.000000e+000  0.000000e+000  0.000000e+000  0.000000e+000  0.000000e+000  0.000000e+000  0.000000e+000  0.000000e+000  0.000000e+000  0.000000e+000  0.000000e+000  0.000000e+000  
0.000000e+000  0.000000e+000  0.000000e+000  0.000000e+000  0.000000e+000  0.000000e+000  0.000000e+000  0.000000e+000  0.000000e+000  0.000000e+000  0.000000e+000  0.000000e+000  0.000000e+000  0.000000e+000  0.000000e+000  0.000000e+000  0.000000e+000  0.000000e+000  0.000000e+000  0.000000e+000  0.000000e+000  0.000000e+000  0.000000e+000  0.000000e+000  
0.000000e+000  0.000000e+000  0.000000e+000  0.000000e+000  0.000000e+000  0.000000e+000  0.000000e+000  0.000000e+000  0.000000e+000  0.000000e+000  0.000000e+000  0.000000e+000  0.000000e+000  0.000000e+000  0.000000e+000  0.000000e+000  0.000000e+000  0.000000e+000  0.000000e+000  0.000000e+000  0.000000e+000  0.000000e+000  0.000000e+000  0.000000e+000  
0.000000e+000  0.000000e+000  0.000000e+000  0.000000e+000  0.000000e+000  0.000000e+000  0.000000e+000  0.000000e+000  0.000000e+000  0.000000e+000  0.000000e+000  0.000000e+000  0.000000e+000  0.000000e+000  0.000000e+000  0.000000e+000  0.000000e+000  0.000000e+000  0.000000e+000  0.000000e+000  0.000000e+000  0.000000e+000  0.000000e+000  0.000000e+000  
0.000000e+000  0.000000e+000  0.000000e+000  0.000000e+000  0.000000e+000  0.000000e+000  0.000000e+000  0.000000e+000  0.000000e+000  0.000000e+000  0.000000e+000  0.000000e+000  0.000000e+000  0.000000e+000  0.000000e+000  0.000000e+000  0.000000e+000  0.000000e+000  0.000000e+000  0.000000e+000  0.000000e+000  0.000000e+000  0.000000e+000  0.000000e+000  
0.000000e+000  0.000000e+000  0.000000e+000  0.000000e+000  0.000000e+000  0.000000e+000  0.000000e+000  0.000000e+000  0.000000e+000  0.000000e+000  0.000000e+000  0.000000e+000  0.000000e+000  0.000000e+000  0.000000e+000  0.000000e+000  0.000000e+000  0.000000e+000  0.000000e+000  0.000000e+000  0.000000e+000  0.000000e+000  0.000000e+000  0.000000e+000  
0.000000e+000  0.000000e+000  0.000000e+000  0.000000e+000  0.000000e+000  0.000000e+000  0.000000e+000  0.000000e+000  0.000000e+000  0.000000e+000  0.000000e+000  0.000000e+000  0.000000e+000  0.000000e+000  0.000000e+000  0.000000e+000  0.000000e+000  0.000000e+000  0.000000e+000  0.000000e+000  0.000000e+000  0.000000e+000  0.000000e+000  0.000000e+000  
0.000000e+000  0.000000e+000  0.000000e+000  0.000000e+000  0.000000e+000  0.000000e+000  0.000000e+000  0.000000e+000  0.000000e+000  0.000000e+000  0.000000e+000  0.000000e+000  0.000000e+000  0.000000e+000  0.000000e+000  0.000000e+000  0.000000e+000  0.000000e+000  0.000000e+000  0.000000e+000  0.000000e+000  0.000000e+000  0.000000e+000  0.000000e+000  
0.000000e+000  0.000000e+000  0.000000e+000  0.000000e+000  0.000000e+000  0.000000e+000  0.000000e+000  0.000000e+000  0.000000e+000  0.000000e+000  0.000000e+000  0.000000e+000  0.000000e+000  0.000000e+000  0.000000e+000  0.000000e+000  0.000000e+000  0.000000e+000  0.000000e+000  0.000000e+000  0.000000e+000  0.000000e+000  0.000000e+000  0.000000e+000  
0.000000e+000  0.000000e+000  0.000000e+000  0.000000e+000  0.000000e+000  0.000000e+000  0.000000e+000  0.000000e+000  0.000000e+000  0.000000e+000  0.000000e+000  0.000000e+000  0.000000e+000  0.000000e+000  0.000000e+000  0.000000e+000  0.000000e+000  0.000000e+000  0.000000e+000  0.000000e+000  0.000000e+000  0.000000e+000  0.000000e+000  0.000000e+000  
0.000000e+000  0.000000e+000  0.000000e+000  0.000000e+000  0.000000e+000  0.000000e+000  0.000000e+000  0.000000e+000  0.000000e+000  0.000000e+000  0.000000e+000  0.000000e+000  0.000000e+000  0.000000e+000  0.000000e+000  0.000000e+000  0.000000e+000  0.000000e+000  0.000000e+000  0.000000e+000  0.000000e+000  0.000000e+000  0.000000e+000  0.000000e+000  

0.000000e+000  0.000000e+000  0.000000e+000  0.000000e+000  0.000000e+000  0.000000e+000  0.000000e+000  0.000000e+000  0.000000e+000  0.000000e+000  0.000000e+000  0.000000e+000  0.000000e+000  0.000000e+000  0.000000e+000  0.000000e+000  0.000000e+000  0.000000e+000  0.000000e+000  0.000000e+000  0.000000e+000  0.000000e+000  0.000000e+000  0.000000e+000  
-1.262766e+001  -1.331151e+001  -1.558286e+001  -1.895943e+001  -2.295746e+001  -2.363613e+001  -2.246500e+001  -1.789957e+001  -1.063404e+001  -8.059025e+000  -3.249105e+000  -1.508713e+000  -1.504299e+000  -3.241329e+000  -8.115551e+000  -1.356384e+001  -1.831884e+001  -2.278053e+001  -2.381377e+001  -2.303715e+001  -1.895988e+001  -1.556520e+001  -1.329172e+001  -1.260814e+001  
-2.509428e+001  -2.645124e+001  -3.097971e+001  -3.782286e+001  -4.636809e+001  -4.846295e+001  -4.712783e+001  -3.841183e+001  -2.086983e+001  -1.322050e+001  -4.150783e+000  -1.690036e+000  -1.677035e+000  -4.083536e+000  -1.293322e+001  -2.838530e+001  -3.948070e+001  -4.778092e+001  -4.879208e+001  -4.650219e+001  -3.781548e+001  -3.094232e+001  -2.641143e+001  -2.505531e+001  
-3.724133e+001  -3.924792e+001  -4.599168e+001  -5.643211e+001  -7.048597e+001  -7.549473e+001  -7.657083e+001  -6.684129e+001  -3.498558e+001  0.000000e+000  0.000000e+000  0.000000e+000  0.000000e+000  0.000000e+000  0.000000e+000  -5.114515e+001  -6.900053e+001  -7.750127e+001  -7.589113e+001  -7.062112e+001  -5.640178e+001  -4.593109e+001  -3.918776e+001  -3.718313e+001  
-3.796142e+001  -3.981865e+001  -4.593560e+001  -5.494501e+001  -6.585407e+001  -6.849798e+001  -6.690582e+001  -5.600017e+001  -3.237357e+001  -2.079312e+001  -9.294224e+000  -6.658194e+000  -6.658092e+000  -9.251725e+000  -2.030252e+001  -4.280569e+001  -5.748767e+001  -6.775805e+001  -6.893330e+001  -6.604698e+001  -5.495180e+001  -4.589560e+001  -3.977026e+001  -3.791271e+001  
-3.853986e+001  -4.023987e+001  -4.572358e+001  -5.338932e+001  -6.163901e+001  -6.263547e+001  -5.968374e+001  -4.965659e+001  -3.356572e+001  -2.765958e+001  -1.707769e+001  -1.335725e+001  -1.336980e+001  -1.711005e+001  -2.774973e+001  -4.014605e+001  -5.063077e+001  -6.040195e+001  -6.306497e+001  -6.186434e+001  -5.342575e+001  -4.570218e+001  -4.020289e+001  -3.850056e+001  
-3.931463e+001  -4.069278e+001  -4.495010e+001  -5.028118e+001  -5.466236e+001  -5.407970e+001  -5.082337e+001  -4.402994e+001  -3.579675e+001  -3.295856e+001  -2.644958e+001  -2.339236e+001  -2.343501e+001  -2.659726e+001  -3.330097e+001  -3.904549e+001  -4.454817e+001  -5.130017e+001  -5.443293e+001  -5.489570e+001  -5.035588e+001  -4.495923e+001  -4.067693e+001  -3.929348e+001  
-3.969599e+001  -4.077495e+001  -4.396187e+001  -4.749908e+001  -4.948683e+001  -4.841384e+001  -4.573587e+001  -4.143220e+001  -3.698524e+001  -3.545423e+001  -3.170952e+001  -2.973382e+001  -2.978282e+001  -3.186435e+001  -3.573436e+001  -3.873904e+001  -4.175163e+001  -4.605716e+001  -4.868787e+001  -4.969805e+001  -4.759224e+001  -4.399277e+001  -4.077698e+001  -3.969105e+001  
-3.945996e+001  -3.999738e+001  -4.144916e+001  -4.270691e+001  -4.282064e+001  -4.207316e+001  -4.082007e+001  -3.918561e+001  -3.768516e+001  -3.717797e+001  -3.594147e+001  -3.527286e+001  -3.529982e+001  -3.602111e+001  -3.730522e+001  -3.829797e+001  -3.933321e+001  -4.097838e+001  -4.222636e+001  -4.295868e+001  -4.279705e+001  -4.150238e+001  -4.002749e+001  -3.948344e+001  
-3.869512e+001  -3.892990e+001  -3.950658e+001  -3.986305e+001  -3.961648e+001  -3.921212e+001  -3.865191e+001  -3.800263e+001  -3.744774e+001  -3.726461e+001  -3.682804e+001  -3.659596e+001  -3.660959e+001  -3.686787e+001  -3.732739e+001  -3.769058e+001  -3.808105e+001  -3.874044e+001  -3.930440e+001  -3.970734e+001  -3.993822e+001  -3.956411e+001  -3.897350e+001  -3.873422e+001  
-3.784723e+001  -3.792528e+001  -3.808716e+001  -3.810716e+001  -3.786256e+001  -3.765822e+001  -3.741255e+001  -3.715309e+001  -3.694414e+001  -3.687688e+001  -3.672085e+001  -3.664056e+001  -3.664792e+001  -3.674247e+001  -3.691142e+001  -3.704827e+001  -3.719942e+001  -3.746718e+001  -3.771833e+001  -3.792553e+001  -3.816868e+001  -3.814278e+001  -3.797448e+001  -3.789409e+001  
-3.752681e+001  -3.756474e+001  -3.762611e+001  -3.757760e+001  -3.735613e+001  -3.720551e+001  -3.703609e+001  -3.686540e+001  -3.673223e+001  -3.668999e+001  -3.659359e+001  -3.654516e+001  -3.655097e+001  -3.661073e+001  -3.671759e+001  -3.680528e+001  -3.690351e+001  -3.708181e+001  -3.725684e+001  -3.741112e+001  -3.763453e+001  -3.768045e+001  -3.761506e+001  -3.757552e+001  

