Build version: 2016.1 Release from 2016-02-26 (change 422839)

Starting adaptive port meshing.

--------------------------------------------------------------------------------
Mode calculation for port 1:

--------------------------------------------------------------------------------

--------------------------------------------------------------------------------

--------------------------------------------------------------------------------
Using electric shielding for port 1.

--------------------------------------------------------------------------------
Port mode solver: Detected dispersive material(s) at port 1. 
Using a constant approximation of dispersive material(s) at 3 GHz and
neglecting loss terms. 

--------------------------------------------------------------------------------
  --------------------------------- F-Calc 3 ---------------------------------
  Port   Mode   Type        Z-Wave        Z-Wave-Sigma  Z-Line        F-Cutoff
  1      1      QTEM        188           0             42            ---
  ----------------------------------------------------------------------------

*** Warning ***

Some higher order propagating modes at port 1 are not considered in time domain
calculation. This possibly leads to an inaccurate energy balance. Consider to
increase the number of modes or decrease the upper frequency limit. More...

--------------------------------------------------------------------------------
Pass 1 successfully completed. 

--------------------------------------------------------------------------------

--------------------------------------------------------------------------------
  --------------------------------- F-Calc 3 ---------------------------------
  Port   Mode   Type        Z-Wave        Z-Wave-Sigma  Z-Line        F-Cutoff
  1      1      QTEM        238           0             42.8          ---
  ----------------------------------------------------------------------------

Pass 2 successfully completed. Delta (Line Imp.): 2.072150%

--------------------------------------------------------------------------------

--------------------------------------------------------------------------------
  --------------------------------- F-Calc 3 ---------------------------------
  Port   Mode   Type        Z-Wave        Z-Wave-Sigma  Z-Line        F-Cutoff
  1      1      QTEM        255           0             43            ---
  ----------------------------------------------------------------------------

Pass 3 successfully completed. Delta (Line Imp.): 0.369372%

--------------------------------------------------------------------------------

--------------------------------------------------------------------------------
  --------------------------------- F-Calc 3 ---------------------------------
  Port   Mode   Type        Z-Wave        Z-Wave-Sigma  Z-Line        F-Cutoff
  1      1      QTEM        249           0             42.8          ---
  ----------------------------------------------------------------------------

Pass 4 successfully completed. Delta (Line Imp.): 0.434825%
Mode calculation for port 2:

--------------------------------------------------------------------------------

--------------------------------------------------------------------------------

--------------------------------------------------------------------------------
Using electric shielding for port 2.

--------------------------------------------------------------------------------
Port mode solver: Detected dispersive material(s) at port 2. 
Using a constant approximation of dispersive material(s) at 3 GHz and
neglecting loss terms. 

--------------------------------------------------------------------------------
  --------------------------------- F-Calc 3 ---------------------------------
  Port   Mode   Type        Z-Wave        Z-Wave-Sigma  Z-Line        F-Cutoff
  2      1      QTEM        188           0             41.8          ---
  ----------------------------------------------------------------------------

*** Warning ***

Some higher order propagating modes at port 2 are not considered in time domain
calculation. This possibly leads to an inaccurate energy balance. Consider to
increase the number of modes or decrease the upper frequency limit. More...

--------------------------------------------------------------------------------
Pass 1 successfully completed. 

--------------------------------------------------------------------------------

--------------------------------------------------------------------------------
  --------------------------------- F-Calc 3 ---------------------------------
  Port   Mode   Type        Z-Wave        Z-Wave-Sigma  Z-Line        F-Cutoff
  2      1      QTEM        227           11.9          42.6          ---
  ----------------------------------------------------------------------------

Pass 2 successfully completed. Delta (Line Imp.): 1.786598%

--------------------------------------------------------------------------------

--------------------------------------------------------------------------------
  --------------------------------- F-Calc 3 ---------------------------------
  Port   Mode   Type        Z-Wave        Z-Wave-Sigma  Z-Line        F-Cutoff
  2      1      QTEM        224           0             42.7          ---
  ----------------------------------------------------------------------------

Pass 3 successfully completed. Delta (Line Imp.): 0.390745%

--------------------------------------------------------------------------------

--------------------------------------------------------------------------------
  --------------------------------- F-Calc 3 ---------------------------------
  Port   Mode   Type        Z-Wave        Z-Wave-Sigma  Z-Line        F-Cutoff
  2      1      QTEM        420           18.3          42.8          ---
  ----------------------------------------------------------------------------

Pass 4 successfully completed. Delta (Line Imp.): 0.090433%
Adaptive port meshing finished. 

--------------------------------------------------------------------------------

Solver started at: 04:27 PM Wednesday, 22. March 2023

  Module:  Time Domain: S-Parameter (Win 64)
  Version: 2016.1 Release from 2016-02-26 (change 422839)


--------------------------------------------------------------------------------

--------------------------------------------------------------------------------
======================================================================
 Solver cycle: 1
======================================================================

Stimulation at port 1 (mode 1) 


--------------------------------------------------------------------------------
Units settings: 

  Dimensions: mm
  Frequency:  GHz
  Time:       ns

--------------------------------------------------------------------------------
Mesh statistics:

   Hexahedral mesh type: FPBA [accuracy enhancement is enabled]

   Parallelization type: domain decomposition
      Number of parallel working threads: 4
      Number of calculation domains used: 8

   Used point accuracy enhancement value: 67.00%.
   PBA fill limit: 90.23% (inverse)
   2023 Mar 22: 16:27:45: current system memory usage reached 80%
   2023 Mar 22: 16:27:44: current system memory usage reached 80%
   2023 Mar 22: 16:27:53: current system memory usage reached 80%


--------------------------------------------------------------------------------
Using electric shielding for port 1, 2.

--------------------------------------------------------------------------------
Port mode solver: Detected dispersive material(s) at port 1, 2. 
Using a constant approximation of dispersive material(s) at 3 GHz and
neglecting loss terms. 

--------------------------------------------------------------------------------
Boundary conditions: 

  YZsymmetry: none
  XZsymmetry: none
  XYsymmetry: none

  Xmin: expanded open, 4 Layer, depth 16.6603 mm
  Xmax: expanded open, 4 Layer, depth 17.4998 mm

  Ymin: expanded open, 4 Layer, depth 16.6603 mm
  Ymax: expanded open, 4 Layer, depth 17.4998 mm

  Zmin: expanded open, 4 Layer, depth 16.6607 mm
  Zmax: expanded open, 4 Layer, depth 16.6607 mm

  PML-Type: Convolution PML

--------------------------------------------------------------------------------
Frequency settings: 

  Fmin:         1.5
  Fmax:         4.5
  Nfsteps(lin): 1001

--------------------------------------------------------------------------------
Waveguide boundaries:

Port: 1

  --------------------------------- F-Calc 3 ---------------------------------
  Port   Mode   Type        Z-Wave        Z-Wave-Sigma  Z-Line        F-Cutoff
  1      1      QTEM        188           0             42.8          ---
  ----------------------------------------------------------------------------

Port: 2

  --------------------------------- F-Calc 3 ---------------------------------
  Port   Mode   Type        Z-Wave        Z-Wave-Sigma  Z-Line        F-Cutoff
  2      1      QTEM        188           0             42.8          ---
  ----------------------------------------------------------------------------

*** Warning ***

Some higher order propagating modes at port 1 are not considered in time domain
calculation. This possibly leads to an inaccurate energy balance. Consider to
increase the number of modes or decrease the upper frequency limit. More...

--------------------------------------------------------------------------------
*** Warning ***

Some higher order propagating modes at port 2 are not considered in time domain
calculation. This possibly leads to an inaccurate energy balance. Consider to
increase the number of modes or decrease the upper frequency limit. More...

--------------------------------------------------------------------------------
Field update statistics:

  Number of components in total: 	3504348
  Number of lossy metal components:	19171
  Number of disp. elements:		124803

Subcycling state:      Automatically deactivated

--------------------------------------------------------------------------------

--------------------------------------------------------------------------------
Broadband farfield monitor expansion origin: 
   x: 0
   y: 0
   z: 5.4095

--------------------------------------------------------------------------------
Broadband farfield monitor: Using order 10. (120 farfield modes.)

--------------------------------------------------------------------------------

--------------------------------------------------------------------------------
Steady state energy criterion met, solver finished successfully.

--------------------------------------------------------------------------------
Frequency domain results normalized to default signal.

--------------------------------------------------------------------------------

  ----------------------------------------------------------------------------
                      Peak memory used (kB)         Free physical memory (kB) 
                                                    At begin     Minimum      
  ----------------------------------------------------------------------------
  Matrices calc.      346412                        2110388      1807648      
  Solver run total    459792                        2150416      1698184      
  ----------------------------------------------------------------------------

--------------------------------------------------------------------------------
Solver Statistics:

  Hardware:
     Computer name:                 	LAPTOP-BK7GUF1N 

     Number of CPU threads:             4
     Hardware info:                  	Hardware acceleration not activated

  Number of mesh cells:             	571536
  Excitation duration:              	2.36969917e+000 ns 
  Calculation time for excitation:  	89     	s
  Number of calculated pulse widths:	1.55096 
  Steady state accuracy limit:      	-30	dB 
  Simulated number of time steps:   	7546   
  Maximum number of time steps:     	97307  
  Time step width:
     without subcycles:             	4.87055136e-004 ns
     used:                          	4.87055136e-004 ns

  Matrix calculation time:          	51     	s
  Solver setup time:                	7      	s
  Solver loop time:                 	136    	s
  Solver post processing time:      	2      	s
  Processing of broadband farfields:	11     	s
                                    	------------
  Total solver time:                	207    	s  ( = 0 h, 3 m, 27 s )

--------------------------------------------------------------------------------
======================================================================
 Solver cycle: 2
======================================================================

Stimulation at port 2 (mode 1) 


--------------------------------------------------------------------------------
Units settings: 

  Dimensions: mm
  Frequency:  GHz
  Time:       ns

--------------------------------------------------------------------------------
Boundary conditions: 

  YZsymmetry: none
  XZsymmetry: none
  XYsymmetry: none

  Xmin: expanded open, 4 Layer, depth 16.6603 mm
  Xmax: expanded open, 4 Layer, depth 17.4998 mm

  Ymin: expanded open, 4 Layer, depth 16.6603 mm
  Ymax: expanded open, 4 Layer, depth 17.4998 mm

  Zmin: expanded open, 4 Layer, depth 16.6607 mm
  Zmax: expanded open, 4 Layer, depth 16.6607 mm

  PML-Type: Convolution PML

--------------------------------------------------------------------------------
Frequency settings: 

  Fmin:         1.5
  Fmax:         4.5
  Nfsteps(lin): 1001

--------------------------------------------------------------------------------
Field update statistics:

  Number of components in total: 	3504348
  Number of lossy metal components:	19171
  Number of disp. elements:		124803

Subcycling state:      Automatically deactivated

--------------------------------------------------------------------------------
Broadband farfield monitor expansion origin: 
   x: 0
   y: 0
   z: 5.4095

--------------------------------------------------------------------------------
Broadband farfield monitor: Using order 10. (120 farfield modes.)

--------------------------------------------------------------------------------

--------------------------------------------------------------------------------
Steady state energy criterion met, solver finished successfully.

--------------------------------------------------------------------------------
Frequency domain results normalized to default signal.

--------------------------------------------------------------------------------

  ----------------------------------------------------------------------------
                      Peak memory used (kB)         Free physical memory (kB) 
                                                    At begin     Minimum      
  ----------------------------------------------------------------------------
  Matrices calc.      346412                        2110388      1807648      
  Solver run total    459792                        1924704      1313672      
  ----------------------------------------------------------------------------

--------------------------------------------------------------------------------
Solver Statistics:

  Hardware:
     Computer name:                 	LAPTOP-BK7GUF1N 

     Number of CPU threads:             4
     Hardware info:                  	Hardware acceleration not activated

  Number of mesh cells:             	571536
  Excitation duration:              	2.36969917e+000 ns 
  Calculation time for excitation:  	102    	s
  Number of calculated pulse widths:	2.12071 
  Steady state accuracy limit:      	-30	dB 
  Simulated number of time steps:   	10318  
  Maximum number of time steps:     	97307  
  Time step width:
     without subcycles:             	4.87055136e-004 ns
     used:                          	4.87055136e-004 ns

  Reloading matrices:               	1      	s
  Solver setup time:                	4      	s
  Solver loop time:                 	201    	s
  Solver post processing time:      	-8     	s
  Processing of broadband farfields:	22     	s
                                    	------------
  Total solver time:                	220    	s  ( = 0 h, 3 m, 40 s )

--------------------------------------------------------------------------------

  Adaptive port meshing time:       	106    	s  ( = 0 h, 1 m, 46 s )
  Total solver time (all cycles):   	429    	s  ( = 0 h, 7 m, 9 s )
                                    	------------
  Total simulation time:            	535    	s  ( = 0 h, 8 m, 55 s )

--------------------------------------------------------------------------------
Solver finished at: 04:34 PM Wednesday, 22. March 2023


--------------------------------------------------------------------------------
