Port monitor named: Port1_h1.prt

nx        = 127
ny        = 127
nz        = 37

nu        = 11
nv        = 53
iu        = 14
iv        = 43

idir      = 1
dcut      = -3.000000e-002
icut      = 14
type      = 1
frequency = 3.000000e+009

fcutoff   = 0.000000e+000
alpha     = 0.000000e+000
beta      = 1.107852e+002
accuracy  = 1.065209e-010

type          = QTEM
wave imp.     = 1.884154e+002
wave imp.sig. = 0.000000e+000
line imp.     = 4.281917e+001

ref. port     = 0

0.000000e+000  4.660355e-006  6.166564e-006  4.114321e-006  0.000000e+000  4.048890e-002  7.910155e-002  1.141251e-001  2.097954e-001  1.501978e-001  0.000000e+000  
0.000000e+000  5.870866e-006  7.863554e-006  5.215471e-006  0.000000e+000  4.109681e-002  8.026543e-002  1.157487e-001  2.119099e-001  1.512072e-001  0.000000e+000  
0.000000e+000  7.955312e-006  1.062433e-005  6.943652e-006  0.000000e+000  4.196409e-002  8.192528e-002  1.180623e-001  2.149014e-001  1.526290e-001  0.000000e+000  
0.000000e+000  1.262461e-005  1.679877e-005  1.114722e-005  0.000000e+000  4.378985e-002  8.541841e-002  1.229292e-001  2.211539e-001  1.555874e-001  0.000000e+000  
0.000000e+000  3.128768e-005  4.162595e-005  2.757630e-005  0.000000e+000  4.890183e-002  9.518448e-002  1.365031e-001  2.381034e-001  1.634593e-001  0.000000e+000  
0.000000e+000  7.354019e-005  9.790238e-005  6.488945e-005  0.000000e+000  5.600660e-002  1.087243e-001  1.552478e-001  2.604254e-001  1.735107e-001  0.000000e+000  
0.000000e+000  1.436755e-004  1.913366e-004  1.268215e-004  0.000000e+000  6.348268e-002  1.229317e-001  1.748309e-001  2.825542e-001  1.831449e-001  0.000000e+000  
0.000000e+000  2.505393e-004  3.337997e-004  2.214242e-004  0.000000e+000  7.142433e-002  1.379831e-001  1.954931e-001  3.048101e-001  1.925433e-001  0.000000e+000  
0.000000e+000  4.944674e-004  6.593418e-004  4.376973e-004  0.000000e+000  8.410294e-002  1.619324e-001  2.282129e-001  3.381745e-001  2.061505e-001  0.000000e+000  
0.000000e+000  1.200060e-003  1.603221e-003  1.066469e-003  0.000000e+000  1.056801e-001  2.024156e-001  2.830167e-001  3.887575e-001  2.254986e-001  0.000000e+000  
0.000000e+000  2.886813e-003  3.870240e-003  2.584743e-003  0.000000e+000  1.357961e-001  2.583236e-001  3.577283e-001  4.499193e-001  2.471612e-001  0.000000e+000  
0.000000e+000  1.078176e-002  1.457322e-002  9.828255e-003  0.000000e+000  2.195680e-001  4.111045e-001  5.579674e-001  5.922460e-001  2.931744e-001  0.000000e+000  
0.000000e+000  9.572412e-002  1.329634e-001  9.292450e-002  0.000000e+000  5.706968e-001  1.000399e+000  1.268247e+000  9.113501e-001  3.649346e-001  0.000000e+000  
0.000000e+000  5.609486e-001  8.349465e-001  6.465024e-001  0.000000e+000  1.564748e+000  2.270267e+000  2.433451e+000  1.155731e+000  3.855693e-001  0.000000e+000  
0.000000e+000  1.140299e+000  1.844050e+000  1.661208e+000  0.000000e+000  2.875923e+000  3.428083e+000  3.184542e+000  1.255577e+000  3.851665e-001  0.000000e+000  
0.000000e+000  2.214721e+000  4.100835e+000  4.982300e+000  0.000000e+000  6.358866e+000  5.334183e+000  4.004764e+000  1.307195e+000  3.707796e-001  0.000000e+000  
0.000000e+000  3.495100e+000  7.637614e+000  1.410843e+001  1.990093e+001  1.261085e+001  7.455605e+000  4.564318e+000  1.282047e+000  3.410490e-001  0.000000e+000  
0.000000e+000  3.702734e+000  8.206851e+000  1.550750e+001  2.812378e+001  1.392827e+001  7.691541e+000  4.478432e+000  1.170129e+000  2.973036e-001  0.000000e+000  
0.000000e+000  2.852295e+000  5.828430e+000  9.248393e+000  0.000000e+000  8.485208e+000  5.862908e+000  3.804939e+000  1.000143e+000  2.484142e-001  0.000000e+000  
0.000000e+000  1.999826e+000  3.657839e+000  4.191409e+000  0.000000e+000  4.588272e+000  4.182696e+000  3.071582e+000  8.277379e-001  2.030887e-001  0.000000e+000  
0.000000e+000  1.262136e+000  2.112011e+000  1.988475e+000  0.000000e+000  2.534630e+000  2.765553e+000  2.258469e+000  6.275530e-001  1.528635e-001  0.000000e+000  
0.000000e+000  7.027840e-001  1.107511e+000  9.297025e-001  0.000000e+000  1.331628e+000  1.622382e+000  1.427724e+000  4.074697e-001  9.889618e-002  0.000000e+000  
0.000000e+000  2.796446e-001  4.270420e-001  3.389967e-001  0.000000e+000  5.131079e-001  6.592626e-001  6.024026e-001  1.751036e-001  4.249020e-002  0.000000e+000  
0.000000e+000  -8.194101e-002  -1.224555e-001  -9.396940e-002  0.000000e+000  -1.698335e-001  -2.285673e-001  -2.173345e-001  -6.235878e-002  -1.496396e-002  0.000000e+000  
0.000000e+000  -4.630046e-001  -7.103380e-001  -5.683876e-001  0.000000e+000  -8.938341e-001  -1.142346e+000  -1.040356e+000  -2.979626e-001  -7.204068e-002  0.000000e+000  
0.000000e+000  -9.442103e-001  -1.514769e+000  -1.310445e+000  0.000000e+000  -1.856257e+000  -2.186113e+000  -1.872645e+000  -5.246483e-001  -1.273273e-001  0.000000e+000  
0.000000e+000  -1.593983e+000  -2.750201e+000  -2.738053e+000  0.000000e+000  -3.382433e+000  -3.468535e+000  -2.704540e+000  -7.349577e-001  -1.794738e-001  0.000000e+000  
0.000000e+000  -2.424320e+000  -4.635281e+000  -5.829126e+000  0.000000e+000  -6.125592e+000  -5.066750e+000  -3.494783e+000  -9.209844e-001  -2.272488e-001  0.000000e+000  
0.000000e+000  -3.090293e+000  -6.529642e+000  -1.148373e+001  0.000000e+000  -1.029747e+001  -6.451835e+000  -4.004277e+000  -1.039953e+000  -2.600032e-001  0.000000e+000  
0.000000e+000  -3.790024e+000  -8.516293e+000  -1.656513e+001  -2.837892e+001  -1.487908e+001  -7.963952e+000  -4.533632e+000  -1.173380e+000  -2.990584e-001  0.000000e+000  
0.000000e+000  -3.514539e+000  -7.646364e+000  -1.388449e+001  -2.480553e+001  -1.297006e+001  -7.540584e+000  -4.547474e+000  -1.261355e+000  -3.350755e-001  0.000000e+000  
0.000000e+000  -2.835388e+000  -5.760243e+000  -9.083942e+000  -3.216705e+001  -9.063377e+000  -6.303474e+000  -4.258742e+000  -1.292578e+000  -3.576035e-001  0.000000e+000  
0.000000e+000  -2.009636e+000  -3.649286e+000  -4.147065e+000  0.000000e+000  -5.075292e+000  -4.807598e+000  -3.787458e+000  -1.288675e+000  -3.734803e-001  0.000000e+000  
0.000000e+000  -1.313504e+000  -2.172805e+000  -2.017248e+000  0.000000e+000  -3.059496e+000  -3.592541e+000  -3.256773e+000  -1.257017e+000  -3.831451e-001  0.000000e+000  
0.000000e+000  -8.165264e-001  -1.260716e+000  -1.031306e+000  0.000000e+000  -1.976797e+000  -2.700268e+000  -2.743203e+000  -1.205189e+000  -3.872161e-001  0.000000e+000  
0.000000e+000  -4.918386e-001  -7.233177e-001  -5.466620e-001  0.000000e+000  -1.357336e+000  -2.060743e+000  -2.283382e+000  -1.139959e+000  -3.864151e-001  0.000000e+000  
0.000000e+000  -2.903711e-001  -4.129645e-001  -2.970698e-001  0.000000e+000  -9.798157e-001  -1.599887e+000  -1.889289e+000  -1.066874e+000  -3.815039e-001  0.000000e+000  
0.000000e+000  -1.692303e-001  -2.352862e-001  -1.641263e-001  0.000000e+000  -7.355676e-001  -1.262056e+000  -1.560001e+000  -9.902214e-001  -3.732370e-001  0.000000e+000  
0.000000e+000  -9.780954e-002  -1.339445e-001  -9.165733e-002  0.000000e+000  -5.689002e-001  -1.009371e+000  -1.288871e+000  -9.131677e-001  -3.623287e-001  0.000000e+000  
0.000000e+000  -5.622652e-002  -7.623117e-002  -5.154153e-002  0.000000e+000  -4.499756e-001  -8.167477e-001  -1.067425e+000  -8.379511e-001  -3.494325e-001  0.000000e+000  
0.000000e+000  -3.220958e-002  -4.338268e-002  -2.911144e-002  0.000000e+000  -3.620419e-001  -6.675079e-001  -8.872640e-001  -7.660800e-001  -3.351313e-001  0.000000e+000  
0.000000e+000  -1.840986e-002  -2.468951e-002  -1.648910e-002  0.000000e+000  -2.952235e-001  -5.503457e-001  -7.408696e-001  -6.985079e-001  -3.199328e-001  0.000000e+000  
0.000000e+000  -1.050737e-002  -1.405203e-002  -9.356602e-003  0.000000e+000  -2.434003e-001  -4.573952e-001  -6.218564e-001  -6.357790e-001  -3.042712e-001  0.000000e+000  
0.000000e+000  -5.991944e-003  -7.998786e-003  -5.315884e-003  0.000000e+000  -2.025932e-001  -3.830365e-001  -5.249577e-001  -5.781428e-001  -2.885110e-001  0.000000e+000  
0.000000e+000  -3.415866e-003  -4.554500e-003  -3.023232e-003  0.000000e+000  -1.700983e-001  -3.231572e-001  -4.459043e-001  -5.256436e-001  -2.729533e-001  0.000000e+000  
0.000000e+000  -1.948204e-003  -2.595733e-003  -1.721653e-003  0.000000e+000  -1.440084e-001  -2.746875e-001  -3.812713e-001  -4.781868e-001  -2.578430e-001  0.000000e+000  
0.000000e+000  -1.113852e-003  -1.483310e-003  -9.833517e-004  0.000000e+000  -1.229374e-001  -2.353007e-001  -3.283291e-001  -4.355893e-001  -2.433750e-001  0.000000e+000  
0.000000e+000  -6.419811e-004  -8.546302e-004  -5.664189e-004  0.000000e+000  -1.058540e-001  -2.032136e-001  -2.849102e-001  -3.976159e-001  -2.297025e-001  0.000000e+000  
0.000000e+000  -2.931075e-004  -3.901170e-004  -2.584866e-004  0.000000e+000  -8.744150e-002  -1.684915e-001  -2.376518e-001  -3.530120e-001  -2.127688e-001  0.000000e+000  
0.000000e+000  -1.196193e-004  -1.591836e-004  -1.054505e-004  0.000000e+000  -7.111333e-002  -1.375430e-001  -1.951944e-001  -3.083775e-001  -1.944755e-001  0.000000e+000  
0.000000e+000  -5.278823e-005  -7.023416e-005  -4.652122e-005  0.000000e+000  -5.965250e-002  -1.157254e-001  -1.650515e-001  -2.735625e-001  -1.792227e-001  0.000000e+000  
0.000000e+000  -5.919196e-006  -7.870866e-006  -5.211531e-006  0.000000e+000  -4.130654e-002  -8.065040e-002  -1.162453e-001  -2.118931e-001  -1.505001e-001  0.000000e+000  
0.000000e+000  0.000000e+000  0.000000e+000  0.000000e+000  0.000000e+000  0.000000e+000  0.000000e+000  0.000000e+000  0.000000e+000  0.000000e+000  0.000000e+000  

0.000000e+000  0.000000e+000  0.000000e+000  0.000000e+000  0.000000e+000  0.000000e+000  0.000000e+000  0.000000e+000  0.000000e+000  0.000000e+000  0.000000e+000  
-6.695548e-002  -6.695345e-002  -6.695094e-002  -6.694921e-002  -3.445939e-002  -3.333374e-002  -3.117853e-002  -2.292318e-002  -3.273734e-003  7.092568e-003  0.000000e+000  
-1.258731e-001  -1.258689e-001  -1.258635e-001  -1.258599e-001  -6.512006e-002  -6.297661e-002  -5.887432e-002  -4.317008e-002  -6.056529e-003  1.343209e-002  0.000000e+000  
-1.612052e-001  -1.611993e-001  -1.611915e-001  -1.611864e-001  -8.379598e-002  -8.101865e-002  -7.570497e-002  -5.537482e-002  -7.641786e-003  1.731702e-002  0.000000e+000  
-2.788512e-001  -2.788357e-001  -2.788157e-001  -2.788025e-001  -1.480098e-001  -1.429555e-001  -1.332995e-001  -9.644437e-002  -1.233519e-002  3.083018e-002  0.000000e+000  
-3.961643e-001  -3.961252e-001  -3.960750e-001  -3.960416e-001  -2.177040e-001  -2.098990e-001  -1.950245e-001  -1.384752e-001  -1.539772e-002  4.584436e-002  0.000000e+000  
-4.896915e-001  -4.896082e-001  -4.895009e-001  -4.894297e-001  -2.795367e-001  -2.689772e-001  -2.489100e-001  -1.729523e-001  -1.607946e-002  5.939215e-002  0.000000e+000  
-5.596244e-001  -5.594764e-001  -5.592854e-001  -5.591588e-001  -3.306941e-001  -3.176075e-001  -2.928052e-001  -1.993055e-001  -1.523675e-002  7.066003e-002  0.000000e+000  
-6.293759e-001  -6.291150e-001  -6.287782e-001  -6.285544e-001  -3.869206e-001  -3.707921e-001  -3.403260e-001  -2.260237e-001  -1.299769e-002  8.301017e-002  0.000000e+000  
-7.400078e-001  -7.393933e-001  -7.385982e-001  -7.380685e-001  -4.892015e-001  -4.668498e-001  -4.249132e-001  -2.690126e-001  -6.014948e-003  1.051544e-001  0.000000e+000  
-8.505673e-001  -8.490982e-001  -8.471885e-001  -8.459095e-001  -6.132466e-001  -5.820500e-001  -5.241355e-001  -3.116053e-001  6.396535e-003  1.308688e-001  0.000000e+000  
-9.620173e-001  -9.585089e-001  -9.539087e-001  -9.507953e-001  -7.675367e-001  -7.232605e-001  -6.425103e-001  -3.518775e-001  2.569968e-002  1.606056e-001  0.000000e+000  
-1.306686e+000  -1.281348e+000  -1.247191e+000  -1.223218e+000  -1.462556e+000  -1.337989e+000  -1.128926e+000  -4.369426e-001  1.313187e-001  2.725810e-001  0.000000e+000  
-1.914250e+000  -1.707505e+000  -1.405786e+000  -1.167856e+000  -3.171208e+000  -2.645861e+000  -1.974732e+000  -2.835826e-001  3.648458e-001  4.254766e-001  0.000000e+000  
-2.635336e+000  -2.130726e+000  -1.280671e+000  -4.259269e-001  -4.728043e+000  -3.369982e+000  -2.170720e+000  -3.418535e-002  4.851548e-001  4.830251e-001  0.000000e+000  
-3.997640e+000  -3.061795e+000  -1.160685e+000  1.636815e+000  -7.559884e+000  -3.952447e+000  -1.978125e+000  3.551315e-001  6.238470e-001  5.414242e-001  0.000000e+000  
-6.550172e+000  -5.393332e+000  -2.302984e+000  5.670250e+000  -9.736201e+000  -3.019938e+000  -7.408195e-001  9.103361e-001  7.752231e-001  5.983500e-001  0.000000e+000  
-1.023489e+001  -1.003956e+001  -9.521790e+000  -8.249474e+000  7.231751e-002  1.542900e+000  1.806499e+000  1.543963e+000  9.178101e-001  6.474089e-001  0.000000e+000  
-1.412431e+001  -1.507524e+001  -1.764772e+001  -2.441848e+001  1.431911e+001  7.077908e+000  4.645338e+000  2.185326e+000  1.050884e+000  6.904593e-001  0.000000e+000  
-1.615605e+001  -1.733664e+001  -2.024426e+001  -2.701896e+001  1.505893e+001  8.638929e+000  5.870994e+000  2.553662e+000  1.128724e+000  7.149047e-001  0.000000e+000  
-1.758469e+001  -1.860638e+001  -2.067716e+001  -2.362833e+001  1.224415e+001  8.860906e+000  6.526334e+000  2.848123e+000  1.193503e+000  7.349263e-001  0.000000e+000  
-1.848975e+001  -1.926447e+001  -2.061010e+001  -2.202848e+001  1.068501e+001  8.703161e+000  6.819927e+000  3.061904e+000  1.242762e+000  7.500029e-001  0.000000e+000  
-1.899545e+001  -1.958152e+001  -2.049308e+001  -2.128441e+001  9.864037e+000  8.515600e+000  6.928984e+000  3.195470e+000  1.274772e+000  7.597361e-001  0.000000e+000  
-1.919673e+001  -1.969755e+001  -2.043366e+001  -2.101368e+001  9.547245e+000  8.422167e+000  6.959581e+000  3.251314e+000  1.288477e+000  7.638662e-001  0.000000e+000  
-1.913651e+001  -1.966432e+001  -2.045186e+001  -2.108741e+001  9.652109e+000  8.459386e+000  6.954049e+000  3.230920e+000  1.283446e+000  7.622816e-001  0.000000e+000  
-1.880122e+001  -1.946773e+001  -2.054537e+001  -2.153947e+001  1.020363e+001  8.618114e+000  6.898627e+000  3.133578e+000  1.259836e+000  7.550224e-001  0.000000e+000  
-1.812102e+001  -1.902099e+001  -2.067602e+001  -2.258854e+001  1.134694e+001  8.832653e+000  6.720000e+000  2.956757e+000  1.218410e+000  7.422792e-001  0.000000e+000  
-1.697842e+001  -1.812845e+001  -2.065374e+001  -2.479480e+001  1.342506e+001  8.905836e+000  6.272939e+000  2.698167e+000  1.160586e+000  7.243859e-001  0.000000e+000  
-1.524776e+001  -1.644041e+001  -1.972185e+001  -2.951769e+001  1.717823e+001  8.290718e+000  5.340154e+000  2.359962e+000  1.088500e+000  7.018078e-001  0.000000e+000  
-1.404430e+001  -1.501327e+001  -1.767431e+001  -2.448139e+001  1.458031e+001  7.032375e+000  4.541392e+000  2.146980e+000  1.044280e+000  6.877284e-001  0.000000e+000  
-1.012496e+001  -9.813409e+000  -8.862222e+000  -5.932112e+000  -1.577588e+000  9.869634e-001  1.555884e+000  1.505358e+000  9.128467e-001  6.448362e-001  0.000000e+000  
-7.615317e+000  -6.674117e+000  -4.146251e+000  2.287054e+000  -8.706647e+000  -2.269922e+000  -2.315052e-001  1.075284e+000  8.175659e-001  6.119758e-001  0.000000e+000  
-5.577099e+000  -4.432926e+000  -1.604139e+000  5.010880e+000  -1.047869e+001  -3.908062e+000  -1.443387e+000  6.892553e-001  7.219488e-001  5.771099e-001  0.000000e+000  
-4.113657e+000  -3.149139e+000  -1.170638e+000  1.683179e+000  -7.357569e+000  -4.036395e+000  -2.034424e+000  3.669017e-001  6.290408e-001  5.409405e-001  0.000000e+000  
-3.135010e+000  -2.446445e+000  -1.224248e+000  9.686504e-002  -5.465563e+000  -3.681723e+000  -2.211577e+000  1.122565e-001  5.411304e-001  5.041205e-001  0.000000e+000  
-2.502364e+000  -2.052513e+000  -1.332404e+000  -6.830000e-001  -4.234862e+000  -3.214235e+000  -2.160521e+000  -7.991034e-002  4.597471e-001  4.672343e-001  0.000000e+000  
-2.095558e+000  -1.816430e+000  -1.400560e+000  -1.066114e+000  -3.383356e+000  -2.761344e+000  -2.002010e+000  -2.188172e-001  3.857635e-001  4.307878e-001  0.000000e+000  
-1.828637e+000  -1.660800e+000  -1.422713e+000  -1.244572e+000  -2.763548e+000  -2.361114e+000  -1.804478e+000  -3.145118e-001  3.195341e-001  3.952034e-001  0.000000e+000  
-1.645566e+000  -1.546615e+000  -1.410818e+000  -1.313711e+000  -2.294075e+000  -2.019464e+000  -1.603118e+000  -3.763048e-001  2.610320e-001  3.608218e-001  0.000000e+000  
-1.511670e+000  -1.454058e+000  -1.376723e+000  -1.322968e+000  -1.927495e+000  -1.731545e+000  -1.414159e+000  -4.121554e-001  2.099681e-001  3.279061e-001  0.000000e+000  
-1.406152e+000  -1.372877e+000  -1.328861e+000  -1.298805e+000  -1.634550e+000  -1.489662e+000  -1.243758e+000  -4.285561e-001  1.658852e-001  2.966493e-001  0.000000e+000  
-1.316780e+000  -1.297661e+000  -1.272613e+000  -1.255699e+000  -1.396210e+000  -1.286112e+000  -1.093061e+000  -4.306456e-001  1.282300e-001  2.671817e-001  0.000000e+000  
-1.236453e+000  -1.225504e+000  -1.211250e+000  -1.201693e+000  -1.199478e+000  -1.114087e+000  -9.609293e-001  -4.224075e-001  9.640530e-002  2.395792e-001  0.000000e+000  
-1.161084e+000  -1.154828e+000  -1.146716e+000  -1.141302e+000  -1.035103e+000  -9.678639e-001  -8.453396e-001  -4.068810e-001  6.980629e-002  2.138719e-001  0.000000e+000  
-1.088340e+000  -1.084771e+000  -1.080156e+000  -1.077083e+000  -8.962772e-001  -8.427337e-001  -7.440670e-001  -3.863545e-001  4.784459e-002  1.900512e-001  0.000000e+000  
-1.016899e+000  -1.014865e+000  -1.012241e+000  -1.010497e+000  -7.778487e-001  -7.348589e-001  -6.549920e-001  -3.625299e-001  2.996348e-002  1.680769e-001  0.000000e+000  
-9.460182e-001  -9.448622e-001  -9.433716e-001  -9.423823e-001  -6.758413e-001  -6.411209e-001  -5.762201e-001  -3.366564e-001  1.564643e-002  1.478835e-001  0.000000e+000  
-8.752878e-001  -8.746340e-001  -8.737916e-001  -8.732328e-001  -5.871318e-001  -5.589822e-001  -5.061093e-001  -3.096377e-001  4.420998e-003  1.293856e-001  0.000000e+000  
-8.044867e-001  -8.041225e-001  -8.036535e-001  -8.033425e-001  -5.092329e-001  -4.863706e-001  -4.432570e-001  -2.821157e-001  -4.140425e-003  1.124820e-001  0.000000e+000  
-6.869656e-001  -6.868203e-001  -6.866332e-001  -6.865092e-001  -3.997034e-001  -3.834378e-001  -3.526077e-001  -2.364614e-001  -1.329773e-002  8.777375e-002  0.000000e+000  
-5.687848e-001  -5.687288e-001  -5.686567e-001  -5.686090e-001  -3.073900e-001  -2.959730e-001  -2.742388e-001  -1.917793e-001  -1.771153e-002  6.655940e-002  0.000000e+000  
-4.499688e-001  -4.499522e-001  -4.499309e-001  -4.499168e-001  -2.272159e-001  -2.195153e-001  -2.047927e-001  -1.485353e-001  -1.861865e-002  4.824467e-002  0.000000e+000  
0.000000e+000  0.000000e+000  0.000000e+000  0.000000e+000  0.000000e+000  0.000000e+000  0.000000e+000  0.000000e+000  0.000000e+000  0.000000e+000  0.000000e+000  

0.000000e+000  0.000000e+000  0.000000e+000  0.000000e+000  0.000000e+000  0.000000e+000  0.000000e+000  0.000000e+000  0.000000e+000  0.000000e+000  0.000000e+000  
0.000000e+000  0.000000e+000  0.000000e+000  0.000000e+000  0.000000e+000  0.000000e+000  0.000000e+000  0.000000e+000  0.000000e+000  0.000000e+000  0.000000e+000  
0.000000e+000  0.000000e+000  0.000000e+000  0.000000e+000  0.000000e+000  0.000000e+000  0.000000e+000  0.000000e+000  0.000000e+000  0.000000e+000  0.000000e+000  
0.000000e+000  0.000000e+000  0.000000e+000  0.000000e+000  0.000000e+000  0.000000e+000  0.000000e+000  0.000000e+000  0.000000e+000  0.000000e+000  0.000000e+000  
0.000000e+000  0.000000e+000  0.000000e+000  0.000000e+000  0.000000e+000  0.000000e+000  0.000000e+000  0.000000e+000  0.000000e+000  0.000000e+000  0.000000e+000  
0.000000e+000  0.000000e+000  0.000000e+000  0.000000e+000  0.000000e+000  0.000000e+000  0.000000e+000  0.000000e+000  0.000000e+000  0.000000e+000  0.000000e+000  
0.000000e+000  0.000000e+000  0.000000e+000  0.000000e+000  0.000000e+000  0.000000e+000  0.000000e+000  0.000000e+000  0.000000e+000  0.000000e+000  0.000000e+000  
0.000000e+000  0.000000e+000  0.000000e+000  0.000000e+000  0.000000e+000  0.000000e+000  0.000000e+000  0.000000e+000  0.000000e+000  0.000000e+000  0.000000e+000  
0.000000e+000  0.000000e+000  0.000000e+000  0.000000e+000  0.000000e+000  0.000000e+000  0.000000e+000  0.000000e+000  0.000000e+000  0.000000e+000  0.000000e+000  
0.000000e+000  0.000000e+000  0.000000e+000  0.000000e+000  0.000000e+000  0.000000e+000  0.000000e+000  0.000000e+000  0.000000e+000  0.000000e+000  0.000000e+000  
0.000000e+000  0.000000e+000  0.000000e+000  0.000000e+000  0.000000e+000  0.000000e+000  0.000000e+000  0.000000e+000  0.000000e+000  0.000000e+000  0.000000e+000  
0.000000e+000  0.000000e+000  0.000000e+000  0.000000e+000  0.000000e+000  0.000000e+000  0.000000e+000  0.000000e+000  0.000000e+000  0.000000e+000  0.000000e+000  
0.000000e+000  0.000000e+000  0.000000e+000  0.000000e+000  0.000000e+000  0.000000e+000  0.000000e+000  0.000000e+000  0.000000e+000  0.000000e+000  0.000000e+000  
0.000000e+000  0.000000e+000  0.000000e+000  0.000000e+000  0.000000e+000  0.000000e+000  0.000000e+000  0.000000e+000  0.000000e+000  0.000000e+000  0.000000e+000  
0.000000e+000  0.000000e+000  0.000000e+000  0.000000e+000  0.000000e+000  0.000000e+000  0.000000e+000  0.000000e+000  0.000000e+000  0.000000e+000  0.000000e+000  
0.000000e+000  0.000000e+000  0.000000e+000  0.000000e+000  0.000000e+000  0.000000e+000  0.000000e+000  0.000000e+000  0.000000e+000  0.000000e+000  0.000000e+000  
0.000000e+000  0.000000e+000  0.000000e+000  0.000000e+000  0.000000e+000  0.000000e+000  0.000000e+000  0.000000e+000  0.000000e+000  0.000000e+000  0.000000e+000  
0.000000e+000  0.000000e+000  0.000000e+000  0.000000e+000  0.000000e+000  0.000000e+000  0.000000e+000  0.000000e+000  0.000000e+000  0.000000e+000  0.000000e+000  
0.000000e+000  0.000000e+000  0.000000e+000  0.000000e+000  0.000000e+000  0.000000e+000  0.000000e+000  0.000000e+000  0.000000e+000  0.000000e+000  0.000000e+000  
0.000000e+000  0.000000e+000  0.000000e+000  0.000000e+000  0.000000e+000  0.000000e+000  0.000000e+000  0.000000e+000  0.000000e+000  0.000000e+000  0.000000e+000  
0.000000e+000  0.000000e+000  0.000000e+000  0.000000e+000  0.000000e+000  0.000000e+000  0.000000e+000  0.000000e+000  0.000000e+000  0.000000e+000  0.000000e+000  
0.000000e+000  0.000000e+000  0.000000e+000  0.000000e+000  0.000000e+000  0.000000e+000  0.000000e+000  0.000000e+000  0.000000e+000  0.000000e+000  0.000000e+000  
0.000000e+000  0.000000e+000  0.000000e+000  0.000000e+000  0.000000e+000  0.000000e+000  0.000000e+000  0.000000e+000  0.000000e+000  0.000000e+000  0.000000e+000  
0.000000e+000  0.000000e+000  0.000000e+000  0.000000e+000  0.000000e+000  0.000000e+000  0.000000e+000  0.000000e+000  0.000000e+000  0.000000e+000  0.000000e+000  
0.000000e+000  0.000000e+000  0.000000e+000  0.000000e+000  0.000000e+000  0.000000e+000  0.000000e+000  0.000000e+000  0.000000e+000  0.000000e+000  0.000000e+000  
0.000000e+000  0.000000e+000  0.000000e+000  0.000000e+000  0.000000e+000  0.000000e+000  0.000000e+000  0.000000e+000  0.000000e+000  0.000000e+000  0.000000e+000  
0.000000e+000  0.000000e+000  0.000000e+000  0.000000e+000  0.000000e+000  0.000000e+000  0.000000e+000  0.000000e+000  0.000000e+000  0.000000e+000  0.000000e+000  
0.000000e+000  0.000000e+000  0.000000e+000  0.000000e+000  0.000000e+000  0.000000e+000  0.000000e+000  0.000000e+000  0.000000e+000  0.000000e+000  0.000000e+000  
0.000000e+000  0.000000e+000  0.000000e+000  0.000000e+000  0.000000e+000  0.000000e+000  0.000000e+000  0.000000e+000  0.000000e+000  0.000000e+000  0.000000e+000  
0.000000e+000  0.000000e+000  0.000000e+000  0.000000e+000  0.000000e+000  0.000000e+000  0.000000e+000  0.000000e+000  0.000000e+000  0.000000e+000  0.000000e+000  
0.000000e+000  0.000000e+000  0.000000e+000  0.000000e+000  0.000000e+000  0.000000e+000  0.000000e+000  0.000000e+000  0.000000e+000  0.000000e+000  0.000000e+000  
0.000000e+000  0.000000e+000  0.000000e+000  0.000000e+000  0.000000e+000  0.000000e+000  0.000000e+000  0.000000e+000  0.000000e+000  0.000000e+000  0.000000e+000  
0.000000e+000  0.000000e+000  0.000000e+000  0.000000e+000  0.000000e+000  0.000000e+000  0.000000e+000  0.000000e+000  0.000000e+000  0.000000e+000  0.000000e+000  
0.000000e+000  0.000000e+000  0.000000e+000  0.000000e+000  0.000000e+000  0.000000e+000  0.000000e+000  0.000000e+000  0.000000e+000  0.000000e+000  0.000000e+000  
0.000000e+000  0.000000e+000  0.000000e+000  0.000000e+000  0.000000e+000  0.000000e+000  0.000000e+000  0.000000e+000  0.000000e+000  0.000000e+000  0.000000e+000  
0.000000e+000  0.000000e+000  0.000000e+000  0.000000e+000  0.000000e+000  0.000000e+000  0.000000e+000  0.000000e+000  0.000000e+000  0.000000e+000  0.000000e+000  
0.000000e+000  0.000000e+000  0.000000e+000  0.000000e+000  0.000000e+000  0.000000e+000  0.000000e+000  0.000000e+000  0.000000e+000  0.000000e+000  0.000000e+000  
0.000000e+000  0.000000e+000  0.000000e+000  0.000000e+000  0.000000e+000  0.000000e+000  0.000000e+000  0.000000e+000  0.000000e+000  0.000000e+000  0.000000e+000  
0.000000e+000  0.000000e+000  0.000000e+000  0.000000e+000  0.000000e+000  0.000000e+000  0.000000e+000  0.000000e+000  0.000000e+000  0.000000e+000  0.000000e+000  
0.000000e+000  0.000000e+000  0.000000e+000  0.000000e+000  0.000000e+000  0.000000e+000  0.000000e+000  0.000000e+000  0.000000e+000  0.000000e+000  0.000000e+000  
0.000000e+000  0.000000e+000  0.000000e+000  0.000000e+000  0.000000e+000  0.000000e+000  0.000000e+000  0.000000e+000  0.000000e+000  0.000000e+000  0.000000e+000  
0.000000e+000  0.000000e+000  0.000000e+000  0.000000e+000  0.000000e+000  0.000000e+000  0.000000e+000  0.000000e+000  0.000000e+000  0.000000e+000  0.000000e+000  
0.000000e+000  0.000000e+000  0.000000e+000  0.000000e+000  0.000000e+000  0.000000e+000  0.000000e+000  0.000000e+000  0.000000e+000  0.000000e+000  0.000000e+000  
0.000000e+000  0.000000e+000  0.000000e+000  0.000000e+000  0.000000e+000  0.000000e+000  0.000000e+000  0.000000e+000  0.000000e+000  0.000000e+000  0.000000e+000  
0.000000e+000  0.000000e+000  0.000000e+000  0.000000e+000  0.000000e+000  0.000000e+000  0.000000e+000  0.000000e+000  0.000000e+000  0.000000e+000  0.000000e+000  
0.000000e+000  0.000000e+000  0.000000e+000  0.000000e+000  0.000000e+000  0.000000e+000  0.000000e+000  0.000000e+000  0.000000e+000  0.000000e+000  0.000000e+000  
0.000000e+000  0.000000e+000  0.000000e+000  0.000000e+000  0.000000e+000  0.000000e+000  0.000000e+000  0.000000e+000  0.000000e+000  0.000000e+000  0.000000e+000  
0.000000e+000  0.000000e+000  0.000000e+000  0.000000e+000  0.000000e+000  0.000000e+000  0.000000e+000  0.000000e+000  0.000000e+000  0.000000e+000  0.000000e+000  
0.000000e+000  0.000000e+000  0.000000e+000  0.000000e+000  0.000000e+000  0.000000e+000  0.000000e+000  0.000000e+000  0.000000e+000  0.000000e+000  0.000000e+000  
0.000000e+000  0.000000e+000  0.000000e+000  0.000000e+000  0.000000e+000  0.000000e+000  0.000000e+000  0.000000e+000  0.000000e+000  0.000000e+000  0.000000e+000  
0.000000e+000  0.000000e+000  0.000000e+000  0.000000e+000  0.000000e+000  0.000000e+000  0.000000e+000  0.000000e+000  0.000000e+000  0.000000e+000  0.000000e+000  
0.000000e+000  0.000000e+000  0.000000e+000  0.000000e+000  0.000000e+000  0.000000e+000  0.000000e+000  0.000000e+000  0.000000e+000  0.000000e+000  0.000000e+000  
0.000000e+000  0.000000e+000  0.000000e+000  0.000000e+000  0.000000e+000  0.000000e+000  0.000000e+000  0.000000e+000  0.000000e+000  0.000000e+000  0.000000e+000  

0.000000e+000  0.000000e+000  0.000000e+000  0.000000e+000  0.000000e+000  0.000000e+000  0.000000e+000  0.000000e+000  0.000000e+000  0.000000e+000  0.000000e+000  
0.000000e+000  0.000000e+000  0.000000e+000  0.000000e+000  0.000000e+000  0.000000e+000  0.000000e+000  0.000000e+000  0.000000e+000  0.000000e+000  0.000000e+000  
0.000000e+000  0.000000e+000  0.000000e+000  0.000000e+000  0.000000e+000  0.000000e+000  0.000000e+000  0.000000e+000  0.000000e+000  0.000000e+000  0.000000e+000  
0.000000e+000  0.000000e+000  0.000000e+000  0.000000e+000  0.000000e+000  0.000000e+000  0.000000e+000  0.000000e+000  0.000000e+000  0.000000e+000  0.000000e+000  
0.000000e+000  0.000000e+000  0.000000e+000  0.000000e+000  0.000000e+000  0.000000e+000  0.000000e+000  0.000000e+000  0.000000e+000  0.000000e+000  0.000000e+000  
0.000000e+000  0.000000e+000  0.000000e+000  0.000000e+000  0.000000e+000  0.000000e+000  0.000000e+000  0.000000e+000  0.000000e+000  0.000000e+000  0.000000e+000  
0.000000e+000  0.000000e+000  0.000000e+000  0.000000e+000  0.000000e+000  0.000000e+000  0.000000e+000  0.000000e+000  0.000000e+000  0.000000e+000  0.000000e+000  
0.000000e+000  0.000000e+000  0.000000e+000  0.000000e+000  0.000000e+000  0.000000e+000  0.000000e+000  0.000000e+000  0.000000e+000  0.000000e+000  0.000000e+000  
0.000000e+000  0.000000e+000  0.000000e+000  0.000000e+000  0.000000e+000  0.000000e+000  0.000000e+000  0.000000e+000  0.000000e+000  0.000000e+000  0.000000e+000  
0.000000e+000  0.000000e+000  0.000000e+000  0.000000e+000  0.000000e+000  0.000000e+000  0.000000e+000  0.000000e+000  0.000000e+000  0.000000e+000  0.000000e+000  
0.000000e+000  0.000000e+000  0.000000e+000  0.000000e+000  0.000000e+000  0.000000e+000  0.000000e+000  0.000000e+000  0.000000e+000  0.000000e+000  0.000000e+000  
0.000000e+000  0.000000e+000  0.000000e+000  0.000000e+000  0.000000e+000  0.000000e+000  0.000000e+000  0.000000e+000  0.000000e+000  0.000000e+000  0.000000e+000  
0.000000e+000  0.000000e+000  0.000000e+000  0.000000e+000  0.000000e+000  0.000000e+000  0.000000e+000  0.000000e+000  0.000000e+000  0.000000e+000  0.000000e+000  
0.000000e+000  0.000000e+000  0.000000e+000  0.000000e+000  0.000000e+000  0.000000e+000  0.000000e+000  0.000000e+000  0.000000e+000  0.000000e+000  0.000000e+000  
0.000000e+000  0.000000e+000  0.000000e+000  0.000000e+000  0.000000e+000  0.000000e+000  0.000000e+000  0.000000e+000  0.000000e+000  0.000000e+000  0.000000e+000  
0.000000e+000  0.000000e+000  0.000000e+000  0.000000e+000  0.000000e+000  0.000000e+000  0.000000e+000  0.000000e+000  0.000000e+000  0.000000e+000  0.000000e+000  
0.000000e+000  0.000000e+000  0.000000e+000  0.000000e+000  0.000000e+000  0.000000e+000  0.000000e+000  0.000000e+000  0.000000e+000  0.000000e+000  0.000000e+000  
0.000000e+000  0.000000e+000  0.000000e+000  0.000000e+000  0.000000e+000  0.000000e+000  0.000000e+000  0.000000e+000  0.000000e+000  0.000000e+000  0.000000e+000  
0.000000e+000  0.000000e+000  0.000000e+000  0.000000e+000  0.000000e+000  0.000000e+000  0.000000e+000  0.000000e+000  0.000000e+000  0.000000e+000  0.000000e+000  
0.000000e+000  0.000000e+000  0.000000e+000  0.000000e+000  0.000000e+000  0.000000e+000  0.000000e+000  0.000000e+000  0.000000e+000  0.000000e+000  0.000000e+000  
0.000000e+000  0.000000e+000  0.000000e+000  0.000000e+000  0.000000e+000  0.000000e+000  0.000000e+000  0.000000e+000  0.000000e+000  0.000000e+000  0.000000e+000  
0.000000e+000  0.000000e+000  0.000000e+000  0.000000e+000  0.000000e+000  0.000000e+000  0.000000e+000  0.000000e+000  0.000000e+000  0.000000e+000  0.000000e+000  
0.000000e+000  0.000000e+000  0.000000e+000  0.000000e+000  0.000000e+000  0.000000e+000  0.000000e+000  0.000000e+000  0.000000e+000  0.000000e+000  0.000000e+000  
0.000000e+000  0.000000e+000  0.000000e+000  0.000000e+000  0.000000e+000  0.000000e+000  0.000000e+000  0.000000e+000  0.000000e+000  0.000000e+000  0.000000e+000  
0.000000e+000  0.000000e+000  0.000000e+000  0.000000e+000  0.000000e+000  0.000000e+000  0.000000e+000  0.000000e+000  0.000000e+000  0.000000e+000  0.000000e+000  
0.000000e+000  0.000000e+000  0.000000e+000  0.000000e+000  0.000000e+000  0.000000e+000  0.000000e+000  0.000000e+000  0.000000e+000  0.000000e+000  0.000000e+000  
0.000000e+000  0.000000e+000  0.000000e+000  0.000000e+000  0.000000e+000  0.000000e+000  0.000000e+000  0.000000e+000  0.000000e+000  0.000000e+000  0.000000e+000  
0.000000e+000  0.000000e+000  0.000000e+000  0.000000e+000  0.000000e+000  0.000000e+000  0.000000e+000  0.000000e+000  0.000000e+000  0.000000e+000  0.000000e+000  
0.000000e+000  0.000000e+000  0.000000e+000  0.000000e+000  0.000000e+000  0.000000e+000  0.000000e+000  0.000000e+000  0.000000e+000  0.000000e+000  0.000000e+000  
0.000000e+000  0.000000e+000  0.000000e+000  0.000000e+000  0.000000e+000  0.000000e+000  0.000000e+000  0.000000e+000  0.000000e+000  0.000000e+000  0.000000e+000  
0.000000e+000  0.000000e+000  0.000000e+000  0.000000e+000  0.000000e+000  0.000000e+000  0.000000e+000  0.000000e+000  0.000000e+000  0.000000e+000  0.000000e+000  
0.000000e+000  0.000000e+000  0.000000e+000  0.000000e+000  0.000000e+000  0.000000e+000  0.000000e+000  0.000000e+000  0.000000e+000  0.000000e+000  0.000000e+000  
0.000000e+000  0.000000e+000  0.000000e+000  0.000000e+000  0.000000e+000  0.000000e+000  0.000000e+000  0.000000e+000  0.000000e+000  0.000000e+000  0.000000e+000  
0.000000e+000  0.000000e+000  0.000000e+000  0.000000e+000  0.000000e+000  0.000000e+000  0.000000e+000  0.000000e+000  0.000000e+000  0.000000e+000  0.000000e+000  
0.000000e+000  0.000000e+000  0.000000e+000  0.000000e+000  0.000000e+000  0.000000e+000  0.000000e+000  0.000000e+000  0.000000e+000  0.000000e+000  0.000000e+000  
0.000000e+000  0.000000e+000  0.000000e+000  0.000000e+000  0.000000e+000  0.000000e+000  0.000000e+000  0.000000e+000  0.000000e+000  0.000000e+000  0.000000e+000  
0.000000e+000  0.000000e+000  0.000000e+000  0.000000e+000  0.000000e+000  0.000000e+000  0.000000e+000  0.000000e+000  0.000000e+000  0.000000e+000  0.000000e+000  
0.000000e+000  0.000000e+000  0.000000e+000  0.000000e+000  0.000000e+000  0.000000e+000  0.000000e+000  0.000000e+000  0.000000e+000  0.000000e+000  0.000000e+000  
0.000000e+000  0.000000e+000  0.000000e+000  0.000000e+000  0.000000e+000  0.000000e+000  0.000000e+000  0.000000e+000  0.000000e+000  0.000000e+000  0.000000e+000  
0.000000e+000  0.000000e+000  0.000000e+000  0.000000e+000  0.000000e+000  0.000000e+000  0.000000e+000  0.000000e+000  0.000000e+000  0.000000e+000  0.000000e+000  
0.000000e+000  0.000000e+000  0.000000e+000  0.000000e+000  0.000000e+000  0.000000e+000  0.000000e+000  0.000000e+000  0.000000e+000  0.000000e+000  0.000000e+000  
0.000000e+000  0.000000e+000  0.000000e+000  0.000000e+000  0.000000e+000  0.000000e+000  0.000000e+000  0.000000e+000  0.000000e+000  0.000000e+000  0.000000e+000  
0.000000e+000  0.000000e+000  0.000000e+000  0.000000e+000  0.000000e+000  0.000000e+000  0.000000e+000  0.000000e+000  0.000000e+000  0.000000e+000  0.000000e+000  
0.000000e+000  0.000000e+000  0.000000e+000  0.000000e+000  0.000000e+000  0.000000e+000  0.000000e+000  0.000000e+000  0.000000e+000  0.000000e+000  0.000000e+000  
0.000000e+000  0.000000e+000  0.000000e+000  0.000000e+000  0.000000e+000  0.000000e+000  0.000000e+000  0.000000e+000  0.000000e+000  0.000000e+000  0.000000e+000  
0.000000e+000  0.000000e+000  0.000000e+000  0.000000e+000  0.000000e+000  0.000000e+000  0.000000e+000  0.000000e+000  0.000000e+000  0.000000e+000  0.000000e+000  
0.000000e+000  0.000000e+000  0.000000e+000  0.000000e+000  0.000000e+000  0.000000e+000  0.000000e+000  0.000000e+000  0.000000e+000  0.000000e+000  0.000000e+000  
0.000000e+000  0.000000e+000  0.000000e+000  0.000000e+000  0.000000e+000  0.000000e+000  0.000000e+000  0.000000e+000  0.000000e+000  0.000000e+000  0.000000e+000  
0.000000e+000  0.000000e+000  0.000000e+000  0.000000e+000  0.000000e+000  0.000000e+000  0.000000e+000  0.000000e+000  0.000000e+000  0.000000e+000  0.000000e+000  
0.000000e+000  0.000000e+000  0.000000e+000  0.000000e+000  0.000000e+000  0.000000e+000  0.000000e+000  0.000000e+000  0.000000e+000  0.000000e+000  0.000000e+000  
0.000000e+000  0.000000e+000  0.000000e+000  0.000000e+000  0.000000e+000  0.000000e+000  0.000000e+000  0.000000e+000  0.000000e+000  0.000000e+000  0.000000e+000  
0.000000e+000  0.000000e+000  0.000000e+000  0.000000e+000  0.000000e+000  0.000000e+000  0.000000e+000  0.000000e+000  0.000000e+000  0.000000e+000  0.000000e+000  
0.000000e+000  0.000000e+000  0.000000e+000  0.000000e+000  0.000000e+000  0.000000e+000  0.000000e+000  0.000000e+000  0.000000e+000  0.000000e+000  0.000000e+000  

0.000000e+000  0.000000e+000  0.000000e+000  0.000000e+000  0.000000e+000  0.000000e+000  0.000000e+000  0.000000e+000  0.000000e+000  0.000000e+000  0.000000e+000  
0.000000e+000  0.000000e+000  0.000000e+000  0.000000e+000  0.000000e+000  0.000000e+000  0.000000e+000  0.000000e+000  0.000000e+000  0.000000e+000  0.000000e+000  
0.000000e+000  0.000000e+000  0.000000e+000  0.000000e+000  0.000000e+000  0.000000e+000  0.000000e+000  0.000000e+000  0.000000e+000  0.000000e+000  0.000000e+000  
0.000000e+000  0.000000e+000  0.000000e+000  0.000000e+000  0.000000e+000  0.000000e+000  0.000000e+000  0.000000e+000  0.000000e+000  0.000000e+000  0.000000e+000  
0.000000e+000  0.000000e+000  0.000000e+000  0.000000e+000  0.000000e+000  0.000000e+000  0.000000e+000  0.000000e+000  0.000000e+000  0.000000e+000  0.000000e+000  
0.000000e+000  0.000000e+000  0.000000e+000  0.000000e+000  0.000000e+000  0.000000e+000  0.000000e+000  0.000000e+000  0.000000e+000  0.000000e+000  0.000000e+000  
0.000000e+000  0.000000e+000  0.000000e+000  0.000000e+000  0.000000e+000  0.000000e+000  0.000000e+000  0.000000e+000  0.000000e+000  0.000000e+000  0.000000e+000  
0.000000e+000  0.000000e+000  0.000000e+000  0.000000e+000  0.000000e+000  0.000000e+000  0.000000e+000  0.000000e+000  0.000000e+000  0.000000e+000  0.000000e+000  
0.000000e+000  0.000000e+000  0.000000e+000  0.000000e+000  0.000000e+000  0.000000e+000  0.000000e+000  0.000000e+000  0.000000e+000  0.000000e+000  0.000000e+000  
0.000000e+000  0.000000e+000  0.000000e+000  0.000000e+000  0.000000e+000  0.000000e+000  0.000000e+000  0.000000e+000  0.000000e+000  0.000000e+000  0.000000e+000  
0.000000e+000  0.000000e+000  0.000000e+000  0.000000e+000  0.000000e+000  0.000000e+000  0.000000e+000  0.000000e+000  0.000000e+000  0.000000e+000  0.000000e+000  
0.000000e+000  0.000000e+000  0.000000e+000  0.000000e+000  0.000000e+000  0.000000e+000  0.000000e+000  0.000000e+000  0.000000e+000  0.000000e+000  0.000000e+000  
0.000000e+000  0.000000e+000  0.000000e+000  0.000000e+000  0.000000e+000  0.000000e+000  0.000000e+000  0.000000e+000  0.000000e+000  0.000000e+000  0.000000e+000  
0.000000e+000  0.000000e+000  0.000000e+000  0.000000e+000  0.000000e+000  0.000000e+000  0.000000e+000  0.000000e+000  0.000000e+000  0.000000e+000  0.000000e+000  
0.000000e+000  0.000000e+000  0.000000e+000  0.000000e+000  0.000000e+000  0.000000e+000  0.000000e+000  0.000000e+000  0.000000e+000  0.000000e+000  0.000000e+000  
0.000000e+000  0.000000e+000  0.000000e+000  0.000000e+000  0.000000e+000  0.000000e+000  0.000000e+000  0.000000e+000  0.000000e+000  0.000000e+000  0.000000e+000  
0.000000e+000  0.000000e+000  0.000000e+000  0.000000e+000  0.000000e+000  0.000000e+000  0.000000e+000  0.000000e+000  0.000000e+000  0.000000e+000  0.000000e+000  
0.000000e+000  0.000000e+000  0.000000e+000  0.000000e+000  0.000000e+000  0.000000e+000  0.000000e+000  0.000000e+000  0.000000e+000  0.000000e+000  0.000000e+000  
0.000000e+000  0.000000e+000  0.000000e+000  0.000000e+000  0.000000e+000  0.000000e+000  0.000000e+000  0.000000e+000  0.000000e+000  0.000000e+000  0.000000e+000  
0.000000e+000  0.000000e+000  0.000000e+000  0.000000e+000  0.000000e+000  0.000000e+000  0.000000e+000  0.000000e+000  0.000000e+000  0.000000e+000  0.000000e+000  
0.000000e+000  0.000000e+000  0.000000e+000  0.000000e+000  0.000000e+000  0.000000e+000  0.000000e+000  0.000000e+000  0.000000e+000  0.000000e+000  0.000000e+000  
0.000000e+000  0.000000e+000  0.000000e+000  0.000000e+000  0.000000e+000  0.000000e+000  0.000000e+000  0.000000e+000  0.000000e+000  0.000000e+000  0.000000e+000  
0.000000e+000  0.000000e+000  0.000000e+000  0.000000e+000  0.000000e+000  0.000000e+000  0.000000e+000  0.000000e+000  0.000000e+000  0.000000e+000  0.000000e+000  
0.000000e+000  0.000000e+000  0.000000e+000  0.000000e+000  0.000000e+000  0.000000e+000  0.000000e+000  0.000000e+000  0.000000e+000  0.000000e+000  0.000000e+000  
0.000000e+000  0.000000e+000  0.000000e+000  0.000000e+000  0.000000e+000  0.000000e+000  0.000000e+000  0.000000e+000  0.000000e+000  0.000000e+000  0.000000e+000  
0.000000e+000  0.000000e+000  0.000000e+000  0.000000e+000  0.000000e+000  0.000000e+000  0.000000e+000  0.000000e+000  0.000000e+000  0.000000e+000  0.000000e+000  
0.000000e+000  0.000000e+000  0.000000e+000  0.000000e+000  0.000000e+000  0.000000e+000  0.000000e+000  0.000000e+000  0.000000e+000  0.000000e+000  0.000000e+000  
0.000000e+000  0.000000e+000  0.000000e+000  0.000000e+000  0.000000e+000  0.000000e+000  0.000000e+000  0.000000e+000  0.000000e+000  0.000000e+000  0.000000e+000  
0.000000e+000  0.000000e+000  0.000000e+000  0.000000e+000  0.000000e+000  0.000000e+000  0.000000e+000  0.000000e+000  0.000000e+000  0.000000e+000  0.000000e+000  
0.000000e+000  0.000000e+000  0.000000e+000  0.000000e+000  0.000000e+000  0.000000e+000  0.000000e+000  0.000000e+000  0.000000e+000  0.000000e+000  0.000000e+000  
0.000000e+000  0.000000e+000  0.000000e+000  0.000000e+000  0.000000e+000  0.000000e+000  0.000000e+000  0.000000e+000  0.000000e+000  0.000000e+000  0.000000e+000  
0.000000e+000  0.000000e+000  0.000000e+000  0.000000e+000  0.000000e+000  0.000000e+000  0.000000e+000  0.000000e+000  0.000000e+000  0.000000e+000  0.000000e+000  
0.000000e+000  0.000000e+000  0.000000e+000  0.000000e+000  0.000000e+000  0.000000e+000  0.000000e+000  0.000000e+000  0.000000e+000  0.000000e+000  0.000000e+000  
0.000000e+000  0.000000e+000  0.000000e+000  0.000000e+000  0.000000e+000  0.000000e+000  0.000000e+000  0.000000e+000  0.000000e+000  0.000000e+000  0.000000e+000  
0.000000e+000  0.000000e+000  0.000000e+000  0.000000e+000  0.000000e+000  0.000000e+000  0.000000e+000  0.000000e+000  0.000000e+000  0.000000e+000  0.000000e+000  
0.000000e+000  0.000000e+000  0.000000e+000  0.000000e+000  0.000000e+000  0.000000e+000  0.000000e+000  0.000000e+000  0.000000e+000  0.000000e+000  0.000000e+000  
0.000000e+000  0.000000e+000  0.000000e+000  0.000000e+000  0.000000e+000  0.000000e+000  0.000000e+000  0.000000e+000  0.000000e+000  0.000000e+000  0.000000e+000  
0.000000e+000  0.000000e+000  0.000000e+000  0.000000e+000  0.000000e+000  0.000000e+000  0.000000e+000  0.000000e+000  0.000000e+000  0.000000e+000  0.000000e+000  
0.000000e+000  0.000000e+000  0.000000e+000  0.000000e+000  0.000000e+000  0.000000e+000  0.000000e+000  0.000000e+000  0.000000e+000  0.000000e+000  0.000000e+000  
0.000000e+000  0.000000e+000  0.000000e+000  0.000000e+000  0.000000e+000  0.000000e+000  0.000000e+000  0.000000e+000  0.000000e+000  0.000000e+000  0.000000e+000  
0.000000e+000  0.000000e+000  0.000000e+000  0.000000e+000  0.000000e+000  0.000000e+000  0.000000e+000  0.000000e+000  0.000000e+000  0.000000e+000  0.000000e+000  
0.000000e+000  0.000000e+000  0.000000e+000  0.000000e+000  0.000000e+000  0.000000e+000  0.000000e+000  0.000000e+000  0.000000e+000  0.000000e+000  0.000000e+000  
0.000000e+000  0.000000e+000  0.000000e+000  0.000000e+000  0.000000e+000  0.000000e+000  0.000000e+000  0.000000e+000  0.000000e+000  0.000000e+000  0.000000e+000  
0.000000e+000  0.000000e+000  0.000000e+000  0.000000e+000  0.000000e+000  0.000000e+000  0.000000e+000  0.000000e+000  0.000000e+000  0.000000e+000  0.000000e+000  
0.000000e+000  0.000000e+000  0.000000e+000  0.000000e+000  0.000000e+000  0.000000e+000  0.000000e+000  0.000000e+000  0.000000e+000  0.000000e+000  0.000000e+000  
0.000000e+000  0.000000e+000  0.000000e+000  0.000000e+000  0.000000e+000  0.000000e+000  0.000000e+000  0.000000e+000  0.000000e+000  0.000000e+000  0.000000e+000  
0.000000e+000  0.000000e+000  0.000000e+000  0.000000e+000  0.000000e+000  0.000000e+000  0.000000e+000  0.000000e+000  0.000000e+000  0.000000e+000  0.000000e+000  
0.000000e+000  0.000000e+000  0.000000e+000  0.000000e+000  0.000000e+000  0.000000e+000  0.000000e+000  0.000000e+000  0.000000e+000  0.000000e+000  0.000000e+000  
0.000000e+000  0.000000e+000  0.000000e+000  0.000000e+000  0.000000e+000  0.000000e+000  0.000000e+000  0.000000e+000  0.000000e+000  0.000000e+000  0.000000e+000  
0.000000e+000  0.000000e+000  0.000000e+000  0.000000e+000  0.000000e+000  0.000000e+000  0.000000e+000  0.000000e+000  0.000000e+000  0.000000e+000  0.000000e+000  
0.000000e+000  0.000000e+000  0.000000e+000  0.000000e+000  0.000000e+000  0.000000e+000  0.000000e+000  0.000000e+000  0.000000e+000  0.000000e+000  0.000000e+000  
0.000000e+000  0.000000e+000  0.000000e+000  0.000000e+000  0.000000e+000  0.000000e+000  0.000000e+000  0.000000e+000  0.000000e+000  0.000000e+000  0.000000e+000  
0.000000e+000  0.000000e+000  0.000000e+000  0.000000e+000  0.000000e+000  0.000000e+000  0.000000e+000  0.000000e+000  0.000000e+000  0.000000e+000  0.000000e+000  

2.127973e+000  2.127973e+000  2.127973e+000  2.127973e+000  3.557878e-001  3.542768e-001  3.513247e-001  3.396293e-001  3.003498e-001  2.692874e-001  -0.000000e+000  
2.127152e+000  2.127152e+000  2.127152e+000  2.127152e+000  3.564813e-001  3.549476e-001  3.519521e-001  3.400901e-001  3.004147e-001  2.691436e-001  -0.000000e+000  
2.125996e+000  2.125996e+000  2.125997e+000  2.125997e+000  3.574630e-001  3.558969e-001  3.528394e-001  3.407402e-001  3.005046e-001  2.689398e-001  -0.000000e+000  
2.123591e+000  2.123591e+000  2.123592e+000  2.123592e+000  3.595158e-001  3.578815e-001  3.546936e-001  3.420952e-001  3.006891e-001  2.685126e-001  -0.000000e+000  
2.117190e+000  2.117191e+000  2.117192e+000  2.117192e+000  3.650944e-001  3.632691e-001  3.597164e-001  3.457259e-001  3.011464e-001  2.673429e-001  -0.000000e+000  
2.109006e+000  2.109007e+000  2.109009e+000  2.109010e+000  3.724797e-001  3.703891e-001  3.663306e-001  3.504175e-001  3.016589e-001  2.657780e-001  -0.000000e+000  
2.101138e+000  2.101141e+000  2.101144e+000  2.101146e+000  3.798560e-001  3.774860e-001  3.728967e-001  3.549749e-001  3.020735e-001  2.642015e-001  -0.000000e+000  
2.093431e+000  2.093435e+000  2.093441e+000  2.093444e+000  3.873361e-001  3.846693e-001  3.795178e-001  3.594764e-001  3.024084e-001  2.625942e-001  -0.000000e+000  
2.082204e+000  2.082212e+000  2.082223e+000  2.082230e+000  3.986738e-001  3.955333e-001  3.894869e-001  3.660888e-001  3.027749e-001  2.601489e-001  -0.000000e+000  
2.065994e+000  2.066014e+000  2.066041e+000  2.066058e+000  4.162797e-001  4.123328e-001  4.047736e-001  3.757525e-001  3.029701e-001  2.563465e-001  -0.000000e+000  
2.047366e+000  2.047414e+000  2.047478e+000  2.047520e+000  4.383539e-001  4.332811e-001  4.236323e-001  3.869448e-001  3.027146e-001  2.516159e-001  -0.000000e+000  
2.006086e+000  2.006268e+000  2.006507e+000  2.006667e+000  4.925131e-001  4.843076e-001  4.689471e-001  4.117100e-001  3.008441e-001  2.402422e-001  -0.000000e+000  
1.922795e+000  1.924417e+000  1.926591e+000  1.928104e+000  6.463677e-001  6.250121e-001  5.876042e-001  4.574638e-001  2.869179e-001  2.115127e-001  -0.000000e+000  
1.842285e+000  1.851847e+000  1.865507e+000  1.875966e+000  8.705772e-001  8.118715e-001  7.268810e-001  4.772137e-001  2.610687e-001  1.814371e-001  -0.000000e+000  
1.786863e+000  1.806454e+000  1.836693e+000  1.863347e+000  1.041354e+000  9.332550e-001  8.048469e-001  4.782654e-001  2.435476e-001  1.640208e-001  -0.000000e+000  
1.704360e+000  1.743052e+000  1.810806e+000  1.889742e+000  1.314878e+000  1.075340e+000  8.754978e-001  4.652493e-001  2.210357e-001  1.445037e-001  -0.000000e+000  
1.575281e+000  1.638748e+000  1.768629e+000  1.989372e+000  1.655296e+000  1.178617e+000  8.998704e-001  4.333950e-001  1.940835e-001  1.237128e-001  -0.000000e+000  
1.379598e+000  1.453478e+000  1.615875e+000  1.941027e+000  1.629561e+000  1.120967e+000  8.373370e-001  3.815819e-001  1.633800e-001  1.020580e-001  -0.000000e+000  
1.146175e+000  1.204247e+000  1.320621e+000  1.507855e+000  1.233366e+000  9.225979e-001  7.067713e-001  3.202846e-001  1.339166e-001  8.269430e-002  -0.000000e+000  
9.278514e-001  9.688912e-001  1.042111e+000  1.126769e+000  8.963179e-001  7.281194e-001  5.742002e-001  2.625276e-001  1.083704e-001  6.650548e-002  -0.000000e+000  
6.883948e-001  7.144135e-001  7.567510e-001  7.968491e-001  6.219096e-001  5.289254e-001  4.271664e-001  1.981782e-001  8.136586e-002  4.986477e-002  -0.000000e+000  
4.354945e-001  4.500417e-001  4.722923e-001  4.910426e-001  3.822246e-001  3.333603e-001  2.736837e-001  1.290472e-001  5.325316e-002  3.288390e-002  -0.000000e+000  
1.750547e-001  1.809062e-001  1.895675e-001  1.964578e-001  1.608287e-001  1.420284e-001  1.178244e-001  5.693185e-002  2.442089e-002  1.568355e-002  -0.000000e+000  
-8.841786e-002  -8.998437e-002  -9.225755e-002  -9.401065e-002  -5.352024e-002  -4.720625e-002  -3.869456e-002  -1.642818e-002  -4.718831e-003  -1.609749e-003  -0.000000e+000  
-3.510595e-001  -3.604114e-001  -3.743301e-001  -3.855063e-001  -2.702355e-001  -2.372860e-001  -1.950939e-001  -8.932686e-002  -3.374431e-002  -1.886700e-002  -0.000000e+000  
-6.088216e-001  -6.279583e-001  -6.577591e-001  -6.836481e-001  -4.992926e-001  -4.309485e-001  -3.502847e-001  -1.600420e-001  -6.223742e-002  -3.596010e-002  -0.000000e+000  
-8.566491e-001  -8.889268e-001  -9.430665e-001  -9.972813e-001  -7.539032e-001  -6.294727e-001  -5.015427e-001  -2.267936e-001  -8.979707e-002  -5.276522e-002  -0.000000e+000  
-1.087798e+000  -1.136719e+000  -1.227900e+000  -1.343554e+000  -1.054922e+000  -8.297576e-001  -6.429049e-001  -2.877482e-001  -1.160539e-001  -6.916609e-002  -0.000000e+000  
-1.247078e+000  -1.309043e+000  -1.437193e+000  -1.665463e+000  -1.352473e+000  -9.742096e-001  -7.362087e-001  -3.290202e-001  -1.351028e-001  -8.145495e-002  -0.000000e+000  
-1.435640e+000  -1.510773e+000  -1.676980e+000  -2.013375e+000  -1.678804e+000  -1.133150e+000  -8.390909e-001  -3.776083e-001  -1.587383e-001  -9.702762e-002  -0.000000e+000  
-1.598185e+000  -1.664093e+000  -1.800720e+000  -2.037899e+000  -1.649910e+000  -1.164379e+000  -8.836492e-001  -4.195196e-001  -1.840952e-001  -1.149412e-001  -0.000000e+000  
-1.696706e+000  -1.747719e+000  -1.844751e+000  -1.984290e+000  -1.457951e+000  -1.115256e+000  -8.794768e-001  -4.439863e-001  -2.026161e-001  -1.288021e-001  -0.000000e+000  
-1.768711e+000  -1.803973e+000  -1.864256e+000  -1.928993e+000  -1.219070e+000  -1.027578e+000  -8.475225e-001  -4.597238e-001  -2.189774e-001  -1.418749e-001  -0.000000e+000  
-1.822114e+000  -1.844817e+000  -1.880428e+000  -1.912333e+000  -1.051652e+000  -9.364569e-001  -8.018941e-001  -4.681581e-001  -2.332392e-001  -1.541299e-001  -0.000000e+000  
-1.863228e+000  -1.877211e+000  -1.897802e+000  -1.914274e+000  -9.274613e-001  -8.531724e-001  -7.520649e-001  -4.708147e-001  -2.455132e-001  -1.655523e-001  -0.000000e+000  
-1.896434e+000  -1.904807e+000  -1.916604e+000  -1.925395e+000  -8.313355e-001  -7.804073e-001  -7.032817e-001  -4.691062e-001  -2.559462e-001  -1.761405e-001  -0.000000e+000  
-1.924546e+000  -1.929471e+000  -1.936202e+000  -1.941002e+000  -7.545955e-001  -7.178784e-001  -6.580279e-001  -4.642386e-001  -2.647050e-001  -1.859042e-001  -0.000000e+000  
-1.949293e+000  -1.952156e+000  -1.955990e+000  -1.958650e+000  -6.919479e-001  -6.644099e-001  -6.172158e-001  -4.571918e-001  -2.719644e-001  -1.948628e-001  -0.000000e+000  
-1.971702e+000  -1.973354e+000  -1.975537e+000  -1.977025e+000  -6.399642e-001  -6.186808e-001  -5.809478e-001  -4.487353e-001  -2.778989e-001  -2.030434e-001  -0.000000e+000  
-1.992375e+000  -1.993324e+000  -1.994566e+000  -1.995404e+000  -5.963010e-001  -5.794754e-001  -5.489510e-001  -4.394580e-001  -2.826767e-001  -2.104789e-001  -0.000000e+000  
-2.011657e+000  -2.012200e+000  -2.012907e+000  -2.013381e+000  -5.592833e-001  -5.457508e-001  -5.208092e-001  -4.298019e-001  -2.864554e-001  -2.172069e-001  -0.000000e+000  
-2.029744e+000  -2.030055e+000  -2.030457e+000  -2.030725e+000  -5.276702e-001  -5.166383e-001  -4.960781e-001  -4.200922e-001  -2.893806e-001  -2.232677e-001  -0.000000e+000  
-2.046746e+000  -2.046923e+000  -2.047152e+000  -2.047304e+000  -5.005165e-001  -4.914232e-001  -4.743380e-001  -4.105640e-001  -2.915841e-001  -2.287035e-001  -0.000000e+000  
-2.062721e+000  -2.062822e+000  -2.062953e+000  -2.063039e+000  -4.770879e-001  -4.695204e-001  -4.552147e-001  -4.013829e-001  -2.931842e-001  -2.335569e-001  -0.000000e+000  
-2.077701e+000  -2.077759e+000  -2.077833e+000  -2.077882e+000  -4.568045e-001  -4.504518e-001  -4.383839e-001  -3.926628e-001  -2.942857e-001  -2.378707e-001  -0.000000e+000  
-2.091702e+000  -2.091734e+000  -2.091777e+000  -2.091805e+000  -4.392037e-001  -4.338260e-001  -4.235694e-001  -3.844790e-001  -2.949811e-001  -2.416865e-001  -0.000000e+000  
-2.104728e+000  -2.104746e+000  -2.104771e+000  -2.104787e+000  -4.239130e-001  -4.193227e-001  -4.105376e-001  -3.768783e-001  -2.953511e-001  -2.450447e-001  -0.000000e+000  
-2.116781e+000  -2.116792e+000  -2.116806e+000  -2.116815e+000  -4.106309e-001  -4.066789e-001  -3.990925e-001  -3.698869e-001  -2.954657e-001  -2.479835e-001  -0.000000e+000  
-2.131483e+000  -2.131488e+000  -2.131495e+000  -2.131499e+000  -3.953447e-001  -3.920806e-001  -3.857913e-001  -3.614328e-001  -2.953588e-001  -2.513748e-001  -0.000000e+000  
-2.147133e+000  -2.147135e+000  -2.147138e+000  -2.147140e+000  -3.803917e-001  -3.777374e-001  -3.726040e-001  -3.525997e-001  -2.948792e-001  -2.546748e-001  -0.000000e+000  
-2.160091e+000  -2.160092e+000  -2.160093e+000  -2.160094e+000  -3.688937e-001  -3.666675e-001  -3.623488e-001  -3.454353e-001  -2.942309e-001  -2.571783e-001  -0.000000e+000  
-2.184420e+000  -2.184420e+000  -2.184420e+000  -2.184420e+000  -3.487254e-001  -3.471843e-001  -3.441752e-001  -3.322656e-001  -2.926040e-001  -2.614870e-001  -0.000000e+000  
-0.000000e+000  -0.000000e+000  -0.000000e+000  -0.000000e+000  -0.000000e+000  -0.000000e+000  -0.000000e+000  -0.000000e+000  -0.000000e+000  -0.000000e+000  -0.000000e+000  

